1                    U.S. GEOLOGICAL SURVEY MODULAR FINITE-DIFFERENCE GROUND-WATER MODEL
0SOLUTION TECHNIQUES AND CONVERGENCE                                             PFA 3/7/90                                      
    3 LAYERS        10 ROWS        15 COLUMNS
   1 STRESS PERIOD(S) IN SIMULATION
 MODEL TIME UNIT IS SECONDS
0I/O UNITS:
 ELEMENT OF IUNIT:  1  2  3  4  5  6  7  8  9 10 11 12 13 14 15 16 17 18 19 20 21 22 23 24
         I/O UNIT: 11  0  0  0  0  0  0 18 19  0  0  0  0  0  0  0  0  0  0  0  0  0  0  0
0BAS1 -- BASIC MODEL PACKAGE, VERSION 1, 9/1/87 INPUT READ FROM UNIT  1
 ARRAYS RHS AND BUFF WILL SHARE MEMORY.
 START HEAD WILL NOT BE SAVED -- DRAWDOWN CANNOT BE CALCULATED
     3937 ELEMENTS IN X ARRAY ARE USED BY BAS
     3937 ELEMENTS OF X ARRAY USED OUT OF   80000
0BCF1 -- BLOCK-CENTERED FLOW PACKAGE, VERSION 1, 9/1/87 INPUT READ FROM UNIT 11
 STEADY-STATE SIMULATION
      LAYER  AQUIFER TYPE
      -------------------
         1         1
         2         0
         3         0
      303 ELEMENTS IN X ARRAY ARE USED BY BCF
     4240 ELEMENTS OF X ARRAY USED OUT OF   80000
0RCH1 -- RECHARGE PACKAGE, VERSION 1, 9/1/87 INPUT READ FROM UNIT 18
 OPTION 1 -- RECHARGE TO TOP LAYER
      150 ELEMENTS OF X ARRAY USED FOR RECHARGE
     4390 ELEMENTS OF X ARRAY USED OUT OF   80000
0SIP1 -- STRONGLY IMPLICIT PROCEDURE SOLUTION PACKAGE, VERSION 1, 9/1/87 INPUT READ FROM UNIT 19
 MAXIMUM OF  50 ITERATIONS ALLOWED FOR CLOSURE
  5 ITERATION PARAMETERS
     2005 ELEMENTS IN X ARRAY ARE USED BY SIP
     6395 ELEMENTS OF X ARRAY USED OUT OF   80000
1SOLUTION TECHNIQUES AND CONVERGENCE                                             PFA 3/7/90                                      
0


                                        BOUNDARY ARRAY FOR LAYER  1 WILL BE READ ON UNIT  1 USING FORMAT: (40I2)              
                              ------------------------------------------------------------------------------------------------

       1  2  3  4  5  6  7  8  9 10 11 12 13 14 15
 ......................................................
0  1   1  1  1  1  1  1  1  1  1  1  1  1  1  1 -1
0  2   1  1  1  1  1  1  1  1  1  1  1  1  1  1 -1
0  3   1  1  1  1  1  1  1  1  1  1  1  1  1  1 -1
0  4   1  1  1  1  1  1  1  1  1  1  1  1  1  1 -1
0  5   1  1  1  1  1  1  1  1  1  1  1  1  1  1 -1
0  6   1  1  1  1  1  1  1  1  1  1  1  1  1  1 -1
0  7   1  1  1  1  1  1  1  1  1  1  1  1  1  1 -1
0  8   1  1  1  1  1  1  1  1  1  1  1  1  1  1 -1
0  9   1  1  1  1  1  1  1  1  1  1  1  1  1  1 -1
0 10   1  1  1  1  1  1  1  1  1  1  1  1  1  1 -1
0                                                              BOUNDARY ARRAY =              1 FOR LAYER  2
0                                                              BOUNDARY ARRAY =              1 FOR LAYER  3
0AQUIFER HEAD WILL BE SET TO  999.00     AT ALL NO-FLOW NODES (IBOUND=0).
0                                                                INITIAL HEAD =   160.0000     FOR LAYER  1
0                                                                INITIAL HEAD =   160.0000     FOR LAYER  2
0                                                                INITIAL HEAD =   160.0000     FOR LAYER  3
0DEFAULT OUTPUT CONTROL -- THE FOLLOWING OUTPUT COMES AT THE END OF EACH STRESS PERIOD:
 TOTAL VOLUMETRIC BUDGET
           HEAD
0                                                    COLUMN TO ROW ANISOTROPY =   1.000000    
0                                                                        DELR =   1000.000    
0                                                                        DELC =   1000.000    
0


                                 HYD. COND. ALONG ROWS FOR LAYER  1 WILL BE READ ON UNIT 11 USING FORMAT: (7G11.4)            
                              ------------------------------------------------------------------------------------------------

            1           2           3           4           5           6           7           8           9          10
           11          12          13          14          15
 .............................................................................................................................
0  1   1.0000E-05  1.0000E-05  1.0000E-05  1.0000E-05  1.0000E-05  1.0000E-05  1.0000E-05  1.0000E-05  1.0000E-05  1.0000E-05
       1.0000E-05  1.0000E-05  1.0000E-05  1.0000E-05  1.0000E-05
0  2   2.0000E-06  2.0000E-06  2.0000E-06  2.0000E-06  2.0000E-06  2.0000E-06  2.0000E-06  2.0000E-06  2.0000E-06  2.0000E-06
       2.0000E-06  2.0000E-06  2.0000E-06  2.0000E-06  2.0000E-06
0  3   2.0000E-06  2.0000E-06  2.0000E-06  2.0000E-06  2.0000E-06  2.0000E-06  2.0000E-06  2.0000E-06  2.0000E-06  2.0000E-06
       2.0000E-06  2.0000E-06  2.0000E-06  2.0000E-06  2.0000E-06
0  4   2.0000E-06  2.0000E-06  2.0000E-06  2.0000E-06  2.0000E-06  2.0000E-06  2.0000E-06  2.0000E-06  2.0000E-06  2.0000E-06
       2.0000E-06  2.0000E-06  2.0000E-06  2.0000E-06  2.0000E-06
0  5   2.0000E-06  2.0000E-06  2.0000E-06  2.0000E-06  2.0000E-06  2.0000E-06  2.0000E-06  2.0000E-06  2.0000E-06  2.0000E-06
       2.0000E-06  2.0000E-06  2.0000E-06  2.0000E-06  2.0000E-06
0  6   2.0000E-06  2.0000E-06  2.0000E-06  2.0000E-06  2.0000E-06  2.0000E-06  2.0000E-06  2.0000E-06  2.0000E-06  2.0000E-06
       2.0000E-06  2.0000E-06  2.0000E-06  2.0000E-06  2.0000E-06
0  7   2.0000E-06  2.0000E-06  2.0000E-06  2.0000E-06  2.0000E-06  2.0000E-06  2.0000E-06  2.0000E-06  2.0000E-06  2.0000E-06
       2.0000E-06  2.0000E-06  2.0000E-06  2.0000E-06  2.0000E-06
0  8   2.0000E-06  2.0000E-06  2.0000E-06  2.0000E-06  2.0000E-06  2.0000E-06  2.0000E-06  2.0000E-06  2.0000E-06  2.0000E-06
       2.0000E-06  2.0000E-06  2.0000E-06  2.0000E-06  2.0000E-06
0  9   1.0000E-06  1.0000E-06  1.0000E-06  1.0000E-06  1.0000E-06  1.0000E-06  1.0000E-06  1.0000E-06  1.0000E-06  1.0000E-06
       2.0000E-06  2.0000E-06  2.0000E-06  2.0000E-06  2.0000E-06
0 10   1.0000E-06  1.0000E-06  1.0000E-06  1.0000E-06  1.0000E-06  1.0000E-06  1.0000E-06  1.0000E-06  1.0000E-06  1.0000E-06
       2.0000E-06  2.0000E-06  2.0000E-06  2.0000E-06  2.0000E-06
0                                                                      BOTTOM =   150.0000     FOR LAYER  1
0


                              VERT HYD COND /THICKNESS FOR LAYER  1 WILL BE READ ON UNIT 11 USING FORMAT: (7G11.4)            
                              ------------------------------------------------------------------------------------------------

            1           2           3           4           5           6           7           8           9          10
           11          12          13          14          15
 .............................................................................................................................
0  1   1.6700E-07  1.6700E-07  1.6700E-07  1.6700E-07  1.6700E-07  1.6700E-07  1.6700E-07  1.6700E-07  1.6700E-07  1.6700E-07
       1.6700E-07  1.6700E-07  1.6700E-07  1.6700E-07  1.6700E-07
0  2   2.0000E-13  2.0000E-13  2.0000E-13  2.0000E-13  2.0000E-13  2.0000E-13  2.0000E-13  2.0000E-13  2.0000E-13  2.0000E-13
       2.0000E-13  2.0000E-13  2.0000E-13  2.0000E-13  2.0000E-13
0  3   2.0000E-13  2.0000E-13  2.0000E-13  2.0000E-13  2.0000E-13  2.0000E-13  2.0000E-13  2.0000E-13  2.0000E-13  2.0000E-13
       2.0000E-13  2.0000E-13  2.0000E-13  2.0000E-13  2.0000E-13
0  4   2.0000E-13  2.0000E-13  2.0000E-13  2.0000E-13  2.0000E-13  2.0000E-13  2.0000E-13  2.0000E-13  2.0000E-13  2.0000E-13
       2.0000E-13  2.0000E-13  2.0000E-13  2.0000E-13  2.0000E-13
0  5   2.0000E-13  2.0000E-13  2.0000E-13  2.0000E-13  2.0000E-13  2.0000E-13  2.0000E-13  2.0000E-13  2.0000E-13  2.0000E-13
       2.0000E-13  2.0000E-13  2.0000E-13  2.0000E-13  2.0000E-13
0  6   2.0000E-13  2.0000E-13  2.0000E-13  2.0000E-13  2.0000E-13  2.0000E-13  2.0000E-13  2.0000E-13  2.0000E-13  2.0000E-13
       2.0000E-13  2.0000E-13  2.0000E-13  2.0000E-13  2.0000E-13
0  7   2.0000E-13  2.0000E-13  2.0000E-13  2.0000E-13  2.0000E-13  2.0000E-13  2.0000E-13  2.0000E-13  2.0000E-13  2.0000E-13
       2.0000E-13  2.0000E-13  2.0000E-13  2.0000E-13  2.0000E-13
0  8   2.0000E-13  2.0000E-13  2.0000E-13  2.0000E-13  2.0000E-13  2.0000E-13  2.0000E-13  2.0000E-13  2.0000E-13  2.0000E-13
       2.0000E-13  2.0000E-13  2.0000E-13  2.0000E-13  2.0000E-13
0  9   1.6700E-08  1.6700E-08  1.6700E-08  1.6700E-08  1.6700E-08  1.6700E-08  1.6700E-08  1.6700E-08  1.6700E-08  1.6700E-08
       2.0000E-13  2.0000E-13  2.0000E-13  2.0000E-13  2.0000E-13
0 10   1.6700E-08  1.6700E-08  1.6700E-08  1.6700E-08  1.6700E-08  1.6700E-08  1.6700E-08  1.6700E-08  1.6700E-08  1.6700E-08
       2.0000E-13  2.0000E-13  2.0000E-13  2.0000E-13  2.0000E-13
0


                                  TRANSMIS. ALONG ROWS FOR LAYER  2 WILL BE READ ON UNIT 11 USING FORMAT: (7G11.4)            
                              ------------------------------------------------------------------------------------------------

            1           2           3           4           5           6           7           8           9          10
           11          12          13          14          15
 .............................................................................................................................
0  1   1.0000E-03  1.0000E-03  1.0000E-03  1.0000E-03  1.0000E-03  1.0000E-03  1.0000E-03  1.0000E-03  1.0000E-03  1.0000E-03
       1.0000E-03  1.0000E-03  1.0000E-03  1.0000E-03  1.0000E-03
0  2   1.0000E-09  1.0000E-09  1.0000E-09  1.0000E-09  1.0000E-09  1.0000E-09  1.0000E-09  1.0000E-09  1.0000E-09  1.0000E-09
       1.0000E-09  1.0000E-09  1.0000E-09  1.0000E-09  1.0000E-09
0  3   1.0000E-09  1.0000E-09  1.0000E-09  1.0000E-09  1.0000E-09  1.0000E-09  1.0000E-09  1.0000E-09  1.0000E-09  1.0000E-09
       1.0000E-09  1.0000E-09  1.0000E-09  1.0000E-09  1.0000E-09
0  4   1.0000E-09  1.0000E-09  1.0000E-09  1.0000E-09  1.0000E-09  1.0000E-09  1.0000E-09  1.0000E-09  1.0000E-09  1.0000E-09
       1.0000E-09  1.0000E-09  1.0000E-09  1.0000E-09  1.0000E-09
0  5   1.0000E-09  1.0000E-09  1.0000E-09  1.0000E-09  1.0000E-09  1.0000E-09  1.0000E-09  1.0000E-09  1.0000E-09  1.0000E-09
       1.0000E-09  1.0000E-09  1.0000E-09  1.0000E-09  1.0000E-09
0  6   1.0000E-09  1.0000E-09  1.0000E-09  1.0000E-09  1.0000E-09  1.0000E-09  1.0000E-09  1.0000E-09  1.0000E-09  1.0000E-09
       1.0000E-09  1.0000E-09  1.0000E-09  1.0000E-09  1.0000E-09
0  7   1.0000E-09  1.0000E-09  1.0000E-09  1.0000E-09  1.0000E-09  1.0000E-09  1.0000E-09  1.0000E-09  1.0000E-09  1.0000E-09
       1.0000E-09  1.0000E-09  1.0000E-09  1.0000E-09  1.0000E-09
0  8   1.0000E-09  1.0000E-09  1.0000E-09  1.0000E-09  1.0000E-09  1.0000E-09  1.0000E-09  1.0000E-09  1.0000E-09  1.0000E-09
       1.0000E-09  1.0000E-09  1.0000E-09  1.0000E-09  1.0000E-09
0  9   1.0000E-04  1.0000E-04  1.0000E-04  1.0000E-04  1.0000E-04  1.0000E-04  1.0000E-04  1.0000E-04  1.0000E-04  1.0000E-04
       1.0000E-09  1.0000E-09  1.0000E-09  1.0000E-09  1.0000E-09
0 10   1.0000E-04  1.0000E-04  1.0000E-04  1.0000E-04  1.0000E-04  1.0000E-04  1.0000E-04  1.0000E-04  1.0000E-04  1.0000E-04
       1.0000E-09  1.0000E-09  1.0000E-09  1.0000E-09  1.0000E-09
0


                              VERT HYD COND /THICKNESS FOR LAYER  2 WILL BE READ ON UNIT 11 USING FORMAT: (7G11.4)            
                              ------------------------------------------------------------------------------------------------

            1           2           3           4           5           6           7           8           9          10
           11          12          13          14          15
 .............................................................................................................................
0  1   1.3300E-07  1.3300E-07  1.3300E-07  1.3300E-07  1.3300E-07  1.3300E-07  1.3300E-07  1.3300E-07  1.3300E-07  1.3300E-07
       1.3300E-07  1.3300E-07  1.3300E-07  1.3300E-07  1.3300E-07
0  2   2.0000E-13  2.0000E-13  2.0000E-13  2.0000E-13  2.0000E-13  2.0000E-13  2.0000E-13  2.0000E-13  2.0000E-13  2.0000E-13
       2.0000E-13  2.0000E-13  2.0000E-13  2.0000E-13  2.0000E-13
0  3   2.0000E-13  2.0000E-13  2.0000E-13  2.0000E-13  2.0000E-13  2.0000E-13  2.0000E-13  2.0000E-13  2.0000E-13  2.0000E-13
       2.0000E-13  2.0000E-13  2.0000E-13  2.0000E-13  2.0000E-13
0  4   2.0000E-13  2.0000E-13  2.0000E-13  2.0000E-13  2.0000E-13  2.0000E-13  2.0000E-13  2.0000E-13  2.0000E-13  2.0000E-13
       2.0000E-13  2.0000E-13  2.0000E-13  2.0000E-13  2.0000E-13
0  5   2.0000E-13  2.0000E-13  2.0000E-13  2.0000E-13  2.0000E-13  2.0000E-13  2.0000E-13  2.0000E-13  2.0000E-13  2.0000E-13
       2.0000E-13  2.0000E-13  2.0000E-13  2.0000E-13  2.0000E-13
0  6   2.0000E-13  2.0000E-13  2.0000E-13  2.0000E-13  2.0000E-13  2.0000E-13  2.0000E-13  2.0000E-13  2.0000E-13  2.0000E-13
       2.0000E-13  2.0000E-13  2.0000E-13  2.0000E-13  2.0000E-13
0  7   2.0000E-13  2.0000E-13  2.0000E-13  2.0000E-13  2.0000E-13  2.0000E-13  2.0000E-13  2.0000E-13  2.0000E-13  2.0000E-13
       2.0000E-13  2.0000E-13  2.0000E-13  2.0000E-13  2.0000E-13
0  8   2.0000E-13  2.0000E-13  2.0000E-13  2.0000E-13  2.0000E-13  2.0000E-13  2.0000E-13  2.0000E-13  2.0000E-13  2.0000E-13
       2.0000E-13  2.0000E-13  2.0000E-13  2.0000E-13  2.0000E-13
0  9   1.3300E-08  1.3300E-08  1.3300E-08  1.3300E-08  1.3300E-08  1.3300E-08  1.3300E-08  1.3300E-08  1.3300E-08  1.3300E-08
       2.0000E-13  2.0000E-13  2.0000E-13  2.0000E-13  2.0000E-13
0 10   1.3300E-08  1.3300E-08  1.3300E-08  1.3300E-08  1.3300E-08  1.3300E-08  1.3300E-08  1.3300E-08  1.3300E-08  1.3300E-08
       2.0000E-13  2.0000E-13  2.0000E-13  2.0000E-13  2.0000E-13
0


                                  TRANSMIS. ALONG ROWS FOR LAYER  3 WILL BE READ ON UNIT 11 USING FORMAT: (7G11.4)            
                              ------------------------------------------------------------------------------------------------

            1           2           3           4           5           6           7           8           9          10
           11          12          13          14          15
 .............................................................................................................................
0  1   5.0000E-04  5.0000E-04  5.0000E-04  5.0000E-04  5.0000E-04  5.0000E-04  5.0000E-04  5.0000E-04  5.0000E-04  5.0000E-04
       5.0000E-04  5.0000E-04  5.0000E-04  5.0000E-04  5.0000E-04
0  2   5.0000E-05  5.0000E-05  5.0000E-05  5.0000E-05  5.0000E-05  5.0000E-05  5.0000E-05  5.0000E-05  5.0000E-05  5.0000E-05
       5.0000E-05  5.0000E-05  5.0000E-05  5.0000E-05  5.0000E-05
0  3   5.0000E-05  5.0000E-05  5.0000E-05  5.0000E-05  5.0000E-05  5.0000E-05  5.0000E-05  5.0000E-05  5.0000E-05  5.0000E-05
       5.0000E-05  5.0000E-05  5.0000E-05  5.0000E-05  5.0000E-05
0  4   5.0000E-05  5.0000E-05  5.0000E-05  5.0000E-05  5.0000E-05  5.0000E-05  5.0000E-05  5.0000E-05  5.0000E-05  5.0000E-05
       5.0000E-05  5.0000E-05  5.0000E-05  5.0000E-05  5.0000E-05
0  5   5.0000E-05  5.0000E-05  5.0000E-05  5.0000E-05  5.0000E-05  5.0000E-05  5.0000E-05  5.0000E-05  5.0000E-05  5.0000E-05
       5.0000E-05  5.0000E-05  5.0000E-05  5.0000E-05  5.0000E-05
0  6   5.0000E-05  5.0000E-05  5.0000E-05  5.0000E-05  5.0000E-05  5.0000E-05  5.0000E-05  5.0000E-05  5.0000E-05  5.0000E-05
       5.0000E-05  5.0000E-05  5.0000E-05  5.0000E-05  5.0000E-05
0  7   5.0000E-05  5.0000E-05  5.0000E-05  5.0000E-05  5.0000E-05  5.0000E-05  5.0000E-05  5.0000E-05  5.0000E-05  5.0000E-05
       5.0000E-05  5.0000E-05  5.0000E-05  5.0000E-05  5.0000E-05
0  8   5.0000E-05  5.0000E-05  5.0000E-05  5.0000E-05  5.0000E-05  5.0000E-05  5.0000E-05  5.0000E-05  5.0000E-05  5.0000E-05
       5.0000E-05  5.0000E-05  5.0000E-05  5.0000E-05  5.0000E-05
0  9   5.0000E-05  5.0000E-05  5.0000E-05  5.0000E-05  5.0000E-05  5.0000E-05  5.0000E-05  5.0000E-05  5.0000E-05  5.0000E-05
       5.0000E-05  5.0000E-05  5.0000E-05  5.0000E-05  5.0000E-05
0 10   5.0000E-05  5.0000E-05  5.0000E-05  5.0000E-05  5.0000E-05  5.0000E-05  5.0000E-05  5.0000E-05  5.0000E-05  5.0000E-05
       5.0000E-05  5.0000E-05  5.0000E-05  5.0000E-05  5.0000E-05
0


                                                         SOLUTION BY THE STRONGLY IMPLICIT PROCEDURE
                                                         -------------------------------------------
0                                               MAXIMUM ITERATIONS ALLOWED FOR CLOSURE =       50
                                                                ACCELERATION PARAMETER =     1.0000    
                                                     HEAD CHANGE CRITERION FOR CLOSURE =     .10000E-01
                                                     SIP HEAD CHANGE PRINTOUT INTERVAL =        1
0                                                    CALCULATE ITERATION PARAMETERS FROM MODEL CALCULATED WSEED
1                                                   STRESS PERIOD NO.   1, LENGTH =   86400.00    
                                                    ----------------------------------------------

                                                    NUMBER OF TIME STEPS =     1

                                                     MULTIPLIER FOR DELT =     1.000

                                                  INITIAL TIME STEP SIZE =   86400.00    
0


                                              RECHARGE WILL BE READ ON UNIT 18 USING FORMAT: (7G11.4)            
                              -----------------------------------------------------------------------------------

            1           2           3           4           5           6           7           8           9          10
           11          12          13          14          15
 .............................................................................................................................
0  1    .0000       .0000       .0000       .0000       .0000       .0000       .0000       .0000       .0000       .0000    
        .0000       .0000       .0000       .0000       .0000    
0  2    .0000       .0000       .0000       .0000       .0000       .0000       .0000       .0000       .0000       .0000    
        .0000       .0000       .0000       .0000       .0000    
0  3    .0000       .0000       .0000       .0000       .0000       .0000       .0000       .0000       .0000       .0000    
        .0000       .0000       .0000       .0000       .0000    
0  4    .0000       .0000       .0000       .0000       .0000       .0000       .0000       .0000       .0000       .0000    
        .0000       .0000       .0000       .0000       .0000    
0  5    .0000       .0000       .0000       .0000       .0000       .0000       .0000       .0000       .0000       .0000    
        .0000       .0000       .0000       .0000       .0000    
0  6    .0000       .0000       .0000       .0000       .0000       .0000       .0000       .0000       .0000       .0000    
        .0000       .0000       .0000       .0000       .0000    
0  7    .0000       .0000       .0000       .0000       .0000       .0000       .0000       .0000       .0000       .0000    
        .0000       .0000       .0000       .0000       .0000    
0  8    .0000       .0000       .0000       .0000       .0000       .0000       .0000       .0000       .0000       .0000    
        .0000       .0000       .0000       .0000       .0000    
0  9   2.5000E-10  2.5000E-10  2.5000E-10  2.5000E-10  2.5000E-10  2.5000E-10  2.5000E-10  2.5000E-10  2.5000E-10  2.5000E-10
        .0000       .0000       .0000       .0000       .0000    
0 10   2.5000E-10  2.5000E-10  2.5000E-10  2.5000E-10  2.5000E-10  2.5000E-10  2.5000E-10  2.5000E-10  2.5000E-10  2.5000E-10
        .0000       .0000       .0000       .0000       .0000    
0AVERAGE SEED =  .00094757
 MINIMUM SEED =  .00000000
0
    5 ITERATION PARAMETERS CALCULATED FROM AVERAGE SEED:

             .0000000E+00   .8245504E+00   .9692174E+00   .9945992E+00   .9990524E+00
0
    50 ITERATIONS FOR TIME STEP   1 IN STRESS PERIOD  1
0MAXIMUM HEAD CHANGE FOR EACH ITERATION:
0 HEAD CHANGE LAYER,ROW,COL HEAD CHANGE LAYER,ROW,COL HEAD CHANGE LAYER,ROW,COL HEAD CHANGE LAYER,ROW,COL HEAD CHANGE LAYER,ROW,COL
 ------------------------------------------------------------------------------------------------------------------------------------
    1.062     (  1, 10,  1)   1.414     (  3, 10,  1)   2.477     (  1,  9,  1)   3.376     (  1, 10,  1)   8.637     (  2,  9,  1)
   -2.314     (  1, 10, 14)   .8275     (  3,  8,  4)   1.291     (  2,  7,  1)   2.679     (  3,  9, 12)   4.097     (  1, 10,  2)
    .7707     (  3, 10, 14)   .5852     (  3,  8, 15)   1.371     (  3, 10, 13)   1.175     (  1, 10,  1)   2.992     (  3,  9,  2)
   -1.057     (  1, 10, 14)  -.4225     (  1,  9, 13)   .4434     (  1,  4,  3)   1.167     (  3,  9, 12)   1.607     (  1, 10,  2)
    .2420     (  3, 10, 14)   .2121     (  3,  8, 15)   .5973     (  3, 10, 13)   .4741     (  1, 10,  1)   1.413     (  3, 10, 12)
   -.5354     (  1, 10, 14)  -.2628     (  1,  8, 13)   .1813     (  1, 10,  5)   .5121     (  3,  8, 11)   .7660     (  1, 10,  1)
    .9986E-01 (  3, 10, 11)   .1176     (  1,  2,  4)   .2976     (  3, 10, 15)   .2492     (  1,  1,  2)   .8384     (  3,  3,  1)
   -.3144     (  1, 10, 14)  -.1713     (  1,  8, 13)   .1143     (  1,  1,  5)   .2871     (  3,  7, 11)   .5048     (  1,  1,  2)
    .5407E-01 (  3, 10, 11)   .8195E-01 (  1,  2,  5)   .1760     (  3, 10, 15)   .1736     (  1,  1,  2)   .5675     (  3,  3,  1)
   -.2002     (  1, 10, 14)  -.1131     (  1,  8, 13)   .7904E-01 (  1,  1,  5)   .1891     (  3,  4,  1)   .3456     (  1,  1,  2)
0
0          ****FAILED TO CONVERGE IN TIME STEP  1 OF STRESS PERIOD  1****
1                      HEAD IN LAYER  1 AT END OF TIME STEP  1 IN STRESS PERIOD  1
           -----------------------------------------------------------------------

            1           2           3           4           5           6           7           8           9          10
           11          12          13          14          15
 .............................................................................................................................
0  1    172.9       172.7       172.4       172.0       171.5       170.8       170.0       169.2       168.2       167.1    
        165.9       164.6       163.2       161.6       160.0    
0  2    174.9       174.7       174.4       174.0       173.4       172.8       171.9       171.0       169.9       168.7    
        167.3       165.8       164.1       162.2       160.0    
0  3    178.1       177.9       177.6       177.2       176.6       175.9       175.0       173.9       172.7       171.2    
        169.6       167.7       165.6       163.1       160.0    
0  4    181.1       180.9       180.6       180.1       179.5       178.7       177.8       176.6       175.2       173.6    
        171.7       169.5       167.0       164.0       160.0    
0  5    183.9       183.8       183.5       183.0       182.3       181.5       180.4       179.2       177.6       175.8    
        173.7       171.2       168.3       164.8       160.0    
0  6    186.7       186.6       186.3       185.7       185.1       184.2       183.1       181.7       180.1       178.0    
        175.6       172.8       169.5       165.6       160.0    
0  7    189.5       189.3       189.0       188.5       187.8       186.8       185.7       184.3       182.5       180.3    
        177.5       174.3       170.7       166.3       160.0    
0  8    192.2       192.1       191.7       191.2       190.5       189.5       188.3       186.9       185.1       182.7    
        179.4       175.7       171.7       167.0       160.0    
0  9    196.2       196.0       195.7       195.1       194.4       193.4       192.3       190.8       189.1       187.0    
        180.9       176.8       172.5       167.5       160.0    
0 10    197.3       197.1       196.7       196.2       195.4       194.5       193.3       191.8       190.1       188.0    
        181.7       177.4       172.9       167.7       160.0    
1                      HEAD IN LAYER  2 AT END OF TIME STEP  1 IN STRESS PERIOD  1
           -----------------------------------------------------------------------

            1           2           3           4           5           6           7           8           9          10
           11          12          13          14          15
 .............................................................................................................................
0  1    172.9       172.7       172.4       172.0       171.5       170.8       170.0       169.2       168.2       167.1    
        165.9       164.6       163.2       161.6       160.0    
0  2    174.6       174.4       174.1       173.7       173.1       172.5       171.7       170.7       169.7       168.5    
        167.3       165.9       164.4       162.9       161.3    
0  3    177.5       177.3       177.0       176.6       176.0       175.3       174.5       173.5       172.3       171.1    
        169.7       168.2       166.6       164.9       163.0    
0  4    180.4       180.2       179.9       179.5       178.9       178.1       177.2       176.1       174.9       173.5    
        172.0       170.4       168.6       166.7       164.5    
0  5    183.3       183.1       182.8       182.4       181.7       180.9       179.9       178.8       177.5       175.9    
        174.3       172.4       170.5       168.4       165.8    
0  6    186.3       186.1       185.8       185.3       184.6       183.8       182.7       181.5       180.0       178.4    
        176.5       174.4       172.3       169.9       166.9    
0  7    189.3       189.1       188.8       188.3       187.6       186.7       185.6       184.3       182.7       180.8    
        178.6       176.2       173.8       171.2       167.8    
0  8    192.4       192.2       191.9       191.4       190.6       189.7       188.6       187.2       185.5       183.4    
        180.6       177.8       175.1       172.3       168.6    
0  9    196.2       196.0       195.7       195.1       194.4       193.4       192.3       190.8       189.1       187.0    
        182.3       179.1       176.1       173.0       169.1    
0 10    197.3       197.1       196.7       196.2       195.4       194.5       193.3       191.8       190.1       188.0    
        183.1       179.7       176.6       173.5       169.3    
1                      HEAD IN LAYER  3 AT END OF TIME STEP  1 IN STRESS PERIOD  1
           -----------------------------------------------------------------------

            1           2           3           4           5           6           7           8           9          10
           11          12          13          14          15
 .............................................................................................................................
0  1    172.9       172.7       172.4       172.0       171.5       170.8       170.0       169.2       168.2       167.1    
        165.9       164.6       163.2       161.7       160.0    
0  2    174.3       174.1       173.8       173.4       172.8       172.2       171.4       170.5       169.5       168.4    
        167.2       166.0       164.7       163.5       162.5    
0  3    176.9       176.7       176.4       176.0       175.4       174.8       174.0       173.0       172.0       170.9    
        169.8       168.6       167.6       166.6       166.0    
0  4    179.7       179.5       179.2       178.8       178.2       177.5       176.6       175.7       174.6       173.5    
        172.3       171.2       170.2       169.5       169.0    
0  5    182.7       182.5       182.2       181.7       181.1       180.3       179.4       178.4       177.3       176.1    
        174.8       173.7       172.7       172.0       171.6    
0  6    185.8       185.6       185.3       184.8       184.2       183.4       182.4       181.3       180.0       178.7    
        177.3       176.0       175.0       174.2       173.8    
0  7    189.1       188.9       188.6       188.1       187.4       186.5       185.5       184.3       182.9       181.3    
        179.6       178.1       176.9       176.1       175.6    
0  8    192.6       192.4       192.0       191.5       190.8       189.9       188.8       187.4       185.9       184.0    
        181.8       180.0       178.5       177.6       177.1    
0  9    196.2       196.0       195.7       195.1       194.4       193.4       192.3       190.8       189.1       187.0    
        183.7       181.3       179.7       178.6       178.1    
0 10    197.3       197.1       196.7       196.2       195.4       194.5       193.3       191.8       190.1       188.0    
        184.5       182.1       180.3       179.2       178.6    
0


                              VOLUMETRIC BUDGET FOR ENTIRE MODEL AT END OF TIME STEP  1 IN STRESS PERIOD  1
                              -----------------------------------------------------------------------------
0                   CUMULATIVE VOLUMES      L**3                                     RATES FOR THIS TIME STEP      L**3/T
                    ------------------                                               ------------------------

                          IN:                                                                    IN:
                          ---                                                                    ---
                            STORAGE =    .00000                                                    STORAGE =    .00000    
                      CONSTANT HEAD =    .00000                                              CONSTANT HEAD =    .00000    
                           RECHARGE =    432.00                                                   RECHARGE =    .50000E-02
0                          TOTAL IN =    432.00                                                   TOTAL IN =    .50000E-02
0                        OUT:                                                                   OUT:
                         ----                                                                   ----
                            STORAGE =    .00000                                                    STORAGE =    .00000    
                      CONSTANT HEAD =    346.35                                              CONSTANT HEAD =    .40087E-02
                           RECHARGE =    .00000                                                   RECHARGE =    .00000    
0                         TOTAL OUT =    346.35                                                  TOTAL OUT =    .40087E-02
0                          IN - OUT =    85.653                                                   IN - OUT =    .99135E-03
0               PERCENT DISCREPANCY =               22.01                              PERCENT DISCREPANCY =               22.01



0


          TIME SUMMARY AT END OF TIME STEP  1 IN STRESS PERIOD  1
                               SECONDS        MINUTES         HOURS          DAYS           YEARS
                           ---------------------------------------------------------------------------
      TIME STEP LENGTH         86400.0        1440.00        24.0000        1.00000        .273785E-02
    STRESS PERIOD TIME         86400.0        1440.00        24.0000        1.00000        .273785E-02
 TOTAL SIMULATION TIME         86400.0        1440.00        24.0000        1.00000        .273785E-02
1
