1                    U.S. GEOLOGICAL SURVEY MODULAR FINITE-DIFFERENCE GROUND-WATER MODEL
0EVAPOTRANSPIRATION PROBLEM                                                      1/18/91   PFA                                   
    1 LAYERS        20 ROWS        18 COLUMNS
   1 STRESS PERIOD(S) IN SIMULATION
 MODEL TIME UNIT IS DAYS
0I/O UNITS:
 ELEMENT OF IUNIT:  1  2  3  4  5  6  7  8  9 10 11 12 13 14 15 16 17 18 19 20 21 22 23 24
         I/O UNIT: 11  0  0  0 15  0  0 18 19  0  0 22  0  0  0  0  0  0  0  0  0  0  0  0
0BAS1 -- BASIC MODEL PACKAGE, VERSION 1, 9/1/87 INPUT READ FROM UNIT  1
 ARRAYS RHS AND BUFF WILL SHARE MEMORY.
 START HEAD WILL NOT BE SAVED -- DRAWDOWN CANNOT BE CALCULATED
     2922 ELEMENTS IN X ARRAY ARE USED BY BAS
     2922 ELEMENTS OF X ARRAY USED OUT OF   80000
0BCF1 -- BLOCK-CENTERED FLOW PACKAGE, VERSION 1, 9/1/87 INPUT READ FROM UNIT 11
 STEADY-STATE SIMULATION
      LAYER  AQUIFER TYPE
      -------------------
         1         1
      721 ELEMENTS IN X ARRAY ARE USED BY BCF
     3643 ELEMENTS OF X ARRAY USED OUT OF   80000
0RCH1 -- RECHARGE PACKAGE, VERSION 1, 9/1/87 INPUT READ FROM UNIT 18
 OPTION 1 -- RECHARGE TO TOP LAYER
      360 ELEMENTS OF X ARRAY USED FOR RECHARGE
     4003 ELEMENTS OF X ARRAY USED OUT OF   80000
0EVT1 -- EVAPOTRANSPIRATION PACKAGE, VERSION 1, 9/1/87 INPUT READ FROM UNIT 15
 OPTION 1 -- EVAPOTRANSPIRATION FROM TOP LAYER
     1080 ELEMENTS OF X ARRAY USED FOR EVAPOTRANSPIRATION
     5083 ELEMENTS OF X ARRAY USED OUT OF   80000
0SIP1 -- STRONGLY IMPLICIT PROCEDURE SOLUTION PACKAGE, VERSION 1, 9/1/87 INPUT READ FROM UNIT 19
 MAXIMUM OF  50 ITERATIONS ALLOWED FOR CLOSURE
  5 ITERATION PARAMETERS
     1645 ELEMENTS IN X ARRAY ARE USED BY SIP
     6728 ELEMENTS OF X ARRAY USED OUT OF   80000
1EVAPOTRANSPIRATION PROBLEM                                                      1/18/91   PFA                                   
0


                                        BOUNDARY ARRAY FOR LAYER  1 WILL BE READ ON UNIT  1 USING FORMAT: (40I2)              
                              ------------------------------------------------------------------------------------------------

       1  2  3  4  5  6  7  8  9 10 11 12 13 14 15 16 17 18
 ...............................................................
0  1   1  1  1  1  1  1  1  1  1  1  1  1  1  1  1  1  1 -1
0  2   1  1  1  1  1  1  1  1  1  1  1  1  1  1  1  1  1 -1
0  3   1  1  1  1  1  1  1  1  1  1  1  1  1  1  1  1 -1 -1
0  4   1  1  1  1  1  1  1  1  1  1  1  1  1  1  1  1 -1 -1
0  5   1  1  1  1  1  1  1  1  1  1  1  1  1  1  1  1 -1 -1
0  6   1  1  1  1  1  1  1  1  1  1  1  1  1  1  1 -1 -1 -1
0  7   1  1  1  1  1  1  1  1  1  1  1  1  1  1  1 -1 -1 -1
0  8   1  1  1  1  1  1  1  1  1  1  1  1  1  1 -1 -1 -1 -1
0  9   1  1  1  1  1  1  1  1  1  1  1  1  1  1 -1 -1 -1 -1
0 10   1  1  1  1  1  1  1  1  1  1  1  1  1  1 -1 -1 -1 -1
0 11   1  1  1  1  1  1  1  1  1  1  1  1  1  1 -1 -1 -1 -1
0 12   1  1  1  1  1  1  1  1  1  1  1  1  1 -1 -1 -1 -1 -1
0 13   1  1  1  1  1  1  1  1  1  1  1  1  1 -1 -1 -1 -1 -1
0 14   1  1  1  1  1  1  1  1  1  1  1  1  1 -1 -1 -1 -1 -1
0 15   1  1  1  1  1  1  1  1  1  1  1  1  1 -1 -1 -1 -1 -1
0 16   1  1  1  1  1  1  1  1  1  1  1  1  1 -1 -1 -1 -1 -1
0 17   1  1  1  1  1  1  1  1  1  1  1  1  1 -1 -1 -1 -1 -1
0 18   1  1  1  1  1  1  1  1  1  1  1  1  1 -1 -1 -1 -1 -1
0 19   1  1  1  1  1  1  1  1  1  1  1  1  1 -1 -1 -1 -1 -1
0 20   1  1  1  1  1  1  1  1  1  1  1  1  1 -1 -1 -1 -1 -1
0AQUIFER HEAD WILL BE SET TO  999.00     AT ALL NO-FLOW NODES (IBOUND=0).
0                                                                INITIAL HEAD =   .0000000     FOR LAYER  1
0HEAD PRINT FORMAT IS FORMAT NUMBER   9    DRAWDOWN PRINT FORMAT IS FORMAT NUMBER   0
0HEADS WILL BE SAVED ON UNIT 30    DRAWDOWNS WILL BE SAVED ON UNIT  0
0OUTPUT CONTROL IS SPECIFIED EVERY TIME STEP
0                                                    COLUMN TO ROW ANISOTROPY =   1.000000    
0                                                                        DELR =   2640.000    
0                                                                        DELC =   2640.000    
0                                                       HYD. COND. ALONG ROWS =   1340.000     FOR LAYER  1
0                                                                      BOTTOM =  -200.0000     FOR LAYER  1
0


                                                         SOLUTION BY THE STRONGLY IMPLICIT PROCEDURE
                                                         -------------------------------------------
0                                               MAXIMUM ITERATIONS ALLOWED FOR CLOSURE =       50
                                                                ACCELERATION PARAMETER =     1.0000    
                                                     HEAD CHANGE CRITERION FOR CLOSURE =     .10000E-01
                                                     SIP HEAD CHANGE PRINTOUT INTERVAL =        1
0                                                    CALCULATE ITERATION PARAMETERS FROM MODEL CALCULATED WSEED
1                                                   STRESS PERIOD NO.   1, LENGTH =   1.000000    
                                                    ----------------------------------------------

                                                    NUMBER OF TIME STEPS =     1

                                                     MULTIPLIER FOR DELT =     1.000

                                                  INITIAL TIME STEP SIZE =   1.000000    
0                                                                    RECHARGE =   .5710000E-02
0


                                            ET SURFACE WILL BE READ ON UNIT 15 USING FORMAT: (7G11.4)            
                              -----------------------------------------------------------------------------------

            1           2           3           4           5           6           7           8           9          10
           11          12          13          14          15          16          17          18
 .............................................................................................................................
0  1    14.00       14.00       12.00       12.00       10.00       10.00       8.000       8.000       6.000       6.000    
        4.000       4.000       2.000       2.000       2.000       2.000       2.000       .0000    
0  2    14.00       14.00       12.00       12.00       10.00       10.00       8.000       8.000       6.000       6.000    
        4.000       4.000       2.000       2.000       2.000       2.000       2.000       .0000    
0  3    14.00       14.00       12.00       12.00       10.00       10.00       8.000       8.000       6.000       6.000    
        4.000       4.000       2.000       2.000       2.000       2.000       .0000       .0000    
0  4    14.00       14.00       12.00       12.00       10.00       10.00       8.000       8.000       6.000       6.000    
        4.000       4.000       2.000       2.000       2.000       2.000       .0000       .0000    
0  5    14.00       14.00       12.00       12.00       10.00       10.00       8.000       8.000       6.000       6.000    
        4.000       4.000       2.000       2.000       2.000       2.000       .0000       .0000    
0  6    14.00       14.00       12.00       12.00       10.00       10.00       8.000       8.000       6.000       6.000    
        4.000       4.000       2.000       2.000       2.000       .0000       .0000       .0000    
0  7    14.00       14.00       12.00       12.00       10.00       10.00       8.000       8.000       6.000       6.000    
        4.000       4.000       2.000       2.000       2.000       .0000       .0000       .0000    
0  8    14.00       14.00       14.00       12.00       10.00       10.00       8.000       8.000       6.000       6.000    
        4.000       4.000       2.000       2.000       .0000       .0000       .0000       .0000    
0  9    16.00       14.00       14.00       12.00       12.00       10.00       8.000       8.000       6.000       6.000    
        4.000       4.000       2.000       2.000       .0000       .0000       .0000       .0000    
0 10    16.00       16.00       14.00       14.00       12.00       10.00       10.00       8.000       6.000       6.000    
        4.000       4.000       2.000       2.000       .0000       .0000       .0000       .0000    
0 11    16.00       16.00       16.00       14.00       12.00       12.00       10.00       8.000       8.000       6.000    
        4.000       4.000       2.000       2.000       .0000       .0000       .0000       .0000    
0 12    16.00       16.00       16.00       14.00       14.00       12.00       10.00       10.00       8.000       6.000    
        6.000       4.000       2.000       .0000       .0000       .0000       .0000       .0000    
0 13    16.00       16.00       16.00       16.00       14.00       12.00       12.00       10.00       8.000       8.000    
        6.000       4.000       2.000       .0000       .0000       .0000       .0000       .0000    
0 14    16.00       16.00       16.00       16.00       14.00       14.00       12.00       10.00       10.00       8.000    
        6.000       4.000       2.000       .0000       .0000       .0000       .0000       .0000    
0 15    18.00       18.00       18.00       16.00       16.00       14.00       12.00       12.00       10.00       8.000    
        6.000       4.000       2.000       .0000       .0000       .0000       .0000       .0000    
0 16    18.00       18.00       18.00       16.00       16.00       14.00       14.00       12.00       10.00       8.000    
        6.000       4.000       2.000       .0000       .0000       .0000       .0000       .0000    
0 17    18.00       18.00       18.00       16.00       16.00       16.00       14.00       12.00       10.00       8.000    
        6.000       4.000       2.000       .0000       .0000       .0000       .0000       .0000    
0 18    18.00       18.00       18.00       16.00       16.00       16.00       14.00       12.00       10.00       8.000    
        6.000       4.000       2.000       .0000       .0000       .0000       .0000       .0000    
0 19    18.00       18.00       18.00       16.00       16.00       16.00       14.00       12.00       10.00       8.000    
        6.000       4.000       2.000       .0000       .0000       .0000       .0000       .0000    
0 20    18.00       18.00       18.00       16.00       16.00       16.00       14.00       12.00       10.00       8.000    
        6.000       4.000       2.000       .0000       .0000       .0000       .0000       .0000    
0                                                     EVAPOTRANSPIRATION RATE =   .1140000E-01
0                                                            EXTINCTION DEPTH =   8.000000    
0AVERAGE SEED =  .00616850
 MINIMUM SEED =  .00616850
0
    5 ITERATION PARAMETERS CALCULATED FROM AVERAGE SEED:

             .0000000E+00   .7197505E+00   .9214602E+00   .9779893E+00   .9938315E+00
0
    11 ITERATIONS FOR TIME STEP   1 IN STRESS PERIOD  1
0MAXIMUM HEAD CHANGE FOR EACH ITERATION:
0 HEAD CHANGE LAYER,ROW,COL HEAD CHANGE LAYER,ROW,COL HEAD CHANGE LAYER,ROW,COL HEAD CHANGE LAYER,ROW,COL HEAD CHANGE LAYER,ROW,COL
 ------------------------------------------------------------------------------------------------------------------------------------
    .3922     (  1,  1,  1)   .6917     (  1, 20,  1)   1.457     (  1,  1,  1)   2.932     (  1, 20,  1)   2.959     (  1, 17,  1)
    .8996E-01 (  1,  7,  1)   .1236     (  1,  8,  6)   .1820     (  1,  6,  3)   .2240     (  1, 11,  1)   .2199     (  1, 19,  1)
    .9090E-02 (  1,  9,  1)
0
0HEAD/DRAWDOWN PRINTOUT FLAG = 1     TOTAL BUDGET PRINTOUT FLAG = 1     CELL-BY-CELL FLOW TERM FLAG = 0
0OUTPUT FLAGS FOR ALL LAYERS ARE THE SAME:
   HEAD    DRAWDOWN  HEAD  DRAWDOWN
 PRINTOUT  PRINTOUT  SAVE    SAVE
 ----------------------------------
     1         0       1       0
1                      HEAD IN LAYER  1 AT END OF TIME STEP  1 IN STRESS PERIOD  1
           -----------------------------------------------------------------------

         1     2     3     4     5     6     7     8     9    10    11    12    13    14    15    16    17    18
 ....................................................................................................................
0  1   6.51  6.37  6.08  5.71  5.24  4.73  4.16  3.58  2.98  2.41  1.84  1.34   .88   .53   .27   .10   .01   .00
0  2   6.53  6.39  6.10  5.73  5.26  4.74  4.17  3.59  2.99  2.41  1.84  1.34   .88   .53   .27   .10   .01   .00
0  3   6.56  6.42  6.13  5.75  5.28  4.77  4.19  3.61  3.00  2.42  1.85  1.34   .88   .52   .26   .09   .00   .00
0  4   6.61  6.46  6.17  5.80  5.32  4.81  4.23  3.64  3.03  2.44  1.86  1.34   .87   .51   .25   .08   .00   .00
0  5   6.67  6.53  6.24  5.86  5.38  4.86  4.27  3.68  3.06  2.46  1.87  1.35   .87   .50   .23   .06   .00   .00
0  6   6.77  6.62  6.33  5.95  5.46  4.93  4.34  3.73  3.10  2.49  1.89  1.35   .86   .47   .19   .00   .00   .00
0  7   6.88  6.74  6.45  6.06  5.57  5.03  4.42  3.80  3.16  2.53  1.91  1.36   .84   .44   .14   .00   .00   .00
0  8   7.03  6.89  6.62  6.21  5.71  5.15  4.53  3.89  3.23  2.58  1.94  1.36   .83   .38   .00   .00   .00   .00
0  9   7.22  7.07  6.79  6.39  5.89  5.30  4.66  4.01  3.32  2.65  1.98  1.38   .81   .36   .00   .00   .00   .00
0 10   7.41  7.27  6.99  6.59  6.08  5.49  4.84  4.15  3.43  2.73  2.03  1.39   .80   .33   .00   .00   .00   .00
0 11   7.60  7.46  7.19  6.80  6.28  5.69  5.02  4.31  3.58  2.83  2.09  1.40   .76   .25   .00   .00   .00   .00
0 12   7.78  7.65  7.39  7.00  6.50  5.90  5.22  4.50  3.73  2.95  2.18  1.42   .69   .00   .00   .00   .00   .00
0 13   7.95  7.82  7.57  7.19  6.70  6.09  5.42  4.67  3.88  3.08  2.26  1.45   .69   .00   .00   .00   .00   .00
0 14   8.11  7.98  7.74  7.37  6.88  6.29  5.60  4.84  4.04  3.19  2.33  1.49   .70   .00   .00   .00   .00   .00
0 15   8.25  8.13  7.89  7.53  7.05  6.46  5.77  5.00  4.17  3.29  2.39  1.52   .71   .00   .00   .00   .00   .00
0 16   8.37  8.25  8.01  7.66  7.19  6.60  5.92  5.13  4.27  3.36  2.45  1.56   .73   .00   .00   .00   .00   .00
0 17   8.46  8.35  8.11  7.76  7.29  6.71  6.02  5.22  4.34  3.42  2.49  1.58   .74   .00   .00   .00   .00   .00
0 18   8.54  8.42  8.19  7.84  7.37  6.79  6.10  5.28  4.39  3.46  2.52  1.60   .75   .00   .00   .00   .00   .00
0 19   8.59  8.47  8.24  7.89  7.43  6.84  6.14  5.32  4.43  3.49  2.54  1.61   .76   .00   .00   .00   .00   .00
0 20   8.61  8.50  8.27  7.92  7.45  6.87  6.17  5.34  4.44  3.50  2.55  1.62   .76   .00   .00   .00   .00   .00
0HEAD WILL BE SAVED ON UNIT 30 AT END OF TIME STEP  1, STRESS PERIOD  1
0


                              VOLUMETRIC BUDGET FOR ENTIRE MODEL AT END OF TIME STEP  1 IN STRESS PERIOD  1
                              -----------------------------------------------------------------------------
0                   CUMULATIVE VOLUMES      L**3                                     RATES FOR THIS TIME STEP      L**3/T
                    ------------------                                               ------------------------

                          IN:                                                                    IN:
                          ---                                                                    ---
                            STORAGE =    .00000                                                    STORAGE =    .00000    
                      CONSTANT HEAD =    .00000                                              CONSTANT HEAD =    .00000    
                           RECHARGE =    .11342E+08                                               RECHARGE =    .11342E+08
                                 ET =    .00000                                                         ET =    .00000    
0                          TOTAL IN =    .11342E+08                                               TOTAL IN =    .11342E+08
0                        OUT:                                                                   OUT:
                         ----                                                                   ----
                            STORAGE =    .00000                                                    STORAGE =    .00000    
                      CONSTANT HEAD =    .23867E+07                                          CONSTANT HEAD =    .23867E+07
                           RECHARGE =    .00000                                                   RECHARGE =    .00000    
                                 ET =    .89229E+07                                                     ET =    .89229E+07
0                         TOTAL OUT =    .11310E+08                                              TOTAL OUT =    .11310E+08
0                          IN - OUT =    32386.                                                   IN - OUT =    32386.    
0               PERCENT DISCREPANCY =                 .29                              PERCENT DISCREPANCY =                 .29



0


          TIME SUMMARY AT END OF TIME STEP  1 IN STRESS PERIOD  1
                               SECONDS        MINUTES         HOURS          DAYS           YEARS
                           ---------------------------------------------------------------------------
      TIME STEP LENGTH         86400.0        1440.00        24.0000        1.00000        .273785E-02
    STRESS PERIOD TIME         86400.0        1440.00        24.0000        1.00000        .273785E-02
 TOTAL SIMULATION TIME         86400.0        1440.00        24.0000        1.00000        .273785E-02
1
