1                    U.S. GEOLOGICAL SURVEY MODULAR FINITE-DIFFERENCE GROUND-WATER MODEL
0EVAPOTRANSPIRATION PROBLEM                                                      1/18/91   PFA                                   
    1 LAYERS        20 ROWS        18 COLUMNS
   1 STRESS PERIOD(S) IN SIMULATION
 MODEL TIME UNIT IS DAYS
0I/O UNITS:
 ELEMENT OF IUNIT:  1  2  3  4  5  6  7  8  9 10 11 12 13 14 15 16 17 18 19 20 21 22 23 24
         I/O UNIT: 11 12  0  0 15  0  0 18 19  0  0 22  0  0  0  0  0  0  0  0  0  0  0  0
0BAS1 -- BASIC MODEL PACKAGE, VERSION 1, 9/1/87 INPUT READ FROM UNIT  1
 ARRAYS RHS AND BUFF WILL SHARE MEMORY.
 START HEAD WILL BE SAVED
     3282 ELEMENTS IN X ARRAY ARE USED BY BAS
     3282 ELEMENTS OF X ARRAY USED OUT OF   80000
0BCF1 -- BLOCK-CENTERED FLOW PACKAGE, VERSION 1, 9/1/87 INPUT READ FROM UNIT 11
 STEADY-STATE SIMULATION
      LAYER  AQUIFER TYPE
      -------------------
         1         1
      721 ELEMENTS IN X ARRAY ARE USED BY BCF
     4003 ELEMENTS OF X ARRAY USED OUT OF   80000
0WEL1 -- WELL PACKAGE, VERSION 1, 9/1/87 INPUT READ FROM 12
 MAXIMUM OF    1 WELLS
        4 ELEMENTS IN X ARRAY ARE USED FOR WELLS
     4007 ELEMENTS OF X ARRAY USED OUT OF   80000
0RCH1 -- RECHARGE PACKAGE, VERSION 1, 9/1/87 INPUT READ FROM UNIT 18
 OPTION 1 -- RECHARGE TO TOP LAYER
      360 ELEMENTS OF X ARRAY USED FOR RECHARGE
     4367 ELEMENTS OF X ARRAY USED OUT OF   80000
0EVT1 -- EVAPOTRANSPIRATION PACKAGE, VERSION 1, 9/1/87 INPUT READ FROM UNIT 15
 OPTION 1 -- EVAPOTRANSPIRATION FROM TOP LAYER
     1080 ELEMENTS OF X ARRAY USED FOR EVAPOTRANSPIRATION
     5447 ELEMENTS OF X ARRAY USED OUT OF   80000
0SIP1 -- STRONGLY IMPLICIT PROCEDURE SOLUTION PACKAGE, VERSION 1, 9/1/87 INPUT READ FROM UNIT 19
 MAXIMUM OF  50 ITERATIONS ALLOWED FOR CLOSURE
  5 ITERATION PARAMETERS
     1645 ELEMENTS IN X ARRAY ARE USED BY SIP
     7092 ELEMENTS OF X ARRAY USED OUT OF   80000
1EVAPOTRANSPIRATION PROBLEM                                                      1/18/91   PFA                                   
0


                                        BOUNDARY ARRAY FOR LAYER  1 WILL BE READ ON UNIT  1 USING FORMAT: (40I2)              
                              ------------------------------------------------------------------------------------------------

       1  2  3  4  5  6  7  8  9 10 11 12 13 14 15 16 17 18
 ...............................................................
0  1   1  1  1  1  1  1  1  1  1  1  1  1  1  1  1  1  1 -1
0  2   1  1  1  1  1  1  1  1  1  1  1  1  1  1  1  1  1 -1
0  3   1  1  1  1  1  1  1  1  1  1  1  1  1  1  1  1 -1 -1
0  4   1  1  1  1  1  1  1  1  1  1  1  1  1  1  1  1 -1 -1
0  5   1  1  1  1  1  1  1  1  1  1  1  1  1  1  1  1 -1 -1
0  6   1  1  1  1  1  1  1  1  1  1  1  1  1  1  1 -1 -1 -1
0  7   1  1  1  1  1  1  1  1  1  1  1  1  1  1  1 -1 -1 -1
0  8   1  1  1  1  1  1  1  1  1  1  1  1  1  1 -1 -1 -1 -1
0  9   1  1  1  1  1  1  1  1  1  1  1  1  1  1 -1 -1 -1 -1
0 10   1  1  1  1  1  1  1  1  1  1  1  1  1  1 -1 -1 -1 -1
0 11   1  1  1  1  1  1  1  1  1  1  1  1  1  1 -1 -1 -1 -1
0 12   1  1  1  1  1  1  1  1  1  1  1  1  1 -1 -1 -1 -1 -1
0 13   1  1  1  1  1  1  1  1  1  1  1  1  1 -1 -1 -1 -1 -1
0 14   1  1  1  1  1  1  1  1  1  1  1  1  1 -1 -1 -1 -1 -1
0 15   1  1  1  1  1  1  1  1  1  1  1  1  1 -1 -1 -1 -1 -1
0 16   1  1  1  1  1  1  1  1  1  1  1  1  1 -1 -1 -1 -1 -1
0 17   1  1  1  1  1  1  1  1  1  1  1  1  1 -1 -1 -1 -1 -1
0 18   1  1  1  1  1  1  1  1  1  1  1  1  1 -1 -1 -1 -1 -1
0 19   1  1  1  1  1  1  1  1  1  1  1  1  1 -1 -1 -1 -1 -1
0 20   1  1  1  1  1  1  1  1  1  1  1  1  1 -1 -1 -1 -1 -1
0AQUIFER HEAD WILL BE SET TO  999.00     AT ALL NO-FLOW NODES (IBOUND=0).
0


                                          INITIAL HEAD, LAYER  1 WILL BE READ UNFORMATTED ON UNIT 32
                              -------------------------------------------------------------------------

            1           2           3           4           5           6           7           8           9          10
           11          12          13          14          15          16          17          18
 .............................................................................................................................
0  1    6.511       6.371       6.084       5.712       5.243       4.732       4.161       3.584       2.981       2.406    
        1.839       1.336       .8792       .5283       .2720       .1020      1.2477E-02   .0000    
0  2    6.527       6.385       6.098       5.726       5.256       4.743       4.171       3.593       2.988       2.411    
        1.843       1.337       .8788       .5265       .2692      9.8654E-02  9.2543E-03   .0000    
0  3    6.558       6.416       6.128       5.755       5.283       4.768       4.193       3.611       3.003       2.422    
        1.849       1.340       .8775       .5221       .2628      9.1453E-02   .0000       .0000    
0  4    6.606       6.464       6.175       5.800       5.325       4.806       4.226       3.639       3.026       2.438    
        1.859       1.343       .8745       .5136       .2511      8.1213E-02   .0000       .0000    
0  5    6.674       6.532       6.241       5.863       5.384       4.860       4.274       3.679       3.057       2.461    
        1.873       1.347       .8685       .4985       .2292      5.8657E-02   .0000       .0000    
0  6    6.766       6.623       6.332       5.950       5.465       4.933       4.338       3.733       3.100       2.492    
        1.890       1.351       .8584       .4737       .1901       .0000       .0000       .0000    
0  7    6.884       6.742       6.453       6.064       5.570       5.028       4.421       3.803       3.155       2.531    
        1.913       1.356       .8437       .4376       .1373       .0000       .0000       .0000    
0  8    7.033       6.892       6.618       6.210       5.708       5.150       4.528       3.892       3.226       2.582    
        1.943       1.363       .8260       .3845       .0000       .0000       .0000       .0000    
0  9    7.217       7.068       6.794       6.386       5.889       5.304       4.664       4.005       3.316       2.647    
        1.981       1.375       .8148       .3613       .0000       .0000       .0000       .0000    
0 10    7.407       7.266       6.989       6.593       6.080       5.485       4.841       4.146       3.430       2.728    
        2.030       1.390       .7992       .3321       .0000       .0000       .0000       .0000    
0 11    7.595       7.461       7.194       6.795       6.283       5.694       5.025       4.310       3.579       2.830    
        2.092       1.403       .7619       .2529       .0000       .0000       .0000       .0000    
0 12    7.778       7.647       7.388       6.996       6.500       5.896       5.217       4.497       3.729       2.946    
        2.178       1.419       .6924       .0000       .0000       .0000       .0000       .0000    
0 13    7.949       7.823       7.571       7.195       6.697       6.094       5.420       4.673       3.882       3.079    
        2.258       1.450       .6858       .0000       .0000       .0000       .0000       .0000    
0 14    8.105       7.983       7.738       7.370       6.880       6.292       5.602       4.840       4.039       3.192    
        2.331       1.488       .6975       .0000       .0000       .0000       .0000       .0000    
0 15    8.246       8.125       7.885       7.526       7.049       6.459       5.766       5.003       4.166       3.286    
        2.394       1.525       .7132       .0000       .0000       .0000       .0000       .0000    
0 16    8.366       8.247       8.011       7.657       7.186       6.599       5.916       5.128       4.265       3.361    
        2.447       1.557       .7281       .0000       .0000       .0000       .0000       .0000    
0 17    8.464       8.346       8.112       7.761       7.295       6.714       6.023       5.220       4.340       3.418    
        2.487       1.583       .7405       .0000       .0000       .0000       .0000       .0000    
0 18    8.539       8.422       8.189       7.840       7.374       6.793       6.096       5.283       4.392       3.459    
        2.517       1.602       .7497       .0000       .0000       .0000       .0000       .0000    
0 19    8.589       8.472       8.240       7.891       7.426       6.844       6.143       5.324       4.426       3.485    
        2.536       1.614       .7559       .0000       .0000       .0000       .0000       .0000    
0 20    8.614       8.498       8.266       7.918       7.452       6.869       6.165       5.343       4.442       3.499    
        2.547       1.621       .7597       .0000       .0000       .0000       .0000       .0000    
0HEAD PRINT FORMAT IS FORMAT NUMBER   9    DRAWDOWN PRINT FORMAT IS FORMAT NUMBER   0
0HEADS WILL BE SAVED ON UNIT 30    DRAWDOWNS WILL BE SAVED ON UNIT  0
0OUTPUT CONTROL IS SPECIFIED EVERY TIME STEP
0                                                    COLUMN TO ROW ANISOTROPY =   1.000000    
0                                                                        DELR =   2640.000    
0                                                                        DELC =   2640.000    
0                                                       HYD. COND. ALONG ROWS =   1340.000     FOR LAYER  1
0                                                                      BOTTOM =  -200.0000     FOR LAYER  1
0


                                                         SOLUTION BY THE STRONGLY IMPLICIT PROCEDURE
                                                         -------------------------------------------
0                                               MAXIMUM ITERATIONS ALLOWED FOR CLOSURE =       50
                                                                ACCELERATION PARAMETER =     1.0000    
                                                     HEAD CHANGE CRITERION FOR CLOSURE =     .10000E-01
                                                     SIP HEAD CHANGE PRINTOUT INTERVAL =        1
0                                                    CALCULATE ITERATION PARAMETERS FROM MODEL CALCULATED WSEED
1                                                   STRESS PERIOD NO.   1, LENGTH =   1.000000    
                                                    ----------------------------------------------

                                                    NUMBER OF TIME STEPS =     1

                                                     MULTIPLIER FOR DELT =     1.000

                                                  INITIAL TIME STEP SIZE =   1.000000    
0             1 WELLS
                                                LAYER    ROW    COL    STRESS RATE   WELL NO.
                                                ---------------------------------------------
                                                  1       4      5     -.53500E+06       1
0                                                                    RECHARGE =   .5710000E-02
0


                                            ET SURFACE WILL BE READ ON UNIT 15 USING FORMAT: (7G11.4)            
                              -----------------------------------------------------------------------------------

            1           2           3           4           5           6           7           8           9          10
           11          12          13          14          15          16          17          18
 .............................................................................................................................
0  1    14.00       14.00       12.00       12.00       10.00       10.00       8.000       8.000       6.000       6.000    
        4.000       4.000       2.000       2.000       2.000       2.000       2.000       .0000    
0  2    14.00       14.00       12.00       12.00       10.00       10.00       8.000       8.000       6.000       6.000    
        4.000       4.000       2.000       2.000       2.000       2.000       2.000       .0000    
0  3    14.00       14.00       12.00       12.00       10.00       10.00       8.000       8.000       6.000       6.000    
        4.000       4.000       2.000       2.000       2.000       2.000       .0000       .0000    
0  4    14.00       14.00       12.00       12.00       10.00       10.00       8.000       8.000       6.000       6.000    
        4.000       4.000       2.000       2.000       2.000       2.000       .0000       .0000    
0  5    14.00       14.00       12.00       12.00       10.00       10.00       8.000       8.000       6.000       6.000    
        4.000       4.000       2.000       2.000       2.000       2.000       .0000       .0000    
0  6    14.00       14.00       12.00       12.00       10.00       10.00       8.000       8.000       6.000       6.000    
        4.000       4.000       2.000       2.000       2.000       .0000       .0000       .0000    
0  7    14.00       14.00       12.00       12.00       10.00       10.00       8.000       8.000       6.000       6.000    
        4.000       4.000       2.000       2.000       2.000       .0000       .0000       .0000    
0  8    14.00       14.00       14.00       12.00       10.00       10.00       8.000       8.000       6.000       6.000    
        4.000       4.000       2.000       2.000       .0000       .0000       .0000       .0000    
0  9    16.00       14.00       14.00       12.00       12.00       10.00       8.000       8.000       6.000       6.000    
        4.000       4.000       2.000       2.000       .0000       .0000       .0000       .0000    
0 10    16.00       16.00       14.00       14.00       12.00       10.00       10.00       8.000       6.000       6.000    
        4.000       4.000       2.000       2.000       .0000       .0000       .0000       .0000    
0 11    16.00       16.00       16.00       14.00       12.00       12.00       10.00       8.000       8.000       6.000    
        4.000       4.000       2.000       2.000       .0000       .0000       .0000       .0000    
0 12    16.00       16.00       16.00       14.00       14.00       12.00       10.00       10.00       8.000       6.000    
        6.000       4.000       2.000       .0000       .0000       .0000       .0000       .0000    
0 13    16.00       16.00       16.00       16.00       14.00       12.00       12.00       10.00       8.000       8.000    
        6.000       4.000       2.000       .0000       .0000       .0000       .0000       .0000    
0 14    16.00       16.00       16.00       16.00       14.00       14.00       12.00       10.00       10.00       8.000    
        6.000       4.000       2.000       .0000       .0000       .0000       .0000       .0000    
0 15    18.00       18.00       18.00       16.00       16.00       14.00       12.00       12.00       10.00       8.000    
        6.000       4.000       2.000       .0000       .0000       .0000       .0000       .0000    
0 16    18.00       18.00       18.00       16.00       16.00       14.00       14.00       12.00       10.00       8.000    
        6.000       4.000       2.000       .0000       .0000       .0000       .0000       .0000    
0 17    18.00       18.00       18.00       16.00       16.00       16.00       14.00       12.00       10.00       8.000    
        6.000       4.000       2.000       .0000       .0000       .0000       .0000       .0000    
0 18    18.00       18.00       18.00       16.00       16.00       16.00       14.00       12.00       10.00       8.000    
        6.000       4.000       2.000       .0000       .0000       .0000       .0000       .0000    
0 19    18.00       18.00       18.00       16.00       16.00       16.00       14.00       12.00       10.00       8.000    
        6.000       4.000       2.000       .0000       .0000       .0000       .0000       .0000    
0 20    18.00       18.00       18.00       16.00       16.00       16.00       14.00       12.00       10.00       8.000    
        6.000       4.000       2.000       .0000       .0000       .0000       .0000       .0000    
0                                                     EVAPOTRANSPIRATION RATE =   .1140000E-01
0                                                            EXTINCTION DEPTH =   8.000000    
0AVERAGE SEED =  .00616425
 MINIMUM SEED =  .00616110
0
    5 ITERATION PARAMETERS CALCULATED FROM AVERAGE SEED:

             .0000000E+00   .7197988E+00   .9214873E+00   .9780006E+00   .9938357E+00
0
     6 ITERATIONS FOR TIME STEP   1 IN STRESS PERIOD  1
0MAXIMUM HEAD CHANGE FOR EACH ITERATION:
0 HEAD CHANGE LAYER,ROW,COL HEAD CHANGE LAYER,ROW,COL HEAD CHANGE LAYER,ROW,COL HEAD CHANGE LAYER,ROW,COL HEAD CHANGE LAYER,ROW,COL
 ------------------------------------------------------------------------------------------------------------------------------------
   -.6901     (  1,  4,  5)  -.1889     (  1,  3,  6)  -.1776     (  1,  1,  1)  -.1568     (  1,  1,  4)  -.6398E-01 (  1, 11,  1)
   -.4302E-02 (  1,  5,  1)
0
0HEAD/DRAWDOWN PRINTOUT FLAG = 1     TOTAL BUDGET PRINTOUT FLAG = 1     CELL-BY-CELL FLOW TERM FLAG = 0
0OUTPUT FLAGS FOR ALL LAYERS ARE THE SAME:
   HEAD    DRAWDOWN  HEAD  DRAWDOWN
 PRINTOUT  PRINTOUT  SAVE    SAVE
 ----------------------------------
     1         0       1       0
1                      HEAD IN LAYER  1 AT END OF TIME STEP  1 IN STRESS PERIOD  1
           -----------------------------------------------------------------------

         1     2     3     4     5     6     7     8     9    10    11    12    13    14    15    16    17    18
 ....................................................................................................................
0  1   6.07  5.91  5.60  5.20  4.73  4.26  3.76  3.25  2.71  2.19  1.68  1.21   .79   .46   .23   .08   .00   .00
0  2   6.08  5.92  5.60  5.18  4.68  4.23  3.75  3.25  2.72  2.20  1.68  1.21   .79   .46   .23   .07   .00   .00
0  3   6.12  5.95  5.60  5.12  4.54  4.17  3.74  3.26  2.73  2.21  1.69  1.22   .79   .46   .22   .07   .00   .00
0  4   6.18  6.00  5.63  5.07  4.13  4.11  3.75  3.29  2.76  2.24  1.71  1.23   .79   .46   .22   .06   .00   .00
0  5   6.29  6.11  5.76  5.29  4.70  4.31  3.86  3.36  2.82  2.28  1.73  1.24   .79   .45   .20   .05   .00   .00
0  6   6.42  6.26  5.94  5.51  5.00  4.52  4.00  3.46  2.89  2.33  1.76  1.26   .79   .43   .17   .00   .00   .00
0  7   6.59  6.44  6.14  5.73  5.23  4.72  4.15  3.58  2.98  2.39  1.80  1.27   .79   .40   .12   .00   .00   .00
0  8   6.79  6.65  6.36  5.95  5.45  4.91  4.32  3.71  3.08  2.46  1.85  1.29   .78   .36   .00   .00   .00   .00
0  9   7.01  6.87  6.59  6.18  5.69  5.12  4.50  3.86  3.20  2.55  1.90  1.32   .78   .34   .00   .00   .00   .00
0 10   7.24  7.10  6.83  6.43  5.93  5.34  4.71  4.03  3.33  2.65  1.97  1.34   .77   .32   .00   .00   .00   .00
0 11   7.46  7.33  7.06  6.67  6.16  5.58  4.92  4.22  3.50  2.77  2.04  1.37   .74   .24   .00   .00   .00   .00
0 12   7.67  7.54  7.28  6.90  6.40  5.81  5.14  4.43  3.67  2.90  2.14  1.39   .68   .00   .00   .00   .00   .00
0 13   7.86  7.74  7.49  7.11  6.62  6.02  5.36  4.62  3.83  3.04  2.23  1.43   .67   .00   .00   .00   .00   .00
0 14   8.03  7.91  7.67  7.31  6.82  6.24  5.55  4.80  4.00  3.16  2.31  1.47   .69   .00   .00   .00   .00   .00
0 15   8.19  8.07  7.83  7.47  7.00  6.41  5.73  4.97  4.14  3.26  2.38  1.51   .71   .00   .00   .00   .00   .00
0 16   8.32  8.20  7.97  7.61  7.15  6.56  5.88  5.10  4.24  3.34  2.43  1.55   .72   .00   .00   .00   .00   .00
0 17   8.43  8.31  8.08  7.73  7.26  6.68  6.00  5.20  4.32  3.40  2.48  1.58   .74   .00   .00   .00   .00   .00
0 18   8.51  8.39  8.16  7.81  7.35  6.77  6.08  5.27  4.38  3.45  2.51  1.60   .75   .00   .00   .00   .00   .00
0 19   8.56  8.45  8.21  7.87  7.40  6.82  6.12  5.31  4.42  3.48  2.53  1.61   .76   .00   .00   .00   .00   .00
0 20   8.59  8.47  8.24  7.89  7.43  6.85  6.15  5.33  4.43  3.49  2.54  1.62   .76   .00   .00   .00   .00   .00
0HEAD WILL BE SAVED ON UNIT 30 AT END OF TIME STEP  1, STRESS PERIOD  1
0


                              VOLUMETRIC BUDGET FOR ENTIRE MODEL AT END OF TIME STEP  1 IN STRESS PERIOD  1
                              -----------------------------------------------------------------------------
0                   CUMULATIVE VOLUMES      L**3                                     RATES FOR THIS TIME STEP      L**3/T
                    ------------------                                               ------------------------

                          IN:                                                                    IN:
                          ---                                                                    ---
                            STORAGE =    .00000                                                    STORAGE =    .00000    
                      CONSTANT HEAD =    .00000                                              CONSTANT HEAD =    .00000    
                              WELLS =    .00000                                                      WELLS =    .00000    
                           RECHARGE =    .11342E+08                                               RECHARGE =    .11342E+08
                                 ET =    .00000                                                         ET =    .00000    
0                          TOTAL IN =    .11342E+08                                               TOTAL IN =    .11342E+08
0                        OUT:                                                                   OUT:
                         ----                                                                   ----
                            STORAGE =    .00000                                                    STORAGE =    .00000    
                      CONSTANT HEAD =    .23162E+07                                          CONSTANT HEAD =    .23162E+07
                              WELLS =    .53500E+06                                                  WELLS =    .53500E+06
                           RECHARGE =    .00000                                                   RECHARGE =    .00000    
                                 ET =    .85286E+07                                                     ET =    .85286E+07
0                         TOTAL OUT =    .11380E+08                                              TOTAL OUT =    .11380E+08
0                          IN - OUT =   -37821.                                                   IN - OUT =   -37821.    
0               PERCENT DISCREPANCY =                -.33                              PERCENT DISCREPANCY =                -.33



0


          TIME SUMMARY AT END OF TIME STEP  1 IN STRESS PERIOD  1
                               SECONDS        MINUTES         HOURS          DAYS           YEARS
                           ---------------------------------------------------------------------------
      TIME STEP LENGTH         86400.0        1440.00        24.0000        1.00000        .273785E-02
    STRESS PERIOD TIME         86400.0        1440.00        24.0000        1.00000        .273785E-02
 TOTAL SIMULATION TIME         86400.0        1440.00        24.0000        1.00000        .273785E-02
1
