1                    U.S. GEOLOGICAL SURVEY MODULAR FINITE-DIFFERENCE GROUND-WATER MODEL
0CROSS SECTIONAL MODEL   SIP SOLUTION                                            MAY 22, 1990                                    
    6 LAYERS         1 ROWS        27 COLUMNS
   1 STRESS PERIOD(S) IN SIMULATION
 MODEL TIME UNIT IS DAYS
0I/O UNITS:
 ELEMENT OF IUNIT:  1  2  3  4  5  6  7  8  9 10 11 12 13 14 15 16 17 18 19 20 21 22 23 24
         I/O UNIT: 11  0  0  0  0  0  0 18 19  0  0 22  0  0  0  0  0  0  0  0  0  0  0  0
0BAS1 -- BASIC MODEL PACKAGE, VERSION 1, 9/1/87 INPUT READ FROM UNIT  1
 ARRAYS RHS AND BUFF WILL SHARE MEMORY.
 START HEAD WILL NOT BE SAVED -- DRAWDOWN CANNOT BE CALCULATED
     1483 ELEMENTS IN X ARRAY ARE USED BY BAS
     1483 ELEMENTS OF X ARRAY USED OUT OF   80000
0BCF1 -- BLOCK-CENTERED FLOW PACKAGE, VERSION 1, 9/1/87 INPUT READ FROM UNIT 11
 STEADY-STATE SIMULATION
      LAYER  AQUIFER TYPE
      -------------------
         1         1
         2         3
         3         3
         4         3
         5         3
         6         3
      465 ELEMENTS IN X ARRAY ARE USED BY BCF
     1948 ELEMENTS OF X ARRAY USED OUT OF   80000
0RCH1 -- RECHARGE PACKAGE, VERSION 1, 9/1/87 INPUT READ FROM UNIT 18
 OPTION 3 -- RECHARGE TO HIGHEST ACTIVE NODE IN EACH VERTICAL COLUMN
       27 ELEMENTS OF X ARRAY USED FOR RECHARGE
     1975 ELEMENTS OF X ARRAY USED OUT OF   80000
0SIP1 -- STRONGLY IMPLICIT PROCEDURE SOLUTION PACKAGE, VERSION 1, 9/1/87 INPUT READ FROM UNIT 19
 MAXIMUM OF  50 ITERATIONS ALLOWED FOR CLOSURE
  5 ITERATION PARAMETERS
      853 ELEMENTS IN X ARRAY ARE USED BY SIP
     2828 ELEMENTS OF X ARRAY USED OUT OF   80000
1CROSS SECTIONAL MODEL   SIP SOLUTION                                            MAY 22, 1990                                    
0


                                        BOUNDARY ARRAY FOR LAYER  1 WILL BE READ ON UNIT  1 USING FORMAT: (40I2)              
                              ------------------------------------------------------------------------------------------------

       1  2  3  4  5  6  7  8  9 10 11 12 13 14 15 16 17 18 19 20 21 22 23 24 25 26 27
 ..........................................................................................
0  1   1  1  1  1  1  1  1  1  1  1  1  1  1  1  1  1  1  1  1  1  1  1  1  1  1  1 -1
0


                                        BOUNDARY ARRAY FOR LAYER  2 WILL BE READ ON UNIT  1 USING FORMAT: (40I2)              
                              ------------------------------------------------------------------------------------------------

       1  2  3  4  5  6  7  8  9 10 11 12 13 14 15 16 17 18 19 20 21 22 23 24 25 26 27
 ..........................................................................................
0  1   2  2  2  2  2  2  2  2  2  2  2  2  2  2  2  2  2  2  2  2  2  2  2  2  2  2 -2
0


                                        BOUNDARY ARRAY FOR LAYER  3 WILL BE READ ON UNIT  1 USING FORMAT: (40I2)              
                              ------------------------------------------------------------------------------------------------

       1  2  3  4  5  6  7  8  9 10 11 12 13 14 15 16 17 18 19 20 21 22 23 24 25 26 27
 ..........................................................................................
0  1   3  3  3  3  3  3  3  3  3  3  3  3  3  3  3  3  3  3  3  3  3  3  3  3  3  3 -3
0


                                        BOUNDARY ARRAY FOR LAYER  4 WILL BE READ ON UNIT  1 USING FORMAT: (40I2)              
                              ------------------------------------------------------------------------------------------------

       1  2  3  4  5  6  7  8  9 10 11 12 13 14 15 16 17 18 19 20 21 22 23 24 25 26 27
 ..........................................................................................
0  1   4  4  4  4  4  4  4  4  4  4  4  4  4  4  4  4  4  4  4  4  4  4  4  4  4  4  4
0


                                        BOUNDARY ARRAY FOR LAYER  5 WILL BE READ ON UNIT  1 USING FORMAT: (40I2)              
                              ------------------------------------------------------------------------------------------------

       1  2  3  4  5  6  7  8  9 10 11 12 13 14 15 16 17 18 19 20 21 22 23 24 25 26 27
 ..........................................................................................
0  1   5  5  5  5  5  5  5  5  5  5  5  5  5  5  5  5  5  5  5  5  5  5  5  5  5  5  5
0                                                              BOUNDARY ARRAY =             -6 FOR LAYER  6
0AQUIFER HEAD WILL BE SET TO  .00000     AT ALL NO-FLOW NODES (IBOUND=0).
0


                                          INITIAL HEAD FOR LAYER  1 WILL BE READ ON UNIT  1 USING FORMAT: (7G11.4)            
                              ------------------------------------------------------------------------------------------------

            1           2           3           4           5           6           7           8           9          10
           11          12          13          14          15          16          17          18          19          20
           21          22          23          24          25          26          27
 .............................................................................................................................
0  1    500.0       500.0       500.0       500.0       500.0       500.0       500.0       500.0       500.0       500.0    
        500.0       500.0       500.0       500.0       500.0       500.0       500.0       500.0       500.0       500.0    
        500.0       500.0       500.0       500.0       500.0       500.0       290.0    
0


                                          INITIAL HEAD FOR LAYER  2 WILL BE READ ON UNIT  1 USING FORMAT: (7G11.4)            
                              ------------------------------------------------------------------------------------------------

            1           2           3           4           5           6           7           8           9          10
           11          12          13          14          15          16          17          18          19          20
           21          22          23          24          25          26          27
 .............................................................................................................................
0  1    500.0       500.0       500.0       500.0       500.0       500.0       500.0       500.0       500.0       500.0    
        500.0       500.0       500.0       500.0       500.0       500.0       500.0       500.0       500.0       500.0    
        500.0       500.0       500.0       500.0       500.0       500.0       290.0    
0


                                          INITIAL HEAD FOR LAYER  3 WILL BE READ ON UNIT  1 USING FORMAT: (7G11.4)            
                              ------------------------------------------------------------------------------------------------

            1           2           3           4           5           6           7           8           9          10
           11          12          13          14          15          16          17          18          19          20
           21          22          23          24          25          26          27
 .............................................................................................................................
0  1    500.0       500.0       500.0       500.0       500.0       500.0       500.0       500.0       500.0       500.0    
        500.0       500.0       500.0       500.0       500.0       500.0       500.0       500.0       500.0       500.0    
        500.0       500.0       500.0       500.0       500.0       500.0       290.0    
0                                                                INITIAL HEAD =   500.0000     FOR LAYER  4
0                                                                INITIAL HEAD =   500.0000     FOR LAYER  5
0


                                          INITIAL HEAD FOR LAYER  6 WILL BE READ ON UNIT  1 USING FORMAT: (7G11.4)            
                              ------------------------------------------------------------------------------------------------

            1           2           3           4           5           6           7           8           9          10
           11          12          13          14          15          16          17          18          19          20
           21          22          23          24          25          26          27
 .............................................................................................................................
0  1    320.0       319.6       319.2       318.8       318.5       318.1       317.7       317.3       316.9       316.5    
        316.2       315.8       315.4       315.0       314.6       314.2       313.9       313.5       313.1       312.7    
        312.3       311.9       311.5       311.2       310.8       310.4       310.0    
0HEAD PRINT FORMAT IS FORMAT NUMBER   2    DRAWDOWN PRINT FORMAT IS FORMAT NUMBER   0
0HEADS WILL BE SAVED ON UNIT  0    DRAWDOWNS WILL BE SAVED ON UNIT  0
0OUTPUT CONTROL IS SPECIFIED EVERY TIME STEP
0                                                    COLUMN TO ROW ANISOTROPY =   1.000000    
0                                                                        DELR =   1050.000    
0                                                                        DELC =   1050.000    
0


                                 HYD. COND. ALONG ROWS FOR LAYER  1 WILL BE READ ON UNIT 11 USING FORMAT: (7G11.4)            
                              ------------------------------------------------------------------------------------------------

            1           2           3           4           5           6           7           8           9          10
           11          12          13          14          15          16          17          18          19          20
           21          22          23          24          25          26          27
 .............................................................................................................................
0  1    .2800       .2800       .2800       .2800       .2800       .2800       .2800       .2800       .2800       .2800    
        .2800       .2800       .2800       .2800       .2800       .2800       .2800       .2800       .2800       .2800    
        .2800       .2800       .2800       .2800       .2800       .2800       .2800    
0


                                                BOTTOM FOR LAYER  1 WILL BE READ ON UNIT 11 USING FORMAT: (7G11.4)            
                              ------------------------------------------------------------------------------------------------

            1           2           3           4           5           6           7           8           9          10
           11          12          13          14          15          16          17          18          19          20
           21          22          23          24          25          26          27
 .............................................................................................................................
0  1    425.0       420.0       417.0       406.0       397.0       390.0       375.0       360.0       335.0       325.0    
        320.0       314.0       310.0       310.0       314.0       319.0       318.0       318.0       317.0       317.0    
        316.0       313.0       310.0       310.0       310.0       300.0       288.0    
0


                              VERT HYD COND /THICKNESS FOR LAYER  1 WILL BE READ ON UNIT 11 USING FORMAT: (7G11.4)            
                              ------------------------------------------------------------------------------------------------

            1           2           3           4           5           6           7           8           9          10
           11          12          13          14          15          16          17          18          19          20
           21          22          23          24          25          26          27
 .............................................................................................................................
0  1   4.4800E-04  4.6670E-04  4.8700E-04  4.7060E-04  5.4370E-04  5.0910E-04  4.4800E-04  4.6670E-04  4.3080E-04  4.1480E-04
       4.0000E-04  3.7090E-04  3.6130E-04  3.6130E-04  3.7090E-04  3.8360E-04  3.6840E-04  3.6840E-04  3.7840E-04  3.7840E-04
       3.8890E-04  4.0880E-04  4.0000E-04  5.0910E-04  5.0910E-04  4.8700E-04  4.6670E-03
0


                                 HYD. COND. ALONG ROWS FOR LAYER  2 WILL BE READ ON UNIT 11 USING FORMAT: (7G11.4)            
                              ------------------------------------------------------------------------------------------------

            1           2           3           4           5           6           7           8           9          10
           11          12          13          14          15          16          17          18          19          20
           21          22          23          24          25          26          27
 .............................................................................................................................
0  1   2.8000E-02  2.8000E-02  2.8000E-02  2.8000E-02  2.8000E-02  2.8000E-02  2.8000E-02  2.8000E-02  2.8000E-02  2.8000E-02
       2.8000E-02  2.8000E-02  2.8000E-02  2.8000E-02  2.8000E-02  2.8000E-02  2.8000E-02  2.8000E-02  2.8000E-02  2.8000E-02
       2.8000E-02  2.8000E-02  2.8000E-02  2.8000E-02  2.8000E-02  2.8000E-02  2.8000E-02
0


                                                BOTTOM FOR LAYER  2 WILL BE READ ON UNIT 11 USING FORMAT: (7G11.4)            
                              ------------------------------------------------------------------------------------------------

            1           2           3           4           5           6           7           8           9          10
           11          12          13          14          15          16          17          18          19          20
           21          22          23          24          25          26          27
 .............................................................................................................................
0  1    415.0       410.0       407.0       396.0       387.0       380.0       365.0       350.0       325.0       315.0    
        310.0       304.0       300.0       300.0       304.0       309.0       308.0       308.0       307.0       307.0    
        306.0       303.0       300.0       300.0       300.0       290.0       287.0    
0


                              VERT HYD COND /THICKNESS FOR LAYER  2 WILL BE READ ON UNIT 11 USING FORMAT: (7G11.4)            
                              ------------------------------------------------------------------------------------------------

            1           2           3           4           5           6           7           8           9          10
           11          12          13          14          15          16          17          18          19          20
           21          22          23          24          25          26          27
 .............................................................................................................................
0  1   5.5890E-04  5.5890E-04  5.5880E-04  5.5910E-04  5.5890E-04  5.5890E-04  5.5940E-04  5.5890E-04  5.5800E-04  5.5790E-04
       5.5820E-04  5.5850E-04  5.5870E-04  5.5870E-04  5.5850E-04  5.5820E-04  5.5830E-04  5.5830E-04  5.5830E-04  5.5830E-04
       5.5840E-04  5.5850E-04  5.5870E-04  5.5870E-04  5.5870E-04  5.5930E-04  5.5450E-03
0


                                                   TOP FOR LAYER  2 WILL BE READ ON UNIT 11 USING FORMAT: (7G11.4)            
                              ------------------------------------------------------------------------------------------------

            1           2           3           4           5           6           7           8           9          10
           11          12          13          14          15          16          17          18          19          20
           21          22          23          24          25          26          27
 .............................................................................................................................
0  1    425.0       420.0       417.0       406.0       397.0       390.0       375.0       360.0       335.0       325.0    
        320.0       314.0       310.0       310.0       314.0       319.0       318.0       318.0       317.0       317.0    
        316.0       313.0       310.0       310.0       310.0       300.0       290.0    
0


                                 HYD. COND. ALONG ROWS FOR LAYER  3 WILL BE READ ON UNIT 11 USING FORMAT: (7G11.4)            
                              ------------------------------------------------------------------------------------------------

            1           2           3           4           5           6           7           8           9          10
           11          12          13          14          15          16          17          18          19          20
           21          22          23          24          25          26          27
 .............................................................................................................................
0  1    28.00       28.00       28.00       28.00       28.00       28.00       28.00       28.00       28.00       28.00    
        28.00       28.00       28.00       28.00       28.00       28.00       28.00       28.00       28.00       28.00    
        28.00       28.00       28.00       28.00       28.00       28.00       28.00    
0


                                                BOTTOM FOR LAYER  3 WILL BE READ ON UNIT 11 USING FORMAT: (7G11.4)            
                              ------------------------------------------------------------------------------------------------

            1           2           3           4           5           6           7           8           9          10
           11          12          13          14          15          16          17          18          19          20
           21          22          23          24          25          26          27
 .............................................................................................................................
0  1    395.0       390.0       385.0       380.0       367.0       360.0       355.0       330.0       290.0       277.0    
        277.0       277.0       277.0       277.0       277.0       277.0       277.0       277.0       277.0       277.0    
        277.0       277.0       277.0       277.0       277.0       277.0       277.0    
0


                              VERT HYD COND /THICKNESS FOR LAYER  3 WILL BE READ ON UNIT 11 USING FORMAT: (7G11.4)            
                              ------------------------------------------------------------------------------------------------

            1           2           3           4           5           6           7           8           9          10
           11          12          13          14          15          16          17          18          19          20
           21          22          23          24          25          26          27
 .............................................................................................................................
0  1   8.2110E-04  9.1500E-04  1.0140E-03  1.1630E-03  1.7390E-03  2.1370E-03  2.2310E-03  6.8290E-03   .1556       .1455    
        .1672       .2036       .2383       .2383       .2036       .1723       .1778       .1778       .1836       .1836    
        .1898       .2113       .2383       .2383       .2383       .4148       .5333    
0


                                                   TOP FOR LAYER  3 WILL BE READ ON UNIT 11 USING FORMAT: (7G11.4)            
                              ------------------------------------------------------------------------------------------------

            1           2           3           4           5           6           7           8           9          10
           11          12          13          14          15          16          17          18          19          20
           21          22          23          24          25          26          27
 .............................................................................................................................
0  1    415.0       410.0       407.0       396.0       387.0       380.0       365.0       350.0       325.0       315.0    
        310.0       304.0       300.0       300.0       304.0       309.0       308.0       308.0       307.0       307.0    
        306.0       303.0       300.0       300.0       300.0       290.0       287.0    
0


                                 HYD. COND. ALONG ROWS FOR LAYER  4 WILL BE READ ON UNIT 11 USING FORMAT: (7G11.4)            
                              ------------------------------------------------------------------------------------------------

            1           2           3           4           5           6           7           8           9          10
           11          12          13          14          15          16          17          18          19          20
           21          22          23          24          25          26          27
 .............................................................................................................................
0  1    .2800       .2800       .2800       .2800       .2800       .2800       .2800       .2800       28.00       28.00    
        28.00       28.00       28.00       28.00       28.00       28.00       28.00       28.00       28.00       28.00    
        28.00       28.00       28.00       28.00       28.00       28.00       28.00    
0


                                                BOTTOM FOR LAYER  4 WILL BE READ ON UNIT 11 USING FORMAT: (7G11.4)            
                              ------------------------------------------------------------------------------------------------

            1           2           3           4           5           6           7           8           9          10
           11          12          13          14          15          16          17          18          19          20
           21          22          23          24          25          26          27
 .............................................................................................................................
0  1    327.0       329.0       330.0       332.0       335.0       334.0       330.0       322.0       289.0       276.5    
        276.5       276.5       276.5       276.5       276.5       276.5       276.5       276.5       276.5       276.5    
        276.5       276.5       276.5       276.5       276.5       276.5       276.5    
0


                              VERT HYD COND /THICKNESS FOR LAYER  4 WILL BE READ ON UNIT 11 USING FORMAT: (7G11.4)            
                              ------------------------------------------------------------------------------------------------

            1           2           3           4           5           6           7           8           9          10
           11          12          13          14          15          16          17          18          19          20
           21          22          23          24          25          26          27
 .............................................................................................................................
0  1   9.0310E-08  8.8880E-08  8.8880E-08  8.7490E-08  8.6150E-08  9.0320E-08  1.0000E-07  1.2170E-07  4.3080E-07   5.600    
        5.600       5.600       5.600       5.600       5.600       5.600       5.600       5.600       5.600       5.600    
        5.600       5.600       5.600       5.600       5.600       5.600       5.600    
0


                                                   TOP FOR LAYER  4 WILL BE READ ON UNIT 11 USING FORMAT: (7G11.4)            
                              ------------------------------------------------------------------------------------------------

            1           2           3           4           5           6           7           8           9          10
           11          12          13          14          15          16          17          18          19          20
           21          22          23          24          25          26          27
 .............................................................................................................................
0  1    395.0       390.0       385.0       380.0       367.0       360.0       355.0       330.0       290.0       277.0    
        277.0       277.0       277.0       277.0       277.0       277.0       277.0       277.0       277.0       277.0    
        277.0       277.0       277.0       277.0       277.0       277.0       277.0    
0


                                 HYD. COND. ALONG ROWS FOR LAYER  5 WILL BE READ ON UNIT 11 USING FORMAT: (7G11.4)            
                              ------------------------------------------------------------------------------------------------

            1           2           3           4           5           6           7           8           9          10
           11          12          13          14          15          16          17          18          19          20
           21          22          23          24          25          26          27
 .............................................................................................................................
0  1   2.8000E-05  2.8000E-05  2.8000E-05  2.8000E-05  2.8000E-05  2.8000E-05  2.8000E-05  2.8000E-05  2.8000E-05   28.00    
        28.00       28.00       28.00       28.00       28.00       28.00       28.00       28.00       28.00       28.00    
        28.00       28.00       28.00       28.00       28.00       28.00       28.00    
0


                                                BOTTOM FOR LAYER  5 WILL BE READ ON UNIT 11 USING FORMAT: (7G11.4)            
                              ------------------------------------------------------------------------------------------------

            1           2           3           4           5           6           7           8           9          10
           11          12          13          14          15          16          17          18          19          20
           21          22          23          24          25          26          27
 .............................................................................................................................
0  1    265.0       266.0       267.0       268.0       270.0       272.0       274.0       276.0       276.0       276.0    
        276.0       276.0       276.0       276.0       276.0       276.0       276.0       276.0       276.0       276.0    
        276.0       276.0       276.0       276.0       276.0       276.0       276.0    
0


                              VERT HYD COND /THICKNESS FOR LAYER  5 WILL BE READ ON UNIT 11 USING FORMAT: (7G11.4)            
                              ------------------------------------------------------------------------------------------------

            1           2           3           4           5           6           7           8           9          10
           11          12          13          14          15          16          17          18          19          20
           21          22          23          24          25          26          27
 .............................................................................................................................
0  1   8.9390E-08  8.7970E-08  8.7950E-08  8.6580E-08  8.5240E-08  8.9290E-08  9.8700E-08  1.1980E-07  4.0700E-07  7.3680E-06
       7.3680E-06  7.3680E-06  7.3680E-06  7.3680E-06  7.3680E-06  7.3680E-06  7.3680E-06  7.3680E-06  7.3680E-06  7.3680E-06
       7.3680E-06  7.3680E-06  7.3680E-06  7.3680E-06  7.3680E-06  7.3680E-06  7.3680E-06
0


                                                   TOP FOR LAYER  5 WILL BE READ ON UNIT 11 USING FORMAT: (7G11.4)            
                              ------------------------------------------------------------------------------------------------

            1           2           3           4           5           6           7           8           9          10
           11          12          13          14          15          16          17          18          19          20
           21          22          23          24          25          26          27
 .............................................................................................................................
0  1    327.0       329.0       330.0       332.0       335.0       334.0       330.0       322.0       289.0       276.5    
        276.5       276.5       276.5       276.5       276.5       276.5       276.5       276.5       276.5       276.5    
        276.5       276.5       276.5       276.5       276.5       276.5       276.5    
0


                                 HYD. COND. ALONG ROWS FOR LAYER  6 WILL BE READ ON UNIT 11 USING FORMAT: (7G11.4)            
                              ------------------------------------------------------------------------------------------------

            1           2           3           4           5           6           7           8           9          10
           11          12          13          14          15          16          17          18          19          20
           21          22          23          24          25          26          27
 .............................................................................................................................
0  1   2.8000E-03  2.8000E-03  2.8000E-03  2.8000E-03  2.8000E-03  2.8000E-03  2.8000E-03  2.8000E-03  2.8000E-03  2.8000E-03
       2.8000E-03  2.8000E-03  2.8000E-03  2.8000E-03  2.8000E-03  2.8000E-03  2.8000E-03  2.8000E-03  2.8000E-03  2.8000E-03
       2.8000E-03  2.8000E-03  2.8000E-03  2.8000E-03  2.8000E-03  2.8000E-03  2.8000E-03
0


                                                BOTTOM FOR LAYER  6 WILL BE READ ON UNIT 11 USING FORMAT: (7G11.4)            
                              ------------------------------------------------------------------------------------------------

            1           2           3           4           5           6           7           8           9          10
           11          12          13          14          15          16          17          18          19          20
           21          22          23          24          25          26          27
 .............................................................................................................................
0  1    200.0       200.0       200.0       200.0       200.0       200.0       200.0       200.0       200.0       200.0    
        200.0       200.0       200.0       200.0       200.0       200.0       200.0       200.0       200.0       200.0    
        200.0       200.0       200.0       200.0       200.0       200.0       200.0    
0


                                                   TOP FOR LAYER  6 WILL BE READ ON UNIT 11 USING FORMAT: (7G11.4)            
                              ------------------------------------------------------------------------------------------------

            1           2           3           4           5           6           7           8           9          10
           11          12          13          14          15          16          17          18          19          20
           21          22          23          24          25          26          27
 .............................................................................................................................
0  1    265.0       266.0       267.0       268.0       270.0       272.0       274.0       276.0       276.0       276.0    
        276.0       276.0       276.0       276.0       276.0       276.0       276.0       276.0       276.0       276.0    
        276.0       276.0       276.0       276.0       276.0       276.0       276.0    
0


                                                         SOLUTION BY THE STRONGLY IMPLICIT PROCEDURE
                                                         -------------------------------------------
0                                               MAXIMUM ITERATIONS ALLOWED FOR CLOSURE =       50
                                                                ACCELERATION PARAMETER =     1.0000    
                                                     HEAD CHANGE CRITERION FOR CLOSURE =     .10000E-01
                                                     SIP HEAD CHANGE PRINTOUT INTERVAL =        1
0
    5 ITERATION PARAMETERS CALCULATED FROM SPECIFIED WSEED =  .00001000 :

             .0000000E+00   .9437659E+00   .9968377E+00   .9998222E+00   .9999900E+00
1                                                   STRESS PERIOD NO.   1, LENGTH =   100.0000    
                                                    ----------------------------------------------

                                                    NUMBER OF TIME STEPS =     1

                                                     MULTIPLIER FOR DELT =     1.000

                                                  INITIAL TIME STEP SIZE =   100.0000    
0                                                                    RECHARGE =   .3000000E-03
0**********NODE   1   1   1 (LAYER,ROW,COL) WENT DRY AT ITERATION =  9  TIME STEP =  1  STRESS PERIOD =  1
0**********NODE   1   1   2 (LAYER,ROW,COL) WENT DRY AT ITERATION = 10  TIME STEP =  1  STRESS PERIOD =  1
0**********NODE   1   1   4 (LAYER,ROW,COL) WENT DRY AT ITERATION = 11  TIME STEP =  1  STRESS PERIOD =  1
0**********NODE   1   1   3 (LAYER,ROW,COL) WENT DRY AT ITERATION = 12  TIME STEP =  1  STRESS PERIOD =  1
0**********NODE   2   1   1 (LAYER,ROW,COL) WENT DRY AT ITERATION = 13  TIME STEP =  1  STRESS PERIOD =  1
0**********NODE   2   1   2 (LAYER,ROW,COL) WENT DRY AT ITERATION = 14  TIME STEP =  1  STRESS PERIOD =  1
0**********NODE   2   1   3 (LAYER,ROW,COL) WENT DRY AT ITERATION = 14  TIME STEP =  1  STRESS PERIOD =  1
0**********NODE   1   1   5 (LAYER,ROW,COL) WENT DRY AT ITERATION = 15  TIME STEP =  1  STRESS PERIOD =  1
0**********NODE   1   1   6 (LAYER,ROW,COL) WENT DRY AT ITERATION = 16  TIME STEP =  1  STRESS PERIOD =  1
0**********NODE   2   1   4 (LAYER,ROW,COL) WENT DRY AT ITERATION = 16  TIME STEP =  1  STRESS PERIOD =  1
0
    27 ITERATIONS FOR TIME STEP   1 IN STRESS PERIOD  1
0MAXIMUM HEAD CHANGE FOR EACH ITERATION:
0 HEAD CHANGE LAYER,ROW,COL HEAD CHANGE LAYER,ROW,COL HEAD CHANGE LAYER,ROW,COL HEAD CHANGE LAYER,ROW,COL HEAD CHANGE LAYER,ROW,COL
 ------------------------------------------------------------------------------------------------------------------------------------
   -210.0     (  4,  1, 27)  -90.13     (  2,  1, 25)  -15.10     (  1,  1, 24)  -64.56     (  1,  1, 21)  -49.55     (  4,  1,  3)
    24.32     (  5,  1,  5)  -1.973     (  2,  1, 24)  -9.323     (  3,  1, 21)  -5.405     (  2,  1,  1)  -13.61     (  3,  1,  7)
   -10.12     (  2,  1,  3)  -10.76     (  4,  1,  1)  -6.261     (  4,  1,  1)  -6.128     (  4,  1,  3)  -2.901     (  2,  1, 11)
    1.421     (  5,  1,  4)  -.9133E-01 (  2,  1, 24)  -.6798     (  3,  1, 19)  -.2225     (  1,  1, 16)  -.8017     (  3,  1,  5)
    .1895     (  3,  1,  1)   .2892     (  4,  1,  1)  -.1443     (  3,  1,  1)  -.1861     (  1,  1, 10)  -.1680     (  4,  1,  6)
    .8240E-01 (  5,  1,  6)  -.5981E-02 (  2,  1, 24)
0
0HEAD/DRAWDOWN PRINTOUT FLAG = 1     TOTAL BUDGET PRINTOUT FLAG = 1     CELL-BY-CELL FLOW TERM FLAG = 0
0OUTPUT FLAGS FOR ALL LAYERS ARE THE SAME:
   HEAD    DRAWDOWN  HEAD  DRAWDOWN
 PRINTOUT  PRINTOUT  SAVE    SAVE
 ----------------------------------
     1         0       0       0
1                      HEAD IN LAYER  1 AT END OF TIME STEP  1 IN STRESS PERIOD  1
           -----------------------------------------------------------------------

              1             2             3             4             5             6             7             8             9
             10            11            12            13            14            15            16            17            18
             19            20            21            22            23            24            25            26            27
 ..................................................................................................................................
0  1   1.000000E+30  1.000000E+30  1.000000E+30  1.000000E+30  1.000000E+30  1.000000E+30   383.153       377.156       373.583    
        370.835       368.097       364.995       361.391       357.549       353.922       350.737       347.772       344.671    
        341.397       337.957       334.266       330.090       325.225       319.550       313.551       304.813       290.000    
1                      HEAD IN LAYER  2 AT END OF TIME STEP  1 IN STRESS PERIOD  1
           -----------------------------------------------------------------------

              1             2             3             4             5             6             7             8             9
             10            11            12            13            14            15            16            17            18
             19            20            21            22            23            24            25            26            27
 ..................................................................................................................................
0  1   1.000000E+30  1.000000E+30  1.000000E+30  1.000000E+30   390.579       387.702       382.521       376.524       372.904    
        370.120       367.363       364.207       360.565       356.695       353.082       349.940       346.955       343.854    
        340.600       337.161       333.496       329.359       324.468       318.943       312.964       304.200       290.000    
1                      HEAD IN LAYER  3 AT END OF TIME STEP  1 IN STRESS PERIOD  1
           -----------------------------------------------------------------------

              1             2             3             4             5             6             7             8             9
             10            11            12            13            14            15            16            17            18
             19            20            21            22            23            24            25            26            27
 ..................................................................................................................................
0  1    399.891       398.162       395.795       392.942       390.043       387.167       382.016       375.994       372.380    
        369.588       366.837       363.685       360.030       356.144       352.524       349.393       346.416       343.315    
        340.060       336.621       332.960       328.824       323.926       318.390       312.431       303.665       290.000    
1                      HEAD IN LAYER  4 AT END OF TIME STEP  1 IN STRESS PERIOD  1
           -----------------------------------------------------------------------

              1             2             3             4             5             6             7             8             9
             10            11            12            13            14            15            16            17            18
             19            20            21            22            23            24            25            26            27
 ..................................................................................................................................
0  1    399.853       398.150       395.789       392.947       390.045       387.160       382.021       375.995       372.380    
        369.585       366.835       363.683       360.029       356.142       352.523       349.391       346.414       343.314    
        340.059       336.620       332.959       328.824       323.925       318.390       312.430       303.665       290.001    
1                      HEAD IN LAYER  5 AT END OF TIME STEP  1 IN STRESS PERIOD  1
           -----------------------------------------------------------------------

              1             2             3             4             5             6             7             8             9
             10            11            12            13            14            15            16            17            18
             19            20            21            22            23            24            25            26            27
 ..................................................................................................................................
0  1    360.118       359.075       357.695       356.068       354.463       352.820       350.071       346.892       345.448    
        369.585       366.835       363.683       360.029       356.142       352.523       349.391       346.414       343.314    
        340.059       336.620       332.959       328.823       323.925       318.390       312.430       303.665       290.001    
1                      HEAD IN LAYER  6 AT END OF TIME STEP  1 IN STRESS PERIOD  1
           -----------------------------------------------------------------------

              1             2             3             4             5             6             7             8             9
             10            11            12            13            14            15            16            17            18
             19            20            21            22            23            24            25            26            27
 ..................................................................................................................................
0  1    320.000       319.600       319.200       318.800       318.500       318.100       317.700       317.300       316.900    
        316.500       316.200       315.800       315.400       315.000       314.600       314.200       313.900       313.500    
        313.100       312.700       312.300       311.900       311.500       311.200       310.800       310.400       310.000    
0


                              VOLUMETRIC BUDGET FOR ENTIRE MODEL AT END OF TIME STEP  1 IN STRESS PERIOD  1
                              -----------------------------------------------------------------------------
0                   CUMULATIVE VOLUMES      L**3                                     RATES FOR THIS TIME STEP      L**3/T
                    ------------------                                               ------------------------

                          IN:                                                                    IN:
                          ---                                                                    ---
                            STORAGE =    .00000                                                    STORAGE =    .00000    
                      CONSTANT HEAD =    21717.                                              CONSTANT HEAD =    217.17    
                           RECHARGE =    .85995E+06                                               RECHARGE =    8599.5    
0                          TOTAL IN =    .88167E+06                                               TOTAL IN =    8816.7    
0                        OUT:                                                                   OUT:
                         ----                                                                   ----
                            STORAGE =    .00000                                                    STORAGE =    .00000    
                      CONSTANT HEAD =    .88457E+06                                          CONSTANT HEAD =    8845.7    
                           RECHARGE =    .00000                                                   RECHARGE =    .00000    
0                         TOTAL OUT =    .88457E+06                                              TOTAL OUT =    8845.7    
0                          IN - OUT =   -2906.3                                                   IN - OUT =   -29.063    
0               PERCENT DISCREPANCY =                -.33                              PERCENT DISCREPANCY =                -.33



0


          TIME SUMMARY AT END OF TIME STEP  1 IN STRESS PERIOD  1
                               SECONDS        MINUTES         HOURS          DAYS           YEARS
                           ---------------------------------------------------------------------------
      TIME STEP LENGTH         .864000E+07    144000.        2400.00        100.000        .273785    
    STRESS PERIOD TIME         .864000E+07    144000.        2400.00        100.000        .273785    
 TOTAL SIMULATION TIME         .864000E+07    144000.        2400.00        100.000        .273785    
1
