1                    U.S. GEOLOGICAL SURVEY MODULAR FINITE-DIFFERENCE GROUND-WATER MODEL
0LIPARI LANDFILL SIMULATIONS                                                     1/10/92   PFA  steady state run                 
    1 LAYERS        39 ROWS        37 COLUMNS
   1 STRESS PERIOD(S) IN SIMULATION
 MODEL TIME UNIT IS SECONDS
0I/O UNITS:
 ELEMENT OF IUNIT:  1  2  3  4  5  6  7  8  9 10 11 12 13 14 15 16 17 18 19 20 21 22 23 24
         I/O UNIT: 11  0  0  0  0  0  0 18 19  0  0 22  0  0  0  0  0  0  0  0  0  0  0  0
0BAS1 -- BASIC MODEL PACKAGE, VERSION 1, 9/1/87 INPUT READ FROM UNIT  1
 ARRAYS RHS AND BUFF WILL SHARE MEMORY.
 START HEAD WILL NOT BE SAVED -- DRAWDOWN CANNOT BE CALCULATED
    11624 ELEMENTS IN X ARRAY ARE USED BY BAS
    11624 ELEMENTS OF X ARRAY USED OUT OF   80000
0BCF1 -- BLOCK-CENTERED FLOW PACKAGE, VERSION 1, 9/1/87 INPUT READ FROM UNIT 11
 STEADY-STATE SIMULATION
      LAYER  AQUIFER TYPE
      -------------------
         1         1
     2887 ELEMENTS IN X ARRAY ARE USED BY BCF
    14511 ELEMENTS OF X ARRAY USED OUT OF   80000
0RCH1 -- RECHARGE PACKAGE, VERSION 1, 9/1/87 INPUT READ FROM UNIT 18
 OPTION 1 -- RECHARGE TO TOP LAYER
     1443 ELEMENTS OF X ARRAY USED FOR RECHARGE
    15954 ELEMENTS OF X ARRAY USED OUT OF   80000
0SIP1 -- STRONGLY IMPLICIT PROCEDURE SOLUTION PACKAGE, VERSION 1, 9/1/87 INPUT READ FROM UNIT 19
 MAXIMUM OF  50 ITERATIONS ALLOWED FOR CLOSURE
  5 ITERATION PARAMETERS
     5977 ELEMENTS IN X ARRAY ARE USED BY SIP
    21931 ELEMENTS OF X ARRAY USED OUT OF   80000
1LIPARI LANDFILL SIMULATIONS                                                     1/10/92   PFA  steady state run                 
0


                                        BOUNDARY ARRAY FOR LAYER  1 WILL BE READ ON UNIT  1 USING FORMAT: (40I2)              
                              ------------------------------------------------------------------------------------------------

            1           2           3           4           5           6           7           8           9          10
           11          12          13          14          15          16          17          18          19          20
           21          22          23          24          25          26          27          28          29          30
           31          32          33          34          35          36          37
 .............................................................................................................................
0  1            0           0           0           0           0           0           0           0           0           0
                0           0           0           0           0           0           0           0           0           0
                0           0           0           0           0           0           0           0           0           0
                0           0           0           0           0           0           0
0  2            0           1           1           1           1           1           1           1           1           1
                1           1           1           1           1           1           1           1           1           1
                1           1           1           1           1           1           1           1           1           1
                1           1           0           0           0           0           0
0  3            0           1           1           1           1           1           1           1           1           1
                1           1           1           1           1           1           1           1           1           1
                1           1           1           1           1           1           1           1           1           1
                1          -1          -1           0           0           0           0
0  4            0           1           1           1           1           1           1           1           1           1
                1           1           1           1           1           1           1           1           1           1
                1           1           1           1           1           1           1           1           1           1
                1           1           1          -1           0           0           0
0  5            0          -1           1           1           1           1           1           1           1           1
                1           1           1           1           1           1           1           1           1           1
                1           1           1           1           1           1           1           1           1           1
                1           1           1           1          -1           0           0
0  6            0          -1           1           1           1           1           1           1           1           1
                1           1           1           1           1           1           1           1           1           1
                1           1           1           1           1           1           1           1           1           1
                1           1           1           1           1          -1           0
0  7            0          -1           1           1           1           1           1           1           1           1
                1           1           1           1           1           1           1           1           1           1
                1           1           1           1           1           1           1           1           1           1
                1           1           1           1           1          -1           0
0  8            0          -1           1           1           1           1           1           1           1           1
                1           1           1           1           1           1           1           1           1           1
                1           1           1           1           1           1           1           1           1           1
                1           1           1           1           1          -1           0
0  9            0          -1           1           1           1           1           1           1           1           1
                1           1           1           1           1           1           1           1           1           1
                1           1           1           1           1           1           1           1           1           1
                1           1           1           1           1          -1           0
0 10            0          -1           1           1           1           1           1           1           1           1
                1           1           1           1           1           1           1           1           1           1
                1           1           1           1           1           1           1           1           1           1
                1           1           1           1           1          -1           0
0 11            0          -1           1           1           1           1           1           1           1           1
                1           1           1           1           1           1           1           1           1           1
                1           1           1           1           1           1           1           1           1           1
                1           1           1           1           1          -1           0
0 12            0          -1           1           1           1           1           1           1           1           1
                1           1           1           1           1           1           1           1           1           1
                1           1           1           1           1           1           1           1           1           1
                1           1           1           1           1          -1           0
0 13            0          -1           1           1           1           1           1           1           1           1
                1           1           1           1           1           1           1           1           1           1
                1           1           1           1           1           1           1           1           1           1
                1           1           1           1           1          -1           0
0 14            0          -1           1           1           1           1           1           1           1           1
                1           1           1           1           1           1           1           1           1           1
                1           1           1           1           1           1           1           1           1           1
                1           1           1           1           1          -1           0
0 15            0          -1           1           1           1           1           1           1           1           1
                1           1           1           1           1           1           1           1           1           1
                1           1           1           1           1           1           1           1           1           1
                1           1           1           1           1          -1           0
0 16            0          -1           1           1           1           1           1           1           1           1
                1           1           1           1           1           1           1           1           1           1
                1           1           1           1           1           1           1           1           1           1
                1           1           1           1           1          -1           0
0 17            0          -1           1           1           1           1           1           1           1           1
                1           1           1           1           1           1           1           1           1           1
                1           1           1           1           1           1           1           1           1           1
                1           1           1           1           1          -1           0
0 18            0          -1           1           1           1           1           1           1           1           1
                1           1           1           1           1           1           1           1           1           1
                1           1           1           1           1           1           1           1           1           1
                1           1           1           1           1          -1           0
0 19            0          -1           1           1           1           1           1           1           1           1
                1           1           1           1           1           1           1           1           1           1
                1           1           1           1           1           1           1           1           1           1
                1           1           1           1           1          -1           0
0 20            0          -1           1           1           1           1           1           1           1           1
                1           1           1           1           1           1           1           1           1           1
                1           1           1           1           1           1           1           1           1           1
                1           1           1           1           1          -1           0
0 21            0          -1           1           1           1           1           1           1           1           1
                1           1           1           1           1           1           1           1           1           1
                1           1           1           1           1           1           1           1           1           1
                1           1           1           1           1          -1           0
0 22            0          -1           1           1           1           1           1           1           1           1
                1           1           1           1           1           1           1           1           1           1
                1           1           1           1           1           1           1           1           1           1
                1           1           1           1           1          -1           0
0 23            0          -1           1           1           1           1           1           1           1           1
                1           1           1           1           1           1           1           1           1           1
                1           1           1           1           1           1           1           1           1           1
                1           1           1           1           1          -1           0
0 24            0          -1           1           1           1           1           1           1           1           1
                1           1           1           1           1           1           1           1           1           1
                1           1           1           1           1           1           1           1           1           1
                1           1           1           1           1          -1           0
0 25            0          -1           1           1           1           1           1           1           1           1
                1           1           1           1           1           1           1           1           1           1
                1           1           1           1           1           1           1           1           1           1
                1           1           1           1           1          -1           0
0 26            0          -1           1           1           1           1           1           1           1           1
                1           1           1           1           1           1           1           1           1           1
                1           1           1           1           1           1           1           1           1           1
                1           1           1           1           1          -1           0
0 27            0          -1           1           1           1           1           1           1           1           1
                1           1           1           1           1           1           1           1           1           1
                1           1           1           1           1           1           1           1           1           1
                1           1           1           1          -1          -1           0
0 28            0          -1           1           1           1           1           1           1           1           1
                1           1           1           1           1           1           1           1           1           1
                1           1           1           1           1           1           1           1           1           1
                1           1           1          -1           0           0           0
0 29            0          -1           1           1           1           1           1           1           1           1
                1           1           1           1           1           1           1           1           1           1
                1           1           1           1           1           1           1           1           1           1
               -1          -1           1          -1           0           0           0
0 30            0          -1           1           1           1           1           1           1           1           1
                1           1           1           1           1           1           1           1           1           1
                1           1           1           1           1          -1          -1          -1          -1          -1
               -1           0          -1           0           0           0           0
0 31            0          -1           1           1           1           1           1           1           1           1
                1           1           1           1           1           1           1           1           1           1
                1           1           1           1           1          -1           0           0           0           0
                0           0           0           0           0           0           0
0 32            0          -1           1           1           1           1           1           1           1           1
                1           1           1           1           1           1           1           1           1           1
                1           1           1           1           1          -1           0           0           0           0
                0           0           0           0           0           0           0
0 33            0          -1           1           1           1           1           1           1           1           1
                1           1           1           1           1           1           1           1           1           1
                1           1           1           1          -1          -1           0           0           0           0
                0           0           0           0           0           0           0
0 34            0          -1           1           1           1           1           1           1           1           1
                1           1           1           1           1           1           1           1           1           1
                1           1           1          -1           0           0           0           0           0           0
                0           0           0           0           0           0           0
0 35            0           0          -1           1           1           1           1           1           1           1
                1           1           1           1           1           1           1           1           1          -1
               -1          -1          -1           0           0           0           0           0           0           0
                0           0           0           0           0           0           0
0 36            0           0          -1           1           1           1          -1          -1          -1          -1
               -1          -1          -1          -1          -1          -1          -1          -1          -1           0
                0           0           0           0           0           0           0           0           0           0
                0           0           0           0           0           0           0
0 37            0           0          -1           1           1          -1           0           0           0           0
                0           0           0           0           0           0           0           0           0           0
                0           0           0           0           0           0           0           0           0           0
                0           0           0           0           0           0           0
0 38            0           0          -1          -1          -1           0           0           0           0           0
                0           0           0           0           0           0           0           0           0           0
                0           0           0           0           0           0           0           0           0           0
                0           0           0           0           0           0           0
0 39            0           0           0           0           0           0           0           0           0           0
                0           0           0           0           0           0           0           0           0           0
                0           0           0           0           0           0           0           0           0           0
                0           0           0           0           0           0           0
0AQUIFER HEAD WILL BE SET TO  99.000     AT ALL NO-FLOW NODES (IBOUND=0).
0


                                          INITIAL HEAD FOR LAYER  1 WILL BE READ ON UNIT  1 USING FORMAT: (8F10.2)            
                              ------------------------------------------------------------------------------------------------

            1           2           3           4           5           6           7           8           9          10
           11          12          13          14          15          16          17          18          19          20
           21          22          23          24          25          26          27          28          29          30
           31          32          33          34          35          36          37
 .............................................................................................................................
0  1    .0000       .0000       .0000       .0000       .0000       .0000       .0000       .0000       .0000       .0000    
        .0000       .0000       .0000       .0000       .0000       .0000       .0000       .0000       .0000       .0000    
        .0000       .0000       .0000       .0000       .0000       .0000       .0000       .0000       .0000       .0000    
        .0000       .0000       .0000       .0000       .0000       .0000       .0000    
0  2    132.0       132.0       132.0       132.0       132.0       132.0       132.0       132.0       132.0       132.0    
        132.0       132.0       132.0       125.0       125.0       125.0       125.0       125.0       125.0       120.0    
        120.0       120.0       120.0       120.0       120.0       120.0       120.0       120.0       120.0       120.0    
        120.0       120.0       120.0       120.0       120.0       120.0       120.0    
0  3    131.0       131.0       131.0       131.0       131.0       131.0       131.0       131.0       131.0       131.0    
        131.0       131.0       131.0       123.0       123.0       123.0       123.0       123.0       123.0       118.0    
        118.0       118.0       118.0       118.0       118.0       118.0       118.0       118.0       118.0       118.0    
        118.0       118.0       118.0       118.0       118.0       118.0       118.0    
0  4    130.0       130.0       130.0       130.0       130.0       130.0       130.0       130.0       130.0       130.0    
        130.0       130.0       130.0       120.0       120.0       120.0       120.0       120.0       120.0       110.0    
        110.0       110.0       110.0       110.0       110.0       110.0       110.0       110.0       110.0       110.0    
        110.0       110.0       110.0       110.0       110.0       110.0       110.0    
0  5    130.0       130.0       130.0       130.0       130.0       130.0       130.0       130.0       130.0       130.0    
        130.0       130.0       130.0       120.0       120.0       120.0       120.0       120.0       120.0       120.0    
        120.0       110.0       110.0       105.0       105.0       105.0       105.0       105.0       105.0       105.0    
        105.0       105.0       105.0       98.00       98.00       98.00       98.00    
0  6    126.0       126.0       126.0       126.0       126.0       126.0       126.0       126.0       126.0       126.0    
        126.0       126.0       126.0       115.0       115.0       115.0       115.0       115.0       115.0       115.0    
        110.0       110.0       110.0       110.0       110.0       110.0       110.0       110.0       110.0       110.0    
        110.0       110.0       105.0       105.0       100.0       93.00       93.00    
0  7    123.0       123.0       123.0       123.0       123.0       123.0       123.0       123.0       123.0       123.0    
        123.0       123.0       123.0       115.0       115.0       115.0       115.0       115.0       115.0       115.0    
        115.0       115.0       110.0       110.0       110.0       110.0       110.0       110.0       110.0       110.0    
        105.0       105.0       105.0       100.0       95.00       88.00       88.00    
0  8    120.0       120.0       120.0       120.0       120.0       120.0       120.0       120.0       120.0       120.0    
        120.0       120.0       120.0       110.0       110.0       110.0       110.0       110.0       110.0       110.0    
        110.0       110.0       110.0       110.0       110.0       110.0       110.0       110.0       110.0       110.0    
        110.0       105.0       100.0       95.00       86.00       86.00       86.00    
0  9    118.0       118.0       118.0       118.0       118.0       118.0       118.0       118.0       118.0       118.0    
        118.0       118.0       118.0       110.0       105.0       105.0       105.0       105.0       105.0       105.0    
        105.0       105.0       105.0       105.0       105.0       105.0       105.0       105.0       105.0       105.0    
        105.0       105.0       105.0       95.00       85.50       85.50       85.50    
0 10    116.0       116.0       116.0       116.0       116.0       116.0       116.0       116.0       116.0       116.0    
        116.0       116.0       116.0       110.0       110.0       105.0       105.0       105.0       105.0       105.0    
        105.0       105.0       105.0       105.0       105.0       105.0       105.0       105.0       105.0       105.0    
        105.0       105.0       95.00       90.00       85.00       85.00       85.00    
0 11    115.5       115.5       115.5       115.5       115.5       115.5       115.5       115.5       115.5       115.5    
        115.5       115.5       115.5       110.0       110.0       105.0       105.0       105.0       105.0       105.0    
        105.0       105.0       105.0       105.0       105.0       105.0       105.0       105.0       105.0       105.0    
        105.0       105.0       95.00       90.00       84.50       84.50       84.50    
0 12    115.0       115.0       115.0       115.0       115.0       115.0       115.0       115.0       115.0       115.0    
        115.0       115.0       115.0       110.0       110.0       110.0       105.0       105.0       105.0       105.0    
        105.0       105.0       105.0       105.0       105.0       105.0       105.0       105.0       105.0       105.0    
        105.0       105.0       95.00       90.00       84.00       84.00       84.00    
0 13    114.5       114.5       114.5       114.5       114.5       114.5       114.5       114.5       114.5       114.5    
        114.5       114.5       114.5       110.0       110.0       110.0       105.0       105.0       105.0       105.0    
        105.0       105.0       105.0       105.0       105.0       105.0       105.0       105.0       105.0       105.0    
        105.0       105.0       95.00       90.00       84.00       84.00       84.00    
0 14    114.0       114.0       114.0       114.0       114.0       114.0       114.0       114.0       114.0       114.0    
        114.0       114.0       114.0       110.0       110.0       110.0       105.0       105.0       105.0       105.0    
        105.0       105.0       105.0       105.0       105.0       105.0       105.0       105.0       105.0       105.0    
        105.0       105.0       95.00       90.00       84.00       84.00       84.00    
0 15    113.5       113.5       113.5       113.5       113.5       113.5       113.5       113.5       113.5       113.5    
        113.5       113.5       113.5       110.0       110.0       110.0       110.0       105.0       105.0       105.0    
        105.0       105.0       105.0       105.0       105.0       105.0       105.0       105.0       105.0       105.0    
        105.0       105.0       95.00       90.00       84.00       84.00       84.00    
0 16    113.0       113.0       113.0       113.0       113.0       113.0       113.0       113.0       113.0       113.0    
        113.0       113.0       113.0       110.0       110.0       110.0       105.0       105.0       105.0       105.0    
        105.0       105.0       105.0       105.0       105.0       105.0       105.0       105.0       105.0       105.0    
        105.0       105.0       95.00       90.00       84.00       84.00       84.00    
0 17    112.5       112.5       112.5       112.5       112.5       112.5       112.5       112.5       112.5       112.5    
        112.5       112.5       112.5       110.0       110.0       110.0       105.0       105.0       101.2       101.2    
        105.0       105.0       105.0       105.0       105.0       105.0       105.0       105.0       105.0       105.0    
        105.0       105.0       95.00       90.00       84.00       84.00       84.00    
0 18    112.0       112.0       112.0       112.0       112.0       112.0       112.0       112.0       112.0       112.0    
        112.0       112.0       112.0       110.0       110.0       110.0       105.0       101.2       105.0       105.0    
        100.2       105.0       105.0       105.0       105.0       105.0       105.0       105.0       105.0       105.0    
        105.0       100.0       95.00       90.00       84.00       84.00       84.00    
0 19    111.5       111.5       111.5       111.5       111.5       111.5       111.5       111.5       111.5       111.5    
        111.5       111.5       111.5       110.0       110.0       110.0       101.2       105.0       105.0       105.0    
        100.2       105.0       105.0       105.0       105.0       105.0       105.0       105.0       105.0       105.0    
        105.0       100.0       95.00       90.00       84.00       84.00       84.00    
0 20    111.3       111.3       111.3       111.3       111.3       111.3       111.3       111.3       111.3       111.3    
        111.3       111.3       111.3       110.0       110.0       102.2       110.0       105.0       105.0       105.0    
        105.0       100.2       105.0       105.0       105.0       105.0       105.0       105.0       105.0       105.0    
        105.0       100.0       95.00       90.00       84.00       84.00       84.00    
0 21    111.0       111.0       111.0       111.0       111.0       111.0       111.0       111.0       111.0       111.0    
        111.0       111.0       111.0       110.0       110.0       102.2       110.0       105.0       105.0       105.0    
        105.0       100.2       105.0       105.0       105.0       105.0       105.0       105.0       105.0       105.0    
        105.0       100.0       95.00       90.00       84.00       84.00       84.00    
0 22    110.8       110.8       110.8       110.8       110.8       110.8       110.8       110.8       110.8       110.8    
        110.8       110.8       110.8       110.0       102.2       110.0       110.0       105.0       105.0       105.0    
        105.0       100.2       105.0       105.0       105.0       105.0       105.0       105.0       105.0       105.0    
        105.0       100.0       95.00       90.00       84.00       84.00       84.00    
0 23    110.6       110.6       110.6       110.6       110.6       110.6       110.6       110.6       110.6       110.6    
        110.6       110.6       110.6       103.2       110.0       110.0       110.0       105.0       105.0       105.0    
        105.0       105.0       100.2       105.0       105.0       105.0       105.0       105.0       105.0       105.0    
        105.0       100.0       95.00       90.00       84.00       84.00       84.00    
0 24    110.4       110.4       110.4       110.4       110.4       110.4       110.4       110.4       110.4       110.4    
        110.4       110.4       104.2       108.0       108.0       108.0       108.0       105.0       105.0       105.0    
        105.0       105.0       100.2       105.0       105.0       105.0       105.0       105.0       105.0       105.0    
        105.0       100.0       95.00       90.00       84.00       84.00       84.00    
0 25    109.0       109.0       109.0       109.0       109.0       109.0       109.0       109.0       109.0       109.0    
        109.0       104.2       109.0       107.0       107.0       107.0       107.0       105.0       105.0       105.0    
        105.0       105.0       105.0       100.2       105.0       105.0       105.0       105.0       105.0       105.0    
        105.0       100.0       95.00       90.00       84.00       84.00       84.00    
0 26    108.0       108.0       108.0       108.0       108.0       108.0       108.0       108.0       108.0       108.0    
        104.2       108.0       108.0       107.0       107.0       107.0       107.0       105.0       105.0       105.0    
        105.0       105.0       105.0       100.2       105.0       105.0       105.0       105.0       105.0       105.0    
        105.0       100.0       95.00       90.00       84.00       84.00       84.00    
0 27    107.0       107.0       107.0       107.0       107.0       107.0       107.0       107.0       107.0       107.0    
        104.2       107.0       107.0       106.0       106.0       106.0       106.0       105.0       105.0       105.0    
        105.0       105.0       105.0       105.0       100.2       102.0       102.0       102.0       102.0       102.0    
        102.0       102.0       101.0       90.00       85.00       84.00       84.00    
0 28    106.0       106.0       106.0       106.0       106.0       106.0       106.0       106.0       106.0       106.0    
        104.2       106.0       106.0       108.0       108.0       108.0       108.0       108.0       108.0       108.0    
        108.0       108.0       108.0       108.0       108.0       100.2       108.0       108.0       100.0       100.0    
        96.00       96.00       96.00       86.00       86.00       86.00       86.00    
0 29    105.0       105.0       105.0       105.0       105.0       108.0       108.0       108.0       108.0       108.0    
        104.2       108.0       108.0       108.0       108.0       108.0       108.0       108.0       108.0       108.0    
        108.0       108.0       108.0       108.0       108.0       102.0       102.0       102.0       98.00       95.00    
        93.00       96.00       92.00       87.00       87.00       87.00       87.00    
0 30    103.0       103.0       108.0       108.0       108.0       108.0       108.0       108.0       108.0       108.0    
        104.2       108.0       108.0       108.0       108.0       108.0       108.0       108.0       108.0       108.0    
        102.0       102.0       102.0       102.0       102.0       100.0       99.00       97.00       96.00       94.00    
        93.00       90.00       90.00       90.00       90.00       90.00       90.00    
0 31    102.0       102.0       108.0       108.0       108.0       108.0       108.0       108.0       108.0       108.0    
        103.2       108.0       108.0       108.0       108.0       108.0       108.0       108.0       108.0       108.0    
        102.0       102.0       102.0       102.0       102.0       100.0       100.0       100.0       100.0       100.0    
        100.0       100.0       100.0       100.0       100.0       100.0       100.0    
0 32    101.0       101.0       108.0       108.0       108.0       108.0       108.0       108.0       108.0       108.0    
        103.2       108.0       108.0       108.0       108.0       108.0       108.0       108.0       108.0       108.0    
        102.0       102.0       102.0       102.0       102.0       100.0       100.0       100.0       100.0       100.0    
        100.0       100.0       100.0       100.0       100.0       100.0       100.0    
0 33    100.0       100.0       108.0       108.0       108.0       108.0       108.0       108.0       108.0       108.0    
        104.2       108.0       108.0       108.0       108.0       108.0       108.0       108.0       108.0       108.0    
        102.0       102.0       102.0       102.0       100.0       100.0       100.0       100.0       100.0       100.0    
        100.0       100.0       100.0       100.0       100.0       100.0       100.0    
0 34    100.0       100.0       106.0       106.0       106.0       106.0       106.0       106.0       106.0       106.0    
        102.2       106.0       106.0       106.0       106.0       106.0       106.0       106.0       106.0       106.0    
        103.0       103.0       103.0       101.0       101.0       101.0       101.0       101.0       101.0       101.0    
        101.0       101.0       101.0       101.0       101.0       101.0       101.0    
0 35    100.0       100.0       100.0       106.0       106.0       106.0       106.0       106.0       106.0       106.0    
        106.0       106.0       106.0       106.0       106.0       106.0       106.0       106.0       106.0       103.0    
        102.0       102.0       102.0       102.0       102.0       102.0       102.0       102.0       102.0       102.0    
        102.0       102.0       102.0       102.0       102.0       102.0       102.0    
0 36    100.0       100.0       100.0       104.0       104.0       104.0       104.0       104.0       104.0       104.0    
        104.0       104.0       104.0       104.0       105.0       105.0       104.0       104.0       103.0       103.0    
        103.0       103.0       103.0       103.0       103.0       103.0       103.0       103.0       103.0       103.0    
        103.0       103.0       103.0       103.0       103.0       103.0       103.0    
0 37    100.0       100.0       100.0       100.0       100.0       103.0       103.0       103.0       103.0       103.0    
        103.0       103.0       103.0       103.0       103.0       103.0       103.0       103.0       103.0       103.0    
        103.0       103.0       103.0       103.0       103.0       103.0       103.0       103.0       103.0       103.0    
        103.0       103.0       103.0       103.0       103.0       103.0       103.0    
0 38    100.0       100.0       100.0       101.0       102.0       102.0       102.0       102.0       102.0       102.0    
        102.0       102.0       102.0       102.0       102.0       102.0       102.0       102.0       102.0       102.0    
        102.0       102.0       102.0       102.0       102.0       102.0       102.0       102.0       102.0       102.0    
        102.0       102.0       102.0       102.0       102.0       102.0       102.0    
0 39    100.0       100.0       100.0       100.0       100.0       100.0       100.0       100.0       100.0       100.0    
        100.0       100.0       100.0       100.0       100.0       100.0       100.0       100.0       100.0       100.0    
        100.0       100.0       100.0       100.0       100.0       100.0       100.0       100.0       100.0       100.0    
        100.0       100.0       100.0       100.0       100.0       100.0       100.0    
0HEAD PRINT FORMAT IS FORMAT NUMBER   4    DRAWDOWN PRINT FORMAT IS FORMAT NUMBER   0
0HEADS WILL BE SAVED ON UNIT 30    DRAWDOWNS WILL BE SAVED ON UNIT  0
0OUTPUT CONTROL IS SPECIFIED EVERY TIME STEP
0                                                    COLUMN TO ROW ANISOTROPY =   1.000000    
0


                                                  DELR WILL BE READ ON UNIT 11 USING FORMAT: (8E10.0)            
                              -------------------------------------------------------------------------------

   20.000       600.00       300.00       200.00       140.00       100.00       80.000       60.000       30.000       30.000    
   30.000       30.000       60.000       80.000       80.000       80.000       80.000       80.000       80.000       80.000    
   80.000       80.000       80.000       80.000       30.000       30.000       30.000       30.000       80.000       100.00    
   140.00       200.00       300.00       400.00       400.00       520.00       20.000    
0


                                                  DELC WILL BE READ ON UNIT 11 USING FORMAT: (8E10.0)            
                              -------------------------------------------------------------------------------

   20.000       400.00       400.00       400.00       400.00       300.00       200.00       140.00       100.00       80.000    
   60.000       30.000       30.000       30.000       30.000       30.000       30.000       30.000       30.000       30.000    
   30.000       30.000       30.000       30.000       30.000       60.000       60.000       80.000       100.00       100.00    
   100.00       100.00       100.00       100.00       100.00       100.00       100.00       100.00       20.000    
0                                                       HYD. COND. ALONG ROWS =   .4920000E-03 FOR LAYER  1
0


                                                BOTTOM FOR LAYER  1 WILL BE READ ON UNIT 11 USING FORMAT: (20F4.0)            
                              ------------------------------------------------------------------------------------------------

            1           2           3           4           5           6           7           8           9          10
           11          12          13          14          15          16          17          18          19          20
           21          22          23          24          25          26          27          28          29          30
           31          32          33          34          35          36          37
 .............................................................................................................................
0  1    .0000       .0000       .0000       .0000       .0000       .0000       .0000       .0000       .0000       .0000    
        .0000       .0000       .0000       .0000       .0000       .0000       .0000       .0000       .0000       .0000    
        .0000       .0000       .0000       .0000       .0000       .0000       .0000       .0000       .0000       .0000    
        .0000       .0000       .0000       .0000       .0000       .0000       .0000    
0  2    .0000       100.0       100.0       100.0       100.0       100.0       100.0       100.0       100.0       100.0    
        100.0       100.0       100.0       100.0       100.0       100.0       100.0       100.0       100.0       100.0    
        100.0       100.0       100.0       100.0       100.0       100.0       100.0       100.0       100.0       100.0    
        100.0       100.0       .0000       .0000       .0000       .0000       .0000    
0  3    .0000       100.0       100.0       100.0       100.0       100.0       100.0       100.0       100.0       100.0    
        100.0       100.0       100.0       100.0       100.0       100.0       100.0       100.0       100.0       100.0    
        100.0       100.0       100.0       100.0       100.0       100.0       100.0       100.0       100.0       100.0    
        100.0       100.0       100.0       .0000       .0000       .0000       .0000    
0  4    .0000       100.0       100.0       100.0       100.0       100.0       100.0       100.0       100.0       100.0    
        100.0       100.0       100.0       100.0       100.0       100.0       100.0       100.0       100.0       100.0    
        100.0       100.0       100.0       100.0       100.0       100.0       100.0       100.0       100.0       100.0    
        100.0       100.0       100.0       100.0       .0000       .0000       .0000    
0  5    .0000       100.0       100.0       100.0       100.0       100.0       100.0       100.0       100.0       100.0    
        100.0       100.0       100.0       100.0       100.0       100.0       100.0       100.0       100.0       100.0    
        100.0       100.0       100.0       100.0       100.0       100.0       100.0       100.0       100.0       100.0    
        100.0       100.0       100.0       95.00       95.00       .0000       .0000    
0  6    .0000       100.0       100.0       100.0       100.0       100.0       100.0       100.0       100.0       100.0    
        100.0       100.0       100.0       100.0       100.0       100.0       100.0       100.0       100.0       100.0    
        100.0       100.0       100.0       100.0       100.0       100.0       100.0       100.0       100.0       100.0    
        100.0       100.0       100.0       100.0       95.00       90.00       .0000    
0  7    .0000       100.0       100.0       100.0       100.0       100.0       100.0       100.0       100.0       100.0    
        100.0       100.0       100.0       100.0       100.0       100.0       100.0       100.0       100.0       100.0    
        100.0       100.0       100.0       100.0       100.0       100.0       100.0       100.0       100.0       100.0    
        100.0       100.0       100.0       95.00       90.00       85.00       .0000    
0  8    .0000       100.0       100.0       100.0       100.0       100.0       100.0       100.0       100.0       100.0    
        100.0       100.0       100.0       100.0       100.0       100.0       100.0       100.0       100.0       100.0    
        100.0       100.0       100.0       100.0       100.0       100.0       100.0       100.0       100.0       100.0    
        100.0       100.0       95.00       90.00       85.00       80.00       .0000    
0  9    .0000       95.00       100.0       100.0       100.0       100.0       100.0       100.0       100.0       100.0    
        100.0       100.0       100.0       100.0       100.0       100.0       100.0       100.0       100.0       100.0    
        100.0       100.0       100.0       100.0       100.0       100.0       100.0       100.0       100.0       100.0    
        100.0       98.00       93.00       85.00       83.00       80.00       .0000    
0 10    .0000       90.00       95.00       100.0       100.0       100.0       100.0       100.0       100.0       100.0    
        100.0       100.0       100.0       100.0       100.0       100.0       100.0       100.0       100.0       100.0    
        100.0       100.0       100.0       100.0       100.0       100.0       100.0       100.0       100.0       100.0    
        100.0       98.00       93.00       85.00       83.00       80.00       .0000    
0 11    .0000       90.00       95.00       100.0       100.0       100.0       100.0       100.0       100.0       100.0    
        100.0       100.0       100.0       100.0       100.0       100.0       100.0       100.0       100.0       100.0    
        100.0       100.0       100.0       100.0       100.0       100.0       100.0       100.0       100.0       100.0    
        100.0       98.00       93.00       85.00       83.00       80.00       .0000    
0 12    .0000       90.00       95.00       100.0       100.0       100.0       100.0       100.0       100.0       100.0    
        100.0       100.0       100.0       100.0       100.0       100.0       100.0       100.0       100.0       100.0    
        100.0       100.0       100.0       100.0       100.0       100.0       100.0       100.0       100.0       100.0    
        100.0       98.00       93.00       85.00       83.00       80.00       .0000    
0 13    .0000       90.00       95.00       100.0       100.0       100.0       100.0       100.0       100.0       100.0    
        100.0       100.0       101.0       100.0       100.0       100.0       100.0       100.0       100.0       100.0    
        100.0       100.0       100.0       100.0       100.0       100.0       100.0       100.0       100.0       100.0    
        100.0       98.00       93.00       85.00       83.00       80.00       .0000    
0 14    .0000       90.00       95.00       100.0       100.0       100.0       100.0       100.0       100.0       100.0    
        100.0       101.0       102.0       101.0       100.0       100.0       100.0       100.0       100.0       100.0    
        100.0       100.0       100.0       100.0       100.0       100.0       100.0       100.0       100.0       100.0    
        100.0       98.00       93.00       85.00       83.00       80.00       .0000    
0 15    .0000       90.00       95.00       100.0       100.0       100.0       100.0       100.0       100.0       100.0    
        101.0       102.0       103.0       102.0       101.0       100.0       100.0       100.0       100.0       100.0    
        100.0       100.0       100.0       100.0       100.0       100.0       100.0       100.0       100.0       100.0    
        100.0       98.00       93.00       85.00       83.00       80.00       .0000    
0 16    .0000       90.00       95.00       100.0       100.0       100.0       100.0       100.0       100.0       101.0    
        102.0       103.0       104.0       103.0       102.0       101.0       100.0       100.0       100.0       100.0    
        100.0       100.0       100.0       100.0       100.0       100.0       100.0       100.0       100.0       100.0    
        100.0       98.00       93.00       85.00       83.00       80.00       .0000    
0 17    .0000       90.00       95.00       100.0       100.0       100.0       100.0       100.0       101.0       102.0    
        103.0       104.0       105.0       104.0       103.0       102.0       101.0       101.0       101.0       101.0    
        100.0       100.0       100.0       100.0       100.0       100.0       100.0       100.0       100.0       100.0    
        100.0       98.00       93.00       85.00       83.00       80.00       .0000    
0 18    .0000       90.00       95.00       100.0       100.0       100.0       100.0       101.0       102.0       103.0    
        104.0       105.0       105.0       104.0       103.0       102.0       101.0       101.0       101.0       101.0    
        100.0       100.0       100.0       100.0       100.0       100.0       100.0       100.0       100.0       100.0    
        100.0       98.00       93.00       85.00       83.00       80.00       .0000    
0 19    .0000       90.00       95.00       100.0       100.0       100.0       100.0       101.0       103.0       104.0    
        105.0       105.0       105.0       104.0       103.0       102.0       101.0       101.0       101.0       101.0    
        100.0       100.0       100.0       100.0       100.0       100.0       100.0       100.0       100.0       100.0    
        100.0       98.00       93.00       85.00       83.00       80.00       .0000    
0 20    .0000       90.00       95.00       100.0       100.0       100.0       100.0       101.0       103.0       104.0    
        105.0       105.0       104.0       104.0       103.0       102.0       101.0       101.0       101.0       100.0    
        100.0       100.0       100.0       100.0       100.0       100.0       100.0       100.0       100.0       100.0    
        100.0       98.00       93.00       85.00       83.00       80.00       .0000    
0 21    .0000       90.00       95.00       100.0       100.0       100.0       100.0       101.0       103.0       104.0    
        105.0       105.0       104.0       104.0       103.0       102.0       101.0       101.0       101.0       100.0    
        100.0       100.0       100.0       100.0       100.0       100.0       100.0       100.0       100.0       100.0    
        100.0       98.00       93.00       85.00       83.00       80.00       .0000    
0 22    .0000       90.00       95.00       100.0       100.0       100.0       100.0       102.0       103.0       104.0    
        105.0       105.0       104.0       103.0       102.0       102.0       101.0       101.0       101.0       100.0    
        100.0       100.0       100.0       100.0       100.0       100.0       100.0       100.0       100.0       100.0    
        100.0       98.00       93.00       85.00       83.00       80.00       .0000    
0 23    .0000       90.00       95.00       100.0       100.0       100.0       101.0       102.0       103.0       104.0    
        105.0       104.0       104.0       103.0       102.0       102.0       101.0       101.0       101.0       100.0    
        100.0       100.0       100.0       100.0       100.0       100.0       100.0       100.0       100.0       100.0    
        100.0       98.00       93.00       85.00       83.00       80.00       .0000    
0 24    .0000       90.00       95.00       100.0       100.0       100.0       101.0       102.0       103.0       105.0    
        105.0       104.0       104.0       103.0       102.0       102.0       101.0       101.0       101.0       100.0    
        100.0       100.0       100.0       100.0       100.0       100.0       100.0       100.0       100.0       100.0    
        100.0       98.00       93.00       85.00       83.00       80.00       .0000    
0 25    .0000       90.00       95.00       100.0       100.0       100.0       101.0       102.0       103.0       105.0    
        104.0       104.0       104.0       103.0       102.0       102.0       101.0       101.0       101.0       100.0    
        100.0       100.0       100.0       100.0       100.0       100.0       100.0       100.0       100.0       100.0    
        100.0       98.00       93.00       85.00       83.00       80.00       .0000    
0 26    .0000       90.00       95.00       100.0       100.0       100.0       101.0       103.0       105.0       105.0    
        104.0       104.0       104.0       103.0       102.0       102.0       101.0       101.0       101.0       101.0    
        100.0       100.0       100.0       100.0       100.0       100.0       100.0       100.0       100.0       100.0    
        100.0       98.00       93.00       85.00       83.00       80.00       .0000    
0 27    .0000       90.00       96.00       100.0       100.0       101.0       102.0       104.0       105.0       104.0    
        104.0       104.0       104.0       103.0       102.0       101.0       101.0       101.0       101.0       101.0    
        100.0       100.0       100.0       100.0       100.0       100.0       100.0       100.0       100.0       98.00    
        98.00       96.00       93.00       85.00       83.00       80.00       .0000    
0 28    .0000       91.00       97.00       100.0       100.0       101.0       103.0       105.0       105.0       104.0    
        104.0       104.0       103.0       103.0       102.0       101.0       101.0       101.0       101.0       101.0    
        100.0       100.0       100.0       100.0       100.0       100.0       99.00       98.00       98.00       96.00    
        93.00       92.00       93.00       85.00       83.00       80.00       .0000    
0 29    .0000       92.00       98.00       100.0       100.0       101.0       103.0       105.0       104.0       104.0    
        104.0       104.0       103.0       102.0       102.0       101.0       101.0       101.0       101.0       101.0    
        100.0       100.0       100.0       100.0       98.00       98.00       98.00       96.00       96.00       94.00    
        91.00       90.00       90.00       85.00       83.00       80.00       .0000    
0 30    .0000       96.00       99.00       101.0       102.0       103.0       105.0       105.0       104.0       104.0    
        104.0       104.0       103.0       103.0       102.0       102.0       101.0       101.0       101.0       101.0    
        101.0       100.0       100.0       100.0       98.00       98.00       97.00       95.00       94.00       92.00    
        91.00       .0000       88.00       85.00       83.00       80.00       .0000    
0 31    .0000       97.00       100.0       102.0       103.0       104.0       105.0       105.0       104.0       104.0    
        103.0       103.0       103.0       103.0       102.0       102.0       101.0       101.0       101.0       101.0    
        101.0       101.0       101.0       100.0       98.00       98.00       .0000       .0000       .0000       .0000    
        .0000       .0000       .0000       .0000       .0000       .0000       .0000    
0 32    .0000       97.00       100.0       102.0       104.0       105.0       105.0       104.0       104.0       103.0    
        103.0       103.0       103.0       103.0       102.0       102.0       102.0       101.0       101.0       101.0    
        101.0       101.0       101.0       100.0       98.00       98.00       .0000       .0000       .0000       .0000    
        .0000       .0000       .0000       .0000       .0000       .0000       .0000    
0 33    .0000       98.00       99.00       101.0       103.0       104.0       104.0       104.0       104.0       104.0    
        104.0       104.0       104.0       104.0       103.0       103.0       103.0       103.0       102.0       102.0    
        101.0       100.0       99.00       99.00       98.00       98.00       .0000       .0000       .0000       .0000    
        .0000       .0000       .0000       .0000       .0000       .0000       .0000    
0 34    .0000       98.00       99.00       100.0       101.0       102.0       102.0       102.0       102.0       102.0    
        102.0       102.0       102.0       102.0       102.0       102.0       102.0       102.0       101.0       101.0    
        100.0       100.0       99.00       99.00       .0000       .0000       .0000       .0000       .0000       .0000    
        .0000       .0000       .0000       .0000       .0000       .0000       .0000    
0 35    .0000       .0000       99.00       100.0       101.0       102.0       102.0       102.0       102.0       102.0    
        102.0       102.0       102.0       102.0       102.0       102.0       102.0       102.0       101.0       101.0    
        100.0       100.0       100.0       .0000       .0000       .0000       .0000       .0000       .0000       .0000    
        .0000       .0000       .0000       .0000       .0000       .0000       .0000    
0 36    .0000       .0000       99.00       100.0       101.0       102.0       102.0       102.0       102.0       102.0    
        102.0       102.0       102.0       102.0       102.0       102.0       102.0       102.0       101.0       .0000    
        .0000       .0000       .0000       .0000       .0000       .0000       .0000       .0000       .0000       .0000    
        .0000       .0000       .0000       .0000       .0000       .0000       .0000    
0 37    .0000       .0000       99.00       99.00       99.00       99.00       .0000       .0000       .0000       .0000    
        .0000       .0000       .0000       .0000       .0000       .0000       .0000       .0000       .0000       .0000    
        .0000       .0000       .0000       .0000       .0000       .0000       .0000       .0000       .0000       .0000    
        .0000       .0000       .0000       .0000       .0000       .0000       .0000    
0 38    .0000       .0000       99.00       99.00       99.00       .0000       .0000       .0000       .0000       .0000    
        .0000       .0000       .0000       .0000       .0000       .0000       .0000       .0000       .0000       .0000    
        .0000       .0000       .0000       .0000       .0000       .0000       .0000       .0000       .0000       .0000    
        .0000       .0000       .0000       .0000       .0000       .0000       .0000    
0 39    .0000       .0000       .0000       .0000       .0000       .0000       .0000       .0000       .0000       .0000    
        .0000       .0000       .0000       .0000       .0000       .0000       .0000       .0000       .0000       .0000    
        .0000       .0000       .0000       .0000       .0000       .0000       .0000       .0000       .0000       .0000    
        .0000       .0000       .0000       .0000       .0000       .0000       .0000    
0


                                                         SOLUTION BY THE STRONGLY IMPLICIT PROCEDURE
                                                         -------------------------------------------
0                                               MAXIMUM ITERATIONS ALLOWED FOR CLOSURE =       50
                                                                ACCELERATION PARAMETER =     1.0000    
                                                     HEAD CHANGE CRITERION FOR CLOSURE =     .10000E-01
                                                     SIP HEAD CHANGE PRINTOUT INTERVAL =        1
0
    5 ITERATION PARAMETERS CALCULATED FROM SPECIFIED WSEED =  .00200000 :

             .0000000E+00   .7885258E+00   .9552786E+00   .9905426E+00   .9980000E+00
1                                                   STRESS PERIOD NO.   1, LENGTH =   86400.00    
                                                    ----------------------------------------------

                                                    NUMBER OF TIME STEPS =     1

                                                     MULTIPLIER FOR DELT =     1.000

                                                  INITIAL TIME STEP SIZE =   86400.00    
0                                                                    RECHARGE =   .6340000E-07
0
    21 ITERATIONS FOR TIME STEP   1 IN STRESS PERIOD  1
0MAXIMUM HEAD CHANGE FOR EACH ITERATION:
0 HEAD CHANGE LAYER,ROW,COL HEAD CHANGE LAYER,ROW,COL HEAD CHANGE LAYER,ROW,COL HEAD CHANGE LAYER,ROW,COL HEAD CHANGE LAYER,ROW,COL
 ------------------------------------------------------------------------------------------------------------------------------------
    11.11     (  1,  4, 20)   3.548     (  1, 10, 18)   3.397     (  1, 12, 19)   6.190     (  1, 13, 22)   4.860     (  1, 19, 26)
    1.353     (  1, 28, 31)  -.8378     (  1,  3,  3)  -.7752     (  1,  2,  6)  -.9293     (  1,  3,  7)  -.5968     (  1, 13, 30)
    .1325     (  1,  2, 30)   .6495E-01 (  1, 31, 23)   .7949E-01 (  1,  3,  6)   .1135     (  1,  2, 15)   .9072E-01 (  1,  8, 24)
    .2668E-01 (  1,  2, 32)  -.1379E-01 (  1,  3, 19)  -.2378E-01 (  1,  2, 20)  -.2984E-01 (  1,  4, 21)  -.1921E-01 (  1,  2, 32)
    .5109E-02 (  1,  2, 30)
0
0HEAD/DRAWDOWN PRINTOUT FLAG = 1     TOTAL BUDGET PRINTOUT FLAG = 1     CELL-BY-CELL FLOW TERM FLAG = 0
0OUTPUT FLAGS FOR ALL LAYERS ARE THE SAME:
   HEAD    DRAWDOWN  HEAD  DRAWDOWN
 PRINTOUT  PRINTOUT  SAVE    SAVE
 ----------------------------------
     1         0       1       0
1                      HEAD IN LAYER  1 AT END OF TIME STEP  1 IN STRESS PERIOD  1
           -----------------------------------------------------------------------

           1       2       3       4       5       6       7       8       9      10      11      12      13      14      15
          16      17      18      19      20      21      22      23      24      25      26      27      28      29      30
          31      32      33      34      35      36      37
 ................................................................................................................................
0  1    99.00   99.00   99.00   99.00   99.00   99.00   99.00   99.00   99.00   99.00   99.00   99.00   99.00   99.00   99.00
        99.00   99.00   99.00   99.00   99.00   99.00   99.00   99.00   99.00   99.00   99.00   99.00   99.00   99.00   99.00
        99.00   99.00   99.00   99.00   99.00   99.00   99.00
0  2    99.00  131.71  131.13  130.67  130.30  130.00  129.76  129.56  129.42  129.33  129.24  129.14  129.00  128.76  128.48
       128.18  127.87  127.54  127.19  126.83  126.46  126.07  125.66  125.25  124.96  124.80  124.64  124.48  124.19  123.71
       123.13  122.48   99.00   99.00   99.00   99.00   99.00
0  3    99.00  131.40  130.76  130.28  129.89  129.59  129.34  129.14  129.01  128.92  128.82  128.73  128.58  128.34  128.05
       127.75  127.42  127.08  126.71  126.32  125.90  125.46  124.98  124.45  124.07  123.84  123.61  123.38  122.91  122.07
       120.70  118.00  118.00   99.00   99.00   99.00   99.00
0  4    99.00  130.79  129.96  129.43  129.03  128.73  128.49  128.30  128.16  128.07  127.98  127.89  127.74  127.51  127.23
       126.93  126.61  126.27  125.90  125.52  125.11  124.67  124.20  123.70  123.33  123.13  122.92  122.70  122.29  121.58
       120.56  118.96  116.52  110.00   99.00   99.00   99.00
0  5    99.00  130.00  128.52  127.96  127.60  127.33  127.12  126.94  126.83  126.74  126.66  126.58  126.45  126.23  125.97
       125.69  125.39  125.06  124.72  124.35  123.95  123.53  123.09  122.61  122.26  122.07  121.87  121.67  121.28  120.62
       119.66  118.15  115.47  111.01   98.00   99.00   99.00
0  6    99.00  126.00  125.96  125.83  125.67  125.52  125.39  125.26  125.17  125.11  125.05  124.98  124.87  124.69  124.46
       124.21  123.93  123.63  123.30  122.94  122.56  122.14  121.70  121.22  120.88  120.68  120.48  120.28  119.89  119.22
       118.25  116.72  114.07  109.38  102.24   93.00   99.00
0  7    99.00  123.00  123.69  123.95  124.00  123.96  123.90  123.83  123.77  123.72  123.67  123.62  123.54  123.39  123.18
       122.95  122.69  122.39  122.07  121.71  121.32  120.90  120.44  119.95  119.59  119.39  119.18  118.96  118.55  117.84
       116.78  115.07  111.96  107.03  101.08   88.00   99.00
0  8    99.00  120.00  121.86  122.51  122.74  122.80  122.80  122.76  122.72  122.69  122.66  122.62  122.55  122.41  122.23
       122.01  121.75  121.45  121.13  120.76  120.37  119.93  119.46  118.95  118.57  118.35  118.13  117.91  117.47  116.70
       115.54  113.57  110.25  105.47   99.88   86.00   99.00
0  9    99.00  118.00  120.44  121.44  121.82  121.95  121.99  121.98  121.96  121.94  121.91  121.88  121.82  121.70  121.52
       121.30  121.04  120.74  120.41  120.04  119.63  119.18  118.69  118.16  117.76  117.54  117.31  117.07  116.62  115.80
       114.56  112.47  109.16  104.48   99.14   85.50   99.00
0 10    99.00  116.00  119.42  120.63  121.11  121.30  121.37  121.38  121.37  121.36  121.34  121.31  121.26  121.15  120.97
       120.75  120.49  120.19  119.84  119.46  119.04  118.57  118.07  117.52  117.11  116.88  116.64  116.39  115.92  115.08
       113.78  111.67  108.35  103.76   98.52   85.00   99.00
0 11    99.00  115.50  118.72  120.01  120.56  120.79  120.88  120.91  120.91  120.91  120.89  120.87  120.83  120.72  120.54
       120.31  120.04  119.73  119.38  118.99  118.55  118.07  117.55  116.98  116.57  116.33  116.08  115.83  115.34  114.47
       113.15  111.00  107.68  103.15   97.97   84.50   99.00
0 12    99.00  115.00  118.27  119.61  120.21  120.46  120.57  120.61  120.62  120.62  120.61  120.59  120.55  120.44  120.25
       120.02  119.75  119.44  119.08  118.67  118.23  117.74  117.21  116.63  116.20  115.95  115.70  115.44  114.95  114.06
       112.71  110.55  107.22  102.72   97.56   84.00   99.00
0 13    99.00  114.50  117.97  119.35  119.97  120.24  120.36  120.41  120.42  120.42  120.42  120.40  120.37  120.25  120.06
       119.83  119.55  119.23  118.87  118.46  118.01  117.51  116.97  116.38  115.94  115.69  115.44  115.18  114.67  113.78
       112.41  110.23  106.90  102.42   97.27   84.00   99.00
0 14    99.00  114.00  117.67  119.09  119.73  120.01  120.14  120.20  120.22  120.23  120.22  120.21  120.18  120.06  119.87
       119.63  119.35  119.03  118.66  118.24  117.78  117.27  116.72  116.12  115.68  115.43  115.17  114.90  114.39  113.48
       112.10  109.90  106.58  102.11   96.96   84.00   99.00
0 15    99.00  113.50  117.37  118.82  119.50  119.79  119.93  120.00  120.02  120.03  120.03  120.02  119.98  119.87  119.68
       119.43  119.14  118.82  118.44  118.02  117.55  117.03  116.47  115.86  115.41  115.15  114.89  114.62  114.09  113.17
       111.78  109.56  106.24  101.78   96.63   84.00   99.00
0 16    99.00  113.00  117.07  118.56  119.26  119.57  119.72  119.79  119.82  119.83  119.83  119.81  119.77  119.66  119.47
       119.23  118.94  118.61  118.23  117.79  117.31  116.79  116.21  115.59  115.13  114.87  114.60  114.32  113.79  112.85
       111.44  109.21  105.89  101.45   96.27   84.00   99.00
0 17    99.00  112.50  116.77  118.31  119.02  119.34  119.50  119.58  119.61  119.62  119.62  119.60  119.55  119.44  119.25
       119.01  118.72  118.39  118.00  117.56  117.06  116.53  115.95  115.31  114.84  114.57  114.30  114.01  113.47  112.52
       111.08  108.83  105.52  101.10   95.89   84.00   99.00
0 18    99.00  112.00  116.47  118.05  118.79  119.12  119.28  119.37  119.40  119.41  119.40  119.38  119.33  119.21  119.02
       118.78  118.49  118.16  117.76  117.31  116.81  116.27  115.67  115.02  114.54  114.27  113.98  113.69  113.14  112.17
       110.71  108.44  105.15  100.73   95.48   84.00   99.00
0 19    99.00  111.50  116.18  117.79  118.55  118.89  119.06  119.15  119.17  119.18  119.17  119.15  119.09  118.98  118.79
       118.55  118.26  117.92  117.52  117.06  116.56  116.01  115.39  114.72  114.23  113.95  113.66  113.36  112.79  111.79
       110.31  108.03  104.75  100.35   95.05   84.00   99.00
0 20    99.00  111.30  115.89  117.54  118.32  118.67  118.84  118.93  118.95  118.95  118.94  118.92  118.86  118.75  118.56
       118.32  118.03  117.69  117.28  116.81  116.30  115.73  115.10  114.41  113.90  113.61  113.31  113.01  112.42  111.40
       109.89  107.59  104.35   99.96   94.57   84.00   99.00
0 21    99.00  111.00  115.61  117.28  118.08  118.44  118.62  118.71  118.72  118.72  118.71  118.69  118.64  118.51  118.32
       118.09  117.80  117.45  117.03  116.56  116.04  115.45  114.80  114.09  113.56  113.26  112.96  112.64  112.03  110.98
       109.43  107.12  103.92   99.54   94.06   84.00   99.00
0 22    99.00  110.80  115.32  117.03  117.85  118.22  118.40  118.48  118.50  118.50  118.49  118.46  118.41  118.28  118.09
       117.86  117.56  117.21  116.79  116.30  115.77  115.17  114.50  113.76  113.21  112.90  112.58  112.25  111.62  110.53
       108.94  106.61  103.47   99.11   93.49   84.00   99.00
0 23    99.00  110.60  115.04  116.78  117.61  117.99  118.18  118.26  118.28  118.28  118.26  118.23  118.18  118.06  117.87
       117.62  117.32  116.97  116.54  116.05  115.50  114.87  114.18  113.41  112.84  112.51  112.18  111.84  111.17  110.04
       108.40  106.05  103.00   98.66   92.88   84.00   99.00
0 24    99.00  110.40  114.76  116.53  117.38  117.76  117.95  118.04  118.05  118.05  118.03  118.00  117.95  117.83  117.63
       117.39  117.08  116.72  116.29  115.79  115.22  114.57  113.85  113.05  112.45  112.11  111.76  111.40  110.70  109.50
       107.80  105.44  102.51   98.19   92.19   84.00   99.00
0 25    99.00  109.00  114.48  116.29  117.14  117.53  117.73  117.81  117.83  117.82  117.80  117.77  117.72  117.60  117.40
       117.15  116.84  116.47  116.03  115.52  114.93  114.26  113.51  112.67  112.04  111.68  111.31  110.92  110.18  108.90
       107.12  104.75  101.99   97.69   91.41   84.00   99.00
0 26    99.00  108.00  114.07  115.92  116.79  117.19  117.39  117.47  117.48  117.47  117.45  117.42  117.37  117.24  117.04
       116.78  116.47  116.10  115.64  115.11  114.48  113.78  112.98  112.07  111.38  110.98  110.57  110.14  109.31  107.84
       105.84  103.45  101.13   96.90   89.97   84.00   99.00
0 27    99.00  107.00  113.54  115.44  116.32  116.73  116.93  117.01  117.01  117.00  116.98  116.95  116.89  116.77  116.56
       116.29  115.98  115.58  115.11  114.54  113.88  113.12  112.23  111.20  110.40  109.93  109.43  108.92  107.91  106.21
       103.80  101.47   99.87   95.74   85.00   84.00   99.00
0 28    99.00  106.00  112.94  114.89  115.77  116.17  116.37  116.44  116.44  116.43  116.41  116.38  116.32  116.19  115.99
       115.72  115.39  114.97  114.47  113.86  113.15  112.31  111.30  110.06  109.07  108.48  107.87  107.27  106.12  104.19
       101.53   99.29   97.99   86.00   99.00   99.00   99.00
0 29    99.00  105.00  112.20  114.18  115.07  115.46  115.64  115.69  115.69  115.68  115.66  115.63  115.57  115.45  115.23
       114.96  114.60  114.16  113.63  112.97  112.19  111.23  110.01  108.39  107.08  106.40  105.67  104.96  103.62  101.42
        93.00   96.00   95.27   87.00   99.00   99.00   99.00
0 30    99.00  103.00  111.43  113.36  114.24  114.63  114.78  114.82  114.81  114.80  114.78  114.75  114.70  114.57  114.35
       114.06  113.69  113.24  112.67  111.98  111.12  110.03  108.56  106.19  103.55  100.00   99.00   97.00   96.00   94.00
        93.00   99.00   90.00   99.00   99.00   99.00   99.00
0 31    99.00  102.00  110.59  112.43  113.29  113.66  113.80  113.83  113.83  113.82  113.81  113.78  113.74  113.62  113.40
       113.11  112.74  112.26  111.68  110.95  110.05  108.90  107.30  104.79  102.38  100.00   99.00   99.00   99.00   99.00
        99.00   99.00   99.00   99.00   99.00   99.00   99.00
0 32    99.00  101.00  109.64  111.35  112.16  112.52  112.66  112.72  112.74  112.75  112.74  112.73  112.69  112.57  112.36
       112.09  111.71  111.23  110.60  109.84  108.89  107.70  106.09  103.72  101.63  100.00   99.00   99.00   99.00   99.00
        99.00   99.00   99.00   99.00   99.00   99.00   99.00
0 33    99.00  100.00  108.62  110.19  110.86  111.18  111.33  111.41  111.44  111.45  111.44  111.43  111.40  111.30  111.13
       110.86  110.49  109.97  109.30  108.48  107.48  106.33  104.86  102.58  100.00  100.00   99.00   99.00   99.00   99.00
        99.00   99.00   99.00   99.00   99.00   99.00   99.00
0 34    99.00  100.00  107.34  109.00  109.57  109.81  109.91  109.96  109.97  109.97  109.97  109.96  109.92  109.84  109.69
       109.44  109.05  108.49  107.75  106.84  105.89  104.91  103.69  101.00   99.00   99.00   99.00   99.00   99.00   99.00
        99.00   99.00   99.00   99.00   99.00   99.00   99.00
0 35    99.00   99.00  100.00  107.72  108.15  108.24  108.25  108.27  108.27  108.27  108.26  108.24  108.21  108.14  108.00
       107.77  107.39  106.79  105.77  103.00  102.00  102.00  102.00   99.00   99.00   99.00   99.00   99.00   99.00   99.00
        99.00   99.00   99.00   99.00   99.00   99.00   99.00
0 36    99.00   99.00  100.00  106.18  106.30  105.69  104.00  104.00  104.00  104.00  104.00  104.00  104.00  104.00  105.00
       105.00  104.00  104.00  103.00   99.00   99.00   99.00   99.00   99.00   99.00   99.00   99.00   99.00   99.00   99.00
        99.00   99.00   99.00   99.00   99.00   99.00   99.00
0 37    99.00   99.00  100.00  104.41  104.28  103.00   99.00   99.00   99.00   99.00   99.00   99.00   99.00   99.00   99.00
        99.00   99.00   99.00   99.00   99.00   99.00   99.00   99.00   99.00   99.00   99.00   99.00   99.00   99.00   99.00
        99.00   99.00   99.00   99.00   99.00   99.00   99.00
0 38    99.00   99.00  100.00  101.00  102.00   99.00   99.00   99.00   99.00   99.00   99.00   99.00   99.00   99.00   99.00
        99.00   99.00   99.00   99.00   99.00   99.00   99.00   99.00   99.00   99.00   99.00   99.00   99.00   99.00   99.00
        99.00   99.00   99.00   99.00   99.00   99.00   99.00
0 39    99.00   99.00   99.00   99.00   99.00   99.00   99.00   99.00   99.00   99.00   99.00   99.00   99.00   99.00   99.00
        99.00   99.00   99.00   99.00   99.00   99.00   99.00   99.00   99.00   99.00   99.00   99.00   99.00   99.00   99.00
        99.00   99.00   99.00   99.00   99.00   99.00   99.00
0HEAD WILL BE SAVED ON UNIT 30 AT END OF TIME STEP  1, STRESS PERIOD  1
0


                              VOLUMETRIC BUDGET FOR ENTIRE MODEL AT END OF TIME STEP  1 IN STRESS PERIOD  1
                              -----------------------------------------------------------------------------
0                   CUMULATIVE VOLUMES      L**3                                     RATES FOR THIS TIME STEP      L**3/T
                    ------------------                                               ------------------------

                          IN:                                                                    IN:
                          ---                                                                    ---
                            STORAGE =    .00000                                                    STORAGE =    .00000    
                      CONSTANT HEAD =    2552.8                                              CONSTANT HEAD =    .29546E-01
                           RECHARGE =    65881.                                                   RECHARGE =    .76251    
0                          TOTAL IN =    68434.                                                   TOTAL IN =    .79206    
0                        OUT:                                                                   OUT:
                         ----                                                                   ----
                            STORAGE =    .00000                                                    STORAGE =    .00000    
                      CONSTANT HEAD =    68410.                                              CONSTANT HEAD =    .79179    
                           RECHARGE =    .00000                                                   RECHARGE =    .00000    
0                         TOTAL OUT =    68410.                                                  TOTAL OUT =    .79179    
0                          IN - OUT =    23.508                                                   IN - OUT =    .27215E-03
0               PERCENT DISCREPANCY =                 .03                              PERCENT DISCREPANCY =                 .03



0


          TIME SUMMARY AT END OF TIME STEP  1 IN STRESS PERIOD  1
                               SECONDS        MINUTES         HOURS          DAYS           YEARS
                           ---------------------------------------------------------------------------
      TIME STEP LENGTH         86400.0        1440.00        24.0000        1.00000        .273785E-02
    STRESS PERIOD TIME         86400.0        1440.00        24.0000        1.00000        .273785E-02
 TOTAL SIMULATION TIME         86400.0        1440.00        24.0000        1.00000        .273785E-02
1
