1                    U.S. GEOLOGICAL SURVEY MODULAR FINITE-DIFFERENCE GROUND-WATER MODEL
0SUPERPOSITION PROBLEM   PART C                                                  3/15/90  PFA                                    
    1 LAYERS         7 ROWS         7 COLUMNS
   1 STRESS PERIOD(S) IN SIMULATION
 MODEL TIME UNIT IS DAYS
0I/O UNITS:
 ELEMENT OF IUNIT:  1  2  3  4  5  6  7  8  9 10 11 12 13 14 15 16 17 18 19 20 21 22 23 24
         I/O UNIT: 11 12  0  0  0  0  0  0 19  0  0 22  0  0  0  0  0  0  0  0  0  0  0  0
0BAS1 -- BASIC MODEL PACKAGE, VERSION 1, 9/1/87 INPUT READ FROM UNIT  1
 ARRAYS RHS AND BUFF WILL SHARE MEMORY.
 START HEAD WILL NOT BE SAVED -- DRAWDOWN CANNOT BE CALCULATED
      410 ELEMENTS IN X ARRAY ARE USED BY BAS
      410 ELEMENTS OF X ARRAY USED OUT OF   80000
0BCF1 -- BLOCK-CENTERED FLOW PACKAGE, VERSION 1, 9/1/87 INPUT READ FROM UNIT 11
 STEADY-STATE SIMULATION
 CONSTANT HEAD CELL-BY-CELL FLOWS WILL BE PRINTED
      LAYER  AQUIFER TYPE
      -------------------
         1         0
        1 ELEMENTS IN X ARRAY ARE USED BY BCF
      411 ELEMENTS OF X ARRAY USED OUT OF   80000
0WEL1 -- WELL PACKAGE, VERSION 1, 9/1/87 INPUT READ FROM 12
 MAXIMUM OF    1 WELLS
        4 ELEMENTS IN X ARRAY ARE USED FOR WELLS
      415 ELEMENTS OF X ARRAY USED OUT OF   80000
0SIP1 -- STRONGLY IMPLICIT PROCEDURE SOLUTION PACKAGE, VERSION 1, 9/1/87 INPUT READ FROM UNIT 19
 MAXIMUM OF  50 ITERATIONS ALLOWED FOR CLOSURE
  5 ITERATION PARAMETERS
      401 ELEMENTS IN X ARRAY ARE USED BY SIP
      816 ELEMENTS OF X ARRAY USED OUT OF   80000
1SUPERPOSITION PROBLEM   PART C                                                  3/15/90  PFA                                    
0


                                        BOUNDARY ARRAY FOR LAYER  1 WILL BE READ ON UNIT  1 USING FORMAT: (40I2)              
                              ------------------------------------------------------------------------------------------------

       1  2  3  4  5  6  7
 ..............................
0  1  -1 -1 -1 -1 -1 -1 -1
0  2   1  1  1  1  1  1 -1
0  3   1  1  1  1  1  1 -1
0  4   1  1  1  1  1  1 -1
0  5   1  1  1  1  1  1 -1
0  6   1  1  1  1  1  1 -1
0  7   1  1  1  1  1  1 -1
0AQUIFER HEAD WILL BE SET TO  .00000     AT ALL NO-FLOW NODES (IBOUND=0).
0                                                                INITIAL HEAD =   .0000000     FOR LAYER  1
0HEAD PRINT FORMAT IS FORMAT NUMBER  -4    DRAWDOWN PRINT FORMAT IS FORMAT NUMBER   0
0HEADS WILL BE SAVED ON UNIT 35    DRAWDOWNS WILL BE SAVED ON UNIT  0
0OUTPUT CONTROL IS SPECIFIED EVERY TIME STEP
0                                                    COLUMN TO ROW ANISOTROPY =   1.000000    
0                                                                        DELR =   500.0000    
0                                                                        DELC =   500.0000    
0                                                        TRANSMIS. ALONG ROWS =   500.0000     FOR LAYER  1
0


                                                         SOLUTION BY THE STRONGLY IMPLICIT PROCEDURE
                                                         -------------------------------------------
0                                               MAXIMUM ITERATIONS ALLOWED FOR CLOSURE =       50
                                                                ACCELERATION PARAMETER =     1.0000    
                                                     HEAD CHANGE CRITERION FOR CLOSURE =     .10000E-01
                                                     SIP HEAD CHANGE PRINTOUT INTERVAL =        1
0                                                    CALCULATE ITERATION PARAMETERS FROM MODEL CALCULATED WSEED
1                                                   STRESS PERIOD NO.   1, LENGTH =   1.000000    
                                                    ----------------------------------------------

                                                    NUMBER OF TIME STEPS =     1

                                                     MULTIPLIER FOR DELT =     1.000

                                                  INITIAL TIME STEP SIZE =   1.000000    
0             1 WELLS
                                                LAYER    ROW    COL    STRESS RATE   WELL NO.
                                                ---------------------------------------------
                                                  1       5      3     -8000.0           1
0AVERAGE SEED =  .05035512
 MINIMUM SEED =  .05035512
0
    5 ITERATION PARAMETERS CALCULATED FROM AVERAGE SEED:

             .0000000E+00   .5262918E+00   .7756006E+00   .8937001E+00   .9496449E+00
0
    11 ITERATIONS FOR TIME STEP   1 IN STRESS PERIOD  1
0MAXIMUM HEAD CHANGE FOR EACH ITERATION:
0 HEAD CHANGE LAYER,ROW,COL HEAD CHANGE LAYER,ROW,COL HEAD CHANGE LAYER,ROW,COL HEAD CHANGE LAYER,ROW,COL HEAD CHANGE LAYER,ROW,COL
 ------------------------------------------------------------------------------------------------------------------------------------
   -5.862     (  1,  5,  3)  -2.057     (  1,  6,  2)  -1.992     (  1,  7,  2)  -1.715     (  1,  7,  1)  -.8419     (  1,  7,  2)
   -.6143E-01 (  1,  5,  5)  -.5509E-01 (  1,  6,  4)  -.7264E-01 (  1,  7,  1)  -.5474E-01 (  1,  7,  2)  -.3434E-01 (  1,  7,  1)
   -.2292E-02 (  1,  7,  5)
0
0HEAD/DRAWDOWN PRINTOUT FLAG = 1     TOTAL BUDGET PRINTOUT FLAG = 1     CELL-BY-CELL FLOW TERM FLAG = 1
0OUTPUT FLAGS FOR ALL LAYERS ARE THE SAME:
   HEAD    DRAWDOWN  HEAD  DRAWDOWN
 PRINTOUT  PRINTOUT  SAVE    SAVE
 ----------------------------------
     1         0       1       0
0   CONSTANT HEAD   PERIOD  1   STEP  1   LAYER  1   ROW   1   COL   1   RATE    893.6370    
0   CONSTANT HEAD   PERIOD  1   STEP  1   LAYER  1   ROW   1   COL   2   RATE    890.5743    
0   CONSTANT HEAD   PERIOD  1   STEP  1   LAYER  1   ROW   1   COL   3   RATE    840.2561    
0   CONSTANT HEAD   PERIOD  1   STEP  1   LAYER  1   ROW   1   COL   4   RATE    679.1781    
0   CONSTANT HEAD   PERIOD  1   STEP  1   LAYER  1   ROW   1   COL   5   RATE    462.1656    
0   CONSTANT HEAD   PERIOD  1   STEP  1   LAYER  1   ROW   1   COL   6   RATE    231.1239    
0   CONSTANT HEAD   PERIOD  1   STEP  1   LAYER  1   ROW   1   COL   7   RATE    .0000000    
0   CONSTANT HEAD   PERIOD  1   STEP  1   LAYER  1   ROW   2   COL   7   RATE    231.1239    
0   CONSTANT HEAD   PERIOD  1   STEP  1   LAYER  1   ROW   3   COL   7   RATE    462.1674    
0   CONSTANT HEAD   PERIOD  1   STEP  1   LAYER  1   ROW   4   COL   7   RATE    679.1755    
0   CONSTANT HEAD   PERIOD  1   STEP  1   LAYER  1   ROW   5   COL   7   RATE    840.2465    
0   CONSTANT HEAD   PERIOD  1   STEP  1   LAYER  1   ROW   6   COL   7   RATE    890.5767    
0   CONSTANT HEAD   PERIOD  1   STEP  1   LAYER  1   ROW   7   COL   7   RATE    893.6470    
1                      HEAD IN LAYER  1 AT END OF TIME STEP  1 IN STRESS PERIOD  1
           -----------------------------------------------------------------------

           1       2       3       4       5       6       7
 ................................................................
0  1      .00     .00     .00     .00     .00     .00     .00
0  2    -1.79   -1.78   -1.68   -1.36    -.92    -.46     .00
0  3    -3.58   -3.66   -3.58   -2.83   -1.88    -.92     .00
0  4    -5.30   -5.69   -6.16   -4.50   -2.83   -1.36     .00
0  5    -6.63   -7.62  -10.89   -6.16   -3.58   -1.68     .00
0  6    -6.96   -7.29   -7.62   -5.69   -3.66   -1.78     .00
0  7    -6.96   -6.96   -6.63   -5.30   -3.58   -1.79     .00
0HEAD WILL BE SAVED ON UNIT 35 AT END OF TIME STEP  1, STRESS PERIOD  1
0


                              VOLUMETRIC BUDGET FOR ENTIRE MODEL AT END OF TIME STEP  1 IN STRESS PERIOD  1
                              -----------------------------------------------------------------------------
0                   CUMULATIVE VOLUMES      L**3                                     RATES FOR THIS TIME STEP      L**3/T
                    ------------------                                               ------------------------

                          IN:                                                                    IN:
                          ---                                                                    ---
                            STORAGE =    .00000                                                    STORAGE =    .00000    
                      CONSTANT HEAD =    7993.9                                              CONSTANT HEAD =    7993.9    
                              WELLS =    .00000                                                      WELLS =    .00000    
0                          TOTAL IN =    7993.9                                                   TOTAL IN =    7993.9    
0                        OUT:                                                                   OUT:
                         ----                                                                   ----
                            STORAGE =    .00000                                                    STORAGE =    .00000    
                      CONSTANT HEAD =    .00000                                              CONSTANT HEAD =    .00000    
                              WELLS =    8000.0                                                      WELLS =    8000.0    
0                         TOTAL OUT =    8000.0                                                  TOTAL OUT =    8000.0    
0                          IN - OUT =   -6.1274                                                   IN - OUT =   -6.1274    
0               PERCENT DISCREPANCY =                -.08                              PERCENT DISCREPANCY =                -.08



0


          TIME SUMMARY AT END OF TIME STEP  1 IN STRESS PERIOD  1
                               SECONDS        MINUTES         HOURS          DAYS           YEARS
                           ---------------------------------------------------------------------------
      TIME STEP LENGTH         86400.0        1440.00        24.0000        1.00000        .273785E-02
    STRESS PERIOD TIME         86400.0        1440.00        24.0000        1.00000        .273785E-02
 TOTAL SIMULATION TIME         86400.0        1440.00        24.0000        1.00000        .273785E-02
1
