1                    U.S. GEOLOGICAL SURVEY MODULAR FINITE-DIFFERENCE GROUND-WATER MODEL
0 GRID AND TIME STEPPING CONSIDERATIONS                                           4/20/90  PFA                                   
    1 LAYERS         4 ROWS         4 COLUMNS
   1 STRESS PERIOD(S) IN SIMULATION
 MODEL TIME UNIT IS DAYS
0I/O UNITS:
 ELEMENT OF IUNIT:  1  2  3  4  5  6  7  8  9 10 11 12 13 14 15 16 17 18 19 20 21 22 23 24
         I/O UNIT: 11 12  0  0  0  0 17  0 19  0  0  0  0  0  0  0  0  0  0  0  0  0  0  0
0BAS1 -- BASIC MODEL PACKAGE, VERSION 1, 9/1/87 INPUT READ FROM UNIT  1
 ARRAYS RHS AND BUFF WILL SHARE MEMORY.
 START HEAD WILL BE SAVED
      156 ELEMENTS IN X ARRAY ARE USED BY BAS
      156 ELEMENTS OF X ARRAY USED OUT OF   80000
0BCF1 -- BLOCK-CENTERED FLOW PACKAGE, VERSION 1, 9/1/87 INPUT READ FROM UNIT 11
 TRANSIENT SIMULATION
      LAYER  AQUIFER TYPE
      -------------------
         1         0
       17 ELEMENTS IN X ARRAY ARE USED BY BCF
      173 ELEMENTS OF X ARRAY USED OUT OF   80000
0WEL1 -- WELL PACKAGE, VERSION 1, 9/1/87 INPUT READ FROM 12
 MAXIMUM OF    1 WELLS
        4 ELEMENTS IN X ARRAY ARE USED FOR WELLS
      177 ELEMENTS OF X ARRAY USED OUT OF   80000
0GHB1 -- GHB PACKAGE, VERSION 1, 9/1/87 INPUT READ FROM UNIT 17
 MAXIMUM OF    4 HEAD-DEPENDENT BOUNDARY NODES
       20 ELEMENTS IN X ARRAY ARE USED FOR HEAD-DEPENDENT BOUNDARIES
      197 ELEMENTS OF X ARRAY USED OUT OF   80000
0SIP1 -- STRONGLY IMPLICIT PROCEDURE SOLUTION PACKAGE, VERSION 1, 9/1/87 INPUT READ FROM UNIT 19
 MAXIMUM OF  50 ITERATIONS ALLOWED FOR CLOSURE
  5 ITERATION PARAMETERS
      269 ELEMENTS IN X ARRAY ARE USED BY SIP
      466 ELEMENTS OF X ARRAY USED OUT OF   80000
1 GRID AND TIME STEPPING CONSIDERATIONS                                           4/20/90  PFA                                   
0                                                              BOUNDARY ARRAY =              1 FOR LAYER  1
0AQUIFER HEAD WILL BE SET TO  .00000     AT ALL NO-FLOW NODES (IBOUND=0).
0                                                                INITIAL HEAD =   .0000000     FOR LAYER  1
0DEFAULT OUTPUT CONTROL -- THE FOLLOWING OUTPUT COMES AT THE END OF EACH STRESS PERIOD:
 TOTAL VOLUMETRIC BUDGET
           HEAD
           DRAWDOWN
0                                                    COLUMN TO ROW ANISOTROPY =   1.000000    
0


                                                  DELR WILL BE READ ON UNIT 11 USING FORMAT: (7G11.4)            
                              -------------------------------------------------------------------------------

   2500.0       5000.0       5000.0       2500.0    
0


                                                  DELC WILL BE READ ON UNIT 11 USING FORMAT: (7G11.4)            
                              -------------------------------------------------------------------------------

   2500.0       5000.0       5000.0       2500.0    
0                                                        PRIMARY STORAGE COEF =   .2500000E-03 FOR LAYER  1
0                                                        TRANSMIS. ALONG ROWS =   2400.000     FOR LAYER  1
0


                                                         SOLUTION BY THE STRONGLY IMPLICIT PROCEDURE
                                                         -------------------------------------------
0                                               MAXIMUM ITERATIONS ALLOWED FOR CLOSURE =       50
                                                                ACCELERATION PARAMETER =     1.0000    
                                                     HEAD CHANGE CRITERION FOR CLOSURE =     .10000E-03
                                                     SIP HEAD CHANGE PRINTOUT INTERVAL =        1
0                                                    CALCULATE ITERATION PARAMETERS FROM MODEL CALCULATED WSEED
1                                                   STRESS PERIOD NO.   1, LENGTH =   20.00000    
                                                    ----------------------------------------------

                                                    NUMBER OF TIME STEPS =    10

                                                     MULTIPLIER FOR DELT =     1.414

                                                  INITIAL TIME STEP SIZE =   .2675135    
0             1 WELLS
                                                LAYER    ROW    COL    STRESS RATE   WELL NO.
                                                ---------------------------------------------
                                                  1       3      2     -15000.           1
0

     4 HEAD-DEPENDENT BOUNDARY NODES
0               LAYER     ROW     COL   ELEVATION   CONDUCTANCE   BOUND NO.
                ------------------------------------------------------------
                   1        1       1    .0000         4800.           1
                   1        1       2    .0000         9600.           2
                   1        1       3    .0000         9600.           3
                   1        1       4    .0000         4800.           4
0AVERAGE SEED =  .11365670
 MINIMUM SEED =  .08411594
0
    5 ITERATION PARAMETERS CALCULATED FROM AVERAGE SEED:

             .0000000E+00   .4193710E+00   .6628700E+00   .8042525E+00   .8863434E+00
0
     3 ITERATIONS FOR TIME STEP   1 IN STRESS PERIOD  1
0MAXIMUM HEAD CHANGE FOR EACH ITERATION:
0 HEAD CHANGE LAYER,ROW,COL HEAD CHANGE LAYER,ROW,COL HEAD CHANGE LAYER,ROW,COL HEAD CHANGE LAYER,ROW,COL HEAD CHANGE LAYER,ROW,COL
 ------------------------------------------------------------------------------------------------------------------------------------
   -.4539     (  1,  3,  2)  -.1532E-01 (  1,  4,  1)   .7307E-04 (  1,  4,  2)
0
     4 ITERATIONS FOR TIME STEP   2 IN STRESS PERIOD  1
0MAXIMUM HEAD CHANGE FOR EACH ITERATION:
0 HEAD CHANGE LAYER,ROW,COL HEAD CHANGE LAYER,ROW,COL HEAD CHANGE LAYER,ROW,COL HEAD CHANGE LAYER,ROW,COL HEAD CHANGE LAYER,ROW,COL
 ------------------------------------------------------------------------------------------------------------------------------------
   -.4358     (  1,  3,  2)  -.2365E-01 (  1,  4,  1)   .1244E-03 (  1,  4,  2)  -.5365E-05 (  1,  4,  1)
0
     4 ITERATIONS FOR TIME STEP   3 IN STRESS PERIOD  1
0MAXIMUM HEAD CHANGE FOR EACH ITERATION:
0 HEAD CHANGE LAYER,ROW,COL HEAD CHANGE LAYER,ROW,COL HEAD CHANGE LAYER,ROW,COL HEAD CHANGE LAYER,ROW,COL HEAD CHANGE LAYER,ROW,COL
 ------------------------------------------------------------------------------------------------------------------------------------
   -.4126     (  1,  3,  2)  -.3516E-01 (  1,  4,  1)  -.4349E-03 (  1,  4,  4)  -.9486E-05 (  1,  4,  1)
0
     4 ITERATIONS FOR TIME STEP   4 IN STRESS PERIOD  1
0MAXIMUM HEAD CHANGE FOR EACH ITERATION:
0 HEAD CHANGE LAYER,ROW,COL HEAD CHANGE LAYER,ROW,COL HEAD CHANGE LAYER,ROW,COL HEAD CHANGE LAYER,ROW,COL HEAD CHANGE LAYER,ROW,COL
 ------------------------------------------------------------------------------------------------------------------------------------
   -.3971     (  1,  3,  2)  -.5209E-01 (  1,  4,  1)  -.1436E-02 (  1,  4,  4)  -.1390E-04 (  1,  4,  1)
0
     4 ITERATIONS FOR TIME STEP   5 IN STRESS PERIOD  1
0MAXIMUM HEAD CHANGE FOR EACH ITERATION:
0 HEAD CHANGE LAYER,ROW,COL HEAD CHANGE LAYER,ROW,COL HEAD CHANGE LAYER,ROW,COL HEAD CHANGE LAYER,ROW,COL HEAD CHANGE LAYER,ROW,COL
 ------------------------------------------------------------------------------------------------------------------------------------
   -.4002     (  1,  4,  2)  -.7742E-01 (  1,  4,  1)  -.4163E-02 (  1,  4,  4)  -.5651E-04 (  1,  3,  4)
0
     5 ITERATIONS FOR TIME STEP   6 IN STRESS PERIOD  1
0MAXIMUM HEAD CHANGE FOR EACH ITERATION:
0 HEAD CHANGE LAYER,ROW,COL HEAD CHANGE LAYER,ROW,COL HEAD CHANGE LAYER,ROW,COL HEAD CHANGE LAYER,ROW,COL HEAD CHANGE LAYER,ROW,COL
 ------------------------------------------------------------------------------------------------------------------------------------
   -.4281     (  1,  4,  2)  -.1121     (  1,  4,  1)  -.1044E-01 (  1,  4,  4)  -.3205E-03 (  1,  3,  4)  -.1089E-04 (  1,  2,  3)
0
     5 ITERATIONS FOR TIME STEP   7 IN STRESS PERIOD  1
0MAXIMUM HEAD CHANGE FOR EACH ITERATION:
0 HEAD CHANGE LAYER,ROW,COL HEAD CHANGE LAYER,ROW,COL HEAD CHANGE LAYER,ROW,COL HEAD CHANGE LAYER,ROW,COL HEAD CHANGE LAYER,ROW,COL
 ------------------------------------------------------------------------------------------------------------------------------------
   -.4277     (  1,  4,  2)  -.1516     (  1,  4,  1)  -.2217E-01 (  1,  4,  4)  -.1331E-02 (  1,  4,  1)  -.5379E-04 (  1,  2,  3)
0
     6 ITERATIONS FOR TIME STEP   8 IN STRESS PERIOD  1
0MAXIMUM HEAD CHANGE FOR EACH ITERATION:
0 HEAD CHANGE LAYER,ROW,COL HEAD CHANGE LAYER,ROW,COL HEAD CHANGE LAYER,ROW,COL HEAD CHANGE LAYER,ROW,COL HEAD CHANGE LAYER,ROW,COL
 ------------------------------------------------------------------------------------------------------------------------------------
   -.3975     (  1,  4,  2)  -.1848     (  1,  4,  1)  -.3912E-01 (  1,  4,  4)  -.4024E-02 (  1,  4,  1)  -.2028E-03 (  1,  2,  3)
   -.2518E-04 (  1,  3,  4)
0
     6 ITERATIONS FOR TIME STEP   9 IN STRESS PERIOD  1
0MAXIMUM HEAD CHANGE FOR EACH ITERATION:
0 HEAD CHANGE LAYER,ROW,COL HEAD CHANGE LAYER,ROW,COL HEAD CHANGE LAYER,ROW,COL HEAD CHANGE LAYER,ROW,COL HEAD CHANGE LAYER,ROW,COL
 ------------------------------------------------------------------------------------------------------------------------------------
   -.3434     (  1,  4,  4)  -.1976     (  1,  4,  1)  -.5634E-01 (  1,  4,  4)  -.8702E-02 (  1,  4,  1)  -.6612E-03 (  1,  4,  3)
   -.5371E-04 (  1,  3,  4)
0
     6 ITERATIONS FOR TIME STEP  10 IN STRESS PERIOD  1
0MAXIMUM HEAD CHANGE FOR EACH ITERATION:
0 HEAD CHANGE LAYER,ROW,COL HEAD CHANGE LAYER,ROW,COL HEAD CHANGE LAYER,ROW,COL HEAD CHANGE LAYER,ROW,COL HEAD CHANGE LAYER,ROW,COL
 ------------------------------------------------------------------------------------------------------------------------------------
   -.2756     (  1,  4,  4)  -.1809     (  1,  4,  1)  -.6530E-01 (  1,  4,  4)  -.1378E-01 (  1,  4,  1)  -.1639E-02 (  1,  4,  4)
   -.9528E-04 (  1,  3,  4)
0
1                      HEAD IN LAYER  1 AT END OF TIME STEP 10 IN STRESS PERIOD  1
           -----------------------------------------------------------------------

            1           2           3           4
 .....................................................
0  1   -.4754      -.4768      -.3762      -.3445    
0  2   -1.911      -1.956      -1.493      -1.356    
0  3   -3.809      -4.557      -2.806      -2.444    
0  4   -3.875      -4.018      -2.972      -2.671    
1                  DRAWDOWN IN LAYER  1 AT END OF TIME STEP 10 IN STRESS PERIOD  1
           -----------------------------------------------------------------------

            1           2           3           4
 .....................................................
0  1    .4754       .4768       .3762       .3445    
0  2    1.911       1.956       1.493       1.356    
0  3    3.809       4.557       2.806       2.444    
0  4    3.875       4.018       2.972       2.671    
0


                              VOLUMETRIC BUDGET FOR ENTIRE MODEL AT END OF TIME STEP 10 IN STRESS PERIOD  1
                              -----------------------------------------------------------------------------
0                   CUMULATIVE VOLUMES      L**3                                     RATES FOR THIS TIME STEP      L**3/T
                    ------------------                                               ------------------------

                          IN:                                                                    IN:
                          ---                                                                    ---
                            STORAGE =    .13334E+06                                                STORAGE =    2874.4    
                      CONSTANT HEAD =    .00000                                              CONSTANT HEAD =    .00000    
                              WELLS =    .00000                                                      WELLS =    .00000    
                    HEAD DEP BOUNDS =    .16665E+06                                        HEAD DEP BOUNDS =    12125.    
0                          TOTAL IN =    .29999E+06                                               TOTAL IN =    14999.    
0                        OUT:                                                                   OUT:
                         ----                                                                   ----
                            STORAGE =    .00000                                                    STORAGE =    .00000    
                      CONSTANT HEAD =    .00000                                              CONSTANT HEAD =    .00000    
                              WELLS =    .30000E+06                                                  WELLS =    15000.    
                    HEAD DEP BOUNDS =    .00000                                            HEAD DEP BOUNDS =    .00000    
0                         TOTAL OUT =    .30000E+06                                              TOTAL OUT =    15000.    
0                          IN - OUT =   -5.3438                                                   IN - OUT =   -.57324    
0               PERCENT DISCREPANCY =                -.00                              PERCENT DISCREPANCY =                -.00



0


          TIME SUMMARY AT END OF TIME STEP 10 IN STRESS PERIOD  1
                               SECONDS        MINUTES         HOURS          DAYS           YEARS
                           ---------------------------------------------------------------------------
      TIME STEP LENGTH         522281.        8704.68        145.078        6.04492        .165501E-01
    STRESS PERIOD TIME         .172800E+07    28800.0        480.000        20.0000        .547570E-01
 TOTAL SIMULATION TIME         .172800E+07    28800.0        480.000        20.0000        .547570E-01
1
