1                    U.S. GEOLOGICAL SURVEY MODULAR FINITE-DIFFERENCE GROUND-WATER MODEL
0CALIBRATION AND PREDICTION                                                      3/15/90 PFA    (PART A)                         
    1 LAYERS        15 ROWS        15 COLUMNS
   1 STRESS PERIOD(S) IN SIMULATION
 MODEL TIME UNIT IS SECONDS
0I/O UNITS:
 ELEMENT OF IUNIT:  1  2  3  4  5  6  7  8  9 10 11 12 13 14 15 16 17 18 19 20 21 22 23 24
         I/O UNIT: 11  0  0 14  0  0  0 18 19  0  0  0  0  0  0  0  0  0  0  0  0  0  0  0
0BAS1 -- BASIC MODEL PACKAGE, VERSION 1, 9/1/87 INPUT READ FROM UNIT  1
 ARRAYS RHS AND BUFF WILL SHARE MEMORY.
 START HEAD WILL NOT BE SAVED -- DRAWDOWN CANNOT BE CALCULATED
     1834 ELEMENTS IN X ARRAY ARE USED BY BAS
     1834 ELEMENTS OF X ARRAY USED OUT OF   80000
0BCF1 -- BLOCK-CENTERED FLOW PACKAGE, VERSION 1, 9/1/87 INPUT READ FROM UNIT 11
 STEADY-STATE SIMULATION
      LAYER  AQUIFER TYPE
      -------------------
         1         0
        1 ELEMENTS IN X ARRAY ARE USED BY BCF
     1835 ELEMENTS OF X ARRAY USED OUT OF   80000
0RCH1 -- RECHARGE PACKAGE, VERSION 1, 9/1/87 INPUT READ FROM UNIT 18
 OPTION 1 -- RECHARGE TO TOP LAYER
      225 ELEMENTS OF X ARRAY USED FOR RECHARGE
     2060 ELEMENTS OF X ARRAY USED OUT OF   80000
0RIV1 -- RIVER PACKAGE, VERSION 1, 9/1/87 INPUT READ FROM UNIT 14
 MAXIMUM OF   15 RIVER NODES
       90 ELEMENTS IN X ARRAY ARE USED FOR RIVERS
     2150 ELEMENTS OF X ARRAY USED OUT OF   80000
0SIP1 -- STRONGLY IMPLICIT PROCEDURE SOLUTION PACKAGE, VERSION 1, 9/1/87 INPUT READ FROM UNIT 19
 MAXIMUM OF  50 ITERATIONS ALLOWED FOR CLOSURE
  5 ITERATION PARAMETERS
     1105 ELEMENTS IN X ARRAY ARE USED BY SIP
     3255 ELEMENTS OF X ARRAY USED OUT OF   80000
1CALIBRATION AND PREDICTION                                                      3/15/90 PFA    (PART A)                         
0                                                              BOUNDARY ARRAY =              1 FOR LAYER  1
0AQUIFER HEAD WILL BE SET TO  .00000     AT ALL NO-FLOW NODES (IBOUND=0).
0                                                                INITIAL HEAD =   100.0000     FOR LAYER  1
0DEFAULT OUTPUT CONTROL -- THE FOLLOWING OUTPUT COMES AT THE END OF EACH STRESS PERIOD:
 TOTAL VOLUMETRIC BUDGET
           HEAD
0                                                    COLUMN TO ROW ANISOTROPY =   1.000000    
0                                                                        DELR =   500.0000    
0                                                                        DELC =   500.0000    
0                                                        TRANSMIS. ALONG ROWS =   .1000000E-01 FOR LAYER  1
0


                                                         SOLUTION BY THE STRONGLY IMPLICIT PROCEDURE
                                                         -------------------------------------------
0                                               MAXIMUM ITERATIONS ALLOWED FOR CLOSURE =       50
                                                                ACCELERATION PARAMETER =     1.0000    
                                                     HEAD CHANGE CRITERION FOR CLOSURE =     .10000E-01
                                                     SIP HEAD CHANGE PRINTOUT INTERVAL =        1
0                                                    CALCULATE ITERATION PARAMETERS FROM MODEL CALCULATED WSEED
1                                                   STRESS PERIOD NO.   1, LENGTH =   86400.00    
                                                    ----------------------------------------------

                                                    NUMBER OF TIME STEPS =     1

                                                     MULTIPLIER FOR DELT =     1.000

                                                  INITIAL TIME STEP SIZE =   86400.00    
0                                                                    RECHARGE =   .2000000E-07
0

    15 RIVER REACHES
0               LAYER     ROW     COL     STAGE     CONDUCTANCE   BOTTOM ELEVATION   RIVER REACH
                --------------------------------------------------------------------------------
                   1        4       1    100.0         .1000E-01          90.00             1
                   1        4       2    100.0         .1000E-01          90.00             2
                   1        4       3    100.0         .1000E-01          90.00             3
                   1        4       4    99.00         .1000E-01          89.00             4
                   1        4       5    99.00         .1000E-01          89.00             5
                   1        5       6    98.00         .1000E-01          88.00             6
                   1        6       7    97.00         .1000E-01          87.00             7
                   1        7       8    96.00         .1000E-01          86.00             8
                   1        8       9    95.00         .1000E-01          85.00             9
                   1        9      10    94.00         .1000E-01          84.00            10
                   1        9      11    94.00         .1000E-01          84.00            11
                   1        9      12    94.00         .1000E-01          84.00            12
                   1        9      13    94.00         .1000E-01          84.00            13
                   1        9      14    93.00         .1000E-01          83.00            14
                   1        9      15    93.00         .1000E-01          83.00            15
0AVERAGE SEED =  .01096623
 MINIMUM SEED =  .01096623
0
    5 ITERATION PARAMETERS CALCULATED FROM AVERAGE SEED:

             .0000000E+00   .6763957E+00   .8952802E+00   .9661123E+00   .9890338E+00
0
    16 ITERATIONS FOR TIME STEP   1 IN STRESS PERIOD  1
0MAXIMUM HEAD CHANGE FOR EACH ITERATION:
0 HEAD CHANGE LAYER,ROW,COL HEAD CHANGE LAYER,ROW,COL HEAD CHANGE LAYER,ROW,COL HEAD CHANGE LAYER,ROW,COL HEAD CHANGE LAYER,ROW,COL
 ------------------------------------------------------------------------------------------------------------------------------------
   -2.516     (  1,  9, 15)   2.273     (  1,  1, 15)   3.871     (  1, 15,  4)   6.814     (  1, 15,  1)   7.759     (  1, 15,  4)
    .3568     (  1,  8, 10)   .3413     (  1, 15, 15)   .4592     (  1, 15,  1)   .9481     (  1, 15,  6)   1.077     (  1, 15,  1)
    .7132E-01 (  1, 15,  9)   .6796E-01 (  1, 14,  8)   .1179     (  1, 15,  9)   .1592     (  1, 15,  1)   .1911     (  1, 15,  5)
    .6948E-02 (  1,  8, 10)
0
1                      HEAD IN LAYER  1 AT END OF TIME STEP  1 IN STRESS PERIOD  1
           -----------------------------------------------------------------------

            1           2           3           4           5           6           7           8           9          10
           11          12          13          14          15
 .............................................................................................................................
0  1    108.8       108.9       109.1       109.5       110.1       110.8       111.7       112.6       113.4       114.1    
        114.7       115.2       115.6       115.8       115.9    
0  2    108.2       108.3       108.5       108.8       109.4       110.2       111.2       112.1       113.0       113.8    
        114.4       114.9       115.2       115.4       115.6    
0  3    107.1       107.1       107.2       107.3       107.9       109.0       110.2       111.3       112.2       113.0    
        113.6       114.1       114.5       114.7       114.8    
0  4    105.4       105.3       105.2       105.0       105.4       107.3       108.8       110.1       111.1       111.9    
        112.5       113.0       113.3       113.5       113.6    
0  5    108.6       108.4       108.2       107.7       107.1       105.5       107.2       108.5       109.7       110.5    
        111.1       111.5       111.8       112.0       112.1    
0  6    111.4       111.2       110.8       110.1       109.1       107.5       105.3       106.8       108.0       108.8    
        109.4       109.7       109.9       110.0       110.1    
0  7    113.9       113.6       113.2       112.4       111.3       109.7       107.6       104.9       106.1       107.0    
        107.4       107.6       107.6       107.6       107.6    
0  8    116.1       115.9       115.4       114.6       113.4       111.9       109.9       107.4       104.2       105.1    
        105.1       105.0       104.9       104.8       104.7    
0  9    118.1       117.8       117.3       116.5       115.4       114.0       112.2       109.9       107.1       103.5    
        102.4       102.0       101.7       101.3       101.2    
0 10    119.8       119.6       119.1       118.3       117.3       116.0       114.4       112.5       110.4       108.3    
        107.0       106.2       105.7       105.4       105.2    
0 11    121.3       121.0       120.6       119.9       119.0       117.8       116.4       114.9       113.3       111.7    
        110.5       109.7       109.2       108.8       108.6    
0 12    122.5       122.3       121.8       121.2       120.4       119.3       118.1       116.9       115.5       114.3    
        113.2       112.5       111.9       111.5       111.3    
0 13    123.4       123.2       122.8       122.2       121.4       120.5       119.5       118.3       117.2       116.1    
        115.2       114.5       113.9       113.5       113.4    
0 14    124.0       123.8       123.4       122.9       122.2       121.3       120.3       119.3       118.3       117.3    
        116.5       115.8       115.3       114.9       114.7    
0 15    124.3       124.1       123.8       123.2       122.5       121.7       120.8       119.8       118.9       117.9    
        117.1       116.4       115.9       115.6       115.4    
0


                              VOLUMETRIC BUDGET FOR ENTIRE MODEL AT END OF TIME STEP  1 IN STRESS PERIOD  1
                              -----------------------------------------------------------------------------
0                   CUMULATIVE VOLUMES      L**3                                     RATES FOR THIS TIME STEP      L**3/T
                    ------------------                                               ------------------------

                          IN:                                                                    IN:
                          ---                                                                    ---
                            STORAGE =    .00000                                                    STORAGE =    .00000    
                      CONSTANT HEAD =    .00000                                              CONSTANT HEAD =    .00000    
                           RECHARGE =    97200.                                                   RECHARGE =    1.1250    
                      RIVER LEAKAGE =    .00000                                              RIVER LEAKAGE =    .00000    
0                          TOTAL IN =    97200.                                                   TOTAL IN =    1.1250    
0                        OUT:                                                                   OUT:
                         ----                                                                   ----
                            STORAGE =    .00000                                                    STORAGE =    .00000    
                      CONSTANT HEAD =    .00000                                              CONSTANT HEAD =    .00000    
                           RECHARGE =    .00000                                                   RECHARGE =    .00000    
                      RIVER LEAKAGE =    96977.                                              RIVER LEAKAGE =    1.1224    
0                         TOTAL OUT =    96977.                                                  TOTAL OUT =    1.1224    
0                          IN - OUT =    222.98                                                   IN - OUT =    .25808E-02
0               PERCENT DISCREPANCY =                 .23                              PERCENT DISCREPANCY =                 .23



0


          TIME SUMMARY AT END OF TIME STEP  1 IN STRESS PERIOD  1
                               SECONDS        MINUTES         HOURS          DAYS           YEARS
                           ---------------------------------------------------------------------------
      TIME STEP LENGTH         86400.0        1440.00        24.0000        1.00000        .273785E-02
    STRESS PERIOD TIME         86400.0        1440.00        24.0000        1.00000        .273785E-02
 TOTAL SIMULATION TIME         86400.0        1440.00        24.0000        1.00000        .273785E-02
1
