1                    U.S. GEOLOGICAL SURVEY MODULAR FINITE-DIFFERENCE GROUND-WATER MODEL
0theis problem  full grid                                                        1/4/90  pfa                                     
    1 LAYERS        19 ROWS        19 COLUMNS
   1 STRESS PERIOD(S) IN SIMULATION
 MODEL TIME UNIT IS SECONDS
0I/O UNITS:
 ELEMENT OF IUNIT:  1  2  3  4  5  6  7  8  9 10 11 12 13 14 15 16 17 18 19 20 21 22 23 24
         I/O UNIT: 11 12  0  0  0  0  0  0 19  0  0 22  0  0  0  0  0  0  0  0  0  0  0  0
0BAS1 -- BASIC MODEL PACKAGE, VERSION 1, 9/1/87 INPUT READ FROM UNIT  1
 ARRAYS RHS AND BUFF WILL SHARE MEMORY.
 START HEAD WILL BE SAVED
     3291 ELEMENTS IN X ARRAY ARE USED BY BAS
     3291 ELEMENTS OF X ARRAY USED OUT OF  100000
0BCF1 -- BLOCK-CENTERED FLOW PACKAGE, VERSION 1, 9/1/87 INPUT READ FROM UNIT 11
 TRANSIENT SIMULATION
      LAYER  AQUIFER TYPE
      -------------------
         1         0
      362 ELEMENTS IN X ARRAY ARE USED BY BCF
     3653 ELEMENTS OF X ARRAY USED OUT OF  100000
0WEL1 -- WELL PACKAGE, VERSION 1, 9/1/87 INPUT READ FROM 12
 MAXIMUM OF    1 WELLS
        4 ELEMENTS IN X ARRAY ARE USED FOR WELLS
     3657 ELEMENTS OF X ARRAY USED OUT OF  100000
0SIP1 -- STRONGLY IMPLICIT PROCEDURE SOLUTION PACKAGE, VERSION 1, 9/1/87 INPUT READ FROM UNIT 19
 MAXIMUM OF  50 ITERATIONS ALLOWED FOR CLOSURE
  5 ITERATION PARAMETERS
     1649 ELEMENTS IN X ARRAY ARE USED BY SIP
     5306 ELEMENTS OF X ARRAY USED OUT OF  100000
1theis problem  full grid                                                        1/4/90  pfa                                     
0                                                              BOUNDARY ARRAY =              1 FOR LAYER  1
0AQUIFER HEAD WILL BE SET TO  999.00     AT ALL NO-FLOW NODES (IBOUND=0).
0                                                                INITIAL HEAD =   .0000000     FOR LAYER  1
0HEAD PRINT FORMAT IS FORMAT NUMBER  10    DRAWDOWN PRINT FORMAT IS FORMAT NUMBER  10
0HEADS WILL BE SAVED ON UNIT  0    DRAWDOWNS WILL BE SAVED ON UNIT  0
0OUTPUT CONTROL IS SPECIFIED EVERY TIME STEP
0                                                    COLUMN TO ROW ANISOTROPY =   1.000000    
0


                                                  DELR WILL BE READ ON UNIT 11 USING FORMAT: (7G11.4)            
                              -------------------------------------------------------------------------------

   300.00       200.00       150.00       100.00       80.000       60.000       40.000       30.000       30.000       20.000    
   30.000       30.000       40.000       60.000       80.000       100.00       150.00       200.00       300.00    
0


                                                  DELC WILL BE READ ON UNIT 11 USING FORMAT: (7G11.4)            
                              -------------------------------------------------------------------------------

   300.00       200.00       150.00       100.00       80.000       60.000       40.000       30.000       30.000       20.000    
   30.000       30.000       40.000       60.000       80.000       100.00       150.00       200.00       300.00    
0                                                        PRIMARY STORAGE COEF =   .7500000E-03 FOR LAYER  1
0                                                        TRANSMIS. ALONG ROWS =   .2300000E-02 FOR LAYER  1
0


                                                         SOLUTION BY THE STRONGLY IMPLICIT PROCEDURE
                                                         -------------------------------------------
0                                               MAXIMUM ITERATIONS ALLOWED FOR CLOSURE =       50
                                                                ACCELERATION PARAMETER =     1.0000    
                                                     HEAD CHANGE CRITERION FOR CLOSURE =     .10000E-03
                                                     SIP HEAD CHANGE PRINTOUT INTERVAL =        1
0                                                    CALCULATE ITERATION PARAMETERS FROM MODEL CALCULATED WSEED
1                                                   STRESS PERIOD NO.   1, LENGTH =   86400.00    
                                                    ----------------------------------------------

                                                    NUMBER OF TIME STEPS =    20

                                                     MULTIPLIER FOR DELT =     1.300

                                                  INITIAL TIME STEP SIZE =   137.1069    
0             1 WELLS
                                                LAYER    ROW    COL    STRESS RATE   WELL NO.
                                                ---------------------------------------------
                                                  1      10     10     -.40000E-02       1
0AVERAGE SEED =  .00230768
 MINIMUM SEED =  .00009053
0
    5 ITERATION PARAMETERS CALCULATED FROM AVERAGE SEED:

             .0000000E+00   .7808236E+00   .9519617E+00   .9894711E+00   .9976923E+00
0
     4 ITERATIONS FOR TIME STEP   1 IN STRESS PERIOD  1
0MAXIMUM HEAD CHANGE FOR EACH ITERATION:
0 HEAD CHANGE LAYER,ROW,COL HEAD CHANGE LAYER,ROW,COL HEAD CHANGE LAYER,ROW,COL HEAD CHANGE LAYER,ROW,COL HEAD CHANGE LAYER,ROW,COL
 ------------------------------------------------------------------------------------------------------------------------------------
   -.4806     (  1, 10, 10)  -.2019E-01 (  1,  9, 11)  -.7150E-03 (  1, 12, 10)   .3509E-04 (  1, 12,  9)
0
0HEAD/DRAWDOWN PRINTOUT FLAG = 1     TOTAL BUDGET PRINTOUT FLAG = 1     CELL-BY-CELL FLOW TERM FLAG = 0
0OUTPUT FLAGS FOR ALL LAYERS ARE THE SAME:
   HEAD    DRAWDOWN  HEAD  DRAWDOWN
 PRINTOUT  PRINTOUT  SAVE    SAVE
 ----------------------------------
     0         1       0       0
1                  DRAWDOWN IN LAYER  1 AT END OF TIME STEP  1 IN STRESS PERIOD  1
           -----------------------------------------------------------------------

         1     2     3     4     5     6     7     8     9    10    11    12    13    14    15    16    17    18    19
 ..........................................................................................................................
0  1   .000  .000  .000  .000  .000  .000  .000  .000  .000  .000  .000  .000  .000  .000  .000  .000  .000  .000  .000
0  2   .000  .000  .000  .000  .000  .000  .000  .000  .000  .000  .000  .000  .000  .000  .000  .000  .000  .000  .000
0  3   .000  .000  .000  .000  .000  .000  .000  .000  .000  .000  .000  .000  .000  .000  .000  .000  .000  .000  .000
0  4   .000  .000  .000  .000  .000  .000  .000  .000  .000  .000  .000  .000  .000  .000  .000  .000  .000  .000  .000
0  5   .000  .000  .000  .000  .000  .000  .000  .000  .000  .000  .000  .000  .000  .000  .000  .000  .000  .000  .000
0  6   .000  .000  .000  .000  .000  .000  .000  .000  .000  .000  .000  .000  .000  .000  .000  .000  .000  .000  .000
0  7   .000  .000  .000  .000  .000  .000  .000  .001  .002  .003  .002  .001  .000  .000  .000  .000  .000  .000  .000
0  8   .000  .000  .000  .000  .000  .000  .001  .004  .010  .017  .010  .004  .001  .000  .000  .000  .000  .000  .000
0  9   .000  .000  .000  .000  .000  .000  .002  .010  .037  .093  .037  .010  .002  .000  .000  .000  .000  .000  .000
0 10   .000  .000  .000  .000  .000  .000  .003  .017  .093  .491  .093  .017  .003  .000  .000  .000  .000  .000  .000
0 11   .000  .000  .000  .000  .000  .000  .002  .010  .037  .093  .037  .010  .002  .000  .000  .000  .000  .000  .000
0 12   .000  .000  .000  .000  .000  .000  .001  .004  .010  .017  .010  .004  .001  .000  .000  .000  .000  .000  .000
0 13   .000  .000  .000  .000  .000  .000  .000  .001  .002  .003  .002  .001  .000  .000  .000  .000  .000  .000  .000
0 14   .000  .000  .000  .000  .000  .000  .000  .000  .000  .000  .000  .000  .000  .000  .000  .000  .000  .000  .000
0 15   .000  .000  .000  .000  .000  .000  .000  .000  .000  .000  .000  .000  .000  .000  .000  .000  .000  .000  .000
0 16   .000  .000  .000  .000  .000  .000  .000  .000  .000  .000  .000  .000  .000  .000  .000  .000  .000  .000  .000
0 17   .000  .000  .000  .000  .000  .000  .000  .000  .000  .000  .000  .000  .000  .000  .000  .000  .000  .000  .000
0 18   .000  .000  .000  .000  .000  .000  .000  .000  .000  .000  .000  .000  .000  .000  .000  .000  .000  .000  .000
0 19   .000  .000  .000  .000  .000  .000  .000  .000  .000  .000  .000  .000  .000  .000  .000  .000  .000  .000  .000
0


                              VOLUMETRIC BUDGET FOR ENTIRE MODEL AT END OF TIME STEP  1 IN STRESS PERIOD  1
                              -----------------------------------------------------------------------------
0                   CUMULATIVE VOLUMES      L**3                                     RATES FOR THIS TIME STEP      L**3/T
                    ------------------                                               ------------------------

                          IN:                                                                    IN:
                          ---                                                                    ---
                            STORAGE =    .54843                                                    STORAGE =    .40000E-02
                      CONSTANT HEAD =    .00000                                              CONSTANT HEAD =    .00000    
                              WELLS =    .00000                                                      WELLS =    .00000    
0                          TOTAL IN =    .54843                                                   TOTAL IN =    .40000E-02
0                        OUT:                                                                   OUT:
                         ----                                                                   ----
                            STORAGE =    .00000                                                    STORAGE =    .00000    
                      CONSTANT HEAD =    .00000                                              CONSTANT HEAD =    .00000    
                              WELLS =    .54843                                                      WELLS =    .40000E-02
0                         TOTAL OUT =    .54843                                                  TOTAL OUT =    .40000E-02
0                          IN - OUT =    .11921E-06                                               IN - OUT =    .93132E-09
0               PERCENT DISCREPANCY =                 .00                              PERCENT DISCREPANCY =                 .00



0


          TIME SUMMARY AT END OF TIME STEP  1 IN STRESS PERIOD  1
                               SECONDS        MINUTES         HOURS          DAYS           YEARS
                           ---------------------------------------------------------------------------
      TIME STEP LENGTH         137.107        2.28512        .380853E-01    .158689E-02    .434466E-05
    STRESS PERIOD TIME         137.107        2.28512        .380853E-01    .158689E-02    .434466E-05
 TOTAL SIMULATION TIME         137.107        2.28512        .380853E-01    .158689E-02    .434466E-05
1
     4 ITERATIONS FOR TIME STEP   2 IN STRESS PERIOD  1
0MAXIMUM HEAD CHANGE FOR EACH ITERATION:
0 HEAD CHANGE LAYER,ROW,COL HEAD CHANGE LAYER,ROW,COL HEAD CHANGE LAYER,ROW,COL HEAD CHANGE LAYER,ROW,COL HEAD CHANGE LAYER,ROW,COL
 ------------------------------------------------------------------------------------------------------------------------------------
   -.1764     (  1, 10, 10)  -.1433E-01 (  1, 10, 10)  -.6273E-03 (  1, 12, 10)   .3618E-04 (  1, 10, 10)
0
0HEAD/DRAWDOWN PRINTOUT FLAG = 1     TOTAL BUDGET PRINTOUT FLAG = 0     CELL-BY-CELL FLOW TERM FLAG = 0
 REUSING PREVIOUS VALUES OF IOFLG
1                  DRAWDOWN IN LAYER  1 AT END OF TIME STEP  2 IN STRESS PERIOD  1
           -----------------------------------------------------------------------

         1     2     3     4     5     6     7     8     9    10    11    12    13    14    15    16    17    18    19
 ..........................................................................................................................
0  1   .000  .000  .000  .000  .000  .000  .000  .000  .000  .000  .000  .000  .000  .000  .000  .000  .000  .000  .000
0  2   .000  .000  .000  .000  .000  .000  .000  .000  .000  .000  .000  .000  .000  .000  .000  .000  .000  .000  .000
0  3   .000  .000  .000  .000  .000  .000  .000  .000  .000  .000  .000  .000  .000  .000  .000  .000  .000  .000  .000
0  4   .000  .000  .000  .000  .000  .000  .000  .000  .000  .000  .000  .000  .000  .000  .000  .000  .000  .000  .000
0  5   .000  .000  .000  .000  .000  .000  .000  .000  .000  .000  .000  .000  .000  .000  .000  .000  .000  .000  .000
0  6   .000  .000  .000  .000  .000  .000  .000  .001  .001  .001  .001  .001  .000  .000  .000  .000  .000  .000  .000
0  7   .000  .000  .000  .000  .000  .000  .002  .005  .009  .011  .009  .005  .002  .000  .000  .000  .000  .000  .000
0  8   .000  .000  .000  .000  .000  .001  .005  .015  .033  .048  .033  .015  .005  .001  .000  .000  .000  .000  .000
0  9   .000  .000  .000  .000  .000  .001  .009  .033  .094  .182  .094  .033  .009  .001  .000  .000  .000  .000  .000
0 10   .000  .000  .000  .000  .000  .001  .011  .048  .182  .682  .182  .048  .011  .001  .000  .000  .000  .000  .000
0 11   .000  .000  .000  .000  .000  .001  .009  .033  .094  .182  .094  .033  .009  .001  .000  .000  .000  .000  .000
0 12   .000  .000  .000  .000  .000  .001  .005  .015  .033  .048  .033  .015  .005  .001  .000  .000  .000  .000  .000
0 13   .000  .000  .000  .000  .000  .000  .002  .005  .009  .011  .009  .005  .002  .000  .000  .000  .000  .000  .000
0 14   .000  .000  .000  .000  .000  .000  .000  .001  .001  .001  .001  .001  .000  .000  .000  .000  .000  .000  .000
0 15   .000  .000  .000  .000  .000  .000  .000  .000  .000  .000  .000  .000  .000  .000  .000  .000  .000  .000  .000
0 16   .000  .000  .000  .000  .000  .000  .000  .000  .000  .000  .000  .000  .000  .000  .000  .000  .000  .000  .000
0 17   .000  .000  .000  .000  .000  .000  .000  .000  .000  .000  .000  .000  .000  .000  .000  .000  .000  .000  .000
0 18   .000  .000  .000  .000  .000  .000  .000  .000  .000  .000  .000  .000  .000  .000  .000  .000  .000  .000  .000
0 19   .000  .000  .000  .000  .000  .000  .000  .000  .000  .000  .000  .000  .000  .000  .000  .000  .000  .000  .000
0


          TIME SUMMARY AT END OF TIME STEP  2 IN STRESS PERIOD  1
                               SECONDS        MINUTES         HOURS          DAYS           YEARS
                           ---------------------------------------------------------------------------
      TIME STEP LENGTH         178.239        2.97065        .495108E-01    .206295E-02    .564805E-05
    STRESS PERIOD TIME         315.346        5.25577        .875961E-01    .364984E-02    .999271E-05
 TOTAL SIMULATION TIME         315.346        5.25577        .875961E-01    .364984E-02    .999271E-05
1
     4 ITERATIONS FOR TIME STEP   3 IN STRESS PERIOD  1
0MAXIMUM HEAD CHANGE FOR EACH ITERATION:
0 HEAD CHANGE LAYER,ROW,COL HEAD CHANGE LAYER,ROW,COL HEAD CHANGE LAYER,ROW,COL HEAD CHANGE LAYER,ROW,COL HEAD CHANGE LAYER,ROW,COL
 ------------------------------------------------------------------------------------------------------------------------------------
   -.8147E-01 (  1, 10, 10)  -.1632E-01 (  1, 10, 10)  -.1118E-02 (  1, 10, 10)   .3290E-04 (  1, 10, 10)
0
0HEAD/DRAWDOWN PRINTOUT FLAG = 1     TOTAL BUDGET PRINTOUT FLAG = 0     CELL-BY-CELL FLOW TERM FLAG = 0
 REUSING PREVIOUS VALUES OF IOFLG
1                  DRAWDOWN IN LAYER  1 AT END OF TIME STEP  3 IN STRESS PERIOD  1
           -----------------------------------------------------------------------

         1     2     3     4     5     6     7     8     9    10    11    12    13    14    15    16    17    18    19
 ..........................................................................................................................
0  1   .000  .000  .000  .000  .000  .000  .000  .000  .000  .000  .000  .000  .000  .000  .000  .000  .000  .000  .000
0  2   .000  .000  .000  .000  .000  .000  .000  .000  .000  .000  .000  .000  .000  .000  .000  .000  .000  .000  .000
0  3   .000  .000  .000  .000  .000  .000  .000  .000  .000  .000  .000  .000  .000  .000  .000  .000  .000  .000  .000
0  4   .000  .000  .000  .000  .000  .000  .000  .000  .000  .000  .000  .000  .000  .000  .000  .000  .000  .000  .000
0  5   .000  .000  .000  .000  .000  .000  .000  .000  .000  .000  .000  .000  .000  .000  .000  .000  .000  .000  .000
0  6   .000  .000  .000  .000  .000  .000  .002  .003  .004  .004  .004  .003  .002  .000  .000  .000  .000  .000  .000
0  7   .000  .000  .000  .000  .000  .002  .006  .013  .022  .025  .022  .013  .006  .002  .000  .000  .000  .000  .000
0  8   .000  .000  .000  .000  .000  .003  .013  .035  .066  .085  .066  .035  .013  .003  .000  .000  .000  .000  .000
0  9   .000  .000  .000  .000  .000  .004  .022  .066  .152  .255  .152  .066  .022  .004  .000  .000  .000  .000  .000
0 10   .000  .000  .000  .000  .000  .004  .025  .085  .255  .781  .255  .085  .025  .004  .000  .000  .000  .000  .000
0 11   .000  .000  .000  .000  .000  .004  .022  .066  .152  .255  .152  .066  .022  .004  .000  .000  .000  .000  .000
0 12   .000  .000  .000  .000  .000  .003  .013  .035  .066  .085  .066  .035  .013  .003  .000  .000  .000  .000  .000
0 13   .000  .000  .000  .000  .000  .002  .006  .013  .022  .025  .022  .013  .006  .002  .000  .000  .000  .000  .000
0 14   .000  .000  .000  .000  .000  .000  .002  .003  .004  .004  .004  .003  .002  .000  .000  .000  .000  .000  .000
0 15   .000  .000  .000  .000  .000  .000  .000  .000  .000  .000  .000  .000  .000  .000  .000  .000  .000  .000  .000
0 16   .000  .000  .000  .000  .000  .000  .000  .000  .000  .000  .000  .000  .000  .000  .000  .000  .000  .000  .000
0 17   .000  .000  .000  .000  .000  .000  .000  .000  .000  .000  .000  .000  .000  .000  .000  .000  .000  .000  .000
0 18   .000  .000  .000  .000  .000  .000  .000  .000  .000  .000  .000  .000  .000  .000  .000  .000  .000  .000  .000
0 19   .000  .000  .000  .000  .000  .000  .000  .000  .000  .000  .000  .000  .000  .000  .000  .000  .000  .000  .000
0


          TIME SUMMARY AT END OF TIME STEP  3 IN STRESS PERIOD  1
                               SECONDS        MINUTES         HOURS          DAYS           YEARS
                           ---------------------------------------------------------------------------
      TIME STEP LENGTH         231.711        3.86185        .643641E-01    .268184E-02    .734247E-05
    STRESS PERIOD TIME         547.057        9.11761        .151960        .633167E-02    .173352E-04
 TOTAL SIMULATION TIME         547.057        9.11761        .151960        .633167E-02    .173352E-04
1
     4 ITERATIONS FOR TIME STEP   4 IN STRESS PERIOD  1
0MAXIMUM HEAD CHANGE FOR EACH ITERATION:
0 HEAD CHANGE LAYER,ROW,COL HEAD CHANGE LAYER,ROW,COL HEAD CHANGE LAYER,ROW,COL HEAD CHANGE LAYER,ROW,COL HEAD CHANGE LAYER,ROW,COL
 ------------------------------------------------------------------------------------------------------------------------------------
   -.4945E-01 (  1, 10, 10)  -.1755E-01 (  1, 10, 10)  -.1933E-02 (  1, 10, 10)  -.4737E-04 (  1,  9, 13)
0
0HEAD/DRAWDOWN PRINTOUT FLAG = 1     TOTAL BUDGET PRINTOUT FLAG = 0     CELL-BY-CELL FLOW TERM FLAG = 0
 REUSING PREVIOUS VALUES OF IOFLG
1                  DRAWDOWN IN LAYER  1 AT END OF TIME STEP  4 IN STRESS PERIOD  1
           -----------------------------------------------------------------------

         1     2     3     4     5     6     7     8     9    10    11    12    13    14    15    16    17    18    19
 ..........................................................................................................................
0  1   .000  .000  .000  .000  .000  .000  .000  .000  .000  .000  .000  .000  .000  .000  .000  .000  .000  .000  .000
0  2   .000  .000  .000  .000  .000  .000  .000  .000  .000  .000  .000  .000  .000  .000  .000  .000  .000  .000  .000
0  3   .000  .000  .000  .000  .000  .000  .000  .000  .000  .000  .000  .000  .000  .000  .000  .000  .000  .000  .000
0  4   .000  .000  .000  .000  .000  .000  .000  .000  .000  .000  .000  .000  .000  .000  .000  .000  .000  .000  .000
0  5   .000  .000  .000  .000  .000  .000  .001  .001  .001  .002  .001  .001  .001  .000  .000  .000  .000  .000  .000
0  6   .000  .000  .000  .000  .000  .002  .004  .008  .010  .011  .010  .008  .004  .002  .000  .000  .000  .000  .000
0  7   .000  .000  .000  .000  .001  .004  .014  .028  .041  .045  .041  .028  .014  .004  .001  .000  .000  .000  .000
0  8   .000  .000  .000  .000  .001  .008  .028  .061  .103  .126  .103  .061  .028  .008  .001  .000  .000  .000  .000
0  9   .000  .000  .000  .000  .001  .010  .041  .103  .207  .316  .207  .103  .041  .010  .001  .000  .000  .000  .000
0 10   .000  .000  .000  .000  .002  .011  .045  .126  .316  .850  .316  .126  .045  .011  .002  .000  .000  .000  .000
0 11   .000  .000  .000  .000  .001  .010  .041  .103  .207  .316  .207  .103  .041  .010  .001  .000  .000  .000  .000
0 12   .000  .000  .000  .000  .001  .008  .028  .061  .103  .126  .103  .061  .028  .008  .001  .000  .000  .000  .000
0 13   .000  .000  .000  .000  .001  .004  .014  .028  .041  .045  .041  .028  .014  .004  .001  .000  .000  .000  .000
0 14   .000  .000  .000  .000  .000  .002  .004  .008  .010  .011  .010  .008  .004  .002  .000  .000  .000  .000  .000
0 15   .000  .000  .000  .000  .000  .000  .001  .001  .001  .002  .001  .001  .001  .000  .000  .000  .000  .000  .000
0 16   .000  .000  .000  .000  .000  .000  .000  .000  .000  .000  .000  .000  .000  .000  .000  .000  .000  .000  .000
0 17   .000  .000  .000  .000  .000  .000  .000  .000  .000  .000  .000  .000  .000  .000  .000  .000  .000  .000  .000
0 18   .000  .000  .000  .000  .000  .000  .000  .000  .000  .000  .000  .000  .000  .000  .000  .000  .000  .000  .000
0 19   .000  .000  .000  .000  .000  .000  .000  .000  .000  .000  .000  .000  .000  .000  .000  .000  .000  .000  .000
0


          TIME SUMMARY AT END OF TIME STEP  4 IN STRESS PERIOD  1
                               SECONDS        MINUTES         HOURS          DAYS           YEARS
                           ---------------------------------------------------------------------------
      TIME STEP LENGTH         301.224        5.02040        .836733E-01    .348639E-02    .954521E-05
    STRESS PERIOD TIME         848.281        14.1380        .235633        .981806E-02    .268804E-04
 TOTAL SIMULATION TIME         848.281        14.1380        .235633        .981806E-02    .268804E-04
1
     5 ITERATIONS FOR TIME STEP   5 IN STRESS PERIOD  1
0MAXIMUM HEAD CHANGE FOR EACH ITERATION:
0 HEAD CHANGE LAYER,ROW,COL HEAD CHANGE LAYER,ROW,COL HEAD CHANGE LAYER,ROW,COL HEAD CHANGE LAYER,ROW,COL HEAD CHANGE LAYER,ROW,COL
 ------------------------------------------------------------------------------------------------------------------------------------
   -.3570E-01 (  1, 10, 11)  -.1841E-01 (  1, 10, 10)  -.2934E-02 (  1, 10, 10)  -.1005E-03 (  1,  8, 12)   .2208E-04 (  1, 10, 10)
0
0HEAD/DRAWDOWN PRINTOUT FLAG = 1     TOTAL BUDGET PRINTOUT FLAG = 0     CELL-BY-CELL FLOW TERM FLAG = 0
 REUSING PREVIOUS VALUES OF IOFLG
1                  DRAWDOWN IN LAYER  1 AT END OF TIME STEP  5 IN STRESS PERIOD  1
           -----------------------------------------------------------------------

         1     2     3     4     5     6     7     8     9    10    11    12    13    14    15    16    17    18    19
 ..........................................................................................................................
0  1   .000  .000  .000  .000  .000  .000  .000  .000  .000  .000  .000  .000  .000  .000  .000  .000  .000  .000  .000
0  2   .000  .000  .000  .000  .000  .000  .000  .000  .000  .000  .000  .000  .000  .000  .000  .000  .000  .000  .000
0  3   .000  .000  .000  .000  .000  .000  .000  .000  .000  .000  .000  .000  .000  .000  .000  .000  .000  .000  .000
0  4   .000  .000  .000  .000  .000  .000  .000  .000  .000  .000  .000  .000  .000  .000  .000  .000  .000  .000  .000
0  5   .000  .000  .000  .000  .000  .001  .002  .003  .004  .004  .004  .003  .002  .001  .000  .000  .000  .000  .000
0  6   .000  .000  .000  .000  .001  .004  .010  .016  .020  .021  .020  .016  .010  .004  .001  .000  .000  .000  .000
0  7   .000  .000  .000  .000  .002  .010  .028  .048  .065  .071  .065  .048  .028  .010  .002  .000  .000  .000  .000
0  8   .000  .000  .000  .000  .003  .016  .048  .092  .142  .167  .142  .092  .048  .016  .003  .000  .000  .000  .000
0  9   .000  .000  .000  .000  .004  .020  .065  .142  .257  .369  .257  .142  .065  .020  .004  .000  .000  .000  .000
0 10   .000  .000  .000  .000  .004  .021  .071  .167  .369  .907  .369  .167  .071  .021  .004  .000  .000  .000  .000
0 11   .000  .000  .000  .000  .004  .020  .065  .142  .257  .369  .257  .142  .065  .020  .004  .000  .000  .000  .000
0 12   .000  .000  .000  .000  .003  .016  .048  .092  .142  .167  .142  .092  .048  .016  .003  .000  .000  .000  .000
0 13   .000  .000  .000  .000  .002  .010  .028  .048  .065  .071  .065  .048  .028  .010  .002  .000  .000  .000  .000
0 14   .000  .000  .000  .000  .001  .004  .010  .016  .020  .021  .020  .016  .010  .004  .001  .000  .000  .000  .000
0 15   .000  .000  .000  .000  .000  .001  .002  .003  .004  .004  .004  .003  .002  .001  .000  .000  .000  .000  .000
0 16   .000  .000  .000  .000  .000  .000  .000  .000  .000  .000  .000  .000  .000  .000  .000  .000  .000  .000  .000
0 17   .000  .000  .000  .000  .000  .000  .000  .000  .000  .000  .000  .000  .000  .000  .000  .000  .000  .000  .000
0 18   .000  .000  .000  .000  .000  .000  .000  .000  .000  .000  .000  .000  .000  .000  .000  .000  .000  .000  .000
0 19   .000  .000  .000  .000  .000  .000  .000  .000  .000  .000  .000  .000  .000  .000  .000  .000  .000  .000  .000
0


          TIME SUMMARY AT END OF TIME STEP  5 IN STRESS PERIOD  1
                               SECONDS        MINUTES         HOURS          DAYS           YEARS
                           ---------------------------------------------------------------------------
      TIME STEP LENGTH         391.591        6.52652        .108775        .453230E-02    .124088E-04
    STRESS PERIOD TIME         1239.87        20.6645        .344409        .143504E-01    .392892E-04
 TOTAL SIMULATION TIME         1239.87        20.6645        .344409        .143504E-01    .392892E-04
1
     5 ITERATIONS FOR TIME STEP   6 IN STRESS PERIOD  1
0MAXIMUM HEAD CHANGE FOR EACH ITERATION:
0 HEAD CHANGE LAYER,ROW,COL HEAD CHANGE LAYER,ROW,COL HEAD CHANGE LAYER,ROW,COL HEAD CHANGE LAYER,ROW,COL HEAD CHANGE LAYER,ROW,COL
 ------------------------------------------------------------------------------------------------------------------------------------
   -.2947E-01 (  1, 11, 11)  -.1897E-01 (  1, 10, 10)  -.4167E-02 (  1, 10, 10)  -.1973E-03 (  1,  8, 12)   .4428E-04 (  1, 10, 10)
0
0HEAD/DRAWDOWN PRINTOUT FLAG = 1     TOTAL BUDGET PRINTOUT FLAG = 0     CELL-BY-CELL FLOW TERM FLAG = 0
 REUSING PREVIOUS VALUES OF IOFLG
1                  DRAWDOWN IN LAYER  1 AT END OF TIME STEP  6 IN STRESS PERIOD  1
           -----------------------------------------------------------------------

         1     2     3     4     5     6     7     8     9    10    11    12    13    14    15    16    17    18    19
 ..........................................................................................................................
0  1   .000  .000  .000  .000  .000  .000  .000  .000  .000  .000  .000  .000  .000  .000  .000  .000  .000  .000  .000
0  2   .000  .000  .000  .000  .000  .000  .000  .000  .000  .000  .000  .000  .000  .000  .000  .000  .000  .000  .000
0  3   .000  .000  .000  .000  .000  .000  .000  .000  .000  .000  .000  .000  .000  .000  .000  .000  .000  .000  .000
0  4   .000  .000  .000  .000  .000  .001  .001  .001  .001  .001  .001  .001  .001  .001  .000  .000  .000  .000  .000
0  5   .000  .000  .000  .000  .001  .003  .005  .007  .008  .008  .008  .007  .005  .003  .001  .000  .000  .000  .000
0  6   .000  .000  .000  .001  .003  .010  .020  .028  .034  .035  .034  .028  .020  .010  .003  .001  .000  .000  .000
0  7   .000  .000  .000  .001  .005  .020  .046  .072  .093  .100  .093  .072  .046  .020  .005  .001  .000  .000  .000
0  8   .000  .000  .000  .001  .007  .028  .072  .126  .182  .208  .182  .126  .072  .028  .007  .001  .000  .000  .000
0  9   .000  .000  .000  .001  .008  .034  .093  .182  .304  .418  .304  .182  .093  .034  .008  .001  .000  .000  .000
0 10   .000  .000  .000  .001  .008  .035  .100  .208  .418  .957  .418  .208  .100  .035  .008  .001  .000  .000  .000
0 11   .000  .000  .000  .001  .008  .034  .093  .182  .304  .418  .304  .182  .093  .034  .008  .001  .000  .000  .000
0 12   .000  .000  .000  .001  .007  .028  .072  .126  .182  .208  .182  .126  .072  .028  .007  .001  .000  .000  .000
0 13   .000  .000  .000  .001  .005  .020  .046  .072  .093  .100  .093  .072  .046  .020  .005  .001  .000  .000  .000
0 14   .000  .000  .000  .001  .003  .010  .020  .028  .034  .035  .034  .028  .020  .010  .003  .001  .000  .000  .000
0 15   .000  .000  .000  .000  .001  .003  .005  .007  .008  .008  .008  .007  .005  .003  .001  .000  .000  .000  .000
0 16   .000  .000  .000  .000  .000  .001  .001  .001  .001  .001  .001  .001  .001  .001  .000  .000  .000  .000  .000
0 17   .000  .000  .000  .000  .000  .000  .000  .000  .000  .000  .000  .000  .000  .000  .000  .000  .000  .000  .000
0 18   .000  .000  .000  .000  .000  .000  .000  .000  .000  .000  .000  .000  .000  .000  .000  .000  .000  .000  .000
0 19   .000  .000  .000  .000  .000  .000  .000  .000  .000  .000  .000  .000  .000  .000  .000  .000  .000  .000  .000
0


          TIME SUMMARY AT END OF TIME STEP  6 IN STRESS PERIOD  1
                               SECONDS        MINUTES         HOURS          DAYS           YEARS
                           ---------------------------------------------------------------------------
      TIME STEP LENGTH         509.068        8.48447        .141408        .589200E-02    .161314E-04
    STRESS PERIOD TIME         1748.94        29.1490        .485817        .202424E-01    .554206E-04
 TOTAL SIMULATION TIME         1748.94        29.1490        .485817        .202424E-01    .554206E-04
1
     5 ITERATIONS FOR TIME STEP   7 IN STRESS PERIOD  1
0MAXIMUM HEAD CHANGE FOR EACH ITERATION:
0 HEAD CHANGE LAYER,ROW,COL HEAD CHANGE LAYER,ROW,COL HEAD CHANGE LAYER,ROW,COL HEAD CHANGE LAYER,ROW,COL HEAD CHANGE LAYER,ROW,COL
 ------------------------------------------------------------------------------------------------------------------------------------
   -.2444E-01 (  1, 11, 11)  -.1919E-01 (  1, 10, 10)  -.5626E-02 (  1, 10, 10)  -.3569E-03 (  1,  8, 12)   .7793E-04 (  1, 10, 10)
0
0HEAD/DRAWDOWN PRINTOUT FLAG = 1     TOTAL BUDGET PRINTOUT FLAG = 0     CELL-BY-CELL FLOW TERM FLAG = 0
 REUSING PREVIOUS VALUES OF IOFLG
1                  DRAWDOWN IN LAYER  1 AT END OF TIME STEP  7 IN STRESS PERIOD  1
           -----------------------------------------------------------------------

         1     2     3     4     5     6     7     8     9    10    11    12    13    14    15    16    17    18    19
 ..........................................................................................................................
0  1   .000  .000  .000  .000  .000  .000  .000  .000  .000  .000  .000  .000  .000  .000  .000  .000  .000  .000  .000
0  2   .000  .000  .000  .000  .000  .000  .000  .000  .000  .000  .000  .000  .000  .000  .000  .000  .000  .000  .000
0  3   .000  .000  .000  .000  .000  .000  .000  .000  .000  .000  .000  .000  .000  .000  .000  .000  .000  .000  .000
0  4   .000  .000  .000  .000  .001  .002  .002  .003  .003  .003  .003  .003  .002  .002  .001  .000  .000  .000  .000
0  5   .000  .000  .000  .001  .003  .007  .011  .014  .015  .016  .015  .014  .011  .007  .003  .001  .000  .000  .000
0  6   .000  .000  .000  .002  .007  .019  .034  .045  .053  .054  .053  .045  .034  .019  .007  .002  .000  .000  .000
0  7   .000  .000  .000  .002  .011  .034  .068  .100  .124  .132  .124  .100  .068  .034  .011  .002  .000  .000  .000
0  8   .000  .000  .000  .003  .014  .045  .100  .161  .221  .248  .221  .161  .100  .045  .014  .003  .000  .000  .000
0  9   .000  .000  .000  .003  .015  .053  .124  .221  .349  .463  .349  .221  .124  .053  .015  .003  .000  .000  .000
0 10   .000  .000  .000  .003  .016  .054  .132  .248  .463 1.004  .463  .248  .132  .054  .016  .003  .000  .000  .000
0 11   .000  .000  .000  .003  .015  .053  .124  .221  .349  .463  .349  .221  .124  .053  .015  .003  .000  .000  .000
0 12   .000  .000  .000  .003  .014  .045  .100  .161  .221  .248  .221  .161  .100  .045  .014  .003  .000  .000  .000
0 13   .000  .000  .000  .002  .011  .034  .068  .100  .124  .132  .124  .100  .068  .034  .011  .002  .000  .000  .000
0 14   .000  .000  .000  .002  .007  .019  .034  .045  .053  .054  .053  .045  .034  .019  .007  .002  .000  .000  .000
0 15   .000  .000  .000  .001  .003  .007  .011  .014  .015  .016  .015  .014  .011  .007  .003  .001  .000  .000  .000
0 16   .000  .000  .000  .000  .001  .002  .002  .003  .003  .003  .003  .003  .002  .002  .001  .000  .000  .000  .000
0 17   .000  .000  .000  .000  .000  .000  .000  .000  .000  .000  .000  .000  .000  .000  .000  .000  .000  .000  .000
0 18   .000  .000  .000  .000  .000  .000  .000  .000  .000  .000  .000  .000  .000  .000  .000  .000  .000  .000  .000
0 19   .000  .000  .000  .000  .000  .000  .000  .000  .000  .000  .000  .000  .000  .000  .000  .000  .000  .000  .000
0


          TIME SUMMARY AT END OF TIME STEP  7 IN STRESS PERIOD  1
                               SECONDS        MINUTES         HOURS          DAYS           YEARS
                           ---------------------------------------------------------------------------
      TIME STEP LENGTH         661.789        11.0298        .183830        .765959E-02    .209708E-04
    STRESS PERIOD TIME         2410.73        40.1788        .669647        .279020E-01    .763914E-04
 TOTAL SIMULATION TIME         2410.73        40.1788        .669647        .279020E-01    .763914E-04
1
     6 ITERATIONS FOR TIME STEP   8 IN STRESS PERIOD  1
0MAXIMUM HEAD CHANGE FOR EACH ITERATION:
0 HEAD CHANGE LAYER,ROW,COL HEAD CHANGE LAYER,ROW,COL HEAD CHANGE LAYER,ROW,COL HEAD CHANGE LAYER,ROW,COL HEAD CHANGE LAYER,ROW,COL
 ------------------------------------------------------------------------------------------------------------------------------------
   -.2021E-01 (  1, 11, 11)  -.1900E-01 (  1, 10, 10)  -.7264E-02 (  1, 10, 10)  -.6073E-03 (  1,  8, 12)   .1240E-03 (  1, 10, 10)
    .1371E-04 (  1,  8, 12)
0
0HEAD/DRAWDOWN PRINTOUT FLAG = 1     TOTAL BUDGET PRINTOUT FLAG = 0     CELL-BY-CELL FLOW TERM FLAG = 0
 REUSING PREVIOUS VALUES OF IOFLG
1                  DRAWDOWN IN LAYER  1 AT END OF TIME STEP  8 IN STRESS PERIOD  1
           -----------------------------------------------------------------------

         1     2     3     4     5     6     7     8     9    10    11    12    13    14    15    16    17    18    19
 ..........................................................................................................................
0  1   .000  .000  .000  .000  .000  .000  .000  .000  .000  .000  .000  .000  .000  .000  .000  .000  .000  .000  .000
0  2   .000  .000  .000  .000  .000  .000  .000  .000  .000  .000  .000  .000  .000  .000  .000  .000  .000  .000  .000
0  3   .000  .000  .000  .000  .000  .001  .001  .001  .001  .001  .001  .001  .001  .001  .000  .000  .000  .000  .000
0  4   .000  .000  .000  .001  .002  .004  .005  .006  .007  .007  .007  .006  .005  .004  .002  .001  .000  .000  .000
0  5   .000  .000  .000  .002  .006  .013  .020  .024  .026  .027  .026  .024  .020  .013  .006  .002  .000  .000  .000
0  6   .000  .000  .001  .004  .013  .031  .051  .066  .075  .077  .075  .066  .051  .031  .013  .004  .001  .000  .000
0  7   .000  .000  .001  .005  .020  .051  .093  .130  .157  .165  .157  .130  .094  .051  .020  .005  .001  .000  .000
0  8   .000  .000  .001  .006  .024  .066  .130  .197  .260  .288  .260  .197  .130  .066  .024  .006  .001  .000  .000
0  9   .000  .000  .001  .007  .026  .075  .157  .260  .391  .507  .391  .260  .157  .075  .026  .007  .001  .000  .000
0 10   .000  .000  .001  .007  .027  .077  .165  .288  .507 1.048  .507  .288  .165  .077  .027  .007  .001  .000  .000
0 11   .000  .000  .001  .007  .026  .075  .157  .260  .391  .507  .391  .260  .157  .075  .026  .007  .001  .000  .000
0 12   .000  .000  .001  .006  .024  .066  .130  .197  .260  .288  .260  .197  .130  .066  .024  .006  .001  .000  .000
0 13   .000  .000  .001  .005  .020  .051  .094  .130  .157  .165  .157  .130  .093  .051  .020  .005  .001  .000  .000
0 14   .000  .000  .001  .004  .013  .031  .051  .066  .075  .077  .075  .066  .051  .031  .013  .004  .001  .000  .000
0 15   .000  .000  .000  .002  .006  .013  .020  .024  .026  .027  .026  .024  .020  .013  .006  .002  .000  .000  .000
0 16   .000  .000  .000  .001  .002  .004  .005  .006  .007  .007  .007  .006  .005  .004  .002  .001  .000  .000  .000
0 17   .000  .000  .000  .000  .000  .001  .001  .001  .001  .001  .001  .001  .001  .001  .000  .000  .000  .000  .000
0 18   .000  .000  .000  .000  .000  .000  .000  .000  .000  .000  .000  .000  .000  .000  .000  .000  .000  .000  .000
0 19   .000  .000  .000  .000  .000  .000  .000  .000  .000  .000  .000  .000  .000  .000  .000  .000  .000  .000  .000
0


          TIME SUMMARY AT END OF TIME STEP  8 IN STRESS PERIOD  1
                               SECONDS        MINUTES         HOURS          DAYS           YEARS
                           ---------------------------------------------------------------------------
      TIME STEP LENGTH         860.325        14.3388        .238979        .995747E-02    .272621E-04
    STRESS PERIOD TIME         3271.05        54.5176        .908626        .378594E-01    .103653E-03
 TOTAL SIMULATION TIME         3271.05        54.5176        .908626        .378594E-01    .103653E-03
1
     6 ITERATIONS FOR TIME STEP   9 IN STRESS PERIOD  1
0MAXIMUM HEAD CHANGE FOR EACH ITERATION:
0 HEAD CHANGE LAYER,ROW,COL HEAD CHANGE LAYER,ROW,COL HEAD CHANGE LAYER,ROW,COL HEAD CHANGE LAYER,ROW,COL HEAD CHANGE LAYER,ROW,COL
 ------------------------------------------------------------------------------------------------------------------------------------
   -.1670E-01 (  1, 13, 11)  -.1843E-01 (  1, 10, 10)  -.9002E-02 (  1, 10, 10)  -.1031E-02 (  1, 10, 10)   .1795E-03 (  1, 10, 10)
    .2339E-04 (  1,  8, 12)
0
0HEAD/DRAWDOWN PRINTOUT FLAG = 1     TOTAL BUDGET PRINTOUT FLAG = 0     CELL-BY-CELL FLOW TERM FLAG = 0
 REUSING PREVIOUS VALUES OF IOFLG
1                  DRAWDOWN IN LAYER  1 AT END OF TIME STEP  9 IN STRESS PERIOD  1
           -----------------------------------------------------------------------

         1     2     3     4     5     6     7     8     9    10    11    12    13    14    15    16    17    18    19
 ..........................................................................................................................
0  1   .000  .000  .000  .000  .000  .000  .000  .000  .000  .000  .000  .000  .000  .000  .000  .000  .000  .000  .000
0  2   .000  .000  .000  .000  .000  .000  .000  .000  .000  .000  .000  .000  .000  .000  .000  .000  .000  .000  .000
0  3   .000  .000  .000  .000  .001  .002  .002  .002  .002  .002  .002  .002  .002  .002  .001  .000  .000  .000  .000
0  4   .000  .000  .000  .002  .005  .008  .010  .012  .012  .013  .012  .012  .010  .008  .005  .002  .000  .000  .000
0  5   .000  .000  .001  .005  .012  .023  .032  .038  .041  .041  .041  .038  .032  .023  .012  .005  .001  .000  .000
0  6   .000  .000  .002  .008  .023  .048  .073  .090  .100  .103  .100  .090  .073  .048  .023  .008  .002  .000  .000
0  7   .000  .000  .002  .010  .032  .073  .122  .162  .191  .199  .191  .162  .122  .073  .032  .010  .002  .000  .000
0  8   .000  .000  .002  .012  .038  .090  .162  .233  .298  .327  .298  .233  .162  .090  .038  .012  .002  .000  .000
0  9   .000  .000  .002  .012  .041  .100  .191  .298  .432  .548  .432  .298  .191  .100  .041  .012  .002  .000  .000
0 10   .000  .000  .002  .013  .041  .103  .199  .327  .548 1.090  .548  .327  .199  .103  .041  .013  .002  .000  .000
0 11   .000  .000  .002  .012  .041  .100  .191  .298  .432  .548  .432  .298  .191  .100  .041  .012  .002  .000  .000
0 12   .000  .000  .002  .012  .038  .090  .162  .233  .298  .327  .298  .233  .162  .090  .038  .012  .002  .000  .000
0 13   .000  .000  .002  .010  .032  .073  .122  .162  .191  .199  .191  .162  .122  .073  .032  .010  .002  .000  .000
0 14   .000  .000  .002  .008  .023  .048  .073  .090  .100  .103  .100  .090  .073  .048  .023  .008  .002  .000  .000
0 15   .000  .000  .001  .005  .012  .023  .032  .038  .041  .041  .041  .038  .032  .023  .012  .005  .001  .000  .000
0 16   .000  .000  .000  .002  .005  .008  .010  .012  .012  .013  .012  .012  .010  .008  .005  .002  .000  .000  .000
0 17   .000  .000  .000  .000  .001  .002  .002  .002  .002  .002  .002  .002  .002  .002  .001  .000  .000  .000  .000
0 18   .000  .000  .000  .000  .000  .000  .000  .000  .000  .000  .000  .000  .000  .000  .000  .000  .000  .000  .000
0 19   .000  .000  .000  .000  .000  .000  .000  .000  .000  .000  .000  .000  .000  .000  .000  .000  .000  .000  .000
0


          TIME SUMMARY AT END OF TIME STEP  9 IN STRESS PERIOD  1
                               SECONDS        MINUTES         HOURS          DAYS           YEARS
                           ---------------------------------------------------------------------------
      TIME STEP LENGTH         1118.42        18.6404        .310673        .129447E-01    .354407E-04
    STRESS PERIOD TIME         4389.48        73.1580        1.21930        .508041E-01    .139094E-03
 TOTAL SIMULATION TIME         4389.48        73.1580        1.21930        .508041E-01    .139094E-03
1
     6 ITERATIONS FOR TIME STEP  10 IN STRESS PERIOD  1
0MAXIMUM HEAD CHANGE FOR EACH ITERATION:
0 HEAD CHANGE LAYER,ROW,COL HEAD CHANGE LAYER,ROW,COL HEAD CHANGE LAYER,ROW,COL HEAD CHANGE LAYER,ROW,COL HEAD CHANGE LAYER,ROW,COL
 ------------------------------------------------------------------------------------------------------------------------------------
   -.1526E-01 (  1, 13, 13)  -.1751E-01 (  1, 10, 10)  -.1074E-01 (  1, 10, 10)  -.1681E-02 (  1, 10, 10)   .2361E-03 (  1, 10, 10)
    .3656E-04 (  1,  8, 12)
0
0HEAD/DRAWDOWN PRINTOUT FLAG = 1     TOTAL BUDGET PRINTOUT FLAG = 0     CELL-BY-CELL FLOW TERM FLAG = 0
 REUSING PREVIOUS VALUES OF IOFLG
1                  DRAWDOWN IN LAYER  1 AT END OF TIME STEP 10 IN STRESS PERIOD  1
           -----------------------------------------------------------------------

         1     2     3     4     5     6     7     8     9    10    11    12    13    14    15    16    17    18    19
 ..........................................................................................................................
0  1   .000  .000  .000  .000  .000  .000  .000  .000  .000  .000  .000  .000  .000  .000  .000  .000  .000  .000  .000
0  2   .000  .000  .000  .000  .000  .000  .001  .001  .001  .001  .001  .001  .001  .000  .000  .000  .000  .000  .000
0  3   .000  .000  .000  .001  .002  .004  .004  .005  .005  .005  .005  .005  .004  .004  .002  .001  .000  .000  .000
0  4   .000  .000  .001  .004  .009  .015  .018  .020  .021  .022  .021  .020  .018  .015  .009  .004  .001  .000  .000
0  5   .000  .000  .002  .009  .021  .036  .048  .055  .059  .060  .059  .055  .048  .036  .021  .009  .002  .000  .000
0  6   .000  .000  .004  .015  .036  .068  .097  .117  .129  .131  .129  .117  .097  .068  .036  .015  .004  .000  .000
0  7   .000  .001  .004  .018  .048  .097  .152  .195  .226  .234  .226  .195  .152  .097  .048  .018  .004  .001  .000
0  8   .000  .001  .005  .020  .055  .117  .195  .269  .337  .365  .337  .269  .195  .117  .055  .020  .005  .001  .000
0  9   .000  .001  .005  .021  .059  .129  .226  .337  .472  .589  .472  .337  .226  .129  .059  .021  .005  .001  .000
0 10   .000  .001  .005  .022  .060  .131  .234  .365  .589 1.131  .589  .365  .234  .131  .060  .022  .005  .001  .000
0 11   .000  .001  .005  .021  .059  .129  .226  .337  .472  .589  .472  .337  .226  .129  .059  .021  .005  .001  .000
0 12   .000  .001  .005  .020  .055  .117  .195  .269  .337  .365  .337  .269  .195  .117  .055  .020  .005  .001  .000
0 13   .000  .001  .004  .018  .048  .097  .152  .195  .226  .234  .226  .195  .152  .097  .048  .018  .004  .001  .000
0 14   .000  .000  .004  .015  .036  .068  .097  .117  .129  .131  .129  .117  .097  .068  .036  .015  .004  .000  .000
0 15   .000  .000  .002  .009  .021  .036  .048  .055  .059  .060  .059  .055  .048  .036  .021  .009  .002  .000  .000
0 16   .000  .000  .001  .004  .009  .015  .018  .020  .021  .022  .021  .020  .018  .015  .009  .004  .001  .000  .000
0 17   .000  .000  .000  .001  .002  .004  .004  .005  .005  .005  .005  .005  .004  .004  .002  .001  .000  .000  .000
0 18   .000  .000  .000  .000  .000  .000  .001  .001  .001  .001  .001  .001  .001  .000  .000  .000  .000  .000  .000
0 19   .000  .000  .000  .000  .000  .000  .000  .000  .000  .000  .000  .000  .000  .000  .000  .000  .000  .000  .000
0


          TIME SUMMARY AT END OF TIME STEP 10 IN STRESS PERIOD  1
                               SECONDS        MINUTES         HOURS          DAYS           YEARS
                           ---------------------------------------------------------------------------
      TIME STEP LENGTH         1453.95        24.2325        .403875        .168281E-01    .460729E-04
    STRESS PERIOD TIME         5843.43        97.3904        1.62317        .676323E-01    .185167E-03
 TOTAL SIMULATION TIME         5843.43        97.3904        1.62317        .676323E-01    .185167E-03
1
     6 ITERATIONS FOR TIME STEP  11 IN STRESS PERIOD  1
0MAXIMUM HEAD CHANGE FOR EACH ITERATION:
0 HEAD CHANGE LAYER,ROW,COL HEAD CHANGE LAYER,ROW,COL HEAD CHANGE LAYER,ROW,COL HEAD CHANGE LAYER,ROW,COL HEAD CHANGE LAYER,ROW,COL
 ------------------------------------------------------------------------------------------------------------------------------------
   -.1427E-01 (  1, 14, 13)  -.1630E-01 (  1, 10, 10)  -.1237E-01 (  1, 10, 10)  -.2555E-02 (  1, 10, 10)   .2848E-03 (  1, 10,  9)
    .5291E-04 (  1,  8, 12)
0
0HEAD/DRAWDOWN PRINTOUT FLAG = 1     TOTAL BUDGET PRINTOUT FLAG = 0     CELL-BY-CELL FLOW TERM FLAG = 0
 REUSING PREVIOUS VALUES OF IOFLG
1                  DRAWDOWN IN LAYER  1 AT END OF TIME STEP 11 IN STRESS PERIOD  1
           -----------------------------------------------------------------------

         1     2     3     4     5     6     7     8     9    10    11    12    13    14    15    16    17    18    19
 ..........................................................................................................................
0  1   .000  .000  .000  .000  .000  .000  .000  .000  .000  .000  .000  .000  .000  .000  .000  .000  .000  .000  .000
0  2   .000  .000  .000  .001  .001  .001  .001  .002  .002  .002  .002  .002  .001  .001  .001  .001  .000  .000  .000
0  3   .000  .000  .001  .003  .005  .007  .008  .009  .009  .009  .009  .009  .008  .007  .005  .003  .001  .000  .000
0  4   .000  .001  .003  .009  .017  .024  .030  .032  .034  .034  .034  .032  .030  .024  .017  .009  .003  .001  .000
0  5   .000  .001  .005  .017  .034  .053  .068  .076  .081  .082  .081  .076  .068  .053  .034  .017  .005  .001  .000
0  6   .000  .001  .007  .024  .053  .091  .125  .146  .159  .162  .159  .146  .125  .092  .053  .024  .007  .001  .000
0  7   .000  .001  .008  .030  .068  .125  .184  .229  .261  .270  .261  .229  .184  .125  .068  .030  .008  .001  .000
0  8   .000  .002  .009  .032  .076  .146  .229  .306  .375  .403  .375  .306  .229  .146  .076  .032  .009  .002  .000
0  9   .000  .002  .009  .034  .081  .159  .261  .375  .512  .628  .512  .375  .261  .159  .081  .034  .009  .002  .000
0 10   .000  .002  .009  .034  .082  .162  .270  .403  .628 1.171  .628  .403  .270  .162  .082  .034  .009  .002  .000
0 11   .000  .002  .009  .034  .081  .159  .261  .375  .512  .628  .512  .375  .261  .159  .081  .034  .009  .002  .000
0 12   .000  .002  .009  .032  .076  .146  .229  .306  .375  .403  .375  .306  .229  .146  .076  .032  .009  .002  .000
0 13   .000  .001  .008  .030  .068  .125  .184  .229  .261  .270  .261  .229  .184  .125  .068  .030  .008  .001  .000
0 14   .000  .001  .007  .024  .053  .092  .125  .146  .159  .162  .159  .146  .125  .091  .053  .024  .007  .001  .000
0 15   .000  .001  .005  .017  .034  .053  .068  .076  .081  .082  .081  .076  .068  .053  .034  .017  .005  .001  .000
0 16   .000  .001  .003  .009  .017  .024  .030  .032  .034  .034  .034  .032  .030  .024  .017  .009  .003  .001  .000
0 17   .000  .000  .001  .003  .005  .007  .008  .009  .009  .009  .009  .009  .008  .007  .005  .003  .001  .000  .000
0 18   .000  .000  .000  .001  .001  .001  .001  .002  .002  .002  .002  .002  .001  .001  .001  .001  .000  .000  .000
0 19   .000  .000  .000  .000  .000  .000  .000  .000  .000  .000  .000  .000  .000  .000  .000  .000  .000  .000  .000
0


          TIME SUMMARY AT END OF TIME STEP 11 IN STRESS PERIOD  1
                               SECONDS        MINUTES         HOURS          DAYS           YEARS
                           ---------------------------------------------------------------------------
      TIME STEP LENGTH         1890.13        31.5022        .525037        .218766E-01    .598948E-04
    STRESS PERIOD TIME         7733.56        128.893        2.14821        .895088E-01    .245062E-03
 TOTAL SIMULATION TIME         7733.56        128.893        2.14821        .895088E-01    .245062E-03
1
     6 ITERATIONS FOR TIME STEP  12 IN STRESS PERIOD  1
0MAXIMUM HEAD CHANGE FOR EACH ITERATION:
0 HEAD CHANGE LAYER,ROW,COL HEAD CHANGE LAYER,ROW,COL HEAD CHANGE LAYER,ROW,COL HEAD CHANGE LAYER,ROW,COL HEAD CHANGE LAYER,ROW,COL
 ------------------------------------------------------------------------------------------------------------------------------------
   -.1380E-01 (  1, 14, 14)  -.1511E-01 (  1,  8, 10)  -.1379E-01 (  1, 10, 10)  -.3662E-02 (  1, 10, 10)   .3081E-03 (  1, 11,  9)
    .7160E-04 (  1,  9, 11)
0
0HEAD/DRAWDOWN PRINTOUT FLAG = 1     TOTAL BUDGET PRINTOUT FLAG = 0     CELL-BY-CELL FLOW TERM FLAG = 0
 REUSING PREVIOUS VALUES OF IOFLG
1                  DRAWDOWN IN LAYER  1 AT END OF TIME STEP 12 IN STRESS PERIOD  1
           -----------------------------------------------------------------------

         1     2     3     4     5     6     7     8     9    10    11    12    13    14    15    16    17    18    19
 ..........................................................................................................................
0  1   .000  .000  .000  .000  .000  .000  .000  .000  .000  .000  .000  .000  .000  .000  .000  .000  .000  .000  .000
0  2   .000  .000  .001  .002  .002  .003  .003  .003  .003  .003  .003  .003  .003  .003  .002  .002  .001  .000  .000
0  3   .000  .001  .003  .006  .010  .013  .015  .016  .016  .016  .016  .016  .015  .013  .010  .006  .003  .001  .000
0  4   .000  .002  .006  .016  .027  .038  .044  .048  .049  .050  .049  .048  .044  .038  .027  .016  .006  .002  .000
0  5   .000  .002  .010  .027  .050  .074  .091  .100  .105  .106  .105  .100  .091  .074  .050  .027  .010  .002  .000
0  6   .000  .003  .013  .038  .074  .118  .154  .177  .190  .194  .190  .177  .154  .118  .074  .038  .013  .003  .000
0  7   .000  .003  .015  .044  .091  .154  .217  .264  .297  .306  .297  .264  .217  .154  .091  .044  .015  .003  .000
0  8   .000  .003  .016  .048  .100  .177  .264  .342  .412  .441  .412  .343  .264  .177  .100  .048  .016  .003  .000
0  9   .000  .003  .016  .049  .105  .190  .297  .412  .550  .667  .550  .412  .297  .190  .105  .049  .016  .003  .000
0 10   .000  .003  .016  .050  .106  .194  .306  .441  .667 1.210  .667  .441  .306  .194  .106  .050  .016  .003  .000
0 11   .000  .003  .016  .049  .105  .190  .297  .412  .550  .667  .550  .412  .297  .190  .105  .049  .016  .003  .000
0 12   .000  .003  .016  .048  .100  .177  .264  .343  .412  .441  .412  .342  .264  .177  .100  .048  .016  .003  .000
0 13   .000  .003  .015  .044  .091  .154  .217  .264  .297  .306  .297  .264  .217  .154  .091  .044  .015  .003  .000
0 14   .000  .003  .013  .038  .074  .118  .154  .177  .190  .194  .190  .177  .154  .118  .074  .038  .013  .003  .000
0 15   .000  .002  .010  .027  .050  .074  .091  .100  .105  .106  .105  .100  .091  .074  .050  .027  .010  .002  .000
0 16   .000  .002  .006  .016  .027  .038  .044  .048  .049  .050  .049  .048  .044  .038  .027  .016  .006  .002  .000
0 17   .000  .001  .003  .006  .010  .013  .015  .016  .016  .016  .016  .016  .015  .013  .010  .006  .003  .001  .000
0 18   .000  .000  .001  .002  .002  .003  .003  .003  .003  .003  .003  .003  .003  .003  .002  .002  .001  .000  .000
0 19   .000  .000  .000  .000  .000  .000  .000  .000  .000  .000  .000  .000  .000  .000  .000  .000  .000  .000  .000
0


          TIME SUMMARY AT END OF TIME STEP 12 IN STRESS PERIOD  1
                               SECONDS        MINUTES         HOURS          DAYS           YEARS
                           ---------------------------------------------------------------------------
      TIME STEP LENGTH         2457.18        40.9529        .682549        .284395E-01    .778632E-04
    STRESS PERIOD TIME         10190.7        169.846        2.83076        .117948        .322925E-03
 TOTAL SIMULATION TIME         10190.7        169.846        2.83076        .117948        .322925E-03
1
     7 ITERATIONS FOR TIME STEP  13 IN STRESS PERIOD  1
0MAXIMUM HEAD CHANGE FOR EACH ITERATION:
0 HEAD CHANGE LAYER,ROW,COL HEAD CHANGE LAYER,ROW,COL HEAD CHANGE LAYER,ROW,COL HEAD CHANGE LAYER,ROW,COL HEAD CHANGE LAYER,ROW,COL
 ------------------------------------------------------------------------------------------------------------------------------------
   -.1324E-01 (  1, 14, 14)  -.1395E-01 (  1,  8, 10)  -.1491E-01 (  1, 10, 10)  -.4989E-02 (  1, 10, 10)  -.3388E-03 (  1, 13, 14)
    .1018E-03 (  1,  9, 11)   .7374E-04 (  1, 10, 10)
0
0HEAD/DRAWDOWN PRINTOUT FLAG = 1     TOTAL BUDGET PRINTOUT FLAG = 0     CELL-BY-CELL FLOW TERM FLAG = 0
 REUSING PREVIOUS VALUES OF IOFLG
1                  DRAWDOWN IN LAYER  1 AT END OF TIME STEP 13 IN STRESS PERIOD  1
           -----------------------------------------------------------------------

         1     2     3     4     5     6     7     8     9    10    11    12    13    14    15    16    17    18    19
 ..........................................................................................................................
0  1   .000  .000  .000  .001  .001  .001  .001  .001  .001  .001  .001  .001  .001  .001  .001  .001  .000  .000  .000
0  2   .000  .001  .002  .004  .005  .006  .006  .007  .007  .007  .007  .007  .006  .006  .005  .004  .002  .001  .000
0  3   .000  .002  .006  .012  .018  .022  .024  .026  .026  .026  .026  .026  .024  .022  .018  .012  .006  .002  .000
0  4   .001  .004  .012  .027  .042  .055  .063  .067  .069  .069  .069  .067  .063  .055  .042  .027  .012  .004  .001
0  5   .001  .005  .018  .042  .070  .098  .117  .127  .132  .134  .132  .127  .117  .098  .070  .042  .018  .005  .001
0  6   .001  .006  .022  .055  .098  .146  .185  .209  .223  .227  .223  .209  .185  .146  .098  .055  .022  .006  .001
0  7   .001  .006  .024  .063  .117  .185  .251  .299  .333  .342  .333  .299  .251  .185  .117  .063  .024  .006  .001
0  8   .001  .007  .026  .067  .127  .209  .299  .379  .450  .479  .450  .379  .299  .209  .127  .067  .026  .007  .001
0  9   .001  .007  .026  .069  .132  .223  .333  .450  .588  .705  .588  .450  .333  .223  .132  .069  .026  .007  .001
0 10   .001  .007  .026  .069  .134  .227  .342  .479  .705 1.248  .705  .479  .342  .227  .134  .069  .026  .007  .001
0 11   .001  .007  .026  .069  .132  .223  .333  .450  .588  .705  .588  .450  .333  .223  .132  .069  .026  .007  .001
0 12   .001  .007  .026  .067  .127  .209  .299  .379  .450  .479  .450  .379  .299  .209  .127  .067  .026  .007  .001
0 13   .001  .006  .024  .063  .117  .185  .251  .299  .333  .342  .333  .299  .251  .185  .117  .063  .024  .006  .001
0 14   .001  .006  .022  .055  .098  .146  .185  .209  .223  .227  .223  .209  .185  .146  .098  .055  .022  .006  .001
0 15   .001  .005  .018  .042  .070  .098  .117  .127  .132  .134  .132  .127  .117  .098  .070  .042  .018  .005  .001
0 16   .001  .004  .012  .027  .042  .055  .063  .067  .069  .069  .069  .067  .063  .055  .042  .027  .012  .004  .001
0 17   .000  .002  .006  .012  .018  .022  .024  .026  .026  .026  .026  .026  .024  .022  .018  .012  .006  .002  .000
0 18   .000  .001  .002  .004  .005  .006  .006  .007  .007  .007  .007  .007  .006  .006  .005  .004  .002  .001  .000
0 19   .000  .000  .000  .001  .001  .001  .001  .001  .001  .001  .001  .001  .001  .001  .001  .001  .000  .000  .000
0


          TIME SUMMARY AT END OF TIME STEP 13 IN STRESS PERIOD  1
                               SECONDS        MINUTES         HOURS          DAYS           YEARS
                           ---------------------------------------------------------------------------
      TIME STEP LENGTH         3194.33        53.2388        .887313        .369714E-01    .101222E-03
    STRESS PERIOD TIME         13385.1        223.084        3.71807        .154920        .424147E-03
 TOTAL SIMULATION TIME         13385.1        223.084        3.71807        .154920        .424147E-03
1
     9 ITERATIONS FOR TIME STEP  14 IN STRESS PERIOD  1
0MAXIMUM HEAD CHANGE FOR EACH ITERATION:
0 HEAD CHANGE LAYER,ROW,COL HEAD CHANGE LAYER,ROW,COL HEAD CHANGE LAYER,ROW,COL HEAD CHANGE LAYER,ROW,COL HEAD CHANGE LAYER,ROW,COL
 ------------------------------------------------------------------------------------------------------------------------------------
   -.1241E-01 (  1, 15, 14)  -.1317E-01 (  1,  7,  8)  -.1569E-01 (  1, 10, 10)  -.6504E-02 (  1, 10, 10)  -.5365E-03 (  1, 13, 14)
    .1429E-03 (  1,  9, 10)   .1272E-03 (  1, 10, 10)   .1052E-03 (  1, 10, 10)   .2597E-04 (  1, 12, 12)
0
0HEAD/DRAWDOWN PRINTOUT FLAG = 1     TOTAL BUDGET PRINTOUT FLAG = 0     CELL-BY-CELL FLOW TERM FLAG = 0
 REUSING PREVIOUS VALUES OF IOFLG
1                  DRAWDOWN IN LAYER  1 AT END OF TIME STEP 14 IN STRESS PERIOD  1
           -----------------------------------------------------------------------

         1     2     3     4     5     6     7     8     9    10    11    12    13    14    15    16    17    18    19
 ..........................................................................................................................
0  1   .000  .000  .001  .002  .002  .002  .002  .002  .002  .002  .002  .002  .002  .002  .002  .002  .001  .000  .000
0  2   .000  .002  .004  .007  .009  .011  .012  .012  .012  .012  .012  .012  .012  .011  .009  .007  .004  .002  .000
0  3   .001  .004  .012  .021  .029  .034  .037  .039  .040  .040  .040  .039  .037  .034  .029  .021  .012  .004  .001
0  4   .002  .007  .021  .040  .059  .075  .084  .089  .091  .092  .091  .089  .084  .075  .059  .040  .021  .007  .002
0  5   .002  .009  .029  .059  .093  .124  .145  .156  .162  .163  .162  .156  .145  .124  .093  .059  .029  .009  .002
0  6   .002  .011  .034  .075  .124  .176  .217  .242  .257  .260  .257  .242  .217  .176  .124  .075  .034  .011  .002
0  7   .002  .012  .037  .084  .145  .217  .285  .335  .369  .378  .369  .335  .285  .217  .145  .084  .037  .012  .002
0  8   .002  .012  .039  .089  .156  .242  .335  .416  .487  .516  .487  .416  .335  .242  .156  .089  .039  .012  .002
0  9   .002  .012  .040  .091  .162  .257  .369  .487  .626  .743  .626  .487  .369  .257  .162  .091  .040  .012  .002
0 10   .002  .012  .040  .092  .163  .260  .378  .516  .743 1.286  .743  .516  .378  .260  .163  .092  .040  .012  .002
0 11   .002  .012  .040  .091  .162  .257  .369  .487  .626  .743  .626  .487  .369  .257  .162  .091  .040  .012  .002
0 12   .002  .012  .039  .089  .156  .242  .335  .416  .487  .516  .487  .416  .335  .242  .156  .089  .039  .012  .002
0 13   .002  .012  .037  .084  .145  .217  .285  .335  .369  .378  .369  .335  .285  .217  .145  .084  .037  .012  .002
0 14   .002  .011  .034  .075  .124  .176  .217  .242  .257  .260  .257  .242  .217  .176  .124  .075  .034  .011  .002
0 15   .002  .009  .029  .059  .093  .124  .145  .156  .162  .163  .162  .156  .145  .124  .093  .059  .029  .009  .002
0 16   .002  .007  .021  .040  .059  .075  .084  .089  .091  .092  .091  .089  .084  .075  .059  .040  .021  .007  .002
0 17   .001  .004  .012  .021  .029  .034  .037  .039  .040  .040  .040  .039  .037  .034  .029  .021  .012  .004  .001
0 18   .000  .002  .004  .007  .009  .011  .012  .012  .012  .012  .012  .012  .012  .011  .009  .007  .004  .002  .000
0 19   .000  .000  .001  .002  .002  .002  .002  .002  .002  .002  .002  .002  .002  .002  .002  .002  .001  .000  .000
0


          TIME SUMMARY AT END OF TIME STEP 14 IN STRESS PERIOD  1
                               SECONDS        MINUTES         HOURS          DAYS           YEARS
                           ---------------------------------------------------------------------------
      TIME STEP LENGTH         4152.63        69.2104        1.15351        .480628E-01    .131589E-03
    STRESS PERIOD TIME         17537.7        292.295        4.87158        .202983        .555736E-03
 TOTAL SIMULATION TIME         17537.7        292.295        4.87158        .202983        .555736E-03
1
     9 ITERATIONS FOR TIME STEP  15 IN STRESS PERIOD  1
0MAXIMUM HEAD CHANGE FOR EACH ITERATION:
0 HEAD CHANGE LAYER,ROW,COL HEAD CHANGE LAYER,ROW,COL HEAD CHANGE LAYER,ROW,COL HEAD CHANGE LAYER,ROW,COL HEAD CHANGE LAYER,ROW,COL
 ------------------------------------------------------------------------------------------------------------------------------------
   -.1202E-01 (  1, 15, 15)  -.1240E-01 (  1,  7,  7)  -.1610E-01 (  1, 10, 10)  -.8156E-02 (  1, 10, 10)  -.8314E-03 (  1, 13, 13)
    .1887E-03 (  1,  9, 10)   .1983E-03 (  1, 10, 10)   .1678E-03 (  1, 10, 10)   .5060E-04 (  1, 12, 12)
0
0HEAD/DRAWDOWN PRINTOUT FLAG = 1     TOTAL BUDGET PRINTOUT FLAG = 0     CELL-BY-CELL FLOW TERM FLAG = 0
 REUSING PREVIOUS VALUES OF IOFLG
1                  DRAWDOWN IN LAYER  1 AT END OF TIME STEP 15 IN STRESS PERIOD  1
           -----------------------------------------------------------------------

         1     2     3     4     5     6     7     8     9    10    11    12    13    14    15    16    17    18    19
 ..........................................................................................................................
0  1   .001  .001  .003  .004  .004  .005  .005  .005  .005  .005  .005  .005  .005  .005  .004  .004  .003  .001  .001
0  2   .001  .004  .009  .013  .017  .019  .020  .020  .021  .021  .021  .020  .020  .019  .017  .013  .009  .004  .001
0  3   .003  .009  .020  .033  .043  .050  .054  .056  .057  .057  .057  .056  .054  .050  .043  .033  .020  .009  .003
0  4   .004  .013  .033  .058  .080  .098  .108  .114  .116  .117  .116  .114  .108  .098  .080  .058  .033  .013  .004
0  5   .004  .017  .043  .080  .118  .152  .174  .186  .193  .194  .193  .186  .174  .152  .118  .080  .043  .017  .004
0  6   .005  .019  .050  .098  .152  .208  .251  .277  .292  .295  .292  .277  .251  .208  .152  .098  .050  .019  .005
0  7   .005  .020  .054  .108  .174  .251  .320  .371  .405  .414  .405  .371  .320  .251  .174  .108  .054  .020  .005
0  8   .005  .020  .056  .114  .186  .277  .371  .453  .524  .553  .524  .453  .371  .277  .186  .114  .056  .020  .005
0  9   .005  .021  .057  .116  .193  .292  .405  .524  .664  .781  .664  .524  .405  .292  .193  .116  .057  .021  .005
0 10   .005  .021  .057  .117  .194  .295  .414  .553  .781 1.324  .781  .553  .414  .295  .194  .117  .057  .021  .005
0 11   .005  .021  .057  .116  .193  .292  .405  .524  .664  .781  .664  .524  .405  .292  .193  .116  .057  .021  .005
0 12   .005  .020  .056  .114  .186  .277  .371  .453  .524  .553  .524  .453  .371  .277  .186  .114  .056  .020  .005
0 13   .005  .020  .054  .108  .174  .251  .320  .371  .405  .414  .405  .371  .320  .251  .174  .108  .054  .020  .005
0 14   .005  .019  .050  .098  .152  .208  .251  .277  .292  .295  .292  .277  .251  .208  .152  .098  .050  .019  .005
0 15   .004  .017  .043  .080  .118  .152  .174  .186  .193  .194  .193  .186  .174  .152  .118  .080  .043  .017  .004
0 16   .004  .013  .033  .058  .080  .098  .108  .114  .116  .117  .116  .114  .108  .098  .080  .058  .033  .013  .004
0 17   .003  .009  .020  .033  .043  .050  .054  .056  .057  .057  .057  .056  .054  .050  .043  .033  .020  .009  .003
0 18   .001  .004  .009  .013  .017  .019  .020  .020  .021  .021  .021  .020  .020  .019  .017  .013  .009  .004  .001
0 19   .001  .001  .003  .004  .004  .005  .005  .005  .005  .005  .005  .005  .005  .005  .004  .004  .003  .001  .001
0


          TIME SUMMARY AT END OF TIME STEP 15 IN STRESS PERIOD  1
                               SECONDS        MINUTES         HOURS          DAYS           YEARS
                           ---------------------------------------------------------------------------
      TIME STEP LENGTH         5398.41        89.9735        1.49956        .624816E-01    .171065E-03
    STRESS PERIOD TIME         22936.1        382.268        6.37114        .265464        .726801E-03
 TOTAL SIMULATION TIME         22936.1        382.268        6.37114        .265464        .726801E-03
1
     9 ITERATIONS FOR TIME STEP  16 IN STRESS PERIOD  1
0MAXIMUM HEAD CHANGE FOR EACH ITERATION:
0 HEAD CHANGE LAYER,ROW,COL HEAD CHANGE LAYER,ROW,COL HEAD CHANGE LAYER,ROW,COL HEAD CHANGE LAYER,ROW,COL HEAD CHANGE LAYER,ROW,COL
 ------------------------------------------------------------------------------------------------------------------------------------
   -.1145E-01 (  1, 15, 15)  -.1175E-01 (  1,  6,  7)  -.1615E-01 (  1, 10, 10)  -.9877E-02 (  1, 10, 10)  -.1250E-02 (  1, 13, 13)
    .2371E-03 (  1,  9,  9)   .2855E-03 (  1, 10, 10)   .2493E-03 (  1, 10, 10)   .9156E-04 (  1, 12, 12)
0
0HEAD/DRAWDOWN PRINTOUT FLAG = 1     TOTAL BUDGET PRINTOUT FLAG = 0     CELL-BY-CELL FLOW TERM FLAG = 0
 REUSING PREVIOUS VALUES OF IOFLG
1                  DRAWDOWN IN LAYER  1 AT END OF TIME STEP 16 IN STRESS PERIOD  1
           -----------------------------------------------------------------------

         1     2     3     4     5     6     7     8     9    10    11    12    13    14    15    16    17    18    19
 ..........................................................................................................................
0  1   .002  .003  .006  .008  .009  .009  .010  .010  .010  .010  .010  .010  .010  .009  .009  .008  .006  .003  .002
0  2   .003  .009  .016  .022  .027  .030  .031  .032  .032  .032  .032  .032  .031  .030  .027  .022  .016  .009  .003
0  3   .006  .016  .032  .048  .061  .069  .074  .076  .077  .077  .077  .076  .074  .069  .061  .048  .032  .016  .006
0  4   .008  .022  .048  .078  .104  .124  .135  .141  .144  .144  .144  .141  .135  .124  .104  .078  .048  .022  .008
0  5   .009  .027  .061  .104  .146  .183  .206  .218  .225  .226  .225  .218  .206  .183  .146  .104  .061  .027  .009
0  6   .009  .030  .069  .124  .183  .241  .285  .311  .327  .330  .327  .311  .285  .241  .183  .124  .069  .030  .009
0  7   .010  .031  .074  .135  .206  .285  .356  .407  .442  .451  .442  .407  .356  .285  .206  .135  .074  .031  .010
0  8   .010  .032  .076  .141  .218  .311  .407  .489  .561  .591  .561  .489  .407  .311  .218  .141  .076  .032  .010
0  9   .010  .032  .077  .144  .225  .327  .442  .561  .701  .818  .701  .561  .442  .327  .225  .144  .077  .032  .010
0 10   .010  .032  .077  .144  .226  .330  .451  .591  .818 1.362  .818  .591  .451  .330  .226  .144  .077  .032  .010
0 11   .010  .032  .077  .144  .225  .327  .442  .561  .701  .818  .701  .561  .442  .327  .225  .144  .077  .032  .010
0 12   .010  .032  .076  .141  .218  .311  .407  .489  .561  .591  .561  .489  .407  .311  .218  .141  .076  .032  .010
0 13   .010  .031  .074  .135  .206  .285  .356  .407  .442  .451  .442  .407  .356  .285  .206  .135  .074  .031  .010
0 14   .009  .030  .069  .124  .183  .241  .285  .311  .327  .330  .327  .311  .285  .241  .183  .124  .069  .030  .009
0 15   .009  .027  .061  .104  .146  .183  .206  .218  .225  .226  .225  .218  .206  .183  .146  .104  .061  .027  .009
0 16   .008  .022  .048  .078  .104  .124  .135  .141  .144  .144  .144  .141  .135  .124  .104  .078  .048  .022  .008
0 17   .006  .016  .032  .048  .061  .069  .074  .076  .077  .077  .077  .076  .074  .069  .061  .048  .032  .016  .006
0 18   .003  .009  .016  .022  .027  .030  .031  .032  .032  .032  .032  .032  .031  .030  .027  .022  .016  .009  .003
0 19   .002  .003  .006  .008  .009  .009  .010  .010  .010  .010  .010  .010  .010  .009  .009  .008  .006  .003  .002
0


          TIME SUMMARY AT END OF TIME STEP 16 IN STRESS PERIOD  1
                               SECONDS        MINUTES         HOURS          DAYS           YEARS
                           ---------------------------------------------------------------------------
      TIME STEP LENGTH         7017.94        116.966        1.94943        .812261E-01    .222385E-03
    STRESS PERIOD TIME         29954.0        499.234        8.32057        .346690        .949186E-03
 TOTAL SIMULATION TIME         29954.0        499.234        8.32057        .346690        .949186E-03
1
    10 ITERATIONS FOR TIME STEP  17 IN STRESS PERIOD  1
0MAXIMUM HEAD CHANGE FOR EACH ITERATION:
0 HEAD CHANGE LAYER,ROW,COL HEAD CHANGE LAYER,ROW,COL HEAD CHANGE LAYER,ROW,COL HEAD CHANGE LAYER,ROW,COL HEAD CHANGE LAYER,ROW,COL
 ------------------------------------------------------------------------------------------------------------------------------------
   -.1115E-01 (  1, 16, 16)  -.1129E-01 (  1,  6,  6)  -.1592E-01 (  1, 11, 10)  -.1162E-01 (  1, 10, 10)  -.1813E-02 (  1, 13, 13)
    .2948E-03 (  1,  9,  9)   .3852E-03 (  1, 10, 10)   .3476E-03 (  1, 10, 10)   .1575E-03 (  1, 11, 11)  -.2635E-04 (  1, 10,  9)
0
0HEAD/DRAWDOWN PRINTOUT FLAG = 1     TOTAL BUDGET PRINTOUT FLAG = 0     CELL-BY-CELL FLOW TERM FLAG = 0
 REUSING PREVIOUS VALUES OF IOFLG
1                  DRAWDOWN IN LAYER  1 AT END OF TIME STEP 17 IN STRESS PERIOD  1
           -----------------------------------------------------------------------

         1     2     3     4     5     6     7     8     9    10    11    12    13    14    15    16    17    18    19
 ..........................................................................................................................
0  1   .004  .008  .012  .014  .016  .017  .018  .018  .018  .018  .018  .018  .018  .017  .016  .014  .012  .008  .004
0  2   .008  .016  .026  .035  .041  .045  .047  .048  .048  .048  .048  .048  .047  .045  .041  .035  .026  .016  .008
0  3   .012  .026  .047  .067  .082  .092  .097  .099  .101  .101  .101  .099  .097  .092  .082  .067  .047  .026  .012
0  4   .014  .035  .067  .102  .131  .152  .164  .170  .173  .174  .173  .170  .164  .152  .131  .102  .067  .035  .014
0  5   .016  .041  .082  .131  .176  .214  .239  .251  .258  .260  .258  .251  .239  .214  .176  .131  .082  .041  .016
0  6   .017  .045  .092  .152  .214  .275  .320  .347  .362  .366  .362  .347  .320  .275  .214  .152  .092  .045  .017
0  7   .018  .047  .097  .164  .239  .320  .392  .443  .478  .488  .478  .443  .392  .320  .239  .164  .097  .047  .018
0  8   .018  .048  .099  .170  .251  .347  .443  .526  .598  .628  .598  .526  .443  .347  .251  .170  .099  .048  .018
0  9   .018  .048  .101  .173  .258  .362  .478  .598  .739  .856  .739  .598  .478  .362  .258  .173  .101  .048  .018
0 10   .018  .048  .101  .174  .260  .366  .488  .628  .856 1.399  .856  .628  .488  .366  .260  .174  .101  .048  .018
0 11   .018  .048  .101  .173  .258  .362  .478  .598  .739  .856  .739  .598  .478  .362  .258  .173  .101  .048  .018
0 12   .018  .048  .099  .170  .251  .347  .443  .526  .598  .628  .598  .526  .443  .347  .251  .170  .099  .048  .018
0 13   .018  .047  .097  .164  .239  .320  .392  .443  .478  .488  .478  .443  .392  .320  .239  .164  .097  .047  .018
0 14   .017  .045  .092  .152  .214  .275  .320  .347  .362  .366  .362  .347  .320  .275  .214  .152  .092  .045  .017
0 15   .016  .041  .082  .131  .176  .214  .239  .251  .258  .260  .258  .251  .239  .214  .176  .131  .082  .041  .016
0 16   .014  .035  .067  .102  .131  .152  .164  .170  .173  .174  .173  .170  .164  .152  .131  .102  .067  .035  .014
0 17   .012  .026  .047  .067  .082  .092  .097  .099  .101  .101  .101  .099  .097  .092  .082  .067  .047  .026  .012
0 18   .008  .016  .026  .035  .041  .045  .047  .048  .048  .048  .048  .048  .047  .045  .041  .035  .026  .016  .008
0 19   .004  .008  .012  .014  .016  .017  .018  .018  .018  .018  .018  .018  .018  .017  .016  .014  .012  .008  .004
0


          TIME SUMMARY AT END OF TIME STEP 17 IN STRESS PERIOD  1
                               SECONDS        MINUTES         HOURS          DAYS           YEARS
                           ---------------------------------------------------------------------------
      TIME STEP LENGTH         9123.32        152.055        2.53425        .105594        .289100E-03
    STRESS PERIOD TIME         39077.4        651.289        10.8548        .452284        .123829E-02
 TOTAL SIMULATION TIME         39077.4        651.289        10.8548        .452284        .123829E-02
1
    10 ITERATIONS FOR TIME STEP  18 IN STRESS PERIOD  1
0MAXIMUM HEAD CHANGE FOR EACH ITERATION:
0 HEAD CHANGE LAYER,ROW,COL HEAD CHANGE LAYER,ROW,COL HEAD CHANGE LAYER,ROW,COL HEAD CHANGE LAYER,ROW,COL HEAD CHANGE LAYER,ROW,COL
 ------------------------------------------------------------------------------------------------------------------------------------
   -.1123E-01 (  1, 16, 17)  -.1108E-01 (  1,  5,  5)  -.1552E-01 (  1, 11,  9)  -.1337E-01 (  1, 10,  9)  -.2560E-02 (  1, 13, 13)
    .3496E-03 (  1,  9,  9)   .4936E-03 (  1, 10, 10)   .4621E-03 (  1, 10,  9)   .2549E-03 (  1, 10, 10)   .3526E-04 (  1, 15,  8)
0
0HEAD/DRAWDOWN PRINTOUT FLAG = 1     TOTAL BUDGET PRINTOUT FLAG = 0     CELL-BY-CELL FLOW TERM FLAG = 0
 REUSING PREVIOUS VALUES OF IOFLG
1                  DRAWDOWN IN LAYER  1 AT END OF TIME STEP 18 IN STRESS PERIOD  1
           -----------------------------------------------------------------------

         1     2     3     4     5     6     7     8     9    10    11    12    13    14    15    16    17    18    19
 ..........................................................................................................................
0  1   .010  .015  .021  .026  .028  .030  .031  .031  .031  .031  .031  .031  .031  .030  .028  .026  .021  .015  .010
0  2   .015  .027  .041  .052  .060  .064  .066  .067  .068  .068  .068  .067  .066  .064  .060  .052  .041  .027  .015
0  3   .021  .041  .067  .090  .107  .118  .124  .126  .128  .128  .128  .126  .124  .118  .107  .090  .067  .041  .021
0  4   .026  .052  .090  .129  .160  .183  .196  .202  .205  .206  .205  .202  .196  .183  .160  .129  .090  .052  .026
0  5   .028  .060  .107  .160  .208  .248  .273  .286  .293  .294  .293  .286  .273  .248  .208  .160  .107  .060  .028
0  6   .030  .064  .118  .183  .248  .310  .356  .383  .399  .402  .399  .383  .356  .310  .248  .183  .118  .064  .030
0  7   .031  .066  .124  .196  .273  .356  .429  .480  .515  .525  .515  .480  .429  .356  .273  .196  .124  .066  .031
0  8   .031  .067  .126  .202  .286  .383  .480  .564  .636  .665  .636  .564  .480  .383  .286  .202  .126  .067  .031
0  9   .031  .068  .128  .205  .293  .399  .515  .636  .776  .894  .776  .636  .515  .399  .293  .205  .128  .068  .031
0 10   .031  .068  .128  .206  .294  .402  .525  .665  .894 1.437  .894  .665  .525  .402  .294  .206  .128  .068  .031
0 11   .031  .068  .128  .205  .293  .399  .516  .636  .776  .894  .776  .636  .515  .399  .293  .205  .128  .068  .031
0 12   .031  .067  .126  .202  .286  .383  .480  .564  .636  .665  .636  .564  .480  .383  .286  .202  .126  .067  .031
0 13   .031  .066  .124  .196  .273  .356  .429  .480  .515  .525  .515  .480  .429  .356  .273  .196  .124  .066  .031
0 14   .030  .064  .118  .183  .248  .310  .356  .383  .399  .402  .399  .383  .356  .310  .248  .183  .118  .064  .030
0 15   .028  .060  .107  .160  .208  .248  .273  .286  .293  .294  .293  .286  .273  .248  .208  .160  .107  .060  .028
0 16   .026  .052  .090  .129  .160  .183  .196  .202  .205  .206  .205  .202  .196  .183  .160  .129  .090  .052  .026
0 17   .021  .041  .067  .090  .107  .118  .124  .126  .128  .128  .128  .126  .124  .118  .107  .090  .067  .041  .021
0 18   .015  .027  .041  .052  .060  .064  .066  .067  .068  .068  .068  .067  .066  .064  .060  .052  .041  .027  .015
0 19   .010  .015  .021  .026  .028  .030  .031  .031  .031  .031  .031  .031  .031  .030  .028  .026  .021  .015  .010
0


          TIME SUMMARY AT END OF TIME STEP 18 IN STRESS PERIOD  1
                               SECONDS        MINUTES         HOURS          DAYS           YEARS
                           ---------------------------------------------------------------------------
      TIME STEP LENGTH         11860.3        197.672        3.29453        .137272        .375831E-03
    STRESS PERIOD TIME         50937.7        848.961        14.1494        .589556        .161412E-02
 TOTAL SIMULATION TIME         50937.7        848.961        14.1494        .589556        .161412E-02
1
    10 ITERATIONS FOR TIME STEP  19 IN STRESS PERIOD  1
0MAXIMUM HEAD CHANGE FOR EACH ITERATION:
0 HEAD CHANGE LAYER,ROW,COL HEAD CHANGE LAYER,ROW,COL HEAD CHANGE LAYER,ROW,COL HEAD CHANGE LAYER,ROW,COL HEAD CHANGE LAYER,ROW,COL
 ------------------------------------------------------------------------------------------------------------------------------------
   -.1209E-01 (  1, 17, 17)  -.1130E-01 (  1,  4,  5)  -.1520E-01 (  1, 12,  8)  -.1524E-01 (  1, 10,  9)  -.3676E-02 (  1,  8,  8)
    .4015E-03 (  1,  8,  8)   .6085E-03 (  1, 10, 10)   .5897E-03 (  1, 10,  9)   .3943E-03 (  1, 10, 10)   .6031E-04 (  1,  7, 15)
0
0HEAD/DRAWDOWN PRINTOUT FLAG = 1     TOTAL BUDGET PRINTOUT FLAG = 0     CELL-BY-CELL FLOW TERM FLAG = 0
 REUSING PREVIOUS VALUES OF IOFLG
1                  DRAWDOWN IN LAYER  1 AT END OF TIME STEP 19 IN STRESS PERIOD  1
           -----------------------------------------------------------------------

         1     2     3     4     5     6     7     8     9    10    11    12    13    14    15    16    17    18    19
 ..........................................................................................................................
0  1   .020  .028  .037  .042  .046  .048  .049  .049  .049  .050  .049  .049  .049  .048  .046  .042  .037  .028  .020
0  2   .028  .044  .061  .074  .083  .088  .091  .092  .092  .093  .092  .092  .091  .088  .083  .074  .061  .044  .028
0  3   .037  .061  .091  .117  .135  .147  .154  .156  .158  .158  .158  .156  .154  .147  .135  .117  .091  .061  .037
0  4   .042  .074  .117  .159  .192  .216  .229  .236  .239  .240  .239  .236  .230  .216  .192  .159  .117  .074  .042
0  5   .046  .083  .135  .192  .242  .283  .309  .322  .329  .331  .329  .322  .309  .283  .242  .192  .135  .083  .046
0  6   .048  .088  .147  .216  .283  .347  .393  .420  .436  .440  .436  .420  .393  .347  .283  .216  .147  .088  .048
0  7   .049  .091  .154  .229  .309  .393  .466  .518  .554  .563  .554  .518  .466  .393  .309  .229  .154  .091  .049
0  8   .049  .092  .156  .236  .322  .420  .518  .602  .674  .704  .674  .602  .518  .420  .322  .236  .156  .092  .049
0  9   .049  .092  .158  .239  .329  .436  .554  .674  .815  .932  .815  .674  .554  .436  .329  .239  .158  .092  .049
0 10   .050  .093  .158  .240  .331  .440  .563  .704  .932 1.476  .932  .704  .563  .440  .331  .240  .158  .093  .050
0 11   .049  .092  .158  .239  .329  .436  .554  .674  .815  .932  .815  .674  .554  .436  .329  .239  .158  .092  .049
0 12   .049  .092  .156  .236  .322  .420  .518  .602  .674  .704  .674  .602  .518  .420  .322  .236  .156  .092  .049
0 13   .049  .091  .154  .230  .309  .393  .466  .518  .554  .563  .554  .518  .466  .393  .309  .229  .154  .091  .049
0 14   .048  .088  .147  .216  .283  .347  .393  .420  .436  .440  .436  .420  .393  .347  .283  .216  .147  .088  .048
0 15   .046  .083  .135  .192  .242  .283  .309  .322  .329  .331  .329  .322  .309  .283  .242  .192  .135  .083  .046
0 16   .042  .074  .117  .159  .192  .216  .229  .236  .239  .240  .239  .236  .229  .216  .192  .159  .117  .074  .042
0 17   .037  .061  .091  .117  .135  .147  .154  .156  .158  .158  .158  .156  .154  .147  .135  .117  .091  .061  .037
0 18   .028  .044  .061  .074  .083  .088  .091  .092  .092  .093  .092  .092  .091  .088  .083  .074  .061  .044  .028
0 19   .020  .028  .037  .042  .046  .048  .049  .049  .049  .050  .049  .049  .049  .048  .046  .042  .037  .028  .020
0


          TIME SUMMARY AT END OF TIME STEP 19 IN STRESS PERIOD  1
                               SECONDS        MINUTES         HOURS          DAYS           YEARS
                           ---------------------------------------------------------------------------
      TIME STEP LENGTH         15418.4        256.973        4.28289        .178454        .488580E-03
    STRESS PERIOD TIME         66356.1        1105.93        18.4322        .768010        .210270E-02
 TOTAL SIMULATION TIME         66356.1        1105.93        18.4322        .768010        .210270E-02
1
    11 ITERATIONS FOR TIME STEP  20 IN STRESS PERIOD  1
0MAXIMUM HEAD CHANGE FOR EACH ITERATION:
0 HEAD CHANGE LAYER,ROW,COL HEAD CHANGE LAYER,ROW,COL HEAD CHANGE LAYER,ROW,COL HEAD CHANGE LAYER,ROW,COL HEAD CHANGE LAYER,ROW,COL
 ------------------------------------------------------------------------------------------------------------------------------------
   -.1491E-01 (  1, 16, 19)  -.1227E-01 (  1,  4,  4)  -.1533E-01 (  1, 13,  7)  -.1744E-01 (  1, 10,  9)  -.5395E-02 (  1, 10, 10)
    .5429E-03 (  1,  7,  7)   .7401E-03 (  1,  8,  8)   .7321E-03 (  1, 10,  9)   .5876E-03 (  1, 10, 10)   .1042E-03 (  1,  7, 15)
   -.2101E-04 (  1, 13, 12)
0
0HEAD/DRAWDOWN PRINTOUT FLAG = 1     TOTAL BUDGET PRINTOUT FLAG = 1     CELL-BY-CELL FLOW TERM FLAG = 0
 REUSING PREVIOUS VALUES OF IOFLG
1                  DRAWDOWN IN LAYER  1 AT END OF TIME STEP 20 IN STRESS PERIOD  1
           -----------------------------------------------------------------------

         1     2     3     4     5     6     7     8     9    10    11    12    13    14    15    16    17    18    19
 ..........................................................................................................................
0  1   .038  .049  .059  .066  .071  .073  .074  .075  .075  .075  .075  .075  .074  .073  .071  .066  .059  .049  .038
0  2   .049  .068  .087  .103  .112  .118  .121  .122  .123  .123  .123  .122  .121  .118  .112  .103  .087  .068  .049
0  3   .059  .087  .121  .149  .169  .181  .188  .191  .193  .193  .193  .191  .188  .181  .169  .149  .121  .087  .059
0  4   .066  .103  .149  .194  .228  .253  .267  .273  .277  .277  .277  .273  .267  .253  .228  .194  .149  .103  .066
0  5   .071  .112  .169  .228  .280  .322  .347  .361  .368  .370  .368  .361  .347  .322  .280  .228  .169  .112  .071
0  6   .073  .118  .181  .253  .322  .386  .432  .460  .476  .480  .476  .460  .432  .386  .322  .253  .181  .118  .073
0  7   .074  .121  .188  .267  .347  .432  .506  .558  .594  .603  .594  .558  .506  .432  .347  .267  .188  .121  .074
0  8   .075  .122  .191  .273  .361  .460  .558  .642  .715  .744  .715  .642  .558  .460  .361  .273  .191  .122  .075
0  9   .075  .123  .193  .277  .368  .476  .594  .715  .855  .973  .855  .715  .594  .476  .368  .277  .193  .123  .075
0 10   .075  .123  .193  .277  .370  .480  .603  .744  .973 1.516  .973  .744  .603  .480  .370  .277  .193  .123  .075
0 11   .075  .123  .193  .277  .368  .476  .594  .715  .855  .973  .855  .715  .594  .476  .368  .277  .193  .123  .075
0 12   .075  .122  .191  .273  .361  .460  .558  .642  .715  .744  .715  .642  .558  .460  .361  .273  .191  .122  .075
0 13   .074  .121  .188  .267  .347  .432  .506  .558  .594  .603  .594  .558  .506  .432  .347  .267  .188  .121  .074
0 14   .073  .118  .181  .253  .322  .386  .432  .460  .476  .480  .476  .460  .432  .386  .322  .253  .181  .118  .073
0 15   .071  .112  .169  .228  .280  .322  .347  .361  .368  .370  .368  .361  .347  .322  .280  .228  .169  .112  .071
0 16   .066  .103  .149  .194  .228  .253  .267  .273  .277  .277  .277  .273  .267  .253  .228  .194  .149  .103  .066
0 17   .059  .087  .121  .149  .169  .181  .188  .191  .193  .193  .193  .191  .188  .181  .169  .149  .121  .087  .059
0 18   .049  .068  .087  .103  .112  .118  .121  .122  .123  .123  .123  .122  .121  .118  .112  .103  .087  .068  .049
0 19   .038  .049  .059  .066  .071  .073  .074  .075  .075  .075  .075  .075  .074  .073  .071  .066  .059  .049  .038
0


                              VOLUMETRIC BUDGET FOR ENTIRE MODEL AT END OF TIME STEP 20 IN STRESS PERIOD  1
                              -----------------------------------------------------------------------------
0                   CUMULATIVE VOLUMES      L**3                                     RATES FOR THIS TIME STEP      L**3/T
                    ------------------                                               ------------------------

                          IN:                                                                    IN:
                          ---                                                                    ---
                            STORAGE =    345.60                                                    STORAGE =    .39998E-02
                      CONSTANT HEAD =    .00000                                              CONSTANT HEAD =    .00000    
                              WELLS =    .00000                                                      WELLS =    .00000    
0                          TOTAL IN =    345.60                                                   TOTAL IN =    .39998E-02
0                        OUT:                                                                   OUT:
                         ----                                                                   ----
                            STORAGE =    .00000                                                    STORAGE =    .00000    
                      CONSTANT HEAD =    .00000                                              CONSTANT HEAD =    .00000    
                              WELLS =    345.60                                                      WELLS =    .40000E-02
0                         TOTAL OUT =    345.60                                                  TOTAL OUT =    .40000E-02
0                          IN - OUT =    .41504E-02                                               IN - OUT =   -.17043E-06
0               PERCENT DISCREPANCY =                 .00                              PERCENT DISCREPANCY =                -.00



0


          TIME SUMMARY AT END OF TIME STEP 20 IN STRESS PERIOD  1
                               SECONDS        MINUTES         HOURS          DAYS           YEARS
                           ---------------------------------------------------------------------------
      TIME STEP LENGTH         20043.9        334.065        5.56776        .231990        .635154E-03
    STRESS PERIOD TIME         86400.0        1440.00        24.0000        1.00000        .273785E-02
 TOTAL SIMULATION TIME         86400.0        1440.00        24.0000        1.00000        .273785E-02
1
