1                    U.S. GEOLOGICAL SURVEY MODULAR FINITE-DIFFERENCE GROUND-WATER MODEL
0anisotropy problem  quadrant fine spacing                                       2/20/91  pfa                                    
    1 LAYERS        19 ROWS        19 COLUMNS
   1 STRESS PERIOD(S) IN SIMULATION
 MODEL TIME UNIT IS SECONDS
0I/O UNITS:
 ELEMENT OF IUNIT:  1  2  3  4  5  6  7  8  9 10 11 12 13 14 15 16 17 18 19 20 21 22 23 24
         I/O UNIT: 11 12  0  0  0  0  0  0 19  0  0 22  0  0  0  0  0  0  0  0  0  0  0  0
0BAS1 -- BASIC MODEL PACKAGE, VERSION 1, 9/1/87 INPUT READ FROM UNIT  1
 ARRAYS RHS AND BUFF WILL SHARE MEMORY.
 START HEAD WILL BE SAVED
     3291 ELEMENTS IN X ARRAY ARE USED BY BAS
     3291 ELEMENTS OF X ARRAY USED OUT OF   80000
0BCF1 -- BLOCK-CENTERED FLOW PACKAGE, VERSION 1, 9/1/87 INPUT READ FROM UNIT 11
 TRANSIENT SIMULATION
      LAYER  AQUIFER TYPE
      -------------------
         1         0
      362 ELEMENTS IN X ARRAY ARE USED BY BCF
     3653 ELEMENTS OF X ARRAY USED OUT OF   80000
0WEL1 -- WELL PACKAGE, VERSION 1, 9/1/87 INPUT READ FROM 12
 MAXIMUM OF    1 WELLS
        4 ELEMENTS IN X ARRAY ARE USED FOR WELLS
     3657 ELEMENTS OF X ARRAY USED OUT OF   80000
0SIP1 -- STRONGLY IMPLICIT PROCEDURE SOLUTION PACKAGE, VERSION 1, 9/1/87 INPUT READ FROM UNIT 19
 MAXIMUM OF  50 ITERATIONS ALLOWED FOR CLOSURE
  5 ITERATION PARAMETERS
     1649 ELEMENTS IN X ARRAY ARE USED BY SIP
     5306 ELEMENTS OF X ARRAY USED OUT OF   80000
1anisotropy problem  quadrant fine spacing                                       2/20/91  pfa                                    
0                                                              BOUNDARY ARRAY =              1 FOR LAYER  1
0AQUIFER HEAD WILL BE SET TO  999.00     AT ALL NO-FLOW NODES (IBOUND=0).
0                                                                INITIAL HEAD =   .0000000     FOR LAYER  1
0HEAD PRINT FORMAT IS FORMAT NUMBER  10    DRAWDOWN PRINT FORMAT IS FORMAT NUMBER  10
0HEADS WILL BE SAVED ON UNIT  0    DRAWDOWNS WILL BE SAVED ON UNIT  0
0OUTPUT CONTROL IS SPECIFIED EVERY TIME STEP
0                                                    COLUMN TO ROW ANISOTROPY =   .1000000    
0


                                                  DELR WILL BE READ ON UNIT 11 USING FORMAT: (7G11.4)            
                              -------------------------------------------------------------------------------

   1.0000       1.4100       2.0000       2.8300       4.0000       5.6500       8.0000       11.300       12.000       14.620    
   20.000       28.300       40.000       56.500       80.000       110.00       150.00       200.00       252.89    
0


                                                  DELC WILL BE READ ON UNIT 11 USING FORMAT: (7G11.4)            
                              -------------------------------------------------------------------------------

   1.0000       1.4100       2.0000       2.8300       4.0000       5.6500       8.0000       11.300       12.000       14.620    
   20.000       28.300       40.000       56.500       80.000       110.00       150.00       200.00       252.89    
0                                                        PRIMARY STORAGE COEF =   .7500000E-03 FOR LAYER  1
0                                                        TRANSMIS. ALONG ROWS =   .2300000E-02 FOR LAYER  1
0


                                                         SOLUTION BY THE STRONGLY IMPLICIT PROCEDURE
                                                         -------------------------------------------
0                                               MAXIMUM ITERATIONS ALLOWED FOR CLOSURE =       50
                                                                ACCELERATION PARAMETER =     1.0000    
                                                     HEAD CHANGE CRITERION FOR CLOSURE =     .10000E-03
                                                     SIP HEAD CHANGE PRINTOUT INTERVAL =        1
0                                                    CALCULATE ITERATION PARAMETERS FROM MODEL CALCULATED WSEED
1                                                   STRESS PERIOD NO.   1, LENGTH =   86400.00    
                                                    ----------------------------------------------

                                                    NUMBER OF TIME STEPS =    20

                                                     MULTIPLIER FOR DELT =     1.300

                                                  INITIAL TIME STEP SIZE =   137.1069    
0             1 WELLS
                                                LAYER    ROW    COL    STRESS RATE   WELL NO.
                                                ---------------------------------------------
                                                  1       1      1     -.10000E-02       1
0AVERAGE SEED =  .00104361
 MINIMUM SEED =  .00000003
0
    5 ITERATION PARAMETERS CALCULATED FROM AVERAGE SEED:

             .0000000E+00   .8202642E+00   .9676951E+00   .9941936E+00   .9989564E+00
0
    14 ITERATIONS FOR TIME STEP   1 IN STRESS PERIOD  1
0MAXIMUM HEAD CHANGE FOR EACH ITERATION:
0 HEAD CHANGE LAYER,ROW,COL HEAD CHANGE LAYER,ROW,COL HEAD CHANGE LAYER,ROW,COL HEAD CHANGE LAYER,ROW,COL HEAD CHANGE LAYER,ROW,COL
 ------------------------------------------------------------------------------------------------------------------------------------
   -1.438     (  1,  1,  1)  -.4849     (  1,  2,  1)  -.5460     (  1,  1,  1)  -.6514E-01 (  1,  1,  1)   .2809E-01 (  1,  1,  1)
   -.1061E-01 (  1,  4,  1)  -.1432E-01 (  1,  1,  1)  -.1205E-01 (  1,  2,  1)  -.8185E-02 (  1,  2,  1)   .8188E-03 (  1,  5,  3)
   -.1141E-03 (  1,  2,  1)  -.1089E-03 (  1,  1,  4)  -.1797E-03 (  1,  1,  1)  -.1666E-04 (  1,  1,  1)
0
0HEAD/DRAWDOWN PRINTOUT FLAG = 1     TOTAL BUDGET PRINTOUT FLAG = 1     CELL-BY-CELL FLOW TERM FLAG = 0
0OUTPUT FLAGS FOR ALL LAYERS ARE THE SAME:
   HEAD    DRAWDOWN  HEAD  DRAWDOWN
 PRINTOUT  PRINTOUT  SAVE    SAVE
 ----------------------------------
     0         1       0       0
1                  DRAWDOWN IN LAYER  1 AT END OF TIME STEP  1 IN STRESS PERIOD  1
           -----------------------------------------------------------------------

         1     2     3     4     5     6     7     8     9    10    11    12    13    14    15    16    17    18    19
 ..........................................................................................................................
0  1  2.459 2.053 1.637 1.243  .894  .598  .363  .190  .095  .044  .017  .005  .001  .000  .000  .000  .000  .000  .000
0  2  1.356 1.310 1.199 1.021  .795  .559  .348  .185  .093  .044  .017  .005  .001  .000  .000  .000  .000  .000  .000
0  3   .794  .785  .758  .698  .597  .458  .305  .170  .088  .042  .016  .005  .001  .000  .000  .000  .000  .000  .000
0  4   .437  .435  .427  .409  .373  .312  .229  .139  .076  .037  .015  .004  .001  .000  .000  .000  .000  .000  .000
0  5   .211  .210  .208  .203  .192  .171  .137  .093  .055  .029  .012  .004  .001  .000  .000  .000  .000  .000  .000
0  6   .083  .083  .082  .081  .078  .073  .063  .047  .031  .018  .008  .003  .001  .000  .000  .000  .000  .000  .000
0  7   .025  .025  .024  .024  .024  .023  .020  .017  .012  .008  .004  .001  .000  .000  .000  .000  .000  .000  .000
0  8   .005  .005  .005  .005  .005  .005  .004  .004  .003  .002  .001  .001  .000  .000  .000  .000  .000  .000  .000
0  9   .001  .001  .001  .001  .001  .001  .001  .001  .001  .000  .000  .000  .000  .000  .000  .000  .000  .000  .000
0 10   .000  .000  .000  .000  .000  .000  .000  .000  .000  .000  .000  .000  .000  .000  .000  .000  .000  .000  .000
0 11   .000  .000  .000  .000  .000  .000  .000  .000  .000  .000  .000  .000  .000  .000  .000  .000  .000  .000  .000
0 12   .000  .000  .000  .000  .000  .000  .000  .000  .000  .000  .000  .000  .000  .000  .000  .000  .000  .000  .000
0 13   .000  .000  .000  .000  .000  .000  .000  .000  .000  .000  .000  .000  .000  .000  .000  .000  .000  .000  .000
0 14   .000  .000  .000  .000  .000  .000  .000  .000  .000  .000  .000  .000  .000  .000  .000  .000  .000  .000  .000
0 15   .000  .000  .000  .000  .000  .000  .000  .000  .000  .000  .000  .000  .000  .000  .000  .000  .000  .000  .000
0 16   .000  .000  .000  .000  .000  .000  .000  .000  .000  .000  .000  .000  .000  .000  .000  .000  .000  .000  .000
0 17   .000  .000  .000  .000  .000  .000  .000  .000  .000  .000  .000  .000  .000  .000  .000  .000  .000  .000  .000
0 18   .000  .000  .000  .000  .000  .000  .000  .000  .000  .000  .000  .000  .000  .000  .000  .000  .000  .000  .000
0 19   .000  .000  .000  .000  .000  .000  .000  .000  .000  .000  .000  .000  .000  .000  .000  .000  .000  .000  .000
0


                              VOLUMETRIC BUDGET FOR ENTIRE MODEL AT END OF TIME STEP  1 IN STRESS PERIOD  1
                              -----------------------------------------------------------------------------
0                   CUMULATIVE VOLUMES      L**3                                     RATES FOR THIS TIME STEP      L**3/T
                    ------------------                                               ------------------------

                          IN:                                                                    IN:
                          ---                                                                    ---
                            STORAGE =    .13710                                                    STORAGE =    .99997E-03
                      CONSTANT HEAD =    .00000                                              CONSTANT HEAD =    .00000    
                              WELLS =    .00000                                                      WELLS =    .00000    
0                          TOTAL IN =    .13710                                                   TOTAL IN =    .99997E-03
0                        OUT:                                                                   OUT:
                         ----                                                                   ----
                            STORAGE =    .00000                                                    STORAGE =    .00000    
                      CONSTANT HEAD =    .00000                                              CONSTANT HEAD =    .00000    
                              WELLS =    .13711                                                      WELLS =    .10000E-02
0                         TOTAL OUT =    .13711                                                  TOTAL OUT =    .10000E-02
0                          IN - OUT =   -.36955E-05                                               IN - OUT =   -.27008E-07
0               PERCENT DISCREPANCY =                -.00                              PERCENT DISCREPANCY =                -.00



0


          TIME SUMMARY AT END OF TIME STEP  1 IN STRESS PERIOD  1
                               SECONDS        MINUTES         HOURS          DAYS           YEARS
                           ---------------------------------------------------------------------------
      TIME STEP LENGTH         137.107        2.28512        .380853E-01    .158689E-02    .434466E-05
    STRESS PERIOD TIME         137.107        2.28512        .380853E-01    .158689E-02    .434466E-05
 TOTAL SIMULATION TIME         137.107        2.28512        .380853E-01    .158689E-02    .434466E-05
1
    11 ITERATIONS FOR TIME STEP   2 IN STRESS PERIOD  1
0MAXIMUM HEAD CHANGE FOR EACH ITERATION:
0 HEAD CHANGE LAYER,ROW,COL HEAD CHANGE LAYER,ROW,COL HEAD CHANGE LAYER,ROW,COL HEAD CHANGE LAYER,ROW,COL HEAD CHANGE LAYER,ROW,COL
 ------------------------------------------------------------------------------------------------------------------------------------
   -.8910E-01 (  1,  1,  1)  -.1253     (  1,  2,  2)  -.2511     (  1,  1,  1)  -.4012E-01 (  1,  1,  1)  -.1395E-01 (  1,  5,  1)
   -.4323E-02 (  1,  3,  1)  -.7012E-02 (  1,  1,  1)  -.5979E-02 (  1,  2,  1)  -.4820E-02 (  1,  2,  1)   .5134E-03 (  1,  5,  4)
   -.6155E-04 (  1,  2,  1)
0
0HEAD/DRAWDOWN PRINTOUT FLAG = 1     TOTAL BUDGET PRINTOUT FLAG = 0     CELL-BY-CELL FLOW TERM FLAG = 0
 REUSING PREVIOUS VALUES OF IOFLG
1                  DRAWDOWN IN LAYER  1 AT END OF TIME STEP  2 IN STRESS PERIOD  1
           -----------------------------------------------------------------------

         1     2     3     4     5     6     7     8     9    10    11    12    13    14    15    16    17    18    19
 ..........................................................................................................................
0  1  2.959 2.549 2.124 1.711 1.328  .982  .675  .416  .244  .135  .063  .022  .005  .001  .000  .000  .000  .000  .000
0  2  1.830 1.781 1.664 1.471 1.216  .933  .655  .408  .241  .134  .062  .022  .005  .001  .000  .000  .000  .000  .000
0  3  1.214 1.204 1.173 1.103  .981  .805  .594  .383  .230  .129  .061  .022  .005  .001  .000  .000  .000  .000  .000
0  4   .776  .773  .763  .739  .690  .605  .479  .329  .206  .118  .057  .020  .005  .001  .000  .000  .000  .000  .000
0  5   .449  .448  .445  .437  .419  .385  .326  .242  .162  .098  .049  .018  .005  .001  .000  .000  .000  .000  .000
0  6   .220  .220  .219  .216  .211  .199  .178  .143  .103  .067  .036  .014  .004  .001  .000  .000  .000  .000  .000
0  7   .084  .084  .084  .083  .082  .079  .073  .062  .048  .034  .020  .009  .003  .000  .000  .000  .000  .000  .000
0  8   .023  .023  .022  .022  .022  .022  .020  .018  .015  .011  .007  .004  .001  .000  .000  .000  .000  .000  .000
0  9   .005  .005  .005  .005  .005  .005  .005  .004  .004  .003  .002  .001  .000  .000  .000  .000  .000  .000  .000
0 10   .001  .001  .001  .001  .001  .001  .001  .001  .001  .001  .000  .000  .000  .000  .000  .000  .000  .000  .000
0 11   .000  .000  .000  .000  .000  .000  .000  .000  .000  .000  .000  .000  .000  .000  .000  .000  .000  .000  .000
0 12   .000  .000  .000  .000  .000  .000  .000  .000  .000  .000  .000  .000  .000  .000  .000  .000  .000  .000  .000
0 13   .000  .000  .000  .000  .000  .000  .000  .000  .000  .000  .000  .000  .000  .000  .000  .000  .000  .000  .000
0 14   .000  .000  .000  .000  .000  .000  .000  .000  .000  .000  .000  .000  .000  .000  .000  .000  .000  .000  .000
0 15   .000  .000  .000  .000  .000  .000  .000  .000  .000  .000  .000  .000  .000  .000  .000  .000  .000  .000  .000
0 16   .000  .000  .000  .000  .000  .000  .000  .000  .000  .000  .000  .000  .000  .000  .000  .000  .000  .000  .000
0 17   .000  .000  .000  .000  .000  .000  .000  .000  .000  .000  .000  .000  .000  .000  .000  .000  .000  .000  .000
0 18   .000  .000  .000  .000  .000  .000  .000  .000  .000  .000  .000  .000  .000  .000  .000  .000  .000  .000  .000
0 19   .000  .000  .000  .000  .000  .000  .000  .000  .000  .000  .000  .000  .000  .000  .000  .000  .000  .000  .000
0


          TIME SUMMARY AT END OF TIME STEP  2 IN STRESS PERIOD  1
                               SECONDS        MINUTES         HOURS          DAYS           YEARS
                           ---------------------------------------------------------------------------
      TIME STEP LENGTH         178.239        2.97065        .495108E-01    .206295E-02    .564805E-05
    STRESS PERIOD TIME         315.346        5.25577        .875961E-01    .364984E-02    .999271E-05
 TOTAL SIMULATION TIME         315.346        5.25577        .875961E-01    .364984E-02    .999271E-05
1
    11 ITERATIONS FOR TIME STEP   3 IN STRESS PERIOD  1
0MAXIMUM HEAD CHANGE FOR EACH ITERATION:
0 HEAD CHANGE LAYER,ROW,COL HEAD CHANGE LAYER,ROW,COL HEAD CHANGE LAYER,ROW,COL HEAD CHANGE LAYER,ROW,COL HEAD CHANGE LAYER,ROW,COL
 ------------------------------------------------------------------------------------------------------------------------------------
   -.5080E-01 (  1,  5,  7)  -.6833E-01 (  1,  2,  6)  -.1563     (  1,  1,  1)  -.3793E-01 (  1,  1,  1)  -.1480E-01 (  1,  5,  1)
   -.2841E-02 (  1,  3,  1)  -.4864E-02 (  1,  1,  1)  -.4260E-02 (  1,  2,  1)  -.4011E-02 (  1,  2,  1)   .4498E-03 (  1,  5,  4)
   -.4371E-04 (  1,  2,  1)
0
0HEAD/DRAWDOWN PRINTOUT FLAG = 1     TOTAL BUDGET PRINTOUT FLAG = 0     CELL-BY-CELL FLOW TERM FLAG = 0
 REUSING PREVIOUS VALUES OF IOFLG
1                  DRAWDOWN IN LAYER  1 AT END OF TIME STEP  3 IN STRESS PERIOD  1
           -----------------------------------------------------------------------

         1     2     3     4     5     6     7     8     9    10    11    12    13    14    15    16    17    18    19
 ..........................................................................................................................
0  1  3.243 2.833 2.407 1.991 1.602 1.244  .916  .621  .405  .252  .137  .058  .018  .003  .000  .000  .000  .000  .000
0  2  2.111 2.062 1.944 1.748 1.488 1.193  .893  .611  .401  .250  .136  .058  .017  .003  .000  .000  .000  .000  .000
0  3  1.485 1.475 1.443 1.371 1.244 1.056  .826  .581  .387  .244  .133  .057  .017  .003  .000  .000  .000  .000  .000
0  4  1.025 1.022 1.012  .986  .933  .838  .695  .514  .354  .228  .126  .055  .017  .003  .000  .000  .000  .000  .000
0  5   .659  .658  .654  .644  .624  .583  .511  .404  .292  .196  .112  .050  .016  .003  .000  .000  .000  .000  .000
0  6   .373  .372  .371  .368  .360  .345  .315  .265  .204  .145  .088  .041  .013  .003  .000  .000  .000  .000  .000
0  7   .172  .172  .172  .171  .168  .163  .154  .136  .111  .084  .055  .028  .010  .002  .000  .000  .000  .000  .000
0  8   .058  .058  .058  .058  .057  .056  .054  .049  .042  .034  .024  .013  .005  .001  .000  .000  .000  .000  .000
0  9   .017  .017  .017  .017  .017  .016  .016  .015  .013  .011  .008  .005  .002  .001  .000  .000  .000  .000  .000
0 10   .004  .004  .004  .004  .004  .004  .004  .004  .003  .003  .002  .001  .001  .000  .000  .000  .000  .000  .000
0 11   .001  .001  .001  .001  .001  .001  .001  .001  .001  .000  .000  .000  .000  .000  .000  .000  .000  .000  .000
0 12   .000  .000  .000  .000  .000  .000  .000  .000  .000  .000  .000  .000  .000  .000  .000  .000  .000  .000  .000
0 13   .000  .000  .000  .000  .000  .000  .000  .000  .000  .000  .000  .000  .000  .000  .000  .000  .000  .000  .000
0 14   .000  .000  .000  .000  .000  .000  .000  .000  .000  .000  .000  .000  .000  .000  .000  .000  .000  .000  .000
0 15   .000  .000  .000  .000  .000  .000  .000  .000  .000  .000  .000  .000  .000  .000  .000  .000  .000  .000  .000
0 16   .000  .000  .000  .000  .000  .000  .000  .000  .000  .000  .000  .000  .000  .000  .000  .000  .000  .000  .000
0 17   .000  .000  .000  .000  .000  .000  .000  .000  .000  .000  .000  .000  .000  .000  .000  .000  .000  .000  .000
0 18   .000  .000  .000  .000  .000  .000  .000  .000  .000  .000  .000  .000  .000  .000  .000  .000  .000  .000  .000
0 19   .000  .000  .000  .000  .000  .000  .000  .000  .000  .000  .000  .000  .000  .000  .000  .000  .000  .000  .000
0


          TIME SUMMARY AT END OF TIME STEP  3 IN STRESS PERIOD  1
                               SECONDS        MINUTES         HOURS          DAYS           YEARS
                           ---------------------------------------------------------------------------
      TIME STEP LENGTH         231.711        3.86185        .643641E-01    .268184E-02    .734247E-05
    STRESS PERIOD TIME         547.057        9.11761        .151960        .633167E-02    .173352E-04
 TOTAL SIMULATION TIME         547.057        9.11761        .151960        .633167E-02    .173352E-04
1
    11 ITERATIONS FOR TIME STEP   4 IN STRESS PERIOD  1
0MAXIMUM HEAD CHANGE FOR EACH ITERATION:
0 HEAD CHANGE LAYER,ROW,COL HEAD CHANGE LAYER,ROW,COL HEAD CHANGE LAYER,ROW,COL HEAD CHANGE LAYER,ROW,COL HEAD CHANGE LAYER,ROW,COL
 ------------------------------------------------------------------------------------------------------------------------------------
   -.4371E-01 (  1,  6,  8)  -.5045E-01 (  1,  3,  7)  -.1152     (  1,  1,  1)  -.3790E-01 (  1,  1,  1)  -.1649E-01 (  1,  5,  1)
    .2243E-02 (  1,  7,  1)  -.3829E-02 (  1,  1,  1)  -.3452E-02 (  1,  2,  1)  -.3745E-02 (  1,  2,  1)   .4392E-03 (  1,  5,  5)
   -.3450E-04 (  1,  2,  1)
0
0HEAD/DRAWDOWN PRINTOUT FLAG = 1     TOTAL BUDGET PRINTOUT FLAG = 0     CELL-BY-CELL FLOW TERM FLAG = 0
 REUSING PREVIOUS VALUES OF IOFLG
1                  DRAWDOWN IN LAYER  1 AT END OF TIME STEP  4 IN STRESS PERIOD  1
           -----------------------------------------------------------------------

         1     2     3     4     5     6     7     8     9    10    11    12    13    14    15    16    17    18    19
 ..........................................................................................................................
0  1  3.456 3.045 2.619 2.203 1.812 1.449 1.112  .800  .561  .379  .230  .114  .042  .010  .001  .000  .000  .000  .000
0  2  2.322 2.274 2.155 1.959 1.696 1.397 1.089  .790  .556  .377  .228  .113  .042  .010  .001  .000  .000  .000  .000
0  3  1.694 1.683 1.651 1.578 1.449 1.257 1.018  .757  .540  .369  .225  .112  .041  .010  .001  .000  .000  .000  .000
0  4  1.225 1.222 1.211 1.185 1.130 1.031  .880  .684  .502  .349  .215  .108  .040  .010  .001  .000  .000  .000  .000
0  5   .841  .840  .836  .826  .803  .759  .680  .560  .429  .308  .196  .101  .038  .010  .001  .000  .000  .000  .000
0  6   .523  .523  .522  .518  .509  .491  .456  .396  .320  .241  .160  .086  .034  .009  .001  .000  .000  .000  .000
0  7   .277  .277  .277  .275  .272  .266  .253  .228  .194  .155  .109  .062  .026  .007  .001  .000  .000  .000  .000
0  8   .113  .113  .113  .113  .112  .110  .106  .099  .087  .073  .055  .034  .016  .005  .001  .000  .000  .000  .000
0  9   .040  .040  .040  .040  .040  .039  .038  .036  .033  .028  .023  .015  .008  .002  .000  .000  .000  .000  .000
0 10   .012  .012  .012  .012  .012  .012  .011  .011  .010  .009  .007  .005  .003  .001  .000  .000  .000  .000  .000
0 11   .002  .002  .002  .002  .002  .002  .002  .002  .002  .002  .002  .001  .001  .000  .000  .000  .000  .000  .000
0 12   .000  .000  .000  .000  .000  .000  .000  .000  .000  .000  .000  .000  .000  .000  .000  .000  .000  .000  .000
0 13   .000  .000  .000  .000  .000  .000  .000  .000  .000  .000  .000  .000  .000  .000  .000  .000  .000  .000  .000
0 14   .000  .000  .000  .000  .000  .000  .000  .000  .000  .000  .000  .000  .000  .000  .000  .000  .000  .000  .000
0 15   .000  .000  .000  .000  .000  .000  .000  .000  .000  .000  .000  .000  .000  .000  .000  .000  .000  .000  .000
0 16   .000  .000  .000  .000  .000  .000  .000  .000  .000  .000  .000  .000  .000  .000  .000  .000  .000  .000  .000
0 17   .000  .000  .000  .000  .000  .000  .000  .000  .000  .000  .000  .000  .000  .000  .000  .000  .000  .000  .000
0 18   .000  .000  .000  .000  .000  .000  .000  .000  .000  .000  .000  .000  .000  .000  .000  .000  .000  .000  .000
0 19   .000  .000  .000  .000  .000  .000  .000  .000  .000  .000  .000  .000  .000  .000  .000  .000  .000  .000  .000
0


          TIME SUMMARY AT END OF TIME STEP  4 IN STRESS PERIOD  1
                               SECONDS        MINUTES         HOURS          DAYS           YEARS
                           ---------------------------------------------------------------------------
      TIME STEP LENGTH         301.224        5.02040        .836733E-01    .348639E-02    .954521E-05
    STRESS PERIOD TIME         848.281        14.1380        .235633        .981806E-02    .268804E-04
 TOTAL SIMULATION TIME         848.281        14.1380        .235633        .981806E-02    .268804E-04
1
    11 ITERATIONS FOR TIME STEP   5 IN STRESS PERIOD  1
0MAXIMUM HEAD CHANGE FOR EACH ITERATION:
0 HEAD CHANGE LAYER,ROW,COL HEAD CHANGE LAYER,ROW,COL HEAD CHANGE LAYER,ROW,COL HEAD CHANGE LAYER,ROW,COL HEAD CHANGE LAYER,ROW,COL
 ------------------------------------------------------------------------------------------------------------------------------------
   -.3880E-01 (  1,  6,  8)  -.4286E-01 (  1,  2,  9)  -.9202E-01 (  1,  1,  1)  -.3857E-01 (  1,  1,  1)  -.1881E-01 (  1,  5,  1)
    .2388E-02 (  1,  7,  1)  -.3157E-02 (  1,  1,  1)  -.2873E-02 (  1,  2,  1)  -.3536E-02 (  1,  2,  1)   .4324E-03 (  1,  5,  5)
   -.2853E-04 (  1,  3,  5)
0
0HEAD/DRAWDOWN PRINTOUT FLAG = 1     TOTAL BUDGET PRINTOUT FLAG = 0     CELL-BY-CELL FLOW TERM FLAG = 0
 REUSING PREVIOUS VALUES OF IOFLG
1                  DRAWDOWN IN LAYER  1 AT END OF TIME STEP  5 IN STRESS PERIOD  1
           -----------------------------------------------------------------------

         1     2     3     4     5     6     7     8     9    10    11    12    13    14    15    16    17    18    19
 ..........................................................................................................................
0  1  3.634 3.224 2.798 2.381 1.989 1.624 1.282  .962  .708  .509  .334  .186  .081  .024  .005  .000  .000  .000  .000
0  2  2.500 2.452 2.333 2.136 1.873 1.571 1.258  .951  .703  .506  .332  .185  .080  .024  .005  .000  .000  .000  .000
0  3  1.870 1.860 1.827 1.754 1.623 1.430 1.186  .917  .686  .497  .328  .183  .080  .024  .005  .000  .000  .000  .000
0  4  1.397 1.394 1.383 1.356 1.300 1.199 1.044  .840  .644  .474  .316  .179  .078  .024  .004  .000  .000  .000  .000
0  5  1.004 1.002  .998  .988  .965  .918  .836  .708  .564  .427  .292  .168  .075  .023  .004  .000  .000  .000  .000
0  6   .668  .667  .666  .662  .652  .633  .594  .528  .441  .348  .247  .147  .067  .021  .004  .000  .000  .000  .000
0  7   .391  .391  .390  .388  .385  .377  .362  .333  .291  .240  .180  .113  .054  .018  .004  .000  .000  .000  .000
0  8   .185  .185  .185  .184  .183  .180  .175  .165  .149  .129  .102  .069  .036  .013  .003  .000  .000  .000  .000
0  9   .077  .077  .077  .077  .077  .076  .074  .071  .066  .058  .048  .034  .019  .007  .002  .000  .000  .000  .000
0 10   .028  .028  .028  .028  .027  .027  .027  .026  .024  .022  .019  .014  .009  .004  .001  .000  .000  .000  .000
0 11   .007  .007  .007  .007  .007  .007  .007  .007  .006  .006  .005  .004  .003  .001  .000  .000  .000  .000  .000
0 12   .001  .001  .001  .001  .001  .001  .001  .001  .001  .001  .001  .001  .000  .000  .000  .000  .000  .000  .000
0 13   .000  .000  .000  .000  .000  .000  .000  .000  .000  .000  .000  .000  .000  .000  .000  .000  .000  .000  .000
0 14   .000  .000  .000  .000  .000  .000  .000  .000  .000  .000  .000  .000  .000  .000  .000  .000  .000  .000  .000
0 15   .000  .000  .000  .000  .000  .000  .000  .000  .000  .000  .000  .000  .000  .000  .000  .000  .000  .000  .000
0 16   .000  .000  .000  .000  .000  .000  .000  .000  .000  .000  .000  .000  .000  .000  .000  .000  .000  .000  .000
0 17   .000  .000  .000  .000  .000  .000  .000  .000  .000  .000  .000  .000  .000  .000  .000  .000  .000  .000  .000
0 18   .000  .000  .000  .000  .000  .000  .000  .000  .000  .000  .000  .000  .000  .000  .000  .000  .000  .000  .000
0 19   .000  .000  .000  .000  .000  .000  .000  .000  .000  .000  .000  .000  .000  .000  .000  .000  .000  .000  .000
0


          TIME SUMMARY AT END OF TIME STEP  5 IN STRESS PERIOD  1
                               SECONDS        MINUTES         HOURS          DAYS           YEARS
                           ---------------------------------------------------------------------------
      TIME STEP LENGTH         391.591        6.52652        .108775        .453230E-02    .124088E-04
    STRESS PERIOD TIME         1239.87        20.6645        .344409        .143504E-01    .392892E-04
 TOTAL SIMULATION TIME         1239.87        20.6645        .344409        .143504E-01    .392892E-04
1
    11 ITERATIONS FOR TIME STEP   6 IN STRESS PERIOD  1
0MAXIMUM HEAD CHANGE FOR EACH ITERATION:
0 HEAD CHANGE LAYER,ROW,COL HEAD CHANGE LAYER,ROW,COL HEAD CHANGE LAYER,ROW,COL HEAD CHANGE LAYER,ROW,COL HEAD CHANGE LAYER,ROW,COL
 ------------------------------------------------------------------------------------------------------------------------------------
   -.3628E-01 (  1,  7,  9)  -.3823E-01 (  1,  5,  9)  -.7654E-01 (  1,  1,  1)  -.3954E-01 (  1,  1,  1)  -.2168E-01 (  1,  5,  1)
    .2560E-02 (  1,  7,  1)  -.2638E-02 (  1,  1,  1)  -.2344E-02 (  1,  2,  1)  -.3205E-02 (  1,  2,  1)   .4134E-03 (  1,  5,  6)
   -.2621E-04 (  1,  7,  1)
0
0HEAD/DRAWDOWN PRINTOUT FLAG = 1     TOTAL BUDGET PRINTOUT FLAG = 0     CELL-BY-CELL FLOW TERM FLAG = 0
 REUSING PREVIOUS VALUES OF IOFLG
1                  DRAWDOWN IN LAYER  1 AT END OF TIME STEP  6 IN STRESS PERIOD  1
           -----------------------------------------------------------------------

         1     2     3     4     5     6     7     8     9    10    11    12    13    14    15    16    17    18    19
 ..........................................................................................................................
0  1  3.793 3.382 2.956 2.539 2.146 1.781 1.436 1.110  .848  .636  .444  .271  .134  .049  .011  .002  .000  .000  .000
0  2  2.659 2.610 2.492 2.294 2.030 1.728 1.412 1.099  .843  .633  .442  .270  .134  .049  .011  .002  .000  .000  .000
0  3  2.027 2.017 1.984 1.911 1.780 1.585 1.339 1.064  .824  .623  .437  .268  .133  .048  .011  .002  .000  .000  .000
0  4  1.552 1.549 1.538 1.511 1.454 1.352 1.194  .985  .781  .599  .424  .262  .131  .048  .011  .002  .000  .000  .000
0  5  1.153 1.152 1.148 1.137 1.113 1.066  .981  .848  .696  .548  .396  .249  .126  .046  .011  .002  .000  .000  .000
0  6   .806  .805  .804  .799  .790  .769  .728  .657  .563  .460  .345  .223  .115  .043  .010  .001  .000  .000  .000
0  7   .508  .508  .507  .505  .501  .493  .476  .443  .395  .337  .264  .179  .097  .038  .009  .001  .000  .000  .000
0  8   .269  .269  .269  .268  .267  .264  .258  .245  .225  .199  .164  .118  .068  .028  .007  .001  .000  .000  .000
0  9   .129  .129  .129  .128  .128  .127  .125  .120  .112  .102  .087  .066  .041  .018  .005  .001  .000  .000  .000
0 10   .054  .054  .054  .054  .054  .053  .053  .051  .048  .045  .039  .031  .020  .010  .003  .001  .000  .000  .000
0 11   .017  .017  .017  .017  .017  .017  .016  .016  .015  .014  .013  .011  .007  .004  .001  .000  .000  .000  .000
0 12   .003  .003  .003  .003  .003  .003  .003  .003  .003  .003  .003  .002  .002  .001  .000  .000  .000  .000  .000
0 13   .000  .000  .000  .000  .000  .000  .000  .000  .000  .000  .000  .000  .000  .000  .000  .000  .000  .000  .000
0 14   .000  .000  .000  .000  .000  .000  .000  .000  .000  .000  .000  .000  .000  .000  .000  .000  .000  .000  .000
0 15   .000  .000  .000  .000  .000  .000  .000  .000  .000  .000  .000  .000  .000  .000  .000  .000  .000  .000  .000
0 16   .000  .000  .000  .000  .000  .000  .000  .000  .000  .000  .000  .000  .000  .000  .000  .000  .000  .000  .000
0 17   .000  .000  .000  .000  .000  .000  .000  .000  .000  .000  .000  .000  .000  .000  .000  .000  .000  .000  .000
0 18   .000  .000  .000  .000  .000  .000  .000  .000  .000  .000  .000  .000  .000  .000  .000  .000  .000  .000  .000
0 19   .000  .000  .000  .000  .000  .000  .000  .000  .000  .000  .000  .000  .000  .000  .000  .000  .000  .000  .000
0


          TIME SUMMARY AT END OF TIME STEP  6 IN STRESS PERIOD  1
                               SECONDS        MINUTES         HOURS          DAYS           YEARS
                           ---------------------------------------------------------------------------
      TIME STEP LENGTH         509.068        8.48447        .141408        .589200E-02    .161314E-04
    STRESS PERIOD TIME         1748.94        29.1490        .485817        .202424E-01    .554206E-04
 TOTAL SIMULATION TIME         1748.94        29.1490        .485817        .202424E-01    .554206E-04
1
    11 ITERATIONS FOR TIME STEP   7 IN STRESS PERIOD  1
0MAXIMUM HEAD CHANGE FOR EACH ITERATION:
0 HEAD CHANGE LAYER,ROW,COL HEAD CHANGE LAYER,ROW,COL HEAD CHANGE LAYER,ROW,COL HEAD CHANGE LAYER,ROW,COL HEAD CHANGE LAYER,ROW,COL
 ------------------------------------------------------------------------------------------------------------------------------------
   -.3427E-01 (  1,  7, 11)  -.3506E-01 (  1,  6,  9)  -.6504E-01 (  1,  1,  1)  -.4059E-01 (  1,  1,  1)  -.2506E-01 (  1,  5,  1)
    .2721E-02 (  1,  7,  1)  -.2199E-02 (  1,  1,  1)  -.1816E-02 (  1,  1,  2)  -.2661E-02 (  1,  2,  1)   .3710E-03 (  1,  5,  7)
   -.2986E-04 (  1,  7,  1)
0
0HEAD/DRAWDOWN PRINTOUT FLAG = 1     TOTAL BUDGET PRINTOUT FLAG = 0     CELL-BY-CELL FLOW TERM FLAG = 0
 REUSING PREVIOUS VALUES OF IOFLG
1                  DRAWDOWN IN LAYER  1 AT END OF TIME STEP  7 IN STRESS PERIOD  1
           -----------------------------------------------------------------------

         1     2     3     4     5     6     7     8     9    10    11    12    13    14    15    16    17    18    19
 ..........................................................................................................................
0  1  3.939 3.529 3.102 2.685 2.292 1.925 1.579 1.250  .982  .762  .557  .364  .201  .085  .024  .004  .000  .000  .000
0  2  2.805 2.756 2.637 2.440 2.175 1.872 1.555 1.239  .977  .759  .555  .364  .200  .085  .024  .004  .000  .000  .000
0  3  2.173 2.163 2.130 2.056 1.925 1.729 1.481 1.203  .958  .749  .550  .361  .199  .085  .024  .004  .000  .000  .000
0  4  1.696 1.693 1.682 1.654 1.597 1.495 1.335 1.123  .913  .723  .536  .354  .196  .084  .024  .004  .000  .000  .000
0  5  1.293 1.292 1.288 1.277 1.253 1.205 1.118  .982  .825  .669  .505  .339  .190  .081  .024  .004  .000  .000  .000
0  6   .939  .938  .936  .932  .922  .900  .859  .784  .685  .575  .448  .309  .177  .077  .023  .004  .000  .000  .000
0  7   .626  .626  .625  .623  .619  .610  .592  .556  .504  .439  .357  .256  .152  .069  .021  .004  .000  .000  .000
0  8   .363  .363  .363  .362  .361  .357  .350  .335  .312  .281  .239  .181  .114  .054  .017  .003  .000  .000  .000
0  9   .194  .194  .194  .193  .193  .191  .188  .182  .173  .159  .139  .111  .074  .037  .013  .003  .000  .000  .000
0 10   .093  .093  .093  .092  .092  .092  .091  .088  .085  .079  .071  .058  .041  .022  .008  .002  .000  .000  .000
0 11   .034  .034  .034  .034  .034  .034  .034  .033  .032  .030  .028  .023  .017  .010  .004  .001  .000  .000  .000
0 12   .008  .008  .008  .008  .008  .008  .008  .008  .008  .007  .007  .006  .005  .003  .001  .000  .000  .000  .000
0 13   .001  .001  .001  .001  .001  .001  .001  .001  .001  .001  .001  .001  .001  .000  .000  .000  .000  .000  .000
0 14   .000  .000  .000  .000  .000  .000  .000  .000  .000  .000  .000  .000  .000  .000  .000  .000  .000  .000  .000
0 15   .000  .000  .000  .000  .000  .000  .000  .000  .000  .000  .000  .000  .000  .000  .000  .000  .000  .000  .000
0 16   .000  .000  .000  .000  .000  .000  .000  .000  .000  .000  .000  .000  .000  .000  .000  .000  .000  .000  .000
0 17   .000  .000  .000  .000  .000  .000  .000  .000  .000  .000  .000  .000  .000  .000  .000  .000  .000  .000  .000
0 18   .000  .000  .000  .000  .000  .000  .000  .000  .000  .000  .000  .000  .000  .000  .000  .000  .000  .000  .000
0 19   .000  .000  .000  .000  .000  .000  .000  .000  .000  .000  .000  .000  .000  .000  .000  .000  .000  .000  .000
0


          TIME SUMMARY AT END OF TIME STEP  7 IN STRESS PERIOD  1
                               SECONDS        MINUTES         HOURS          DAYS           YEARS
                           ---------------------------------------------------------------------------
      TIME STEP LENGTH         661.789        11.0298        .183830        .765959E-02    .209708E-04
    STRESS PERIOD TIME         2410.73        40.1788        .669647        .279020E-01    .763914E-04
 TOTAL SIMULATION TIME         2410.73        40.1788        .669647        .279020E-01    .763914E-04
1
    11 ITERATIONS FOR TIME STEP   8 IN STRESS PERIOD  1
0MAXIMUM HEAD CHANGE FOR EACH ITERATION:
0 HEAD CHANGE LAYER,ROW,COL HEAD CHANGE LAYER,ROW,COL HEAD CHANGE LAYER,ROW,COL HEAD CHANGE LAYER,ROW,COL HEAD CHANGE LAYER,ROW,COL
 ------------------------------------------------------------------------------------------------------------------------------------
   -.3291E-01 (  1,  7, 12)  -.3302E-01 (  1,  6, 10)  -.5591E-01 (  1,  1,  1)  -.4158E-01 (  1,  1,  1)  -.2894E-01 (  1,  5,  1)
    .2851E-02 (  1,  7,  1)   .2047E-02 (  1,  7,  2)  -.1274E-02 (  1,  1,  2)  -.1853E-02 (  1,  2,  1)   .3064E-03 (  1,  5,  7)
   -.2926E-04 (  1,  7,  1)
0
0HEAD/DRAWDOWN PRINTOUT FLAG = 1     TOTAL BUDGET PRINTOUT FLAG = 0     CELL-BY-CELL FLOW TERM FLAG = 0
 REUSING PREVIOUS VALUES OF IOFLG
1                  DRAWDOWN IN LAYER  1 AT END OF TIME STEP  8 IN STRESS PERIOD  1
           -----------------------------------------------------------------------

         1     2     3     4     5     6     7     8     9    10    11    12    13    14    15    16    17    18    19
 ..........................................................................................................................
0  1  4.077 3.667 3.240 2.823 2.430 2.062 1.715 1.384 1.112  .886  .672  .464  .278  .134  .046  .010  .001  .000  .000
0  2  2.943 2.894 2.775 2.577 2.313 2.009 1.691 1.372 1.106  .883  .670  .464  .278  .134  .046  .010  .001  .000  .000
0  3  2.310 2.300 2.267 2.193 2.062 1.866 1.617 1.336 1.087  .872  .664  .461  .276  .133  .046  .010  .001  .000  .000
0  4  1.832 1.829 1.818 1.790 1.733 1.630 1.469 1.255 1.041  .845  .649  .453  .273  .132  .046  .010  .001  .000  .000
0  5  1.427 1.426 1.422 1.411 1.386 1.338 1.250 1.112  .951  .789  .617  .436  .265  .129  .045  .010  .001  .000  .000
0  6  1.067 1.067 1.065 1.061 1.050 1.028  .985  .909  .806  .691  .556  .402  .250  .123  .043  .010  .001  .000  .000
0  7   .745  .745  .744  .742  .737  .728  .709  .671  .616  .546  .456  .343  .220  .112  .040  .009  .001  .000  .000
0  8   .464  .463  .463  .462  .461  .457  .449  .433  .407  .372  .323  .255  .173  .092  .034  .008  .001  .000  .000
0  9   .270  .270  .270  .269  .269  .267  .263  .256  .245  .228  .204  .168  .119  .067  .026  .007  .001  .000  .000
0 10   .144  .144  .144  .144  .143  .143  .141  .138  .133  .126  .115  .098  .073  .044  .018  .005  .001  .000  .000
0 11   .062  .062  .062  .062  .061  .061  .061  .060  .058  .055  .051  .045  .035  .022  .010  .003  .000  .000  .000
0 12   .018  .018  .018  .018  .018  .018  .018  .018  .017  .017  .016  .014  .011  .008  .004  .001  .000  .000  .000
0 13   .003  .003  .003  .003  .003  .003  .003  .003  .003  .003  .003  .003  .002  .002  .001  .000  .000  .000  .000
0 14   .000  .000  .000  .000  .000  .000  .000  .000  .000  .000  .000  .000  .000  .000  .000  .000  .000  .000  .000
0 15   .000  .000  .000  .000  .000  .000  .000  .000  .000  .000  .000  .000  .000  .000  .000  .000  .000  .000  .000
0 16   .000  .000  .000  .000  .000  .000  .000  .000  .000  .000  .000  .000  .000  .000  .000  .000  .000  .000  .000
0 17   .000  .000  .000  .000  .000  .000  .000  .000  .000  .000  .000  .000  .000  .000  .000  .000  .000  .000  .000
0 18   .000  .000  .000  .000  .000  .000  .000  .000  .000  .000  .000  .000  .000  .000  .000  .000  .000  .000  .000
0 19   .000  .000  .000  .000  .000  .000  .000  .000  .000  .000  .000  .000  .000  .000  .000  .000  .000  .000  .000
0


          TIME SUMMARY AT END OF TIME STEP  8 IN STRESS PERIOD  1
                               SECONDS        MINUTES         HOURS          DAYS           YEARS
                           ---------------------------------------------------------------------------
      TIME STEP LENGTH         860.325        14.3388        .238979        .995747E-02    .272621E-04
    STRESS PERIOD TIME         3271.05        54.5176        .908626        .378594E-01    .103653E-03
 TOTAL SIMULATION TIME         3271.05        54.5176        .908626        .378594E-01    .103653E-03
1
    11 ITERATIONS FOR TIME STEP   9 IN STRESS PERIOD  1
0MAXIMUM HEAD CHANGE FOR EACH ITERATION:
0 HEAD CHANGE LAYER,ROW,COL HEAD CHANGE LAYER,ROW,COL HEAD CHANGE LAYER,ROW,COL HEAD CHANGE LAYER,ROW,COL HEAD CHANGE LAYER,ROW,COL
 ------------------------------------------------------------------------------------------------------------------------------------
   -.3233E-01 (  1,  8, 12)  -.3121E-01 (  1,  7, 10)  -.4833E-01 (  1,  1,  1)  -.4249E-01 (  1,  1,  2)  -.3337E-01 (  1,  4,  1)
    .2936E-02 (  1,  7,  2)   .2370E-02 (  1,  7,  3)   .1451E-02 (  1,  7,  1)  -.7882E-03 (  1,  3,  5)   .2230E-03 (  1,  5,  7)
   -.2167E-04 (  1,  7,  1)
0
0HEAD/DRAWDOWN PRINTOUT FLAG = 1     TOTAL BUDGET PRINTOUT FLAG = 0     CELL-BY-CELL FLOW TERM FLAG = 0
 REUSING PREVIOUS VALUES OF IOFLG
1                  DRAWDOWN IN LAYER  1 AT END OF TIME STEP  9 IN STRESS PERIOD  1
           -----------------------------------------------------------------------

         1     2     3     4     5     6     7     8     9    10    11    12    13    14    15    16    17    18    19
 ..........................................................................................................................
0  1  4.209 3.799 3.372 2.955 2.561 2.194 1.846 1.513 1.238 1.008  .787  .569  .365  .195  .078  .021  .004  .000  .000
0  2  3.075 3.026 2.907 2.709 2.445 2.141 1.821 1.501 1.232 1.005  .786  .568  .364  .195  .078  .021  .004  .000  .000
0  3  2.442 2.432 2.399 2.325 2.193 1.997 1.747 1.465 1.213  .994  .780  .565  .363  .194  .078  .021  .004  .000  .000
0  4  1.963 1.960 1.949 1.921 1.864 1.760 1.599 1.383 1.166  .966  .764  .557  .359  .192  .078  .021  .004  .000  .000
0  5  1.557 1.555 1.551 1.540 1.515 1.466 1.378 1.238 1.075  .909  .730  .539  .350  .189  .077  .021  .004  .000  .000
0  6  1.193 1.193 1.191 1.186 1.176 1.153 1.110 1.032  .927  .807  .666  .502  .332  .182  .074  .021  .004  .000  .000
0  7   .863  .863  .862  .860  .856  .846  .826  .787  .729  .656  .560  .437  .299  .167  .070  .020  .003  .000  .000
0  8   .568  .568  .568  .567  .565  .561  .552  .535  .507  .470  .415  .339  .242  .142  .061  .018  .003  .000  .000
0  9   .355  .355  .355  .355  .354  .352  .348  .340  .327  .308  .280  .236  .177  .109  .049  .015  .003  .000  .000
0 10   .207  .207  .207  .207  .206  .205  .204  .200  .194  .185  .171  .149  .116  .075  .036  .011  .002  .000  .000
0 11   .100  .100  .100  .100  .100  .100  .099  .098  .095  .092  .086  .077  .062  .043  .022  .007  .001  .000  .000
0 12   .035  .035  .035  .035  .035  .035  .035  .035  .034  .033  .031  .028  .024  .017  .010  .004  .001  .000  .000
0 13   .008  .008  .008  .008  .008  .008  .008  .008  .008  .007  .007  .007  .006  .004  .003  .001  .000  .000  .000
0 14   .001  .001  .001  .001  .001  .001  .001  .001  .001  .001  .001  .001  .001  .001  .000  .000  .000  .000  .000
0 15   .000  .000  .000  .000  .000  .000  .000  .000  .000  .000  .000  .000  .000  .000  .000  .000  .000  .000  .000
0 16   .000  .000  .000  .000  .000  .000  .000  .000  .000  .000  .000  .000  .000  .000  .000  .000  .000  .000  .000
0 17   .000  .000  .000  .000  .000  .000  .000  .000  .000  .000  .000  .000  .000  .000  .000  .000  .000  .000  .000
0 18   .000  .000  .000  .000  .000  .000  .000  .000  .000  .000  .000  .000  .000  .000  .000  .000  .000  .000  .000
0 19   .000  .000  .000  .000  .000  .000  .000  .000  .000  .000  .000  .000  .000  .000  .000  .000  .000  .000  .000
0


          TIME SUMMARY AT END OF TIME STEP  9 IN STRESS PERIOD  1
                               SECONDS        MINUTES         HOURS          DAYS           YEARS
                           ---------------------------------------------------------------------------
      TIME STEP LENGTH         1118.42        18.6404        .310673        .129447E-01    .354407E-04
    STRESS PERIOD TIME         4389.48        73.1580        1.21930        .508041E-01    .139094E-03
 TOTAL SIMULATION TIME         4389.48        73.1580        1.21930        .508041E-01    .139094E-03
1
    11 ITERATIONS FOR TIME STEP  10 IN STRESS PERIOD  1
0MAXIMUM HEAD CHANGE FOR EACH ITERATION:
0 HEAD CHANGE LAYER,ROW,COL HEAD CHANGE LAYER,ROW,COL HEAD CHANGE LAYER,ROW,COL HEAD CHANGE LAYER,ROW,COL HEAD CHANGE LAYER,ROW,COL
 ------------------------------------------------------------------------------------------------------------------------------------
   -.3170E-01 (  1,  8, 13)  -.3008E-01 (  1,  7, 11)  -.4187E-01 (  1,  1,  1)  -.4324E-01 (  1,  2,  1)  -.3841E-01 (  1,  4,  1)
    .2967E-02 (  1,  7,  2)   .2664E-02 (  1,  7,  3)   .1953E-02 (  1,  7,  1)   .8319E-03 (  1,  7,  1)   .1477E-03 (  1,  4,  1)
    .2710E-04 (  1,  5,  1)
0
0HEAD/DRAWDOWN PRINTOUT FLAG = 1     TOTAL BUDGET PRINTOUT FLAG = 0     CELL-BY-CELL FLOW TERM FLAG = 0
 REUSING PREVIOUS VALUES OF IOFLG
1                  DRAWDOWN IN LAYER  1 AT END OF TIME STEP 10 IN STRESS PERIOD  1
           -----------------------------------------------------------------------

         1     2     3     4     5     6     7     8     9    10    11    12    13    14    15    16    17    18    19
 ..........................................................................................................................
0  1  4.337 3.927 3.500 3.083 2.689 2.322 1.973 1.639 1.362 1.129  .904  .676  .458  .266  .122  .040  .008  .001  .000
0  2  3.203 3.154 3.035 2.837 2.573 2.268 1.949 1.627 1.356 1.126  .902  .676  .458  .266  .122  .040  .008  .001  .000
0  3  2.570 2.560 2.527 2.453 2.321 2.124 1.874 1.591 1.337 1.115  .895  .672  .456  .265  .122  .040  .008  .001  .000
0  4  2.091 2.087 2.076 2.049 1.991 1.887 1.725 1.508 1.289 1.087  .879  .664  .452  .264  .121  .040  .008  .001  .000
0  5  1.683 1.681 1.677 1.666 1.642 1.592 1.503 1.362 1.197 1.028  .845  .645  .442  .260  .120  .039  .008  .001  .000
0  6  1.317 1.316 1.315 1.310 1.299 1.277 1.232 1.153 1.046  .924  .778  .606  .423  .251  .117  .039  .008  .001  .000
0  7   .982  .981  .981  .979  .974  .964  .943  .904  .844  .768  .667  .537  .385  .234  .111  .037  .008  .001  .000
0  8   .676  .676  .676  .675  .673  .669  .660  .641  .612  .572  .514  .430  .322  .203  .099  .034  .007  .001  .000
0  9   .448  .448  .447  .447  .446  .444  .440  .431  .416  .395  .364  .315  .246  .162  .082  .029  .007  .001  .000
0 10   .280  .280  .280  .280  .280  .279  .277  .272  .265  .255  .238  .212  .171  .118  .063  .023  .005  .001  .000
0 11   .151  .151  .151  .151  .151  .150  .149  .148  .144  .140  .133  .120  .101  .073  .042  .016  .004  .001  .000
0 12   .062  .062  .062  .062  .062  .062  .061  .061  .060  .058  .056  .052  .045  .034  .021  .009  .002  .000  .000
0 13   .017  .017  .017  .017  .017  .017  .017  .017  .016  .016  .015  .015  .013  .010  .007  .003  .001  .000  .000
0 14   .003  .003  .003  .003  .003  .003  .003  .003  .003  .003  .003  .002  .002  .002  .001  .001  .000  .000  .000
0 15   .000  .000  .000  .000  .000  .000  .000  .000  .000  .000  .000  .000  .000  .000  .000  .000  .000  .000  .000
0 16   .000  .000  .000  .000  .000  .000  .000  .000  .000  .000  .000  .000  .000  .000  .000  .000  .000  .000  .000
0 17   .000  .000  .000  .000  .000  .000  .000  .000  .000  .000  .000  .000  .000  .000  .000  .000  .000  .000  .000
0 18   .000  .000  .000  .000  .000  .000  .000  .000  .000  .000  .000  .000  .000  .000  .000  .000  .000  .000  .000
0 19   .000  .000  .000  .000  .000  .000  .000  .000  .000  .000  .000  .000  .000  .000  .000  .000  .000  .000  .000
0


          TIME SUMMARY AT END OF TIME STEP 10 IN STRESS PERIOD  1
                               SECONDS        MINUTES         HOURS          DAYS           YEARS
                           ---------------------------------------------------------------------------
      TIME STEP LENGTH         1453.95        24.2325        .403875        .168281E-01    .460729E-04
    STRESS PERIOD TIME         5843.43        97.3904        1.62317        .676323E-01    .185167E-03
 TOTAL SIMULATION TIME         5843.43        97.3904        1.62317        .676323E-01    .185167E-03
1
    11 ITERATIONS FOR TIME STEP  11 IN STRESS PERIOD  1
0MAXIMUM HEAD CHANGE FOR EACH ITERATION:
0 HEAD CHANGE LAYER,ROW,COL HEAD CHANGE LAYER,ROW,COL HEAD CHANGE LAYER,ROW,COL HEAD CHANGE LAYER,ROW,COL HEAD CHANGE LAYER,ROW,COL
 ------------------------------------------------------------------------------------------------------------------------------------
   -.3052E-01 (  1,  8, 14)  -.2917E-01 (  1,  8, 11)  -.3823E-01 (  1,  4,  9)  -.4379E-01 (  1,  1,  4)  -.4378E-01 (  1,  4,  1)
    .3034E-02 (  1,  8,  4)   .2907E-02 (  1,  7,  3)   .2491E-02 (  1,  7,  1)   .2218E-02 (  1,  1,  1)   .1673E-03 (  1,  2,  1)
    .5700E-04 (  1,  5,  1)
0
0HEAD/DRAWDOWN PRINTOUT FLAG = 1     TOTAL BUDGET PRINTOUT FLAG = 0     CELL-BY-CELL FLOW TERM FLAG = 0
 REUSING PREVIOUS VALUES OF IOFLG
1                  DRAWDOWN IN LAYER  1 AT END OF TIME STEP 11 IN STRESS PERIOD  1
           -----------------------------------------------------------------------

         1     2     3     4     5     6     7     8     9    10    11    12    13    14    15    16    17    18    19
 ..........................................................................................................................
0  1  4.463 4.052 3.626 3.208 2.815 2.447 2.098 1.762 1.484 1.249 1.020  .786  .557  .347  .177  .068  .018  .003  .000
0  2  3.328 3.279 3.161 2.963 2.698 2.393 2.073 1.751 1.478 1.246 1.018  .785  .556  .347  .177  .068  .018  .003  .000
0  3  2.695 2.685 2.652 2.578 2.446 2.249 1.998 1.714 1.459 1.234 1.012  .782  .555  .346  .177  .068  .018  .003  .000
0  4  2.216 2.212 2.201 2.174 2.116 2.012 1.849 1.631 1.411 1.206  .995  .773  .550  .344  .176  .068  .018  .003  .000
0  5  1.807 1.805 1.801 1.790 1.765 1.716 1.626 1.484 1.318 1.147  .960  .753  .540  .339  .174  .067  .017  .003  .000
0  6  1.439 1.438 1.437 1.432 1.421 1.398 1.354 1.274 1.165 1.041  .891  .713  .519  .330  .171  .066  .017  .003  .000
0  7  1.100 1.099 1.099 1.097 1.092 1.082 1.061 1.020  .959  .881  .777  .641  .478  .310  .163  .064  .017  .003  .000
0  8   .787  .787  .786  .785  .783  .779  .769  .750  .719  .677  .616  .527  .409  .275  .148  .059  .016  .003  .000
0  9   .546  .546  .546  .545  .544  .542  .537  .528  .512  .490  .455  .402  .324  .226  .127  .052  .014  .002  .000
0 10   .363  .363  .363  .363  .362  .361  .359  .354  .346  .334  .315  .285  .238  .173  .102  .043  .012  .002  .000
0 11   .213  .213  .213  .212  .212  .212  .211  .209  .205  .199  .190  .175  .151  .115  .071  .032  .010  .002  .000
0 12   .099  .099  .099  .099  .099  .099  .098  .097  .096  .094  .091  .085  .075  .060  .039  .019  .006  .001  .000
0 13   .032  .032  .032  .032  .032  .032  .032  .032  .032  .031  .030  .029  .026  .021  .015  .008  .003  .001  .000
0 14   .006  .006  .006  .006  .006  .006  .006  .006  .006  .006  .006  .006  .005  .005  .003  .002  .001  .000  .000
0 15   .001  .001  .001  .001  .001  .001  .001  .001  .001  .001  .001  .001  .001  .001  .000  .000  .000  .000  .000
0 16   .000  .000  .000  .000  .000  .000  .000  .000  .000  .000  .000  .000  .000  .000  .000  .000  .000  .000  .000
0 17   .000  .000  .000  .000  .000  .000  .000  .000  .000  .000  .000  .000  .000  .000  .000  .000  .000  .000  .000
0 18   .000  .000  .000  .000  .000  .000  .000  .000  .000  .000  .000  .000  .000  .000  .000  .000  .000  .000  .000
0 19   .000  .000  .000  .000  .000  .000  .000  .000  .000  .000  .000  .000  .000  .000  .000  .000  .000  .000  .000
0


          TIME SUMMARY AT END OF TIME STEP 11 IN STRESS PERIOD  1
                               SECONDS        MINUTES         HOURS          DAYS           YEARS
                           ---------------------------------------------------------------------------
      TIME STEP LENGTH         1890.13        31.5022        .525037        .218766E-01    .598948E-04
    STRESS PERIOD TIME         7733.56        128.893        2.14821        .895088E-01    .245062E-03
 TOTAL SIMULATION TIME         7733.56        128.893        2.14821        .895088E-01    .245062E-03
1
    11 ITERATIONS FOR TIME STEP  12 IN STRESS PERIOD  1
0MAXIMUM HEAD CHANGE FOR EACH ITERATION:
0 HEAD CHANGE LAYER,ROW,COL HEAD CHANGE LAYER,ROW,COL HEAD CHANGE LAYER,ROW,COL HEAD CHANGE LAYER,ROW,COL HEAD CHANGE LAYER,ROW,COL
 ------------------------------------------------------------------------------------------------------------------------------------
   -.3014E-01 (  1,  8, 14)  -.2898E-01 (  1,  9, 11)  -.3588E-01 (  1,  4, 10)  -.4420E-01 (  1,  1,  4)  -.4942E-01 (  1,  3,  1)
    .3076E-02 (  1,  8,  4)   .3130E-02 (  1,  8,  5)   .3029E-02 (  1,  7,  2)   .3910E-02 (  1,  1,  1)   .2947E-03 (  1,  1,  1)
    .9521E-04 (  1,  5,  1)
0
0HEAD/DRAWDOWN PRINTOUT FLAG = 1     TOTAL BUDGET PRINTOUT FLAG = 0     CELL-BY-CELL FLOW TERM FLAG = 0
 REUSING PREVIOUS VALUES OF IOFLG
1                  DRAWDOWN IN LAYER  1 AT END OF TIME STEP 12 IN STRESS PERIOD  1
           -----------------------------------------------------------------------

         1     2     3     4     5     6     7     8     9    10    11    12    13    14    15    16    17    18    19
 ..........................................................................................................................
0  1  4.586 4.176 3.749 3.332 2.938 2.570 2.220 1.885 1.605 1.369 1.137  .898  .660  .435  .243  .107  .033  .007  .001
0  2  3.452 3.403 3.284 3.086 2.821 2.516 2.196 1.873 1.599 1.365 1.135  .897  .659  .435  .243  .107  .033  .007  .001
0  3  2.818 2.808 2.775 2.701 2.569 2.372 2.121 1.836 1.580 1.354 1.128  .894  .658  .434  .243  .107  .033  .007  .001
0  4  2.339 2.335 2.324 2.297 2.239 2.134 1.972 1.753 1.532 1.325 1.111  .884  .653  .432  .242  .106  .033  .007  .001
0  5  1.929 1.928 1.923 1.912 1.888 1.838 1.748 1.605 1.438 1.265 1.075  .864  .642  .427  .240  .106  .033  .007  .001
0  6  1.560 1.559 1.557 1.553 1.542 1.519 1.474 1.394 1.284 1.158 1.005  .823  .620  .416  .235  .104  .033  .007  .001
0  7  1.218 1.217 1.217 1.214 1.210 1.199 1.178 1.137 1.074  .995  .888  .747  .577  .395  .226  .101  .032  .007  .001
0  8   .899  .899  .898  .897  .895  .890  .881  .861  .829  .786  .722  .629  .503  .356  .209  .095  .030  .006  .001
0  9   .648  .648  .648  .648  .646  .644  .639  .629  .613  .589  .552  .495  .410  .301  .183  .085  .028  .006  .001
0 10   .453  .453  .452  .452  .452  .450  .448  .443  .434  .421  .400  .366  .313  .239  .151  .073  .024  .005  .001
0 11   .284  .284  .284  .284  .284  .283  .282  .280  .275  .269  .259  .241  .212  .168  .112  .057  .020  .004  .001
0 12   .147  .147  .147  .147  .147  .147  .146  .145  .144  .141  .137  .129  .116  .096  .067  .037  .014  .003  .001
0 13   .056  .056  .056  .056  .056  .056  .056  .056  .055  .054  .053  .051  .047  .040  .030  .017  .007  .002  .000
0 14   .014  .014  .014  .014  .014  .014  .014  .014  .014  .014  .013  .013  .012  .010  .008  .005  .002  .001  .000
0 15   .002  .002  .002  .002  .002  .002  .002  .002  .002  .002  .002  .002  .002  .002  .001  .001  .000  .000  .000
0 16   .000  .000  .000  .000  .000  .000  .000  .000  .000  .000  .000  .000  .000  .000  .000  .000  .000  .000  .000
0 17   .000  .000  .000  .000  .000  .000  .000  .000  .000  .000  .000  .000  .000  .000  .000  .000  .000  .000  .000
0 18   .000  .000  .000  .000  .000  .000  .000  .000  .000  .000  .000  .000  .000  .000  .000  .000  .000  .000  .000
0 19   .000  .000  .000  .000  .000  .000  .000  .000  .000  .000  .000  .000  .000  .000  .000  .000  .000  .000  .000
0


          TIME SUMMARY AT END OF TIME STEP 12 IN STRESS PERIOD  1
                               SECONDS        MINUTES         HOURS          DAYS           YEARS
                           ---------------------------------------------------------------------------
      TIME STEP LENGTH         2457.18        40.9529        .682549        .284395E-01    .778632E-04
    STRESS PERIOD TIME         10190.7        169.846        2.83076        .117948        .322925E-03
 TOTAL SIMULATION TIME         10190.7        169.846        2.83076        .117948        .322925E-03
1
    16 ITERATIONS FOR TIME STEP  13 IN STRESS PERIOD  1
0MAXIMUM HEAD CHANGE FOR EACH ITERATION:
0 HEAD CHANGE LAYER,ROW,COL HEAD CHANGE LAYER,ROW,COL HEAD CHANGE LAYER,ROW,COL HEAD CHANGE LAYER,ROW,COL HEAD CHANGE LAYER,ROW,COL
 ------------------------------------------------------------------------------------------------------------------------------------
   -.2915E-01 (  1,  8, 15)  -.2882E-01 (  1,  9, 12)  -.3396E-01 (  1,  4, 11)  -.4446E-01 (  1,  1,  5)  -.5544E-01 (  1,  3,  1)
    .3033E-02 (  1,  8,  4)   .3328E-02 (  1,  8,  6)   .3534E-02 (  1,  7,  4)   .5621E-02 (  1,  1,  1)   .5033E-03 (  1,  1,  1)
    .1424E-03 (  1,  6,  1)   .1301E-03 (  1,  6,  1)   .2537E-03 (  1,  1,  1)   .2479E-03 (  1,  1,  2)   .3561E-03 (  1,  4,  1)
   -.1773E-04 (  1,  8,  5)
0
0HEAD/DRAWDOWN PRINTOUT FLAG = 1     TOTAL BUDGET PRINTOUT FLAG = 0     CELL-BY-CELL FLOW TERM FLAG = 0
 REUSING PREVIOUS VALUES OF IOFLG
1                  DRAWDOWN IN LAYER  1 AT END OF TIME STEP 13 IN STRESS PERIOD  1
           -----------------------------------------------------------------------

         1     2     3     4     5     6     7     8     9    10    11    12    13    14    15    16    17    18    19
 ..........................................................................................................................
0  1  4.707 4.297 3.870 3.453 3.059 2.691 2.341 2.005 1.725 1.487 1.253 1.011  .766  .530  .319  .157  .057  .014  .003
0  2  3.573 3.524 3.405 3.207 2.942 2.637 2.317 1.993 1.719 1.483 1.251 1.010  .765  .530  .319  .156  .057  .014  .003
0  3  2.939 2.929 2.896 2.822 2.690 2.493 2.242 1.957 1.699 1.472 1.244 1.006  .763  .529  .318  .156  .057  .014  .003
0  4  2.459 2.456 2.445 2.417 2.360 2.255 2.092 1.873 1.651 1.443 1.227  .997  .759  .526  .317  .156  .057  .014  .003
0  5  2.049 2.048 2.044 2.033 2.008 1.958 1.868 1.725 1.556 1.383 1.191  .976  .747  .521  .315  .155  .057  .014  .003
0  6  1.679 1.679 1.677 1.672 1.661 1.638 1.593 1.512 1.402 1.274 1.120  .934  .724  .509  .310  .153  .056  .014  .003
0  7  1.335 1.334 1.334 1.332 1.327 1.316 1.295 1.253 1.190 1.109 1.001  .856  .680  .486  .300  .149  .055  .014  .003
0  8  1.011 1.011 1.011 1.010 1.008 1.003  .993  .973  .941  .896  .830  .734  .602  .444  .280  .142  .053  .013  .003
0  9   .754  .754  .753  .753  .752  .749  .744  .734  .717  .692  .654  .593  .502  .383  .249  .129  .049  .013  .002
0 10   .548  .548  .548  .548  .547  .546  .543  .537  .528  .514  .492  .455  .397  .313  .211  .113  .044  .012  .002
0 11   .365  .365  .365  .365  .364  .364  .363  .360  .355  .348  .336  .316  .283  .231  .163  .091  .037  .010  .002
0 12   .207  .207  .207  .206  .206  .206  .205  .204  .202  .199  .194  .185  .169  .143  .106  .063  .027  .008  .002
0 13   .090  .090  .090  .090  .090  .090  .090  .090  .089  .088  .086  .083  .077  .067  .052  .033  .015  .005  .001
0 14   .027  .027  .027  .027  .027  .027  .027  .027  .027  .026  .026  .025  .024  .021  .017  .012  .006  .002  .000
0 15   .005  .005  .005  .005  .005  .005  .005  .005  .005  .005  .005  .005  .004  .004  .003  .002  .001  .001  .000
0 16   .000  .000  .000  .000  .000  .000  .000  .000  .000  .000  .000  .000  .000  .000  .000  .000  .000  .000  .000
0 17   .000  .000  .000  .000  .000  .000  .000  .000  .000  .000  .000  .000  .000  .000  .000  .000  .000  .000  .000
0 18   .000  .000  .000  .000  .000  .000  .000  .000  .000  .000  .000  .000  .000  .000  .000  .000  .000  .000  .000
0 19   .000  .000  .000  .000  .000  .000  .000  .000  .000  .000  .000  .000  .000  .000  .000  .000  .000  .000  .000
0


          TIME SUMMARY AT END OF TIME STEP 13 IN STRESS PERIOD  1
                               SECONDS        MINUTES         HOURS          DAYS           YEARS
                           ---------------------------------------------------------------------------
      TIME STEP LENGTH         3194.33        53.2388        .887313        .369714E-01    .101222E-03
    STRESS PERIOD TIME         13385.1        223.084        3.71807        .154920        .424147E-03
 TOTAL SIMULATION TIME         13385.1        223.084        3.71807        .154920        .424147E-03
1
    16 ITERATIONS FOR TIME STEP  14 IN STRESS PERIOD  1
0MAXIMUM HEAD CHANGE FOR EACH ITERATION:
0 HEAD CHANGE LAYER,ROW,COL HEAD CHANGE LAYER,ROW,COL HEAD CHANGE LAYER,ROW,COL HEAD CHANGE LAYER,ROW,COL HEAD CHANGE LAYER,ROW,COL
 ------------------------------------------------------------------------------------------------------------------------------------
   -.2923E-01 (  1, 10, 15)  -.2850E-01 (  1,  9, 13)  -.3252E-01 (  1,  3, 12)  -.4465E-01 (  1,  1,  6)  -.6174E-01 (  1,  2,  1)
    .2920E-02 (  1,  8,  4)   .3452E-02 (  1,  8,  6)   .3994E-02 (  1,  7,  6)   .7237E-02 (  1,  1,  1)   .7986E-03 (  1,  1,  1)
    .1997E-03 (  1,  6,  1)   .1873E-03 (  1,  6,  1)   .3749E-03 (  1,  1,  1)   .4006E-03 (  1,  1,  3)   .6418E-03 (  1,  4,  1)
   -.2789E-04 (  1,  8,  5)
0
0HEAD/DRAWDOWN PRINTOUT FLAG = 1     TOTAL BUDGET PRINTOUT FLAG = 0     CELL-BY-CELL FLOW TERM FLAG = 0
 REUSING PREVIOUS VALUES OF IOFLG
1                  DRAWDOWN IN LAYER  1 AT END OF TIME STEP 14 IN STRESS PERIOD  1
           -----------------------------------------------------------------------

         1     2     3     4     5     6     7     8     9    10    11    12    13    14    15    16    17    18    19
 ..........................................................................................................................
0  1  4.827 4.417 3.990 3.573 3.179 2.811 2.461 2.124 1.844 1.605 1.369 1.124  .874  .629  .402  .217  .091  .028  .007
0  2  3.693 3.644 3.525 3.327 3.062 2.757 2.436 2.113 1.838 1.601 1.367 1.123  .874  .629  .402  .217  .091  .028  .007
0  3  3.059 3.049 3.016 2.942 2.810 2.613 2.361 2.076 1.818 1.590 1.360 1.119  .872  .628  .402  .217  .091  .027  .007
0  4  2.579 2.576 2.565 2.537 2.479 2.375 2.212 1.992 1.769 1.561 1.343 1.110  .867  .625  .401  .216  .091  .027  .007
0  5  2.169 2.168 2.163 2.152 2.127 2.077 1.987 1.844 1.674 1.500 1.306 1.089  .855  .620  .398  .215  .091  .027  .007
0  6  1.798 1.797 1.795 1.791 1.780 1.757 1.711 1.630 1.519 1.391 1.235 1.046  .831  .607  .393  .213  .090  .027  .006
0  7  1.452 1.452 1.451 1.449 1.444 1.433 1.411 1.370 1.306 1.224 1.114  .967  .785  .583  .381  .209  .089  .027  .006
0  8  1.125 1.125 1.125 1.124 1.121 1.117 1.106 1.086 1.053 1.008  .941  .841  .705  .538  .359  .199  .085  .026  .006
0  9   .862  .862  .861  .861  .860  .857  .852  .842  .824  .798  .758  .695  .600  .473  .325  .185  .080  .025  .006
0 10   .648  .648  .648  .648  .647  .646  .643  .637  .627  .612  .589  .550  .487  .396  .282  .165  .073  .023  .006
0 11   .453  .453  .453  .453  .452  .452  .450  .447  .442  .434  .421  .399  .362  .305  .225  .137  .063  .020  .005
0 12   .276  .276  .276  .276  .276  .275  .275  .273  .271  .267  .261  .251  .232  .201  .156  .100  .048  .016  .004
0 13   .135  .135  .135  .135  .135  .135  .135  .134  .133  .132  .130  .126  .118  .106  .085  .058  .030  .011  .003
0 14   .048  .048  .048  .048  .048  .048  .048  .048  .047  .047  .046  .045  .043  .039  .033  .024  .013  .005  .002
0 15   .011  .011  .011  .011  .011  .011  .011  .010  .010  .010  .010  .010  .010  .009  .008  .006  .004  .002  .001
0 16   .001  .001  .001  .001  .001  .001  .001  .001  .001  .001  .001  .001  .001  .001  .001  .001  .001  .000  .000
0 17   .000  .000  .000  .000  .000  .000  .000  .000  .000  .000  .000  .000  .000  .000  .000  .000  .000  .000  .000
0 18   .000  .000  .000  .000  .000  .000  .000  .000  .000  .000  .000  .000  .000  .000  .000  .000  .000  .000  .000
0 19   .000  .000  .000  .000  .000  .000  .000  .000  .000  .000  .000  .000  .000  .000  .000  .000  .000  .000  .000
0


          TIME SUMMARY AT END OF TIME STEP 14 IN STRESS PERIOD  1
                               SECONDS        MINUTES         HOURS          DAYS           YEARS
                           ---------------------------------------------------------------------------
      TIME STEP LENGTH         4152.63        69.2104        1.15351        .480628E-01    .131589E-03
    STRESS PERIOD TIME         17537.7        292.295        4.87158        .202983        .555736E-03
 TOTAL SIMULATION TIME         17537.7        292.295        4.87158        .202983        .555736E-03
1
    16 ITERATIONS FOR TIME STEP  15 IN STRESS PERIOD  1
0MAXIMUM HEAD CHANGE FOR EACH ITERATION:
0 HEAD CHANGE LAYER,ROW,COL HEAD CHANGE LAYER,ROW,COL HEAD CHANGE LAYER,ROW,COL HEAD CHANGE LAYER,ROW,COL HEAD CHANGE LAYER,ROW,COL
 ------------------------------------------------------------------------------------------------------------------------------------
   -.2942E-01 (  1, 11, 15)  -.2789E-01 (  1, 10, 13)  -.3129E-01 (  1,  4, 12)  -.4463E-01 (  1,  1,  7)  -.6804E-01 (  1,  1,  1)
    .2748E-02 (  1,  8,  5)   .3484E-02 (  1,  8,  7)   .4392E-02 (  1,  8,  4)   .8663E-02 (  1,  1,  1)   .1171E-02 (  1,  1,  1)
    .2580E-03 (  1,  6,  1)   .2481E-03 (  1,  6,  1)   .5072E-03 (  1,  1,  1)   .5935E-03 (  1,  1,  3)   .1054E-02 (  1,  4,  1)
   -.3919E-04 (  1,  8,  5)
0
0HEAD/DRAWDOWN PRINTOUT FLAG = 1     TOTAL BUDGET PRINTOUT FLAG = 0     CELL-BY-CELL FLOW TERM FLAG = 0
 REUSING PREVIOUS VALUES OF IOFLG
1                  DRAWDOWN IN LAYER  1 AT END OF TIME STEP 15 IN STRESS PERIOD  1
           -----------------------------------------------------------------------

         1     2     3     4     5     6     7     8     9    10    11    12    13    14    15    16    17    18    19
 ..........................................................................................................................
0  1  4.947 4.536 4.110 3.692 3.298 2.930 2.580 2.243 1.962 1.722 1.485 1.238  .984  .732  .493  .288  .136  .049  .015
0  2  3.812 3.763 3.644 3.446 3.181 2.876 2.555 2.232 1.956 1.719 1.483 1.237  .984  .732  .493  .288  .136  .049  .015
0  3  3.179 3.168 3.135 3.061 2.929 2.732 2.480 2.194 1.936 1.707 1.477 1.234  .982  .731  .492  .287  .136  .049  .014
0  4  2.698 2.695 2.684 2.656 2.598 2.494 2.330 2.111 1.887 1.678 1.460 1.224  .977  .728  .491  .287  .136  .049  .014
0  5  2.288 2.286 2.282 2.271 2.246 2.196 2.106 1.962 1.792 1.617 1.422 1.203  .965  .722  .488  .286  .136  .048  .014
0  6  1.916 1.915 1.913 1.909 1.898 1.875 1.829 1.748 1.636 1.507 1.350 1.159  .941  .710  .482  .283  .135  .048  .014
0  7  1.569 1.568 1.568 1.565 1.560 1.550 1.528 1.486 1.422 1.339 1.228 1.079  .893  .684  .470  .278  .133  .048  .014
0  8  1.239 1.239 1.239 1.238 1.236 1.231 1.220 1.200 1.166 1.120 1.052  .951  .810  .636  .446  .267  .129  .047  .014
0  9   .972  .972  .971  .971  .970  .967  .962  .951  .933  .906  .866  .800  .702  .568  .408  .250  .122  .045  .014
0 10   .751  .751  .751  .751  .750  .749  .746  .740  .730  .714  .690  .649  .583  .486  .361  .227  .113  .042  .013
0 11   .546  .546  .546  .546  .546  .545  .544  .540  .535  .526  .513  .489  .449  .386  .297  .193  .100  .038  .012
0 12   .354  .354  .354  .354  .354  .353  .353  .351  .348  .344  .338  .326  .305  .270  .216  .147  .080  .031  .010
0 13   .191  .191  .191  .191  .191  .191  .191  .190  .189  .187  .184  .179  .170  .155  .129  .093  .053  .022  .008
0 14   .078  .078  .078  .078  .078  .078  .078  .078  .077  .077  .076  .074  .071  .066  .057  .043  .027  .012  .005
0 15   .021  .021  .021  .021  .021  .021  .021  .021  .021  .021  .021  .020  .020  .018  .016  .013  .009  .004  .002
0 16   .003  .003  .003  .003  .003  .003  .003  .003  .003  .003  .003  .003  .003  .003  .003  .002  .002  .001  .000
0 17   .000  .000  .000  .000  .000  .000  .000  .000  .000  .000  .000  .000  .000  .000  .000  .000  .000  .000  .000
0 18   .000  .000  .000  .000  .000  .000  .000  .000  .000  .000  .000  .000  .000  .000  .000  .000  .000  .000  .000
0 19   .000  .000  .000  .000  .000  .000  .000  .000  .000  .000  .000  .000  .000  .000  .000  .000  .000  .000  .000
0


          TIME SUMMARY AT END OF TIME STEP 15 IN STRESS PERIOD  1
                               SECONDS        MINUTES         HOURS          DAYS           YEARS
                           ---------------------------------------------------------------------------
      TIME STEP LENGTH         5398.41        89.9735        1.49956        .624816E-01    .171065E-03
    STRESS PERIOD TIME         22936.1        382.268        6.37114        .265464        .726801E-03
 TOTAL SIMULATION TIME         22936.1        382.268        6.37114        .265464        .726801E-03
1
    16 ITERATIONS FOR TIME STEP  16 IN STRESS PERIOD  1
0MAXIMUM HEAD CHANGE FOR EACH ITERATION:
0 HEAD CHANGE LAYER,ROW,COL HEAD CHANGE LAYER,ROW,COL HEAD CHANGE LAYER,ROW,COL HEAD CHANGE LAYER,ROW,COL HEAD CHANGE LAYER,ROW,COL
 ------------------------------------------------------------------------------------------------------------------------------------
   -.2952E-01 (  1, 12, 15)  -.2767E-01 (  1, 10, 14)  -.3077E-01 (  1,  3, 13)  -.4454E-01 (  1,  1,  7)  -.7411E-01 (  1,  1,  1)
    .2525E-02 (  1,  8,  5)   .3558E-02 (  1,  9,  9)   .4735E-02 (  1,  8,  6)   .9812E-02 (  1,  1,  1)   .1604E-02 (  1,  1,  1)
    .3128E-03 (  1,  6,  1)   .3158E-03 (  1,  7,  1)   .6489E-03 (  1,  5,  5)   .8217E-03 (  1,  1,  4)   .1610E-02 (  1,  3,  1)
   -.5079E-04 (  1,  8,  6)
0
0HEAD/DRAWDOWN PRINTOUT FLAG = 1     TOTAL BUDGET PRINTOUT FLAG = 0     CELL-BY-CELL FLOW TERM FLAG = 0
 REUSING PREVIOUS VALUES OF IOFLG
1                  DRAWDOWN IN LAYER  1 AT END OF TIME STEP 16 IN STRESS PERIOD  1
           -----------------------------------------------------------------------

         1     2     3     4     5     6     7     8     9    10    11    12    13    14    15    16    17    18    19
 ..........................................................................................................................
0  1  5.065 4.655 4.228 3.810 3.417 3.048 2.698 2.361 2.080 1.839 1.602 1.353 1.096  .838  .589  .367  .192  .080  .029
0  2  3.930 3.882 3.763 3.565 3.300 2.995 2.674 2.350 2.074 1.836 1.600 1.352 1.095  .838  .589  .367  .192  .080  .029
0  3  3.297 3.287 3.254 3.180 3.048 2.850 2.599 2.313 2.053 1.824 1.593 1.348 1.093  .837  .588  .367  .192  .080  .029
0  4  2.817 2.813 2.802 2.774 2.717 2.612 2.449 2.229 2.005 1.795 1.576 1.339 1.088  .834  .587  .366  .192  .080  .029
0  5  2.406 2.404 2.400 2.389 2.364 2.314 2.224 2.080 1.910 1.734 1.538 1.317 1.076  .828  .584  .365  .191  .079  .029
0  6  2.034 2.033 2.031 2.026 2.015 1.992 1.947 1.865 1.753 1.624 1.466 1.273 1.052  .815  .578  .362  .190  .079  .029
0  7  1.685 1.685 1.684 1.682 1.677 1.666 1.645 1.602 1.538 1.455 1.343 1.192 1.003  .789  .564  .356  .188  .078  .029
0  8  1.354 1.354 1.354 1.353 1.350 1.345 1.335 1.314 1.280 1.234 1.165 1.062  .918  .739  .539  .344  .183  .077  .028
0  9  1.083 1.083 1.083 1.082 1.081 1.078 1.073 1.062 1.043 1.016  .975  .908  .807  .668  .499  .325  .175  .074  .028
0 10   .858  .858  .858  .857  .857  .855  .852  .846  .835  .820  .795  .752  .684  .582  .447  .298  .164  .070  .027
0 11   .645  .645  .645  .645  .644  .644  .642  .639  .633  .624  .610  .585  .542  .474  .377  .260  .147  .065  .025
0 12   .440  .440  .440  .440  .440  .439  .438  .437  .434  .429  .422  .409  .386  .347  .286  .206  .121  .055  .022
0 13   .257  .257  .257  .257  .257  .257  .257  .256  .255  .253  .249  .243  .233  .214  .183  .139  .086  .042  .017
0 14   .119  .119  .119  .119  .119  .119  .119  .118  .118  .117  .116  .114  .110  .103  .091  .072  .048  .025  .011
0 15   .038  .038  .038  .038  .038  .038  .038  .038  .038  .038  .037  .037  .036  .034  .031  .025  .018  .010  .005
0 16   .008  .008  .008  .008  .008  .008  .008  .008  .008  .008  .008  .007  .007  .007  .006  .006  .004  .003  .001
0 17   .001  .001  .001  .001  .001  .001  .001  .001  .001  .001  .001  .001  .001  .001  .001  .001  .001  .000  .000
0 18   .000  .000  .000  .000  .000  .000  .000  .000  .000  .000  .000  .000  .000  .000  .000  .000  .000  .000  .000
0 19   .000  .000  .000  .000  .000  .000  .000  .000  .000  .000  .000  .000  .000  .000  .000  .000  .000  .000  .000
0


          TIME SUMMARY AT END OF TIME STEP 16 IN STRESS PERIOD  1
                               SECONDS        MINUTES         HOURS          DAYS           YEARS
                           ---------------------------------------------------------------------------
      TIME STEP LENGTH         7017.94        116.966        1.94943        .812261E-01    .222385E-03
    STRESS PERIOD TIME         29954.0        499.234        8.32057        .346690        .949186E-03
 TOTAL SIMULATION TIME         29954.0        499.234        8.32057        .346690        .949186E-03
1
    16 ITERATIONS FOR TIME STEP  17 IN STRESS PERIOD  1
0MAXIMUM HEAD CHANGE FOR EACH ITERATION:
0 HEAD CHANGE LAYER,ROW,COL HEAD CHANGE LAYER,ROW,COL HEAD CHANGE LAYER,ROW,COL HEAD CHANGE LAYER,ROW,COL HEAD CHANGE LAYER,ROW,COL
 ------------------------------------------------------------------------------------------------------------------------------------
   -.2998E-01 (  1, 12, 16)  -.2726E-01 (  1, 10, 14)  -.3041E-01 (  1, 10,  8)  -.4437E-01 (  1,  1,  8)  -.7989E-01 (  1,  1,  1)
    .2263E-02 (  1,  8,  6)   .3552E-02 (  1,  9, 10)   .4979E-02 (  1,  8,  7)   .1063E-01 (  1,  1,  1)   .2073E-02 (  1,  1,  1)
    .3602E-03 (  1,  6,  1)   .3817E-03 (  1,  7,  1)   .8048E-03 (  1,  6,  6)   .1076E-02 (  1,  1,  4)   .2312E-02 (  1,  3,  1)
   -.6901E-04 (  1, 11, 13)
0
0HEAD/DRAWDOWN PRINTOUT FLAG = 1     TOTAL BUDGET PRINTOUT FLAG = 0     CELL-BY-CELL FLOW TERM FLAG = 0
 REUSING PREVIOUS VALUES OF IOFLG
1                  DRAWDOWN IN LAYER  1 AT END OF TIME STEP 17 IN STRESS PERIOD  1
           -----------------------------------------------------------------------

         1     2     3     4     5     6     7     8     9    10    11    12    13    14    15    16    17    18    19
 ..........................................................................................................................
0  1  5.183 4.773 4.346 3.928 3.535 3.166 2.816 2.479 2.197 1.957 1.718 1.468 1.209  .946  .689  .454  .259  .123  .054
0  2  4.048 4.000 3.881 3.683 3.418 3.113 2.791 2.467 2.191 1.953 1.716 1.467 1.208  .946  .689  .454  .259  .123  .054
0  3  3.415 3.405 3.372 3.298 3.165 2.968 2.716 2.430 2.171 1.941 1.709 1.463 1.206  .945  .689  .454  .259  .123  .054
0  4  2.935 2.931 2.920 2.892 2.834 2.730 2.566 2.346 2.122 1.912 1.692 1.454 1.201  .942  .687  .453  .259  .123  .054
0  5  2.523 2.522 2.518 2.507 2.482 2.432 2.341 2.197 2.027 1.851 1.654 1.432 1.189  .936  .684  .452  .258  .122  .054
0  6  2.151 2.150 2.149 2.144 2.133 2.110 2.064 1.982 1.870 1.740 1.581 1.387 1.164  .923  .678  .449  .257  .122  .054
0  7  1.802 1.802 1.801 1.799 1.794 1.783 1.761 1.719 1.654 1.571 1.458 1.306 1.115  .896  .664  .442  .254  .121  .054
0  8  1.469 1.469 1.469 1.468 1.465 1.460 1.450 1.429 1.395 1.348 1.278 1.174 1.028  .845  .637  .429  .249  .119  .053
0  9  1.195 1.195 1.195 1.195 1.193 1.191 1.185 1.174 1.155 1.128 1.086 1.018  .914  .771  .595  .408  .239  .115  .052
0 10   .967  .967  .966  .966  .965  .964  .961  .955  .944  .928  .902  .858  .788  .682  .540  .379  .226  .110  .050
0 11   .748  .748  .747  .747  .747  .746  .744  .741  .735  .726  .711  .685  .640  .569  .465  .336  .206  .103  .047
0 12   .532  .532  .532  .532  .532  .531  .530  .528  .525  .521  .513  .499  .474  .432  .365  .275  .175  .090  .042
0 13   .333  .333  .333  .332  .332  .332  .332  .331  .330  .327  .324  .317  .305  .284  .248  .195  .131  .071  .035
0 14   .170  .170  .170  .170  .170  .170  .170  .170  .169  .168  .167  .164  .160  .151  .136  .112  .079  .046  .024
0 15   .064  .064  .064  .064  .064  .064  .064  .064  .064  .063  .063  .062  .061  .058  .054  .046  .034  .022  .012
0 16   .016  .016  .016  .016  .016  .016  .016  .016  .016  .016  .016  .015  .015  .015  .014  .012  .010  .007  .004
0 17   .002  .002  .002  .002  .002  .002  .002  .002  .002  .002  .002  .002  .002  .002  .002  .002  .002  .001  .001
0 18   .000  .000  .000  .000  .000  .000  .000  .000  .000  .000  .000  .000  .000  .000  .000  .000  .000  .000  .000
0 19   .000  .000  .000  .000  .000  .000  .000  .000  .000  .000  .000  .000  .000  .000  .000  .000  .000  .000  .000
0


          TIME SUMMARY AT END OF TIME STEP 17 IN STRESS PERIOD  1
                               SECONDS        MINUTES         HOURS          DAYS           YEARS
                           ---------------------------------------------------------------------------
      TIME STEP LENGTH         9123.32        152.055        2.53425        .105594        .289100E-03
    STRESS PERIOD TIME         39077.4        651.289        10.8548        .452284        .123829E-02
 TOTAL SIMULATION TIME         39077.4        651.289        10.8548        .452284        .123829E-02
1
    16 ITERATIONS FOR TIME STEP  18 IN STRESS PERIOD  1
0MAXIMUM HEAD CHANGE FOR EACH ITERATION:
0 HEAD CHANGE LAYER,ROW,COL HEAD CHANGE LAYER,ROW,COL HEAD CHANGE LAYER,ROW,COL HEAD CHANGE LAYER,ROW,COL HEAD CHANGE LAYER,ROW,COL
 ------------------------------------------------------------------------------------------------------------------------------------
   -.3040E-01 (  1, 13, 16)  -.2715E-01 (  1, 10, 15)  -.3014E-01 (  1,  3, 14)  -.4424E-01 (  1,  1,  9)  -.8547E-01 (  1,  1,  1)
    .2208E-02 (  1, 12, 14)   .3598E-02 (  1, 10, 12)   .5146E-02 (  1,  8,  9)   .1111E-01 (  1,  1,  1)   .2555E-02 (  1,  1,  1)
    .3980E-03 (  1,  6,  1)   .4485E-03 (  1,  8,  2)   .9543E-03 (  1,  6,  6)   .1346E-02 (  1,  1,  5)   .3150E-02 (  1,  3,  1)
   -.9498E-04 (  1, 11, 14)
0
0HEAD/DRAWDOWN PRINTOUT FLAG = 1     TOTAL BUDGET PRINTOUT FLAG = 0     CELL-BY-CELL FLOW TERM FLAG = 0
 REUSING PREVIOUS VALUES OF IOFLG
1                  DRAWDOWN IN LAYER  1 AT END OF TIME STEP 18 IN STRESS PERIOD  1
           -----------------------------------------------------------------------

         1     2     3     4     5     6     7     8     9    10    11    12    13    14    15    16    17    18    19
 ..........................................................................................................................
0  1  5.301 4.891 4.464 4.046 3.653 3.284 2.934 2.597 2.315 2.074 1.835 1.584 1.323 1.057  .794  .548  .337  .179  .093
0  2  4.166 4.118 3.999 3.801 3.536 3.231 2.909 2.585 2.309 2.070 1.833 1.583 1.322 1.057  .794  .548  .337  .179  .093
0  3  3.533 3.523 3.490 3.416 3.284 3.086 2.834 2.548 2.289 2.059 1.826 1.579 1.320 1.056  .793  .548  .337  .179  .093
0  4  3.052 3.049 3.038 3.010 2.952 2.848 2.684 2.464 2.240 2.029 1.809 1.569 1.315 1.053  .792  .547  .336  .179  .093
0  5  2.641 2.640 2.636 2.624 2.599 2.549 2.459 2.315 2.144 1.968 1.771 1.547 1.303 1.047  .789  .546  .336  .179  .093
0  6  2.269 2.268 2.266 2.261 2.250 2.227 2.181 2.100 1.987 1.857 1.698 1.503 1.277 1.033  .782  .542  .334  .178  .093
0  7  1.919 1.919 1.918 1.916 1.911 1.900 1.878 1.835 1.770 1.687 1.574 1.421 1.228 1.006  .768  .536  .331  .177  .092
0  8  1.585 1.585 1.584 1.583 1.581 1.576 1.566 1.545 1.510 1.463 1.393 1.288 1.140  .954  .740  .522  .325  .174  .091
0  9  1.309 1.309 1.309 1.308 1.307 1.305 1.299 1.288 1.269 1.241 1.198 1.130 1.024  .878  .696  .499  .314  .170  .090
0 10  1.077 1.077 1.077 1.077 1.076 1.075 1.072 1.065 1.054 1.038 1.011  .967  .895  .786  .638  .468  .299  .164  .087
0 11   .854  .854  .853  .853  .853  .852  .850  .847  .840  .831  .816  .789  .743  .668  .559  .421  .276  .154  .083
0 12   .629  .629  .629  .629  .629  .629  .628  .626  .623  .618  .609  .595  .568  .523  .452  .353  .240  .138  .076
0 13   .416  .416  .416  .416  .416  .416  .415  .414  .413  .410  .406  .399  .386  .362  .323  .263  .187  .112  .064
0 14   .233  .233  .233  .233  .233  .233  .232  .232  .231  .230  .229  .226  .220  .210  .192  .162  .122  .078  .047
0 15   .100  .100  .100  .100  .100  .100  .100  .100  .100  .099  .099  .098  .096  .092  .086  .076  .060  .041  .027
0 16   .030  .030  .030  .030  .030  .030  .030  .030  .030  .030  .029  .029  .029  .028  .027  .024  .020  .015  .011
0 17   .006  .006  .006  .006  .006  .006  .006  .006  .006  .006  .006  .005  .005  .005  .005  .005  .004  .003  .002
0 18   .001  .001  .001  .001  .001  .001  .001  .001  .001  .001  .001  .001  .001  .001  .001  .001  .000  .000  .000
0 19   .000  .000  .000  .000  .000  .000  .000  .000  .000  .000  .000  .000  .000  .000  .000  .000  .000  .000  .000
0


          TIME SUMMARY AT END OF TIME STEP 18 IN STRESS PERIOD  1
                               SECONDS        MINUTES         HOURS          DAYS           YEARS
                           ---------------------------------------------------------------------------
      TIME STEP LENGTH         11860.3        197.672        3.29453        .137272        .375831E-03
    STRESS PERIOD TIME         50937.7        848.961        14.1494        .589556        .161412E-02
 TOTAL SIMULATION TIME         50937.7        848.961        14.1494        .589556        .161412E-02
1
    21 ITERATIONS FOR TIME STEP  19 IN STRESS PERIOD  1
0MAXIMUM HEAD CHANGE FOR EACH ITERATION:
0 HEAD CHANGE LAYER,ROW,COL HEAD CHANGE LAYER,ROW,COL HEAD CHANGE LAYER,ROW,COL HEAD CHANGE LAYER,ROW,COL HEAD CHANGE LAYER,ROW,COL
 ------------------------------------------------------------------------------------------------------------------------------------
   -.3163E-01 (  1, 13, 17)  -.2740E-01 (  1, 11, 15)  -.3050E-01 (  1,  2, 15)  -.4445E-01 (  1,  1,  9)  -.9119E-01 (  1,  1,  1)
    .2362E-02 (  1, 12, 14)   .3679E-02 (  1, 10, 13)   .5249E-02 (  1,  8, 10)   .1128E-01 (  1,  1,  1)   .3036E-02 (  1,  1,  1)
    .4284E-03 (  1,  7,  1)   .5120E-03 (  1,  8,  2)   .1095E-02 (  1,  7,  7)   .1624E-02 (  1,  1,  5)   .4116E-02 (  1,  2,  1)
   -.1229E-03 (  1, 11, 14)  -.1839E-03 (  1, 10, 13)  -.2357E-03 (  1,  9,  9)  -.2797E-03 (  1,  1,  1)  -.1316E-03 (  1,  1,  1)
   -.1398E-04 (  1,  6,  1)
0
0HEAD/DRAWDOWN PRINTOUT FLAG = 1     TOTAL BUDGET PRINTOUT FLAG = 0     CELL-BY-CELL FLOW TERM FLAG = 0
 REUSING PREVIOUS VALUES OF IOFLG
1                  DRAWDOWN IN LAYER  1 AT END OF TIME STEP 19 IN STRESS PERIOD  1
           -----------------------------------------------------------------------

         1     2     3     4     5     6     7     8     9    10    11    12    13    14    15    16    17    18    19
 ..........................................................................................................................
0  1  5.420 5.010 4.584 4.166 3.772 3.404 3.053 2.716 2.434 2.193 1.954 1.702 1.440 1.171  .904  .650  .425  .250  .149
0  2  4.286 4.237 4.118 3.920 3.655 3.350 3.029 2.704 2.428 2.189 1.951 1.701 1.439 1.171  .904  .650  .425  .250  .149
0  3  3.652 3.642 3.609 3.535 3.403 3.206 2.954 2.667 2.408 2.178 1.945 1.697 1.437 1.170  .903  .649  .425  .250  .149
0  4  3.172 3.169 3.157 3.130 3.072 2.967 2.804 2.583 2.359 2.148 1.927 1.687 1.432 1.167  .902  .649  .425  .250  .149
0  5  2.761 2.759 2.755 2.744 2.719 2.669 2.578 2.434 2.263 2.087 1.889 1.665 1.419 1.161  .898  .647  .424  .250  .149
0  6  2.388 2.387 2.385 2.380 2.369 2.346 2.301 2.219 2.106 1.976 1.816 1.620 1.394 1.147  .891  .644  .423  .249  .149
0  7  2.038 2.038 2.037 2.035 2.030 2.019 1.997 1.954 1.889 1.805 1.692 1.538 1.344 1.119  .877  .636  .419  .248  .148
0  8  1.703 1.703 1.702 1.701 1.699 1.694 1.684 1.663 1.628 1.580 1.510 1.404 1.256 1.066  .848  .622  .412  .245  .147
0  9  1.426 1.426 1.425 1.425 1.424 1.421 1.415 1.404 1.385 1.357 1.314 1.244 1.138  .989  .803  .598  .401  .240  .144
0 10  1.191 1.191 1.191 1.191 1.190 1.189 1.186 1.179 1.168 1.151 1.125 1.080 1.006  .895  .743  .564  .384  .232  .141
0 11   .964  .964  .964  .963  .963  .962  .960  .957  .950  .941  .925  .897  .850  .774  .660  .515  .358  .220  .135
0 12   .733  .733  .733  .733  .732  .732  .731  .729  .726  .720  .712  .696  .669  .622  .547  .441  .317  .200  .125
0 13   .508  .508  .508  .508  .508  .507  .507  .506  .504  .502  .497  .490  .475  .450  .407  .341  .256  .169  .109
0 14   .306  .306  .306  .306  .306  .306  .305  .305  .304  .303  .301  .298  .291  .280  .259  .225  .178  .124  .084
0 15   .148  .148  .148  .148  .148  .148  .148  .147  .147  .147  .146  .145  .143  .138  .131  .117  .097  .072  .053
0 16   .052  .052  .052  .052  .052  .052  .052  .052  .052  .052  .052  .051  .051  .050  .047  .044  .038  .030  .024
0 17   .012  .012  .012  .012  .012  .012  .012  .012  .012  .012  .012  .012  .012  .012  .011  .011  .009  .008  .007
0 18   .002  .002  .002  .002  .002  .002  .002  .002  .002  .002  .002  .002  .002  .002  .002  .002  .001  .001  .001
0 19   .000  .000  .000  .000  .000  .000  .000  .000  .000  .000  .000  .000  .000  .000  .000  .000  .000  .000  .000
0


          TIME SUMMARY AT END OF TIME STEP 19 IN STRESS PERIOD  1
                               SECONDS        MINUTES         HOURS          DAYS           YEARS
                           ---------------------------------------------------------------------------
      TIME STEP LENGTH         15418.4        256.973        4.28289        .178454        .488580E-03
    STRESS PERIOD TIME         66356.1        1105.93        18.4322        .768010        .210270E-02
 TOTAL SIMULATION TIME         66356.1        1105.93        18.4322        .768010        .210270E-02
1
    21 ITERATIONS FOR TIME STEP  20 IN STRESS PERIOD  1
0MAXIMUM HEAD CHANGE FOR EACH ITERATION:
0 HEAD CHANGE LAYER,ROW,COL HEAD CHANGE LAYER,ROW,COL HEAD CHANGE LAYER,ROW,COL HEAD CHANGE LAYER,ROW,COL HEAD CHANGE LAYER,ROW,COL
 ------------------------------------------------------------------------------------------------------------------------------------
   -.3829E-01 (  1, 12, 19)  -.2850E-01 (  1, 11, 16)  -.3162E-01 (  1,  2, 15)  -.4510E-01 (  1,  1, 10)  -.9753E-01 (  1,  1,  1)
    .2500E-02 (  1, 12, 15)   .3791E-02 (  1, 10, 13)   .5346E-02 (  1,  9,  9)   .1119E-01 (  1,  1,  1)   .3515E-02 (  1,  1,  1)
    .4546E-03 (  1,  7,  1)   .5665E-03 (  1,  8,  2)   .1237E-02 (  1,  7,  7)   .1903E-02 (  1,  1,  5)   .5197E-02 (  1,  2,  1)
   -.1543E-03 (  1, 12, 15)  -.2249E-03 (  1, 10, 13)  -.2846E-03 (  1,  9, 10)  -.3303E-03 (  1,  9,  3)  -.1784E-03 (  1,  1,  1)
   -.1721E-04 (  1,  6,  1)
0
0HEAD/DRAWDOWN PRINTOUT FLAG = 1     TOTAL BUDGET PRINTOUT FLAG = 1     CELL-BY-CELL FLOW TERM FLAG = 0
 REUSING PREVIOUS VALUES OF IOFLG
1                  DRAWDOWN IN LAYER  1 AT END OF TIME STEP 20 IN STRESS PERIOD  1
           -----------------------------------------------------------------------

         1     2     3     4     5     6     7     8     9    10    11    12    13    14    15    16    17    18    19
 ..........................................................................................................................
0  1  5.543 5.132 4.706 4.288 3.894 3.526 3.175 2.838 2.556 2.315 2.075 1.823 1.560 1.290 1.019  .759  .526  .338  .225
0  2  4.408 4.359 4.240 4.042 3.777 3.472 3.151 2.826 2.550 2.311 2.073 1.822 1.559 1.290 1.019  .759  .526  .338  .225
0  3  3.775 3.764 3.731 3.657 3.525 3.328 3.076 2.789 2.530 2.299 2.066 1.818 1.557 1.288 1.018  .759  .525  .338  .225
0  4  3.294 3.291 3.279 3.252 3.194 3.089 2.926 2.705 2.481 2.270 2.049 1.808 1.552 1.286 1.017  .758  .525  .337  .225
0  5  2.883 2.881 2.877 2.866 2.841 2.791 2.700 2.556 2.385 2.208 2.011 1.786 1.539 1.279 1.013  .757  .524  .337  .225
0  6  2.510 2.509 2.507 2.502 2.491 2.468 2.422 2.340 2.228 2.097 1.937 1.741 1.514 1.265 1.006  .753  .523  .336  .224
0  7  2.159 2.159 2.158 2.156 2.151 2.140 2.118 2.075 2.010 1.926 1.812 1.658 1.463 1.237  .991  .745  .519  .335  .223
0  8  1.824 1.824 1.823 1.822 1.820 1.815 1.804 1.783 1.749 1.701 1.630 1.524 1.374 1.183  .962  .730  .511  .331  .222
0  9  1.545 1.545 1.545 1.544 1.543 1.541 1.535 1.523 1.504 1.476 1.433 1.363 1.256 1.105  .915  .705  .499  .325  .219
0 10  1.309 1.309 1.309 1.309 1.308 1.306 1.303 1.297 1.285 1.269 1.242 1.196 1.122 1.009  .854  .670  .481  .317  .214
0 11  1.078 1.078 1.078 1.078 1.078 1.077 1.075 1.071 1.065 1.055 1.039 1.011  .963  .885  .768  .618  .453  .303  .207
0 12   .842  .842  .842  .842  .842  .841  .840  .838  .835  .829  .820  .805  .777  .728  .650  .539  .407  .279  .194
0 13   .607  .607  .607  .607  .607  .607  .607  .606  .604  .601  .597  .588  .574  .547  .501  .431  .339  .241  .172
0 14   .390  .390  .390  .390  .389  .389  .389  .389  .388  .387  .385  .381  .374  .361  .339  .301  .248  .186  .139
0 15   .208  .208  .208  .208  .208  .208  .208  .208  .207  .207  .206  .205  .202  .197  .188  .172  .148  .118  .093
0 16   .085  .085  .085  .085  .085  .085  .085  .085  .085  .085  .084  .084  .083  .082  .079  .074  .066  .056  .047
0 17   .024  .024  .024  .024  .024  .024  .024  .024  .024  .024  .024  .024  .024  .023  .023  .022  .020  .018  .016
0 18   .004  .004  .004  .004  .004  .004  .004  .004  .004  .004  .004  .004  .004  .004  .004  .004  .004  .004  .003
0 19   .001  .001  .001  .001  .001  .001  .001  .001  .001  .001  .001  .001  .001  .001  .001  .001  .000  .000  .000
0


                              VOLUMETRIC BUDGET FOR ENTIRE MODEL AT END OF TIME STEP 20 IN STRESS PERIOD  1
                              -----------------------------------------------------------------------------
0                   CUMULATIVE VOLUMES      L**3                                     RATES FOR THIS TIME STEP      L**3/T
                    ------------------                                               ------------------------

                          IN:                                                                    IN:
                          ---                                                                    ---
                            STORAGE =    86.347                                                    STORAGE =    .99965E-03
                      CONSTANT HEAD =    .00000                                              CONSTANT HEAD =    .00000    
                              WELLS =    .00000                                                      WELLS =    .00000    
0                          TOTAL IN =    86.347                                                   TOTAL IN =    .99965E-03
0                        OUT:                                                                   OUT:
                         ----                                                                   ----
                            STORAGE =    .00000                                                    STORAGE =    .00000    
                      CONSTANT HEAD =    .00000                                              CONSTANT HEAD =    .00000    
                              WELLS =    86.400                                                      WELLS =    .10000E-02
0                         TOTAL OUT =    86.400                                                  TOTAL OUT =    .10000E-02
0                          IN - OUT =   -.53032E-01                                               IN - OUT =   -.35414E-06
0               PERCENT DISCREPANCY =                -.06                              PERCENT DISCREPANCY =                -.04



0


          TIME SUMMARY AT END OF TIME STEP 20 IN STRESS PERIOD  1
                               SECONDS        MINUTES         HOURS          DAYS           YEARS
                           ---------------------------------------------------------------------------
      TIME STEP LENGTH         20043.9        334.065        5.56776        .231990        .635154E-03
    STRESS PERIOD TIME         86400.0        1440.00        24.0000        1.00000        .273785E-02
 TOTAL SIMULATION TIME         86400.0        1440.00        24.0000        1.00000        .273785E-02
1
