1                    U.S. GEOLOGICAL SURVEY MODULAR FINITE-DIFFERENCE GROUND-WATER MODEL
0similarity solutions in calibration                                                          5/28/91  PFA                                    
    1 LAYERS         7 ROWS         7 COLUMNS
   1 STRESS PERIOD(S) IN SIMULATION
 MODEL TIME UNIT IS DAYS
0I/O UNITS:
 ELEMENT OF IUNIT:  1  2  3  4  5  6  7  8  9 10 11 12 13 14 15 16 17 18 19 20 21 22 23 24
         I/O UNIT: 11  0  0  0  0  0  0 18 19  0  0  0  0  0  0  0  0  0  0  0  0  0  0  0
0BAS1 -- BASIC MODEL PACKAGE, VERSION 1, 9/1/87 INPUT READ FROM UNIT  1
 ARRAYS RHS AND BUFF WILL SHARE MEMORY.
 START HEAD WILL NOT BE SAVED -- DRAWDOWN CANNOT BE CALCULATED
      410 ELEMENTS IN X ARRAY ARE USED BY BAS
      410 ELEMENTS OF X ARRAY USED OUT OF   80000
0BCF1 -- BLOCK-CENTERED FLOW PACKAGE, VERSION 1, 9/1/87 INPUT READ FROM UNIT 11
 STEADY-STATE SIMULATION
      LAYER  AQUIFER TYPE
      -------------------
         1         0
        1 ELEMENTS IN X ARRAY ARE USED BY BCF
      411 ELEMENTS OF X ARRAY USED OUT OF   80000
0RCH1 -- RECHARGE PACKAGE, VERSION 1, 9/1/87 INPUT READ FROM UNIT 18
 OPTION 1 -- RECHARGE TO TOP LAYER
       49 ELEMENTS OF X ARRAY USED FOR RECHARGE
      460 ELEMENTS OF X ARRAY USED OUT OF   80000
0SIP1 -- STRONGLY IMPLICIT PROCEDURE SOLUTION PACKAGE, VERSION 1, 9/1/87 INPUT READ FROM UNIT 19
 MAXIMUM OF  50 ITERATIONS ALLOWED FOR CLOSURE
  5 ITERATION PARAMETERS
      401 ELEMENTS IN X ARRAY ARE USED BY SIP
      861 ELEMENTS OF X ARRAY USED OUT OF   80000
1non-uniqueness problem                                                          5/28/91  PFA                                    
0


                                        BOUNDARY ARRAY FOR LAYER  1 WILL BE READ ON UNIT  1 USING FORMAT: (40I2)              
                              ------------------------------------------------------------------------------------------------

       1  2  3  4  5  6  7
 ..............................
0  1  -1 -1 -1 -1 -1 -1 -1
0  2   1  1  1  1  1  1 -1
0  3   1  1  1  1  1  1 -1
0  4   1  1  1  1  1  1 -1
0  5   1  1  1  1  1  1 -1
0  6   1  1  1  1  1  1 -1
0  7   1  1  1  1  1  1 -1
0AQUIFER HEAD WILL BE SET TO  .00000     AT ALL NO-FLOW NODES (IBOUND=0).
0


                                          INITIAL HEAD FOR LAYER  1 WILL BE READ ON UNIT  1 USING FORMAT: (7G11.4)            
                              ------------------------------------------------------------------------------------------------

            1           2           3           4           5           6           7
 .........................................................................................
0  1    10.00       9.000       8.000       6.000       4.000       2.000       .0000    
0  2    10.00       10.00       10.00       10.00       10.00       10.00       3.000    
0  3    10.00       10.00       10.00       10.00       10.00       10.00       6.000    
0  4    10.00       10.00       10.00       10.00       10.00       10.00       8.000    
0  5    10.00       10.00       10.00       10.00       10.00       10.00       12.00    
0  6    10.00       10.00       10.00       10.00       10.00       10.00       15.00    
0  7    10.00       10.00       10.00       10.00       10.00       10.00       20.00    
0DEFAULT OUTPUT CONTROL -- THE FOLLOWING OUTPUT COMES AT THE END OF EACH STRESS PERIOD:
 TOTAL VOLUMETRIC BUDGET
           HEAD
0                                                    COLUMN TO ROW ANISOTROPY =   1.000000    
0                                                                        DELR =   500.0000    
0                                                                        DELC =   500.0000    
0                                                        TRANSMIS. ALONG ROWS =   500.0000     FOR LAYER  1
0


                                                         SOLUTION BY THE STRONGLY IMPLICIT PROCEDURE
                                                         -------------------------------------------
0                                               MAXIMUM ITERATIONS ALLOWED FOR CLOSURE =       50
                                                                ACCELERATION PARAMETER =     1.0000    
                                                     HEAD CHANGE CRITERION FOR CLOSURE =     .10000E-01
                                                     SIP HEAD CHANGE PRINTOUT INTERVAL =        1
0                                                    CALCULATE ITERATION PARAMETERS FROM MODEL CALCULATED WSEED
1                                                   STRESS PERIOD NO.   1, LENGTH =   1.000000    
                                                    ----------------------------------------------

                                                    NUMBER OF TIME STEPS =     1

                                                     MULTIPLIER FOR DELT =     1.000

                                                  INITIAL TIME STEP SIZE =   1.000000    
0                                                                    RECHARGE =   .1000000E-02
0AVERAGE SEED =  .05035512
 MINIMUM SEED =  .05035512
0
    5 ITERATION PARAMETERS CALCULATED FROM AVERAGE SEED:

             .0000000E+00   .5262918E+00   .7756006E+00   .8937001E+00   .9496449E+00
0
    11 ITERATIONS FOR TIME STEP   1 IN STRESS PERIOD  1
0MAXIMUM HEAD CHANGE FOR EACH ITERATION:
0 HEAD CHANGE LAYER,ROW,COL HEAD CHANGE LAYER,ROW,COL HEAD CHANGE LAYER,ROW,COL HEAD CHANGE LAYER,ROW,COL HEAD CHANGE LAYER,ROW,COL
 ------------------------------------------------------------------------------------------------------------------------------------
    5.738     (  1,  7,  6)   1.601     (  1,  7,  1)   1.571     (  1,  7,  2)   1.377     (  1,  7,  1)   .6004     (  1,  7,  2)
    .4284E-01 (  1,  5,  6)   .3828E-01 (  1,  6,  4)   .5072E-01 (  1,  7,  1)   .3801E-01 (  1,  7,  2)   .2382E-01 (  1,  7,  1)
    .1592E-02 (  1,  7,  5)
0
1                      HEAD IN LAYER  1 AT END OF TIME STEP  1 IN STRESS PERIOD  1
           -----------------------------------------------------------------------

            1           2           3           4           5           6           7
 .........................................................................................
0  1    10.00       9.000       8.000       6.000       4.000       2.000       .0000    
0  2    11.37       10.79       9.860       8.456       6.824       5.020       3.000    
0  3    12.82       12.42       11.70       10.64       9.321       7.757       6.000    
0  4    14.17       13.89       13.36       12.58       11.56       10.19       8.000    
0  5    15.30       15.11       14.76       14.27       13.67       12.92       12.00    
0  6    16.12       16.00       15.81       15.58       15.41       15.32       15.00    
0  7    16.54       16.47       16.37       16.34       16.57       17.47       20.00    
0


                              VOLUMETRIC BUDGET FOR ENTIRE MODEL AT END OF TIME STEP  1 IN STRESS PERIOD  1
                              -----------------------------------------------------------------------------
0                   CUMULATIVE VOLUMES      L**3                                     RATES FOR THIS TIME STEP      L**3/T
                    ------------------                                               ------------------------

                          IN:                                                                    IN:
                          ---                                                                    ---
                            STORAGE =    .00000                                                    STORAGE =    .00000    
                      CONSTANT HEAD =    1266.9                                              CONSTANT HEAD =    1266.9    
                           RECHARGE =    9000.0                                                   RECHARGE =    9000.0    
0                          TOTAL IN =    10267.                                                   TOTAL IN =    10267.    
0                        OUT:                                                                   OUT:
                         ----                                                                   ----
                            STORAGE =    .00000                                                    STORAGE =    .00000    
                      CONSTANT HEAD =    10263.                                              CONSTANT HEAD =    10263.    
                           RECHARGE =    .00000                                                   RECHARGE =    .00000    
0                         TOTAL OUT =    10263.                                                  TOTAL OUT =    10263.    
0                          IN - OUT =    4.2607                                                   IN - OUT =    4.2607    
0               PERCENT DISCREPANCY =                 .04                              PERCENT DISCREPANCY =                 .04



0


          TIME SUMMARY AT END OF TIME STEP  1 IN STRESS PERIOD  1
                               SECONDS        MINUTES         HOURS          DAYS           YEARS
                           ---------------------------------------------------------------------------
      TIME STEP LENGTH         86400.0        1440.00        24.0000        1.00000        .273785E-02
    STRESS PERIOD TIME         86400.0        1440.00        24.0000        1.00000        .273785E-02
 TOTAL SIMULATION TIME         86400.0        1440.00        24.0000        1.00000        .273785E-02
1
